0 verbose cli C:\Program Files\nodejs\node.exe C:\Program Files\nodejs\node_modules\npm\bin\npm-cli.js
1 info using npm@10.8.2
2 info using node@v20.17.0
3 silly config load:file:C:\Program Files\nodejs\node_modules\npm\npmrc
4 silly config load:file:c:\Users\Krishna jadhav\Desktop\web\reactLearnings\02counter\.npmrc
5 silly config load:file:C:\Users\Krishna jadhav\.npmrc
6 silly config load:file:c:\Users\Krishna jadhav\Desktop\web\reactLearnings\02counter\%APPDATA%\npm\etc\npmrc
7 verbose title npm view react description dist-tags.latest homepage version time
8 verbose argv "view" "--json" "--" "react" "description" "dist-tags.latest" "homepage" "version" "time"
9 verbose logfile logs-max:10 dir:c:\Users\Krishna jadhav\Desktop\web\reactLearnings\02counter\%LOCALAPPDATA%\npm-cache\_logs\2024-12-04T11_34_13_960Z-
10 verbose logfile c:\Users\Krishna jadhav\Desktop\web\reactLearnings\02counter\%LOCALAPPDATA%\npm-cache\_logs\2024-12-04T11_34_13_960Z-debug-0.log
11 silly logfile done cleaning log files
12 http fetch GET 200 https://registry.npmjs.org/npm 234ms
13 http fetch GET 200 https://registry.npmjs.org/react 308ms (cache miss)
14 verbose cwd c:\Users\Krishna jadhav\Desktop\web\reactLearnings\02counter
15 verbose os Windows_NT 10.0.22621
16 verbose node v20.17.0
17 verbose npm  v10.8.2
18 notice
18 notice New minor version of npm available! 10.8.2 -> 10.9.1
18 notice Changelog: https://github.com/npm/cli/releases/tag/v10.9.1
18 notice To update run: npm install -g npm@10.9.1
18 notice  { force: true, [Symbol(proc-log.meta)]: true }
19 verbose exit 0
20 info ok
