0 verbose cli C:\Program Files\nodejs\node.exe C:\Program Files\nodejs\node_modules\npm\bin\npm-cli.js
1 info using npm@10.8.2
2 info using node@v20.17.0
3 silly config load:file:C:\Program Files\nodejs\node_modules\npm\npmrc
4 silly config load:file:C:\Users\Krishna jadhav\Desktop\web\reactLearnings\09themeSwitcher\.npmrc
5 silly config load:file:C:\Users\Krishna jadhav\.npmrc
6 silly config load:file:C:\Users\Krishna jadhav\Desktop\web\reactLearnings\09themeSwitcher\%APPDATA%\npm\etc\npmrc
7 verbose title npm install tailwindcss postcss autoprefixer
8 verbose argv "install" "--save-dev" "tailwindcss" "postcss" "autoprefixer"
9 verbose logfile logs-max:10 dir:C:\Users\Krishna jadhav\Desktop\web\reactLearnings\09themeSwitcher\%LOCALAPPDATA%\npm-cache\_logs\2024-12-26T10_54_07_429Z-
10 verbose logfile C:\Users\Krishna jadhav\Desktop\web\reactLearnings\09themeSwitcher\%LOCALAPPDATA%\npm-cache\_logs\2024-12-26T10_54_07_429Z-debug-0.log
11 silly packumentCache heap:2197815296 maxSize:549453824 maxEntrySize:274726912
12 silly logfile done cleaning log files
13 silly idealTree buildDeps
14 silly fetch manifest tailwindcss@*
15 silly packumentCache full:https://registry.npmjs.org/tailwindcss cache-miss
16 http fetch GET 200 https://registry.npmjs.org/tailwindcss 732ms (cache miss)
17 silly packumentCache full:https://registry.npmjs.org/tailwindcss set size:undefined disposed:false
18 silly fetch manifest postcss@*
19 silly packumentCache full:https://registry.npmjs.org/postcss cache-miss
20 http fetch GET 200 https://registry.npmjs.org/postcss 1285ms (cache updated)
21 silly packumentCache full:https://registry.npmjs.org/postcss set size:undefined disposed:false
22 silly fetch manifest autoprefixer@*
23 silly packumentCache full:https://registry.npmjs.org/autoprefixer cache-miss
24 http fetch GET 200 https://registry.npmjs.org/autoprefixer 520ms (cache miss)
25 silly packumentCache full:https://registry.npmjs.org/autoprefixer set size:undefined disposed:false
26 silly placeDep ROOT autoprefixer@10.4.20 OK for: 09themeswitcher@0.0.0 want: *
27 silly placeDep ROOT postcss@8.4.49 REPLACE for: 09themeswitcher@0.0.0 want: *
28 silly placeDep ROOT tailwindcss@3.4.17 OK for: 09themeswitcher@0.0.0 want: *
29 silly fetch manifest fraction.js@^4.3.7
30 silly packumentCache full:https://registry.npmjs.org/fraction.js cache-miss
31 silly fetch manifest normalize-range@^0.1.2
32 silly packumentCache full:https://registry.npmjs.org/normalize-range cache-miss
33 silly fetch manifest postcss-value-parser@^4.2.0
34 silly packumentCache full:https://registry.npmjs.org/postcss-value-parser cache-miss
35 silly fetch manifest @alloc/quick-lru@^5.2.0
36 silly packumentCache full:https://registry.npmjs.org/@alloc%2fquick-lru cache-miss
37 silly fetch manifest arg@^5.0.2
38 silly packumentCache full:https://registry.npmjs.org/arg cache-miss
39 silly fetch manifest chokidar@^3.6.0
40 silly packumentCache full:https://registry.npmjs.org/chokidar cache-miss
41 silly fetch manifest didyoumean@^1.2.2
42 silly packumentCache full:https://registry.npmjs.org/didyoumean cache-miss
43 silly fetch manifest dlv@^1.1.3
44 silly packumentCache full:https://registry.npmjs.org/dlv cache-miss
45 silly fetch manifest fast-glob@^3.3.2
46 silly packumentCache full:https://registry.npmjs.org/fast-glob cache-miss
47 silly fetch manifest jiti@^1.21.6
48 silly packumentCache full:https://registry.npmjs.org/jiti cache-miss
49 silly fetch manifest lilconfig@^3.1.3
50 silly packumentCache full:https://registry.npmjs.org/lilconfig cache-miss
51 http fetch GET 200 https://registry.npmjs.org/fraction.js 86ms (cache miss)
52 silly packumentCache full:https://registry.npmjs.org/fraction.js set size:undefined disposed:false
53 silly fetch manifest micromatch@^4.0.8
54 silly packumentCache full:https://registry.npmjs.org/micromatch cache-miss
55 http fetch GET 200 https://registry.npmjs.org/normalize-range 255ms (cache miss)
56 silly packumentCache full:https://registry.npmjs.org/normalize-range set size:undefined disposed:false
57 silly fetch manifest normalize-path@^3.0.0
58 silly packumentCache full:https://registry.npmjs.org/normalize-path cache-miss
59 http fetch GET 200 https://registry.npmjs.org/micromatch 170ms (cache miss)
60 silly packumentCache full:https://registry.npmjs.org/micromatch set size:undefined disposed:false
61 silly fetch manifest object-hash@^3.0.0
62 silly packumentCache full:https://registry.npmjs.org/object-hash cache-miss
63 http fetch GET 200 https://registry.npmjs.org/arg 277ms (cache miss)
64 silly packumentCache full:https://registry.npmjs.org/arg set size:undefined disposed:false
65 silly fetch manifest postcss-import@^15.1.0
66 silly packumentCache full:https://registry.npmjs.org/postcss-import cache-miss
67 http fetch GET 200 https://registry.npmjs.org/didyoumean 285ms (cache miss)
68 silly packumentCache full:https://registry.npmjs.org/didyoumean set size:undefined disposed:false
69 silly fetch manifest postcss-js@^4.0.1
70 silly packumentCache full:https://registry.npmjs.org/postcss-js cache-miss
71 http fetch GET 200 https://registry.npmjs.org/@alloc%2fquick-lru 289ms (cache miss)
72 silly packumentCache full:https://registry.npmjs.org/@alloc%2fquick-lru set size:undefined disposed:false
73 silly fetch manifest postcss-load-config@^4.0.2
74 silly packumentCache full:https://registry.npmjs.org/postcss-load-config cache-miss
75 http fetch GET 200 https://registry.npmjs.org/dlv 291ms (cache miss)
76 silly packumentCache full:https://registry.npmjs.org/dlv set size:undefined disposed:false
77 silly fetch manifest postcss-nested@^6.2.0
78 silly packumentCache full:https://registry.npmjs.org/postcss-nested cache-miss
79 http fetch GET 200 https://registry.npmjs.org/lilconfig 301ms (cache miss)
80 silly packumentCache full:https://registry.npmjs.org/lilconfig set size:undefined disposed:false
81 silly fetch manifest postcss-selector-parser@^6.1.2
82 silly packumentCache full:https://registry.npmjs.org/postcss-selector-parser cache-miss
83 http fetch GET 200 https://registry.npmjs.org/postcss-value-parser 319ms (cache miss)
84 silly packumentCache full:https://registry.npmjs.org/postcss-value-parser set size:undefined disposed:false
85 silly fetch manifest resolve@^1.22.8
86 silly packumentCache full:https://registry.npmjs.org/resolve cache-miss
87 http fetch GET 200 https://registry.npmjs.org/chokidar 333ms (cache miss)
88 silly packumentCache full:https://registry.npmjs.org/chokidar set size:undefined disposed:false
89 silly fetch manifest sucrase@^3.35.0
90 silly packumentCache full:https://registry.npmjs.org/sucrase cache-miss
91 http fetch GET 200 https://registry.npmjs.org/normalize-path 119ms (cache miss)
92 silly packumentCache full:https://registry.npmjs.org/normalize-path set size:undefined disposed:false
93 http fetch GET 200 https://registry.npmjs.org/fast-glob 402ms (cache miss)
94 silly packumentCache full:https://registry.npmjs.org/fast-glob set size:undefined disposed:false
95 http fetch GET 200 https://registry.npmjs.org/postcss-js 130ms (cache miss)
96 silly packumentCache full:https://registry.npmjs.org/postcss-js set size:undefined disposed:false
97 http fetch GET 200 https://registry.npmjs.org/jiti 418ms (cache updated)
98 silly packumentCache full:https://registry.npmjs.org/jiti set size:undefined disposed:false
99 http fetch GET 200 https://registry.npmjs.org/postcss-nested 144ms (cache miss)
100 silly packumentCache full:https://registry.npmjs.org/postcss-nested set size:undefined disposed:false
101 http fetch GET 200 https://registry.npmjs.org/postcss-import 165ms (cache miss)
102 silly packumentCache full:https://registry.npmjs.org/postcss-import set size:undefined disposed:false
103 http fetch GET 200 https://registry.npmjs.org/postcss-load-config 159ms (cache miss)
104 silly packumentCache full:https://registry.npmjs.org/postcss-load-config set size:undefined disposed:false
105 http fetch GET 200 https://registry.npmjs.org/postcss-selector-parser 150ms (cache miss)
106 silly packumentCache full:https://registry.npmjs.org/postcss-selector-parser set size:undefined disposed:false
107 http fetch GET 200 https://registry.npmjs.org/sucrase 132ms (cache miss)
108 silly packumentCache full:https://registry.npmjs.org/sucrase set size:undefined disposed:false
109 http fetch GET 200 https://registry.npmjs.org/resolve 163ms (cache updated)
110 silly packumentCache full:https://registry.npmjs.org/resolve set size:undefined disposed:false
111 http fetch GET 200 https://registry.npmjs.org/object-hash 860ms (cache miss)
112 silly packumentCache full:https://registry.npmjs.org/object-hash set size:undefined disposed:false
113 silly placeDep ROOT fraction.js@4.3.7 OK for: autoprefixer@10.4.20 want: ^4.3.7
114 silly placeDep ROOT normalize-range@0.1.2 OK for: autoprefixer@10.4.20 want: ^0.1.2
115 silly placeDep ROOT postcss-value-parser@4.2.0 OK for: autoprefixer@10.4.20 want: ^4.2.0
116 silly fetch manifest postcss@^8.4.47
117 silly packumentCache full:https://registry.npmjs.org/postcss cache-miss
118 http fetch GET 200 https://registry.npmjs.org/postcss 21ms (cache hit)
119 silly packumentCache full:https://registry.npmjs.org/postcss set size:675229 disposed:false
120 silly fetch manifest ts-node@>=9.0.0
121 silly packumentCache full:https://registry.npmjs.org/ts-node cache-miss
122 http fetch GET 200 https://registry.npmjs.org/ts-node 80ms (cache miss)
123 silly packumentCache full:https://registry.npmjs.org/ts-node set size:undefined disposed:false
124 silly fetch manifest @swc/core@>=1.2.50
125 silly packumentCache full:https://registry.npmjs.org/@swc%2fcore cache-miss
126 http fetch GET 200 https://registry.npmjs.org/@swc%2fcore 225ms (cache miss)
127 silly packumentCache full:https://registry.npmjs.org/@swc%2fcore set size:undefined disposed:false
128 silly fetch manifest @swc/helpers@*
129 silly packumentCache full:https://registry.npmjs.org/@swc%2fhelpers cache-miss
130 http fetch GET 200 https://registry.npmjs.org/@swc%2fhelpers 135ms (cache miss)
131 silly packumentCache full:https://registry.npmjs.org/@swc%2fhelpers set size:undefined disposed:false
132 silly fetch manifest @swc/wasm@>=1.2.50
133 silly packumentCache full:https://registry.npmjs.org/@swc%2fwasm cache-miss
134 http fetch GET 200 https://registry.npmjs.org/@swc%2fwasm 115ms (cache miss)
135 silly packumentCache full:https://registry.npmjs.org/@swc%2fwasm set size:undefined disposed:false
136 silly fetch manifest @types/node@*
137 silly packumentCache full:https://registry.npmjs.org/@types%2fnode cache-miss
138 http fetch GET 200 https://registry.npmjs.org/@types%2fnode 262ms (cache updated)
139 silly packumentCache full:https://registry.npmjs.org/@types%2fnode set size:undefined disposed:false
140 silly fetch manifest typescript@>=2.7
141 silly packumentCache full:https://registry.npmjs.org/typescript cache-miss
142 http fetch GET 200 https://registry.npmjs.org/typescript 350ms (cache miss)
143 silly packumentCache full:https://registry.npmjs.org/typescript set size:undefined disposed:false
144 silly placeDep ROOT @alloc/quick-lru@5.2.0 OK for: tailwindcss@3.4.17 want: ^5.2.0
145 silly placeDep ROOT arg@5.0.2 OK for: tailwindcss@3.4.17 want: ^5.0.2
146 silly placeDep ROOT chokidar@3.6.0 OK for: tailwindcss@3.4.17 want: ^3.6.0
147 silly placeDep ROOT didyoumean@1.2.2 OK for: tailwindcss@3.4.17 want: ^1.2.2
148 silly placeDep ROOT dlv@1.1.3 OK for: tailwindcss@3.4.17 want: ^1.1.3
149 silly placeDep ROOT fast-glob@3.3.2 OK for: tailwindcss@3.4.17 want: ^3.3.2
150 silly placeDep ROOT jiti@1.21.7 OK for: tailwindcss@3.4.17 want: ^1.21.6
151 silly placeDep ROOT lilconfig@3.1.3 OK for: tailwindcss@3.4.17 want: ^3.1.3
152 silly placeDep ROOT micromatch@4.0.8 OK for: tailwindcss@3.4.17 want: ^4.0.8
153 silly placeDep ROOT normalize-path@3.0.0 OK for: tailwindcss@3.4.17 want: ^3.0.0
154 silly placeDep ROOT object-hash@3.0.0 OK for: tailwindcss@3.4.17 want: ^3.0.0
155 silly placeDep ROOT postcss-import@15.1.0 OK for: tailwindcss@3.4.17 want: ^15.1.0
156 silly placeDep ROOT postcss-js@4.0.1 OK for: tailwindcss@3.4.17 want: ^4.0.1
157 silly placeDep ROOT postcss-load-config@4.0.2 OK for: tailwindcss@3.4.17 want: ^4.0.2
158 silly placeDep ROOT postcss-nested@6.2.0 OK for: tailwindcss@3.4.17 want: ^6.2.0
159 silly placeDep ROOT postcss-selector-parser@6.1.2 OK for: tailwindcss@3.4.17 want: ^6.1.2
160 silly placeDep node_modules/tailwindcss resolve@1.22.10 OK for: tailwindcss@3.4.17 want: ^1.22.8
161 silly placeDep ROOT sucrase@3.35.0 OK for: tailwindcss@3.4.17 want: ^3.35.0
162 silly fetch manifest braces@~3.0.2
163 silly packumentCache full:https://registry.npmjs.org/braces cache-miss
164 silly fetch manifest anymatch@~3.1.2
165 silly packumentCache full:https://registry.npmjs.org/anymatch cache-miss
166 silly fetch manifest readdirp@~3.6.0
167 silly packumentCache full:https://registry.npmjs.org/readdirp cache-miss
168 silly fetch manifest glob-parent@~5.1.2
169 silly packumentCache full:https://registry.npmjs.org/glob-parent cache-miss
170 silly fetch manifest is-binary-path@~2.1.0
171 silly packumentCache full:https://registry.npmjs.org/is-binary-path cache-miss
172 silly fetch manifest normalize-path@~3.0.0
173 silly packumentCache full:https://registry.npmjs.org/normalize-path cache-miss
174 silly fetch manifest @nodelib/fs.stat@^2.0.2
175 silly packumentCache full:https://registry.npmjs.org/@nodelib%2ffs.stat cache-miss
176 silly fetch manifest @nodelib/fs.walk@^1.2.3
177 silly packumentCache full:https://registry.npmjs.org/@nodelib%2ffs.walk cache-miss
178 silly fetch manifest glob-parent@^5.1.2
179 silly packumentCache full:https://registry.npmjs.org/glob-parent cache-miss
180 silly fetch manifest merge2@^1.3.0
181 silly packumentCache full:https://registry.npmjs.org/merge2 cache-miss
182 silly fetch manifest micromatch@^4.0.4
183 silly packumentCache full:https://registry.npmjs.org/micromatch cache-miss
184 http fetch GET 200 https://registry.npmjs.org/normalize-path 74ms (cache hit)
185 silly packumentCache full:https://registry.npmjs.org/normalize-path set size:28713 disposed:false
186 silly fetch manifest braces@^3.0.3
187 silly packumentCache full:https://registry.npmjs.org/braces cache-miss
188 http fetch GET 200 https://registry.npmjs.org/micromatch 76ms (cache hit)
189 silly packumentCache full:https://registry.npmjs.org/micromatch set size:240630 disposed:false
190 silly fetch manifest picomatch@^2.3.1
191 silly packumentCache full:https://registry.npmjs.org/picomatch cache-miss
192 http fetch GET 200 https://registry.npmjs.org/is-binary-path 125ms (cache miss)
193 silly packumentCache full:https://registry.npmjs.org/is-binary-path set size:undefined disposed:false
194 silly fetch manifest read-cache@^1.0.0
195 silly packumentCache full:https://registry.npmjs.org/read-cache cache-miss
196 http fetch GET 200 https://registry.npmjs.org/anymatch 136ms (cache miss)
197 silly packumentCache full:https://registry.npmjs.org/anymatch set size:undefined disposed:false
198 silly fetch manifest resolve@^1.1.7
199 silly packumentCache full:https://registry.npmjs.org/resolve cache-miss
200 http fetch GET 200 https://registry.npmjs.org/@nodelib%2ffs.stat 147ms (cache miss)
201 silly packumentCache full:https://registry.npmjs.org/@nodelib%2ffs.stat set size:undefined disposed:false
202 silly fetch manifest camelcase-css@^2.0.1
203 silly packumentCache full:https://registry.npmjs.org/camelcase-css cache-miss
204 http fetch GET 200 https://registry.npmjs.org/@nodelib%2ffs.walk 149ms (cache miss)
205 silly packumentCache full:https://registry.npmjs.org/@nodelib%2ffs.walk set size:undefined disposed:false
206 silly fetch manifest yaml@^2.3.4
207 silly packumentCache full:https://registry.npmjs.org/yaml cache-miss
208 http fetch GET 200 https://registry.npmjs.org/readdirp 167ms (cache miss)
209 silly packumentCache full:https://registry.npmjs.org/readdirp set size:undefined disposed:false
210 silly fetch manifest postcss-selector-parser@^6.1.1
211 silly packumentCache full:https://registry.npmjs.org/postcss-selector-parser cache-miss
212 http fetch GET 200 https://registry.npmjs.org/merge2 161ms (cache miss)
213 silly packumentCache full:https://registry.npmjs.org/merge2 set size:undefined disposed:false
214 silly fetch manifest cssesc@^3.0.0
215 silly packumentCache full:https://registry.npmjs.org/cssesc cache-miss
216 http fetch GET 200 https://registry.npmjs.org/braces 182ms (cache miss)
217 silly packumentCache full:https://registry.npmjs.org/braces set size:undefined disposed:false
218 silly fetch manifest util-deprecate@^1.0.2
219 silly packumentCache full:https://registry.npmjs.org/util-deprecate cache-miss
220 http fetch GET 200 https://registry.npmjs.org/glob-parent 200ms (cache updated)
221 silly packumentCache full:https://registry.npmjs.org/glob-parent set size:undefined disposed:false
222 silly fetch manifest commander@^4.0.0
223 silly packumentCache full:https://registry.npmjs.org/commander cache-miss
224 http fetch GET 200 https://registry.npmjs.org/glob-parent 209ms (cache updated)
225 silly packumentCache full:https://registry.npmjs.org/glob-parent set size:undefined disposed:false
226 silly fetch manifest glob@^10.3.10
227 silly packumentCache full:https://registry.npmjs.org/glob cache-miss
228 http fetch GET 200 https://registry.npmjs.org/resolve 103ms (cache hit)
229 silly packumentCache full:https://registry.npmjs.org/resolve set size:243806 disposed:false
230 silly fetch manifest lines-and-columns@^1.1.6
231 silly packumentCache full:https://registry.npmjs.org/lines-and-columns cache-miss
232 http fetch GET 200 https://registry.npmjs.org/braces 193ms (cache miss)
233 silly packumentCache full:https://registry.npmjs.org/braces set size:undefined disposed:false
234 silly fetch manifest mz@^2.7.0
235 silly packumentCache full:https://registry.npmjs.org/mz cache-miss
236 http fetch GET 200 https://registry.npmjs.org/postcss-selector-parser 152ms (cache hit)
237 silly packumentCache full:https://registry.npmjs.org/postcss-selector-parser set size:171230 disposed:false
238 silly fetch manifest pirates@^4.0.1
239 silly packumentCache full:https://registry.npmjs.org/pirates cache-miss
240 http fetch GET 200 https://registry.npmjs.org/picomatch 239ms (cache miss)
241 silly packumentCache full:https://registry.npmjs.org/picomatch set size:undefined disposed:false
242 silly fetch manifest ts-interface-checker@^0.1.9
243 silly packumentCache full:https://registry.npmjs.org/ts-interface-checker cache-miss
244 http fetch GET 200 https://registry.npmjs.org/read-cache 215ms (cache miss)
245 silly packumentCache full:https://registry.npmjs.org/read-cache set size:undefined disposed:false
246 http fetch GET 200 https://registry.npmjs.org/camelcase-css 192ms (cache miss)
247 silly packumentCache full:https://registry.npmjs.org/camelcase-css set size:undefined disposed:false
248 http fetch GET 200 https://registry.npmjs.org/util-deprecate 175ms (cache miss)
249 silly packumentCache full:https://registry.npmjs.org/util-deprecate set size:undefined disposed:false
250 http fetch GET 200 https://registry.npmjs.org/cssesc 184ms (cache miss)
251 silly packumentCache full:https://registry.npmjs.org/cssesc set size:undefined disposed:false
252 http fetch GET 200 https://registry.npmjs.org/lines-and-columns 122ms (cache miss)
253 silly packumentCache full:https://registry.npmjs.org/lines-and-columns set size:undefined disposed:false
254 http fetch GET 200 https://registry.npmjs.org/commander 176ms (cache miss)
255 silly packumentCache full:https://registry.npmjs.org/commander set size:undefined disposed:false
256 http fetch GET 200 https://registry.npmjs.org/mz 112ms (cache miss)
257 silly packumentCache full:https://registry.npmjs.org/mz set size:undefined disposed:false
258 http fetch GET 200 https://registry.npmjs.org/yaml 238ms (cache updated)
259 silly packumentCache full:https://registry.npmjs.org/yaml set size:undefined disposed:false
260 http fetch GET 200 https://registry.npmjs.org/glob 186ms (cache miss)
261 silly packumentCache full:https://registry.npmjs.org/glob set size:undefined disposed:false
262 http fetch GET 200 https://registry.npmjs.org/pirates 96ms (cache miss)
263 silly packumentCache full:https://registry.npmjs.org/pirates set size:undefined disposed:false
264 http fetch GET 200 https://registry.npmjs.org/ts-interface-checker 89ms (cache miss)
265 silly packumentCache full:https://registry.npmjs.org/ts-interface-checker set size:undefined disposed:false
266 silly placeDep ROOT anymatch@3.1.3 OK for: chokidar@3.6.0 want: ~3.1.2
267 silly placeDep ROOT braces@3.0.3 OK for: chokidar@3.6.0 want: ~3.0.2
268 silly placeDep node_modules/chokidar glob-parent@5.1.2 OK for: chokidar@3.6.0 want: ~5.1.2
269 silly placeDep ROOT is-binary-path@2.1.0 OK for: chokidar@3.6.0 want: ~2.1.0
270 silly placeDep ROOT readdirp@3.6.0 OK for: chokidar@3.6.0 want: ~3.6.0
271 silly fetch manifest picomatch@^2.0.4
272 silly packumentCache full:https://registry.npmjs.org/picomatch cache-miss
273 silly fetch manifest fill-range@^7.1.1
274 silly packumentCache full:https://registry.npmjs.org/fill-range cache-miss
275 silly fetch manifest binary-extensions@^2.0.0
276 silly packumentCache full:https://registry.npmjs.org/binary-extensions cache-miss
277 silly fetch manifest picomatch@^2.2.1
278 silly packumentCache full:https://registry.npmjs.org/picomatch cache-miss
279 http fetch GET 200 https://registry.npmjs.org/picomatch 17ms (cache hit)
280 silly packumentCache full:https://registry.npmjs.org/picomatch set size:116191 disposed:false
281 http fetch GET 200 https://registry.npmjs.org/picomatch 18ms (cache hit)
282 silly packumentCache full:https://registry.npmjs.org/picomatch set size:116191 disposed:false
283 silly packumentCache full:https://registry.npmjs.org/picomatch dispose
284 http fetch GET 200 https://registry.npmjs.org/fill-range 60ms (cache miss)
285 silly packumentCache full:https://registry.npmjs.org/fill-range set size:undefined disposed:false
286 http fetch GET 200 https://registry.npmjs.org/binary-extensions 85ms (cache miss)
287 silly packumentCache full:https://registry.npmjs.org/binary-extensions set size:undefined disposed:false
288 silly placeDep ROOT picomatch@2.3.1 OK for: anymatch@3.1.3 want: ^2.0.4
289 silly placeDep ROOT fill-range@7.1.1 OK for: braces@3.0.3 want: ^7.1.1
290 silly fetch manifest to-regex-range@^5.0.1
291 silly packumentCache full:https://registry.npmjs.org/to-regex-range cache-miss
292 http fetch GET 200 https://registry.npmjs.org/to-regex-range 55ms (cache miss)
293 silly packumentCache full:https://registry.npmjs.org/to-regex-range set size:undefined disposed:false
294 silly placeDep ROOT @nodelib/fs.stat@2.0.5 OK for: fast-glob@3.3.2 want: ^2.0.2
295 silly placeDep ROOT @nodelib/fs.walk@1.2.8 OK for: fast-glob@3.3.2 want: ^1.2.3
296 silly placeDep node_modules/fast-glob glob-parent@5.1.2 OK for: fast-glob@3.3.2 want: ^5.1.2
297 silly placeDep ROOT merge2@1.4.1 OK for: fast-glob@3.3.2 want: ^1.3.0
298 silly fetch manifest fastq@^1.6.0
299 silly packumentCache full:https://registry.npmjs.org/fastq cache-miss
300 silly fetch manifest @nodelib/fs.scandir@2.1.5
301 silly packumentCache full:https://registry.npmjs.org/@nodelib%2ffs.scandir cache-miss
302 http fetch GET 200 https://registry.npmjs.org/fastq 59ms (cache miss)
303 silly packumentCache full:https://registry.npmjs.org/fastq set size:undefined disposed:false
304 http fetch GET 200 https://registry.npmjs.org/@nodelib%2ffs.scandir 78ms (cache miss)
305 silly packumentCache full:https://registry.npmjs.org/@nodelib%2ffs.scandir set size:undefined disposed:false
306 silly placeDep ROOT @nodelib/fs.scandir@2.1.5 OK for: @nodelib/fs.walk@1.2.8 want: 2.1.5
307 silly placeDep ROOT fastq@1.18.0 OK for: @nodelib/fs.walk@1.2.8 want: ^1.6.0
308 silly fetch manifest run-parallel@^1.1.9
309 silly packumentCache full:https://registry.npmjs.org/run-parallel cache-miss
310 silly fetch manifest reusify@^1.0.4
311 silly packumentCache full:https://registry.npmjs.org/reusify cache-miss
312 http fetch GET 200 https://registry.npmjs.org/run-parallel 62ms (cache miss)
313 silly packumentCache full:https://registry.npmjs.org/run-parallel set size:undefined disposed:false
314 http fetch GET 200 https://registry.npmjs.org/reusify 86ms (cache miss)
315 silly packumentCache full:https://registry.npmjs.org/reusify set size:undefined disposed:false
316 silly placeDep ROOT run-parallel@1.2.0 OK for: @nodelib/fs.scandir@2.1.5 want: ^1.1.9
317 silly fetch manifest queue-microtask@^1.2.2
318 silly packumentCache full:https://registry.npmjs.org/queue-microtask cache-miss
319 http fetch GET 200 https://registry.npmjs.org/queue-microtask 74ms (cache miss)
320 silly packumentCache full:https://registry.npmjs.org/queue-microtask set size:undefined disposed:false
321 silly placeDep ROOT reusify@1.0.4 OK for: fastq@1.18.0 want: ^1.0.4
322 silly placeDep ROOT to-regex-range@5.0.1 OK for: fill-range@7.1.1 want: ^5.0.1
323 silly fetch manifest is-number@^7.0.0
324 silly packumentCache full:https://registry.npmjs.org/is-number cache-miss
325 http fetch GET 200 https://registry.npmjs.org/is-number 57ms (cache miss)
326 silly packumentCache full:https://registry.npmjs.org/is-number set size:undefined disposed:false
327 silly placeDep ROOT binary-extensions@2.3.0 OK for: is-binary-path@2.1.0 want: ^2.0.0
328 silly placeDep ROOT read-cache@1.0.0 OK for: postcss-import@15.1.0 want: ^1.0.0
329 silly placeDep node_modules/postcss-import resolve@1.22.10 OK for: postcss-import@15.1.0 want: ^1.1.7
330 silly fetch manifest pify@^2.3.0
331 silly packumentCache full:https://registry.npmjs.org/pify cache-miss
332 http fetch GET 200 https://registry.npmjs.org/pify 74ms (cache miss)
333 silly packumentCache full:https://registry.npmjs.org/pify set size:undefined disposed:false
334 silly placeDep ROOT camelcase-css@2.0.1 OK for: postcss-js@4.0.1 want: ^2.0.1
335 silly placeDep ROOT yaml@2.6.1 OK for: postcss-load-config@4.0.2 want: ^2.3.4
336 silly placeDep ROOT cssesc@3.0.0 OK for: postcss-selector-parser@6.1.2 want: ^3.0.0
337 silly placeDep ROOT util-deprecate@1.0.2 OK for: postcss-selector-parser@6.1.2 want: ^1.0.2
338 silly placeDep ROOT pify@2.3.0 OK for: read-cache@1.0.0 want: ^2.3.0
339 silly placeDep ROOT queue-microtask@1.2.3 OK for: run-parallel@1.2.0 want: ^1.2.2
340 silly placeDep ROOT commander@4.1.1 OK for: sucrase@3.35.0 want: ^4.0.0
341 silly placeDep ROOT glob@10.4.5 OK for: sucrase@3.35.0 want: ^10.3.10
342 silly placeDep ROOT lines-and-columns@1.2.4 OK for: sucrase@3.35.0 want: ^1.1.6
343 silly placeDep ROOT mz@2.7.0 OK for: sucrase@3.35.0 want: ^2.7.0
344 silly placeDep ROOT pirates@4.0.6 OK for: sucrase@3.35.0 want: ^4.0.1
345 silly placeDep ROOT ts-interface-checker@0.1.13 OK for: sucrase@3.35.0 want: ^0.1.9
346 silly fetch manifest minipass@^7.1.2
347 silly packumentCache full:https://registry.npmjs.org/minipass cache-miss
348 silly fetch manifest jackspeak@^3.1.2
349 silly packumentCache full:https://registry.npmjs.org/jackspeak cache-miss
350 silly fetch manifest minimatch@^9.0.4
351 silly packumentCache full:https://registry.npmjs.org/minimatch cache-miss
352 silly fetch manifest path-scurry@^1.11.1
353 silly packumentCache full:https://registry.npmjs.org/path-scurry cache-miss
354 silly fetch manifest foreground-child@^3.1.0
355 silly packumentCache full:https://registry.npmjs.org/foreground-child cache-miss
356 silly fetch manifest package-json-from-dist@^1.0.0
357 silly packumentCache full:https://registry.npmjs.org/package-json-from-dist cache-miss
358 silly fetch manifest any-promise@^1.0.0
359 silly packumentCache full:https://registry.npmjs.org/any-promise cache-miss
360 silly fetch manifest thenify-all@^1.0.0
361 silly packumentCache full:https://registry.npmjs.org/thenify-all cache-miss
362 http fetch GET 200 https://registry.npmjs.org/package-json-from-dist 92ms (cache miss)
363 silly packumentCache full:https://registry.npmjs.org/package-json-from-dist set size:undefined disposed:false
364 http fetch GET 200 https://registry.npmjs.org/thenify-all 92ms (cache miss)
365 silly packumentCache full:https://registry.npmjs.org/thenify-all set size:undefined disposed:false
366 http fetch GET 200 https://registry.npmjs.org/any-promise 97ms (cache miss)
367 silly packumentCache full:https://registry.npmjs.org/any-promise set size:undefined disposed:false
368 http fetch GET 200 https://registry.npmjs.org/foreground-child 105ms (cache miss)
369 silly packumentCache full:https://registry.npmjs.org/foreground-child set size:undefined disposed:false
370 http fetch GET 200 https://registry.npmjs.org/path-scurry 109ms (cache miss)
371 silly packumentCache full:https://registry.npmjs.org/path-scurry set size:undefined disposed:false
372 http fetch GET 200 https://registry.npmjs.org/jackspeak 116ms (cache miss)
373 silly packumentCache full:https://registry.npmjs.org/jackspeak set size:undefined disposed:false
374 http fetch GET 200 https://registry.npmjs.org/minimatch 127ms (cache updated)
375 silly packumentCache full:https://registry.npmjs.org/minimatch set size:undefined disposed:false
376 http fetch GET 200 https://registry.npmjs.org/minipass 138ms (cache miss)
377 silly packumentCache full:https://registry.npmjs.org/minipass set size:undefined disposed:false
378 silly placeDep ROOT foreground-child@3.3.0 OK for: glob@10.4.5 want: ^3.1.0
379 silly placeDep ROOT jackspeak@3.4.3 OK for: glob@10.4.5 want: ^3.1.2
380 silly placeDep node_modules/glob minimatch@9.0.5 OK for: glob@10.4.5 want: ^9.0.4
381 silly placeDep ROOT minipass@7.1.2 OK for: glob@10.4.5 want: ^7.1.2
382 silly placeDep ROOT package-json-from-dist@1.0.1 OK for: glob@10.4.5 want: ^1.0.0
383 silly placeDep ROOT path-scurry@1.11.1 OK for: glob@10.4.5 want: ^1.11.1
384 silly fetch manifest signal-exit@^4.0.1
385 silly packumentCache full:https://registry.npmjs.org/signal-exit cache-miss
386 silly fetch manifest @isaacs/cliui@^8.0.2
387 silly packumentCache full:https://registry.npmjs.org/@isaacs%2fcliui cache-miss
388 silly fetch manifest @pkgjs/parseargs@^0.11.0
389 silly packumentCache full:https://registry.npmjs.org/@pkgjs%2fparseargs cache-miss
390 silly fetch manifest brace-expansion@^2.0.1
391 silly packumentCache full:https://registry.npmjs.org/brace-expansion cache-miss
392 silly fetch manifest lru-cache@^10.2.0
393 silly packumentCache full:https://registry.npmjs.org/lru-cache cache-miss
394 http fetch GET 200 https://registry.npmjs.org/signal-exit 74ms (cache miss)
395 silly packumentCache full:https://registry.npmjs.org/signal-exit set size:undefined disposed:false
396 http fetch GET 200 https://registry.npmjs.org/brace-expansion 86ms (cache updated)
397 silly packumentCache full:https://registry.npmjs.org/brace-expansion set size:undefined disposed:false
398 http fetch GET 200 https://registry.npmjs.org/@pkgjs%2fparseargs 96ms (cache miss)
399 silly packumentCache full:https://registry.npmjs.org/@pkgjs%2fparseargs set size:undefined disposed:false
400 http fetch GET 200 https://registry.npmjs.org/@isaacs%2fcliui 100ms (cache miss)
401 silly packumentCache full:https://registry.npmjs.org/@isaacs%2fcliui set size:undefined disposed:false
402 http fetch GET 200 https://registry.npmjs.org/lru-cache 97ms (cache updated)
403 silly packumentCache full:https://registry.npmjs.org/lru-cache set size:undefined disposed:false
404 silly placeDep ROOT signal-exit@4.1.0 OK for: foreground-child@3.3.0 want: ^4.0.1
405 silly placeDep ROOT @isaacs/cliui@8.0.2 OK for: jackspeak@3.4.3 want: ^8.0.2
406 silly placeDep ROOT @pkgjs/parseargs@0.11.0 OK for: jackspeak@3.4.3 want: ^0.11.0
407 silly fetch manifest string-width@^5.1.2
408 silly packumentCache full:https://registry.npmjs.org/string-width cache-miss
409 silly fetch manifest string-width-cjs@npm:string-width@^4.2.0
410 silly packumentCache full:https://registry.npmjs.org/string-width cache-miss
411 silly fetch manifest strip-ansi@^7.0.1
412 silly packumentCache full:https://registry.npmjs.org/strip-ansi cache-miss
413 silly fetch manifest strip-ansi-cjs@npm:strip-ansi@^6.0.1
414 silly packumentCache full:https://registry.npmjs.org/strip-ansi cache-miss
415 silly fetch manifest wrap-ansi@^8.1.0
416 silly packumentCache full:https://registry.npmjs.org/wrap-ansi cache-miss
417 silly fetch manifest wrap-ansi-cjs@npm:wrap-ansi@^7.0.0
418 silly packumentCache full:https://registry.npmjs.org/wrap-ansi cache-miss
419 http fetch GET 200 https://registry.npmjs.org/strip-ansi 72ms (cache miss)
420 silly packumentCache full:https://registry.npmjs.org/strip-ansi set size:undefined disposed:false
421 http fetch GET 200 https://registry.npmjs.org/string-width 80ms (cache miss)
422 silly packumentCache full:https://registry.npmjs.org/string-width set size:undefined disposed:false
423 http fetch GET 200 https://registry.npmjs.org/strip-ansi 81ms (cache miss)
424 silly packumentCache full:https://registry.npmjs.org/strip-ansi set size:undefined disposed:false
425 http fetch GET 200 https://registry.npmjs.org/string-width 85ms (cache miss)
426 silly packumentCache full:https://registry.npmjs.org/string-width set size:undefined disposed:false
427 http fetch GET 200 https://registry.npmjs.org/wrap-ansi 86ms (cache miss)
428 silly packumentCache full:https://registry.npmjs.org/wrap-ansi set size:undefined disposed:false
429 http fetch GET 200 https://registry.npmjs.org/wrap-ansi 91ms (cache miss)
430 silly packumentCache full:https://registry.npmjs.org/wrap-ansi set size:undefined disposed:false
431 silly placeDep ROOT string-width@5.1.2 OK for: @isaacs/cliui@8.0.2 want: ^5.1.2
432 silly placeDep ROOT string-width-cjs@4.2.3 OK for: @isaacs/cliui@8.0.2 want: npm:string-width@^4.2.0
433 silly placeDep ROOT strip-ansi@7.1.0 OK for: @isaacs/cliui@8.0.2 want: ^7.0.1
434 silly placeDep ROOT strip-ansi-cjs@6.0.1 OK for: @isaacs/cliui@8.0.2 want: npm:strip-ansi@^6.0.1
435 silly placeDep ROOT wrap-ansi@8.1.0 OK for: @isaacs/cliui@8.0.2 want: ^8.1.0
436 silly placeDep ROOT wrap-ansi-cjs@7.0.0 OK for: @isaacs/cliui@8.0.2 want: npm:wrap-ansi@^7.0.0
437 silly fetch manifest emoji-regex@^9.2.2
438 silly packumentCache full:https://registry.npmjs.org/emoji-regex cache-miss
439 silly fetch manifest eastasianwidth@^0.2.0
440 silly packumentCache full:https://registry.npmjs.org/eastasianwidth cache-miss
441 silly fetch manifest strip-ansi@^6.0.1
442 silly packumentCache full:https://registry.npmjs.org/strip-ansi cache-miss
443 silly fetch manifest emoji-regex@^8.0.0
444 silly packumentCache full:https://registry.npmjs.org/emoji-regex cache-miss
445 silly fetch manifest is-fullwidth-code-point@^3.0.0
446 silly packumentCache full:https://registry.npmjs.org/is-fullwidth-code-point cache-miss
447 silly fetch manifest ansi-regex@^6.0.1
448 silly packumentCache full:https://registry.npmjs.org/ansi-regex cache-miss
449 silly fetch manifest ansi-regex@^5.0.1
450 silly packumentCache full:https://registry.npmjs.org/ansi-regex cache-miss
451 silly fetch manifest ansi-styles@^6.1.0
452 silly packumentCache full:https://registry.npmjs.org/ansi-styles cache-miss
453 silly fetch manifest string-width@^4.1.0
454 silly packumentCache full:https://registry.npmjs.org/string-width cache-miss
455 silly fetch manifest strip-ansi@^6.0.0
456 silly packumentCache full:https://registry.npmjs.org/strip-ansi cache-miss
457 http fetch GET 200 https://registry.npmjs.org/string-width 81ms (cache hit)
458 silly packumentCache full:https://registry.npmjs.org/string-width set size:61460 disposed:false
459 http fetch GET 200 https://registry.npmjs.org/strip-ansi 98ms (cache hit)
460 silly packumentCache full:https://registry.npmjs.org/strip-ansi set size:43180 disposed:false
461 http fetch GET 200 https://registry.npmjs.org/strip-ansi 88ms (cache hit)
462 silly packumentCache full:https://registry.npmjs.org/strip-ansi set size:43180 disposed:false
463 silly packumentCache full:https://registry.npmjs.org/strip-ansi dispose
464 http fetch GET 200 https://registry.npmjs.org/eastasianwidth 118ms (cache miss)
465 silly packumentCache full:https://registry.npmjs.org/eastasianwidth set size:undefined disposed:false
466 http fetch GET 200 https://registry.npmjs.org/is-fullwidth-code-point 113ms (cache miss)
467 silly packumentCache full:https://registry.npmjs.org/is-fullwidth-code-point set size:undefined disposed:false
468 http fetch GET 200 https://registry.npmjs.org/emoji-regex 125ms (cache miss)
469 silly packumentCache full:https://registry.npmjs.org/emoji-regex set size:undefined disposed:false
470 http fetch GET 200 https://registry.npmjs.org/ansi-regex 119ms (cache miss)
471 silly packumentCache full:https://registry.npmjs.org/ansi-regex set size:undefined disposed:false
472 http fetch GET 200 https://registry.npmjs.org/ansi-regex 119ms (cache miss)
473 silly packumentCache full:https://registry.npmjs.org/ansi-regex set size:undefined disposed:false
474 http fetch GET 200 https://registry.npmjs.org/emoji-regex 128ms (cache miss)
475 silly packumentCache full:https://registry.npmjs.org/emoji-regex set size:undefined disposed:false
476 http fetch GET 200 https://registry.npmjs.org/ansi-styles 150ms (cache updated)
477 silly packumentCache full:https://registry.npmjs.org/ansi-styles set size:undefined disposed:false
478 silly placeDep ROOT any-promise@1.3.0 OK for: mz@2.7.0 want: ^1.0.0
479 silly placeDep ROOT thenify-all@1.6.0 OK for: mz@2.7.0 want: ^1.0.0
480 silly fetch manifest thenify@>= 3.1.0 < 4
481 silly packumentCache full:https://registry.npmjs.org/thenify cache-miss
482 http fetch GET 200 https://registry.npmjs.org/thenify 54ms (cache miss)
483 silly packumentCache full:https://registry.npmjs.org/thenify set size:undefined disposed:false
484 silly placeDep node_modules/path-scurry lru-cache@10.4.3 OK for: path-scurry@1.11.1 want: ^10.2.0
485 silly placeDep ROOT eastasianwidth@0.2.0 OK for: string-width@5.1.2 want: ^0.2.0
486 silly placeDep ROOT emoji-regex@9.2.2 OK for: string-width@5.1.2 want: ^9.2.2
487 silly placeDep node_modules/string-width-cjs emoji-regex@8.0.0 OK for: string-width@4.2.3 want: ^8.0.0
488 silly placeDep ROOT is-fullwidth-code-point@3.0.0 OK for: string-width@4.2.3 want: ^3.0.0
489 silly placeDep node_modules/string-width-cjs strip-ansi@6.0.1 OK for: string-width@4.2.3 want: ^6.0.1
490 silly placeDep ROOT ansi-regex@6.1.0 OK for: strip-ansi@7.1.0 want: ^6.0.1
491 silly placeDep node_modules/strip-ansi-cjs ansi-regex@5.0.1 OK for: strip-ansi@6.0.1 want: ^5.0.1
492 silly placeDep ROOT thenify@3.3.1 OK for: thenify-all@1.6.0 want: >= 3.1.0 < 4
493 silly placeDep ROOT is-number@7.0.0 OK for: to-regex-range@5.0.1 want: ^7.0.0
494 silly placeDep node_modules/wrap-ansi ansi-styles@6.2.1 OK for: wrap-ansi@8.1.0 want: ^6.1.0
495 silly placeDep node_modules/wrap-ansi-cjs string-width@4.2.3 OK for: wrap-ansi@7.0.0 want: ^4.1.0
496 silly placeDep node_modules/wrap-ansi-cjs strip-ansi@6.0.1 OK for: wrap-ansi@7.0.0 want: ^6.0.0
497 silly placeDep node_modules/glob brace-expansion@2.0.1 OK for: minimatch@9.0.5 want: ^2.0.1
498 silly placeDep node_modules/string-width-cjs ansi-regex@5.0.1 OK for: strip-ansi@6.0.1 want: ^5.0.1
499 silly placeDep node_modules/wrap-ansi-cjs emoji-regex@8.0.0 OK for: string-width@4.2.3 want: ^8.0.0
500 silly placeDep node_modules/wrap-ansi-cjs ansi-regex@5.0.1 OK for: strip-ansi@6.0.1 want: ^5.0.1
501 silly reify moves {}
502 silly audit bulk request {
502 silly audit   '@ampproject/remapping': [ '2.3.0' ],
502 silly audit   '@babel/code-frame': [ '7.26.2' ],
502 silly audit   '@babel/compat-data': [ '7.26.3' ],
502 silly audit   '@babel/core': [ '7.26.0' ],
502 silly audit   '@babel/generator': [ '7.26.3' ],
502 silly audit   '@babel/helper-compilation-targets': [ '7.25.9' ],
502 silly audit   '@babel/helper-module-imports': [ '7.25.9' ],
502 silly audit   '@babel/helper-module-transforms': [ '7.26.0' ],
502 silly audit   '@babel/helper-plugin-utils': [ '7.25.9' ],
502 silly audit   '@babel/helper-string-parser': [ '7.25.9' ],
502 silly audit   '@babel/helper-validator-identifier': [ '7.25.9' ],
502 silly audit   '@babel/helper-validator-option': [ '7.25.9' ],
502 silly audit   '@babel/helpers': [ '7.26.0' ],
502 silly audit   '@babel/parser': [ '7.26.3' ],
502 silly audit   '@babel/plugin-transform-react-jsx-self': [ '7.25.9' ],
502 silly audit   '@babel/plugin-transform-react-jsx-source': [ '7.25.9' ],
502 silly audit   '@babel/template': [ '7.25.9' ],
502 silly audit   '@babel/traverse': [ '7.26.4' ],
502 silly audit   globals: [ '11.12.0', '14.0.0', '15.14.0' ],
502 silly audit   '@babel/types': [ '7.26.3' ],
502 silly audit   '@esbuild/aix-ppc64': [ '0.24.2' ],
502 silly audit   '@esbuild/android-arm': [ '0.24.2' ],
502 silly audit   '@esbuild/android-arm64': [ '0.24.2' ],
502 silly audit   '@esbuild/android-x64': [ '0.24.2' ],
502 silly audit   '@esbuild/darwin-arm64': [ '0.24.2' ],
502 silly audit   '@esbuild/darwin-x64': [ '0.24.2' ],
502 silly audit   '@esbuild/freebsd-arm64': [ '0.24.2' ],
502 silly audit   '@esbuild/freebsd-x64': [ '0.24.2' ],
502 silly audit   '@esbuild/linux-arm': [ '0.24.2' ],
502 silly audit   '@esbuild/linux-arm64': [ '0.24.2' ],
502 silly audit   '@esbuild/linux-ia32': [ '0.24.2' ],
502 silly audit   '@esbuild/linux-loong64': [ '0.24.2' ],
502 silly audit   '@esbuild/linux-mips64el': [ '0.24.2' ],
502 silly audit   '@esbuild/linux-ppc64': [ '0.24.2' ],
502 silly audit   '@esbuild/linux-riscv64': [ '0.24.2' ],
502 silly audit   '@esbuild/linux-s390x': [ '0.24.2' ],
502 silly audit   '@esbuild/linux-x64': [ '0.24.2' ],
502 silly audit   '@esbuild/netbsd-arm64': [ '0.24.2' ],
502 silly audit   '@esbuild/netbsd-x64': [ '0.24.2' ],
502 silly audit   '@esbuild/openbsd-arm64': [ '0.24.2' ],
502 silly audit   '@esbuild/openbsd-x64': [ '0.24.2' ],
502 silly audit   '@esbuild/sunos-x64': [ '0.24.2' ],
502 silly audit   '@esbuild/win32-arm64': [ '0.24.2' ],
502 silly audit   '@esbuild/win32-ia32': [ '0.24.2' ],
502 silly audit   '@esbuild/win32-x64': [ '0.24.2' ],
502 silly audit   '@eslint-community/eslint-utils': [ '4.4.1' ],
502 silly audit   'eslint-visitor-keys': [ '3.4.3', '4.2.0' ],
502 silly audit   '@eslint-community/regexpp': [ '4.12.1' ],
502 silly audit   '@eslint/config-array': [ '0.19.1' ],
502 silly audit   '@eslint/core': [ '0.9.1' ],
502 silly audit   '@eslint/eslintrc': [ '3.2.0' ],
502 silly audit   '@eslint/js': [ '9.17.0' ],
502 silly audit   '@eslint/object-schema': [ '2.1.5' ],
502 silly audit   '@eslint/plugin-kit': [ '0.2.4' ],
502 silly audit   '@humanfs/core': [ '0.19.1' ],
502 silly audit   '@humanfs/node': [ '0.16.6' ],
502 silly audit   '@humanwhocodes/retry': [ '0.3.1', '0.4.1' ],
502 silly audit   '@humanwhocodes/module-importer': [ '1.0.1' ],
502 silly audit   '@jridgewell/gen-mapping': [ '0.3.8' ],
502 silly audit   '@jridgewell/resolve-uri': [ '3.1.2' ],
502 silly audit   '@jridgewell/set-array': [ '1.2.1' ],
502 silly audit   '@jridgewell/sourcemap-codec': [ '1.5.0' ],
502 silly audit   '@jridgewell/trace-mapping': [ '0.3.25' ],
502 silly audit   '@rollup/rollup-android-arm-eabi': [ '4.29.1' ],
502 silly audit   '@rollup/rollup-android-arm64': [ '4.29.1' ],
502 silly audit   '@rollup/rollup-darwin-arm64': [ '4.29.1' ],
502 silly audit   '@rollup/rollup-darwin-x64': [ '4.29.1' ],
502 silly audit   '@rollup/rollup-freebsd-arm64': [ '4.29.1' ],
502 silly audit   '@rollup/rollup-freebsd-x64': [ '4.29.1' ],
502 silly audit   '@rollup/rollup-linux-arm-gnueabihf': [ '4.29.1' ],
502 silly audit   '@rollup/rollup-linux-arm-musleabihf': [ '4.29.1' ],
502 silly audit   '@rollup/rollup-linux-arm64-gnu': [ '4.29.1' ],
502 silly audit   '@rollup/rollup-linux-arm64-musl': [ '4.29.1' ],
502 silly audit   '@rollup/rollup-linux-loongarch64-gnu': [ '4.29.1' ],
502 silly audit   '@rollup/rollup-linux-powerpc64le-gnu': [ '4.29.1' ],
502 silly audit   '@rollup/rollup-linux-riscv64-gnu': [ '4.29.1' ],
502 silly audit   '@rollup/rollup-linux-s390x-gnu': [ '4.29.1' ],
502 silly audit   '@rollup/rollup-linux-x64-gnu': [ '4.29.1' ],
502 silly audit   '@rollup/rollup-linux-x64-musl': [ '4.29.1' ],
502 silly audit   '@rollup/rollup-win32-arm64-msvc': [ '4.29.1' ],
502 silly audit   '@rollup/rollup-win32-ia32-msvc': [ '4.29.1' ],
502 silly audit   '@rollup/rollup-win32-x64-msvc': [ '4.29.1' ],
502 silly audit   '@types/babel__core': [ '7.20.5' ],
502 silly audit   '@types/babel__generator': [ '7.6.8' ],
502 silly audit   '@types/babel__template': [ '7.4.4' ],
502 silly audit   '@types/babel__traverse': [ '7.20.6' ],
502 silly audit   '@types/estree': [ '1.0.6' ],
502 silly audit   '@types/json-schema': [ '7.0.15' ],
502 silly audit   '@types/prop-types': [ '15.7.14' ],
502 silly audit   '@types/react': [ '18.3.18' ],
502 silly audit   '@types/react-dom': [ '18.3.5' ],
502 silly audit   '@vitejs/plugin-react': [ '4.3.4' ],
502 silly audit   acorn: [ '8.14.0' ],
502 silly audit   'acorn-jsx': [ '5.3.2' ],
502 silly audit   ajv: [ '6.12.6' ],
502 silly audit   'ansi-styles': [ '4.3.0', '6.2.1' ],
502 silly audit   argparse: [ '2.0.1' ],
502 silly audit   'array-buffer-byte-length': [ '1.0.2' ],
502 silly audit   'array-includes': [ '3.1.8' ],
502 silly audit   'array.prototype.findlast': [ '1.2.5' ],
502 silly audit   'array.prototype.flat': [ '1.3.3' ],
502 silly audit   'array.prototype.flatmap': [ '1.3.3' ],
502 silly audit   'array.prototype.tosorted': [ '1.1.4' ],
502 silly audit   'arraybuffer.prototype.slice': [ '1.0.4' ],
502 silly audit   'available-typed-arrays': [ '1.0.7' ],
502 silly audit   'balanced-match': [ '1.0.2' ],
502 silly audit   'brace-expansion': [ '1.1.11', '2.0.1' ],
502 silly audit   browserslist: [ '4.24.3' ],
502 silly audit   'call-bind': [ '1.0.8' ],
502 silly audit   'call-bind-apply-helpers': [ '1.0.1' ],
502 silly audit   'call-bound': [ '1.0.3' ],
502 silly audit   callsites: [ '3.1.0' ],
502 silly audit   'caniuse-lite': [ '1.0.30001690' ],
502 silly audit   chalk: [ '4.1.2' ],
502 silly audit   'color-convert': [ '2.0.1' ],
502 silly audit   'color-name': [ '1.1.4' ],
502 silly audit   'concat-map': [ '0.0.1' ],
502 silly audit   'convert-source-map': [ '2.0.0' ],
502 silly audit   'cross-spawn': [ '7.0.6' ],
502 silly audit   csstype: [ '3.1.3' ],
502 silly audit   'data-view-buffer': [ '1.0.2' ],
502 silly audit   'data-view-byte-length': [ '1.0.2' ],
502 silly audit   'data-view-byte-offset': [ '1.0.1' ],
502 silly audit   debug: [ '4.4.0' ],
502 silly audit   'deep-is': [ '0.1.4' ],
502 silly audit   'define-data-property': [ '1.1.4' ],
502 silly audit   'define-properties': [ '1.2.1' ],
502 silly audit   doctrine: [ '2.1.0' ],
502 silly audit   'dunder-proto': [ '1.0.1' ],
502 silly audit   'electron-to-chromium': [ '1.5.76' ],
502 silly audit   'es-abstract': [ '1.23.7' ],
502 silly audit   'es-define-property': [ '1.0.1' ],
502 silly audit   'es-errors': [ '1.3.0' ],
502 silly audit   'es-iterator-helpers': [ '1.2.1' ],
502 silly audit   'es-object-atoms': [ '1.0.0' ],
502 silly audit   'es-set-tostringtag': [ '2.0.3' ],
502 silly audit   'es-shim-unscopables': [ '1.0.2' ],
502 silly audit   'es-to-primitive': [ '1.3.0' ],
502 silly audit   esbuild: [ '0.24.2' ],
502 silly audit   escalade: [ '3.2.0' ],
502 silly audit   'escape-string-regexp': [ '4.0.0' ],
502 silly audit   eslint: [ '9.17.0' ],
502 silly audit   'eslint-plugin-react': [ '7.37.3' ],
502 silly audit   'eslint-plugin-react-hooks': [ '5.1.0' ],
502 silly audit   'eslint-plugin-react-refresh': [ '0.4.16' ],
502 silly audit   'eslint-scope': [ '8.2.0' ],
502 silly audit   espree: [ '10.3.0' ],
502 silly audit   esquery: [ '1.6.0' ],
502 silly audit   esrecurse: [ '4.3.0' ],
502 silly audit   estraverse: [ '5.3.0' ],
502 silly audit   esutils: [ '2.0.3' ],
502 silly audit   'fast-deep-equal': [ '3.1.3' ],
502 silly audit   'fast-json-stable-stringify': [ '2.1.0' ],
502 silly audit   'fast-levenshtein': [ '2.0.6' ],
502 silly audit   'file-entry-cache': [ '8.0.0' ],
502 silly audit   'find-up': [ '5.0.0' ],
502 silly audit   'flat-cache': [ '4.0.1' ],
502 silly audit   flatted: [ '3.3.2' ],
502 silly audit   'for-each': [ '0.3.3' ],
502 silly audit   fsevents: [ '2.3.3' ],
502 silly audit   'function-bind': [ '1.1.2' ],
502 silly audit   'function.prototype.name': [ '1.1.8' ],
502 silly audit   'functions-have-names': [ '1.2.3' ],
502 silly audit   gensync: [ '1.0.0-beta.2' ],
502 silly audit   'get-intrinsic': [ '1.2.6' ],
502 silly audit   'get-symbol-description': [ '1.1.0' ],
502 silly audit   'glob-parent': [ '6.0.2', '5.1.2' ],
502 silly audit   globalthis: [ '1.0.4' ],
502 silly audit   gopd: [ '1.2.0' ],
502 silly audit   'has-bigints': [ '1.1.0' ],
502 silly audit   'has-flag': [ '4.0.0' ],
502 silly audit   'has-property-descriptors': [ '1.0.2' ],
502 silly audit   'has-proto': [ '1.2.0' ],
502 silly audit   'has-symbols': [ '1.1.0' ],
502 silly audit   'has-tostringtag': [ '1.0.2' ],
502 silly audit   hasown: [ '2.0.2' ],
502 silly audit   ignore: [ '5.3.2' ],
502 silly audit   'import-fresh': [ '3.3.0' ],
502 silly audit   imurmurhash: [ '0.1.4' ],
502 silly audit   'internal-slot': [ '1.1.0' ],
502 silly audit   'is-array-buffer': [ '3.0.5' ],
502 silly audit   'is-async-function': [ '2.0.0' ],
502 silly audit   'is-bigint': [ '1.1.0' ],
502 silly audit   'is-boolean-object': [ '1.2.1' ],
502 silly audit   'is-callable': [ '1.2.7' ],
502 silly audit   'is-core-module': [ '2.16.1' ],
502 silly audit   'is-data-view': [ '1.0.2' ],
502 silly audit   'is-date-object': [ '1.1.0' ],
502 silly audit   'is-extglob': [ '2.1.1' ],
502 silly audit   'is-finalizationregistry': [ '1.1.1' ],
502 silly audit   'is-generator-function': [ '1.0.10' ],
502 silly audit   'is-glob': [ '4.0.3' ],
502 silly audit   'is-map': [ '2.0.3' ],
502 silly audit   'is-number-object': [ '1.1.1' ],
502 silly audit   'is-regex': [ '1.2.1' ],
502 silly audit   'is-set': [ '2.0.3' ],
502 silly audit   'is-shared-array-buffer': [ '1.0.4' ],
502 silly audit   'is-string': [ '1.1.1' ],
502 silly audit   'is-symbol': [ '1.1.1' ],
502 silly audit   'is-typed-array': [ '1.1.15' ],
502 silly audit   'is-weakmap': [ '2.0.2' ],
502 silly audit   'is-weakref': [ '1.1.0' ],
502 silly audit   'is-weakset': [ '2.0.4' ],
502 silly audit   isarray: [ '2.0.5' ],
502 silly audit   isexe: [ '2.0.0' ],
502 silly audit   'iterator.prototype': [ '1.1.4' ],
502 silly audit   'js-tokens': [ '4.0.0' ],
502 silly audit   'js-yaml': [ '4.1.0' ],
502 silly audit   jsesc: [ '3.1.0' ],
502 silly audit   'json-buffer': [ '3.0.1' ],
502 silly audit   'json-schema-traverse': [ '0.4.1' ],
502 silly audit   'json-stable-stringify-without-jsonify': [ '1.0.1' ],
502 silly audit   json5: [ '2.2.3' ],
502 silly audit   'jsx-ast-utils': [ '3.3.5' ],
502 silly audit   keyv: [ '4.5.4' ],
502 silly audit   levn: [ '0.4.1' ],
502 silly audit   'locate-path': [ '6.0.0' ],
502 silly audit   'lodash.merge': [ '4.6.2' ],
502 silly audit   'loose-envify': [ '1.4.0' ],
502 silly audit   'lru-cache': [ '5.1.1', '10.4.3' ],
502 silly audit   'math-intrinsics': [ '1.1.0' ],
502 silly audit   minimatch: [ '3.1.2', '9.0.5' ],
502 silly audit   ms: [ '2.1.3' ],
502 silly audit   nanoid: [ '3.3.8' ],
502 silly audit   'natural-compare': [ '1.4.0' ],
502 silly audit   'node-releases': [ '2.0.19' ],
502 silly audit   'object-assign': [ '4.1.1' ],
502 silly audit   'object-inspect': [ '1.13.3' ],
502 silly audit   'object-keys': [ '1.1.1' ],
502 silly audit   'object.assign': [ '4.1.7' ],
502 silly audit   'object.entries': [ '1.1.8' ],
502 silly audit   'object.fromentries': [ '2.0.8' ],
502 silly audit   'object.values': [ '1.2.1' ],
502 silly audit   optionator: [ '0.9.4' ],
502 silly audit   'p-limit': [ '3.1.0' ],
502 silly audit   'p-locate': [ '5.0.0' ],
502 silly audit   'parent-module': [ '1.0.1' ],
502 silly audit   'path-exists': [ '4.0.0' ],
502 silly audit   'path-key': [ '3.1.1' ],
502 silly audit   'path-parse': [ '1.0.7' ],
502 silly audit   picocolors: [ '1.1.1' ],
502 silly audit   'possible-typed-array-names': [ '1.0.0' ],
502 silly audit   'prelude-ls': [ '1.2.1' ],
502 silly audit   'prop-types': [ '15.8.1' ],
502 silly audit   punycode: [ '2.3.1' ],
502 silly audit   react: [ '18.3.1' ],
502 silly audit   'react-dom': [ '18.3.1' ],
502 silly audit   'react-is': [ '16.13.1' ],
502 silly audit   'react-refresh': [ '0.14.2' ],
502 silly audit   'reflect.getprototypeof': [ '1.0.9' ],
502 silly audit   'regexp.prototype.flags': [ '1.5.3' ],
502 silly audit   resolve: [ '2.0.0-next.5', '1.22.10' ],
502 silly audit   'resolve-from': [ '4.0.0' ],
502 silly audit   rollup: [ '4.29.1' ],
502 silly audit   'safe-array-concat': [ '1.1.3' ],
502 silly audit   'safe-regex-test': [ '1.1.0' ],
502 silly audit   scheduler: [ '0.23.2' ],
502 silly audit   semver: [ '6.3.1' ],
502 silly audit   'set-function-length': [ '1.2.2' ],
502 silly audit   'set-function-name': [ '2.0.2' ],
502 silly audit   'shebang-command': [ '2.0.0' ],
502 silly audit   'shebang-regex': [ '3.0.0' ],
502 silly audit   'side-channel': [ '1.1.0' ],
502 silly audit   'side-channel-list': [ '1.0.0' ],
502 silly audit   'side-channel-map': [ '1.0.1' ],
502 silly audit   'side-channel-weakmap': [ '1.0.2' ],
502 silly audit   'source-map-js': [ '1.2.1' ],
502 silly audit   'string.prototype.matchall': [ '4.0.12' ],
502 silly audit   'string.prototype.repeat': [ '1.0.0' ],
502 silly audit   'string.prototype.trim': [ '1.2.10' ],
502 silly audit   'string.prototype.trimend': [ '1.0.9' ],
502 silly audit   'string.prototype.trimstart': [ '1.0.8' ],
502 silly audit   'strip-json-comments': [ '3.1.1' ],
502 silly audit   'supports-color': [ '7.2.0' ],
502 silly audit   'supports-preserve-symlinks-flag': [ '1.0.0' ],
502 silly audit   'type-check': [ '0.4.0' ],
502 silly audit   'typed-array-buffer': [ '1.0.3' ],
502 silly audit   'typed-array-byte-length': [ '1.0.3' ],
502 silly audit   'typed-array-byte-offset': [ '1.0.4' ],
502 silly audit   'typed-array-length': [ '1.0.7' ],
502 silly audit   'unbox-primitive': [ '1.1.0' ],
502 silly audit   'update-browserslist-db': [ '1.1.1' ],
502 silly audit   'uri-js': [ '4.4.1' ],
502 silly audit   vite: [ '6.0.6' ],
502 silly audit   which: [ '2.0.2' ],
502 silly audit   'which-boxed-primitive': [ '1.1.1' ],
502 silly audit   'which-builtin-type': [ '1.2.1' ],
502 silly audit   'which-collection': [ '1.0.2' ],
502 silly audit   'which-typed-array': [ '1.1.18' ],
502 silly audit   'word-wrap': [ '1.2.5' ],
502 silly audit   yallist: [ '3.1.1' ],
502 silly audit   'yocto-queue': [ '0.1.0' ],
502 silly audit   autoprefixer: [ '10.4.20' ],
502 silly audit   postcss: [ '8.4.49' ],
502 silly audit   tailwindcss: [ '3.4.17' ],
502 silly audit   'fraction.js': [ '4.3.7' ],
502 silly audit   'normalize-range': [ '0.1.2' ],
502 silly audit   'postcss-value-parser': [ '4.2.0' ],
502 silly audit   '@alloc/quick-lru': [ '5.2.0' ],
502 silly audit   arg: [ '5.0.2' ],
502 silly audit   chokidar: [ '3.6.0' ],
502 silly audit   didyoumean: [ '1.2.2' ],
502 silly audit   dlv: [ '1.1.3' ],
502 silly audit   'fast-glob': [ '3.3.2' ],
502 silly audit   jiti: [ '1.21.7' ],
502 silly audit   lilconfig: [ '3.1.3' ],
502 silly audit   micromatch: [ '4.0.8' ],
502 silly audit   'normalize-path': [ '3.0.0' ],
502 silly audit   'object-hash': [ '3.0.0' ],
502 silly audit   'postcss-import': [ '15.1.0' ],
502 silly audit   'postcss-js': [ '4.0.1' ],
502 silly audit   'postcss-load-config': [ '4.0.2' ],
502 silly audit   'postcss-nested': [ '6.2.0' ],
502 silly audit   'postcss-selector-parser': [ '6.1.2' ],
502 silly audit   sucrase: [ '3.35.0' ],
502 silly audit   anymatch: [ '3.1.3' ],
502 silly audit   braces: [ '3.0.3' ],
502 silly audit   'is-binary-path': [ '2.1.0' ],
502 silly audit   readdirp: [ '3.6.0' ],
502 silly audit   picomatch: [ '2.3.1' ],
502 silly audit   'fill-range': [ '7.1.1' ],
502 silly audit   '@nodelib/fs.stat': [ '2.0.5' ],
502 silly audit   '@nodelib/fs.walk': [ '1.2.8' ],
502 silly audit   merge2: [ '1.4.1' ],
502 silly audit   '@nodelib/fs.scandir': [ '2.1.5' ],
502 silly audit   fastq: [ '1.18.0' ],
502 silly audit   'run-parallel': [ '1.2.0' ],
502 silly audit   reusify: [ '1.0.4' ],
502 silly audit   'to-regex-range': [ '5.0.1' ],
502 silly audit   'binary-extensions': [ '2.3.0' ],
502 silly audit   'read-cache': [ '1.0.0' ],
502 silly audit   'camelcase-css': [ '2.0.1' ],
502 silly audit   yaml: [ '2.6.1' ],
502 silly audit   cssesc: [ '3.0.0' ],
502 silly audit   'util-deprecate': [ '1.0.2' ],
502 silly audit   pify: [ '2.3.0' ],
502 silly audit   'queue-microtask': [ '1.2.3' ],
502 silly audit   commander: [ '4.1.1' ],
502 silly audit   glob: [ '10.4.5' ],
502 silly audit   'lines-and-columns': [ '1.2.4' ],
502 silly audit   mz: [ '2.7.0' ],
502 silly audit   pirates: [ '4.0.6' ],
502 silly audit   'ts-interface-checker': [ '0.1.13' ],
502 silly audit   'foreground-child': [ '3.3.0' ],
502 silly audit   jackspeak: [ '3.4.3' ],
502 silly audit   minipass: [ '7.1.2' ],
502 silly audit   'package-json-from-dist': [ '1.0.1' ],
502 silly audit   'path-scurry': [ '1.11.1' ],
502 silly audit   'signal-exit': [ '4.1.0' ],
502 silly audit   '@isaacs/cliui': [ '8.0.2' ],
502 silly audit   '@pkgjs/parseargs': [ '0.11.0' ],
502 silly audit   'string-width': [ '5.1.2', '4.2.3' ],
502 silly audit   'strip-ansi': [ '7.1.0', '6.0.1' ],
502 silly audit   'wrap-ansi': [ '8.1.0', '7.0.0' ],
502 silly audit   'any-promise': [ '1.3.0' ],
502 silly audit   'thenify-all': [ '1.6.0' ],
502 silly audit   eastasianwidth: [ '0.2.0' ],
502 silly audit   'emoji-regex': [ '9.2.2', '8.0.0' ],
502 silly audit   'is-fullwidth-code-point': [ '3.0.0' ],
502 silly audit   'ansi-regex': [ '6.1.0', '5.0.1' ],
502 silly audit   thenify: [ '3.3.1' ],
502 silly audit   'is-number': [ '7.0.0' ]
502 silly audit }
503 verbose reify failed optional dependency C:\Users\Krishna jadhav\Desktop\web\reactLearnings\09themeSwitcher\node_modules\fsevents
504 silly reify mark deleted [
504 silly reify   'C:\\Users\\Krishna jadhav\\Desktop\\web\\reactLearnings\\09themeSwitcher\\node_modules\\fsevents'
504 silly reify ]
505 verbose reify failed optional dependency C:\Users\Krishna jadhav\Desktop\web\reactLearnings\09themeSwitcher\node_modules\@rollup\rollup-win32-ia32-msvc
506 silly reify mark deleted [
506 silly reify   'C:\\Users\\Krishna jadhav\\Desktop\\web\\reactLearnings\\09themeSwitcher\\node_modules\\@rollup\\rollup-win32-ia32-msvc'
506 silly reify ]
507 verbose reify failed optional dependency C:\Users\Krishna jadhav\Desktop\web\reactLearnings\09themeSwitcher\node_modules\@rollup\rollup-win32-arm64-msvc
508 silly reify mark deleted [
508 silly reify   'C:\\Users\\Krishna jadhav\\Desktop\\web\\reactLearnings\\09themeSwitcher\\node_modules\\@rollup\\rollup-win32-arm64-msvc'
508 silly reify ]
509 verbose reify failed optional dependency C:\Users\Krishna jadhav\Desktop\web\reactLearnings\09themeSwitcher\node_modules\@rollup\rollup-linux-x64-musl
510 silly reify mark deleted [
510 silly reify   'C:\\Users\\Krishna jadhav\\Desktop\\web\\reactLearnings\\09themeSwitcher\\node_modules\\@rollup\\rollup-linux-x64-musl'
510 silly reify ]
511 verbose reify failed optional dependency C:\Users\Krishna jadhav\Desktop\web\reactLearnings\09themeSwitcher\node_modules\@rollup\rollup-linux-x64-gnu
512 silly reify mark deleted [
512 silly reify   'C:\\Users\\Krishna jadhav\\Desktop\\web\\reactLearnings\\09themeSwitcher\\node_modules\\@rollup\\rollup-linux-x64-gnu'
512 silly reify ]
513 verbose reify failed optional dependency C:\Users\Krishna jadhav\Desktop\web\reactLearnings\09themeSwitcher\node_modules\@rollup\rollup-linux-s390x-gnu
514 silly reify mark deleted [
514 silly reify   'C:\\Users\\Krishna jadhav\\Desktop\\web\\reactLearnings\\09themeSwitcher\\node_modules\\@rollup\\rollup-linux-s390x-gnu'
514 silly reify ]
515 verbose reify failed optional dependency C:\Users\Krishna jadhav\Desktop\web\reactLearnings\09themeSwitcher\node_modules\@rollup\rollup-linux-riscv64-gnu
516 silly reify mark deleted [
516 silly reify   'C:\\Users\\Krishna jadhav\\Desktop\\web\\reactLearnings\\09themeSwitcher\\node_modules\\@rollup\\rollup-linux-riscv64-gnu'
516 silly reify ]
517 verbose reify failed optional dependency C:\Users\Krishna jadhav\Desktop\web\reactLearnings\09themeSwitcher\node_modules\@rollup\rollup-linux-powerpc64le-gnu
518 silly reify mark deleted [
518 silly reify   'C:\\Users\\Krishna jadhav\\Desktop\\web\\reactLearnings\\09themeSwitcher\\node_modules\\@rollup\\rollup-linux-powerpc64le-gnu'
518 silly reify ]
519 verbose reify failed optional dependency C:\Users\Krishna jadhav\Desktop\web\reactLearnings\09themeSwitcher\node_modules\@rollup\rollup-linux-loongarch64-gnu
520 silly reify mark deleted [
520 silly reify   'C:\\Users\\Krishna jadhav\\Desktop\\web\\reactLearnings\\09themeSwitcher\\node_modules\\@rollup\\rollup-linux-loongarch64-gnu'
520 silly reify ]
521 verbose reify failed optional dependency C:\Users\Krishna jadhav\Desktop\web\reactLearnings\09themeSwitcher\node_modules\@rollup\rollup-linux-arm64-musl
522 silly reify mark deleted [
522 silly reify   'C:\\Users\\Krishna jadhav\\Desktop\\web\\reactLearnings\\09themeSwitcher\\node_modules\\@rollup\\rollup-linux-arm64-musl'
522 silly reify ]
523 verbose reify failed optional dependency C:\Users\Krishna jadhav\Desktop\web\reactLearnings\09themeSwitcher\node_modules\@rollup\rollup-linux-arm64-gnu
524 silly reify mark deleted [
524 silly reify   'C:\\Users\\Krishna jadhav\\Desktop\\web\\reactLearnings\\09themeSwitcher\\node_modules\\@rollup\\rollup-linux-arm64-gnu'
524 silly reify ]
525 verbose reify failed optional dependency C:\Users\Krishna jadhav\Desktop\web\reactLearnings\09themeSwitcher\node_modules\@rollup\rollup-linux-arm-musleabihf
526 silly reify mark deleted [
526 silly reify   'C:\\Users\\Krishna jadhav\\Desktop\\web\\reactLearnings\\09themeSwitcher\\node_modules\\@rollup\\rollup-linux-arm-musleabihf'
526 silly reify ]
527 verbose reify failed optional dependency C:\Users\Krishna jadhav\Desktop\web\reactLearnings\09themeSwitcher\node_modules\@rollup\rollup-linux-arm-gnueabihf
528 silly reify mark deleted [
528 silly reify   'C:\\Users\\Krishna jadhav\\Desktop\\web\\reactLearnings\\09themeSwitcher\\node_modules\\@rollup\\rollup-linux-arm-gnueabihf'
528 silly reify ]
529 verbose reify failed optional dependency C:\Users\Krishna jadhav\Desktop\web\reactLearnings\09themeSwitcher\node_modules\@rollup\rollup-freebsd-x64
530 silly reify mark deleted [
530 silly reify   'C:\\Users\\Krishna jadhav\\Desktop\\web\\reactLearnings\\09themeSwitcher\\node_modules\\@rollup\\rollup-freebsd-x64'
530 silly reify ]
531 verbose reify failed optional dependency C:\Users\Krishna jadhav\Desktop\web\reactLearnings\09themeSwitcher\node_modules\@rollup\rollup-freebsd-arm64
532 silly reify mark deleted [
532 silly reify   'C:\\Users\\Krishna jadhav\\Desktop\\web\\reactLearnings\\09themeSwitcher\\node_modules\\@rollup\\rollup-freebsd-arm64'
532 silly reify ]
533 verbose reify failed optional dependency C:\Users\Krishna jadhav\Desktop\web\reactLearnings\09themeSwitcher\node_modules\@rollup\rollup-darwin-x64
534 silly reify mark deleted [
534 silly reify   'C:\\Users\\Krishna jadhav\\Desktop\\web\\reactLearnings\\09themeSwitcher\\node_modules\\@rollup\\rollup-darwin-x64'
534 silly reify ]
535 verbose reify failed optional dependency C:\Users\Krishna jadhav\Desktop\web\reactLearnings\09themeSwitcher\node_modules\@rollup\rollup-darwin-arm64
536 silly reify mark deleted [
536 silly reify   'C:\\Users\\Krishna jadhav\\Desktop\\web\\reactLearnings\\09themeSwitcher\\node_modules\\@rollup\\rollup-darwin-arm64'
536 silly reify ]
537 verbose reify failed optional dependency C:\Users\Krishna jadhav\Desktop\web\reactLearnings\09themeSwitcher\node_modules\@rollup\rollup-android-arm64
538 silly reify mark deleted [
538 silly reify   'C:\\Users\\Krishna jadhav\\Desktop\\web\\reactLearnings\\09themeSwitcher\\node_modules\\@rollup\\rollup-android-arm64'
538 silly reify ]
539 verbose reify failed optional dependency C:\Users\Krishna jadhav\Desktop\web\reactLearnings\09themeSwitcher\node_modules\@rollup\rollup-android-arm-eabi
540 silly reify mark deleted [
540 silly reify   'C:\\Users\\Krishna jadhav\\Desktop\\web\\reactLearnings\\09themeSwitcher\\node_modules\\@rollup\\rollup-android-arm-eabi'
540 silly reify ]
541 verbose reify failed optional dependency C:\Users\Krishna jadhav\Desktop\web\reactLearnings\09themeSwitcher\node_modules\@esbuild\win32-ia32
542 silly reify mark deleted [
542 silly reify   'C:\\Users\\Krishna jadhav\\Desktop\\web\\reactLearnings\\09themeSwitcher\\node_modules\\@esbuild\\win32-ia32'
542 silly reify ]
543 verbose reify failed optional dependency C:\Users\Krishna jadhav\Desktop\web\reactLearnings\09themeSwitcher\node_modules\@esbuild\win32-arm64
544 silly reify mark deleted [
544 silly reify   'C:\\Users\\Krishna jadhav\\Desktop\\web\\reactLearnings\\09themeSwitcher\\node_modules\\@esbuild\\win32-arm64'
544 silly reify ]
545 verbose reify failed optional dependency C:\Users\Krishna jadhav\Desktop\web\reactLearnings\09themeSwitcher\node_modules\@esbuild\sunos-x64
546 silly reify mark deleted [
546 silly reify   'C:\\Users\\Krishna jadhav\\Desktop\\web\\reactLearnings\\09themeSwitcher\\node_modules\\@esbuild\\sunos-x64'
546 silly reify ]
547 verbose reify failed optional dependency C:\Users\Krishna jadhav\Desktop\web\reactLearnings\09themeSwitcher\node_modules\@esbuild\openbsd-x64
548 silly reify mark deleted [
548 silly reify   'C:\\Users\\Krishna jadhav\\Desktop\\web\\reactLearnings\\09themeSwitcher\\node_modules\\@esbuild\\openbsd-x64'
548 silly reify ]
549 verbose reify failed optional dependency C:\Users\Krishna jadhav\Desktop\web\reactLearnings\09themeSwitcher\node_modules\@esbuild\openbsd-arm64
550 silly reify mark deleted [
550 silly reify   'C:\\Users\\Krishna jadhav\\Desktop\\web\\reactLearnings\\09themeSwitcher\\node_modules\\@esbuild\\openbsd-arm64'
550 silly reify ]
551 verbose reify failed optional dependency C:\Users\Krishna jadhav\Desktop\web\reactLearnings\09themeSwitcher\node_modules\@esbuild\netbsd-x64
552 silly reify mark deleted [
552 silly reify   'C:\\Users\\Krishna jadhav\\Desktop\\web\\reactLearnings\\09themeSwitcher\\node_modules\\@esbuild\\netbsd-x64'
552 silly reify ]
553 verbose reify failed optional dependency C:\Users\Krishna jadhav\Desktop\web\reactLearnings\09themeSwitcher\node_modules\@esbuild\netbsd-arm64
554 silly reify mark deleted [
554 silly reify   'C:\\Users\\Krishna jadhav\\Desktop\\web\\reactLearnings\\09themeSwitcher\\node_modules\\@esbuild\\netbsd-arm64'
554 silly reify ]
555 verbose reify failed optional dependency C:\Users\Krishna jadhav\Desktop\web\reactLearnings\09themeSwitcher\node_modules\@esbuild\linux-x64
556 silly reify mark deleted [
556 silly reify   'C:\\Users\\Krishna jadhav\\Desktop\\web\\reactLearnings\\09themeSwitcher\\node_modules\\@esbuild\\linux-x64'
556 silly reify ]
557 verbose reify failed optional dependency C:\Users\Krishna jadhav\Desktop\web\reactLearnings\09themeSwitcher\node_modules\@esbuild\linux-s390x
558 silly reify mark deleted [
558 silly reify   'C:\\Users\\Krishna jadhav\\Desktop\\web\\reactLearnings\\09themeSwitcher\\node_modules\\@esbuild\\linux-s390x'
558 silly reify ]
559 verbose reify failed optional dependency C:\Users\Krishna jadhav\Desktop\web\reactLearnings\09themeSwitcher\node_modules\@esbuild\linux-riscv64
560 silly reify mark deleted [
560 silly reify   'C:\\Users\\Krishna jadhav\\Desktop\\web\\reactLearnings\\09themeSwitcher\\node_modules\\@esbuild\\linux-riscv64'
560 silly reify ]
561 verbose reify failed optional dependency C:\Users\Krishna jadhav\Desktop\web\reactLearnings\09themeSwitcher\node_modules\@esbuild\linux-ppc64
562 silly reify mark deleted [
562 silly reify   'C:\\Users\\Krishna jadhav\\Desktop\\web\\reactLearnings\\09themeSwitcher\\node_modules\\@esbuild\\linux-ppc64'
562 silly reify ]
563 verbose reify failed optional dependency C:\Users\Krishna jadhav\Desktop\web\reactLearnings\09themeSwitcher\node_modules\@esbuild\linux-mips64el
564 silly reify mark deleted [
564 silly reify   'C:\\Users\\Krishna jadhav\\Desktop\\web\\reactLearnings\\09themeSwitcher\\node_modules\\@esbuild\\linux-mips64el'
564 silly reify ]
565 verbose reify failed optional dependency C:\Users\Krishna jadhav\Desktop\web\reactLearnings\09themeSwitcher\node_modules\@esbuild\linux-loong64
566 silly reify mark deleted [
566 silly reify   'C:\\Users\\Krishna jadhav\\Desktop\\web\\reactLearnings\\09themeSwitcher\\node_modules\\@esbuild\\linux-loong64'
566 silly reify ]
567 verbose reify failed optional dependency C:\Users\Krishna jadhav\Desktop\web\reactLearnings\09themeSwitcher\node_modules\@esbuild\linux-ia32
568 silly reify mark deleted [
568 silly reify   'C:\\Users\\Krishna jadhav\\Desktop\\web\\reactLearnings\\09themeSwitcher\\node_modules\\@esbuild\\linux-ia32'
568 silly reify ]
569 verbose reify failed optional dependency C:\Users\Krishna jadhav\Desktop\web\reactLearnings\09themeSwitcher\node_modules\@esbuild\linux-arm64
570 silly reify mark deleted [
570 silly reify   'C:\\Users\\Krishna jadhav\\Desktop\\web\\reactLearnings\\09themeSwitcher\\node_modules\\@esbuild\\linux-arm64'
570 silly reify ]
571 verbose reify failed optional dependency C:\Users\Krishna jadhav\Desktop\web\reactLearnings\09themeSwitcher\node_modules\@esbuild\linux-arm
572 silly reify mark deleted [
572 silly reify   'C:\\Users\\Krishna jadhav\\Desktop\\web\\reactLearnings\\09themeSwitcher\\node_modules\\@esbuild\\linux-arm'
572 silly reify ]
573 verbose reify failed optional dependency C:\Users\Krishna jadhav\Desktop\web\reactLearnings\09themeSwitcher\node_modules\@esbuild\freebsd-x64
574 silly reify mark deleted [
574 silly reify   'C:\\Users\\Krishna jadhav\\Desktop\\web\\reactLearnings\\09themeSwitcher\\node_modules\\@esbuild\\freebsd-x64'
574 silly reify ]
575 verbose reify failed optional dependency C:\Users\Krishna jadhav\Desktop\web\reactLearnings\09themeSwitcher\node_modules\@esbuild\freebsd-arm64
576 silly reify mark deleted [
576 silly reify   'C:\\Users\\Krishna jadhav\\Desktop\\web\\reactLearnings\\09themeSwitcher\\node_modules\\@esbuild\\freebsd-arm64'
576 silly reify ]
577 verbose reify failed optional dependency C:\Users\Krishna jadhav\Desktop\web\reactLearnings\09themeSwitcher\node_modules\@esbuild\darwin-x64
578 silly reify mark deleted [
578 silly reify   'C:\\Users\\Krishna jadhav\\Desktop\\web\\reactLearnings\\09themeSwitcher\\node_modules\\@esbuild\\darwin-x64'
578 silly reify ]
579 verbose reify failed optional dependency C:\Users\Krishna jadhav\Desktop\web\reactLearnings\09themeSwitcher\node_modules\@esbuild\darwin-arm64
580 silly reify mark deleted [
580 silly reify   'C:\\Users\\Krishna jadhav\\Desktop\\web\\reactLearnings\\09themeSwitcher\\node_modules\\@esbuild\\darwin-arm64'
580 silly reify ]
581 verbose reify failed optional dependency C:\Users\Krishna jadhav\Desktop\web\reactLearnings\09themeSwitcher\node_modules\@esbuild\android-x64
582 silly reify mark deleted [
582 silly reify   'C:\\Users\\Krishna jadhav\\Desktop\\web\\reactLearnings\\09themeSwitcher\\node_modules\\@esbuild\\android-x64'
582 silly reify ]
583 verbose reify failed optional dependency C:\Users\Krishna jadhav\Desktop\web\reactLearnings\09themeSwitcher\node_modules\@esbuild\android-arm64
584 silly reify mark deleted [
584 silly reify   'C:\\Users\\Krishna jadhav\\Desktop\\web\\reactLearnings\\09themeSwitcher\\node_modules\\@esbuild\\android-arm64'
584 silly reify ]
585 verbose reify failed optional dependency C:\Users\Krishna jadhav\Desktop\web\reactLearnings\09themeSwitcher\node_modules\@esbuild\android-arm
586 silly reify mark deleted [
586 silly reify   'C:\\Users\\Krishna jadhav\\Desktop\\web\\reactLearnings\\09themeSwitcher\\node_modules\\@esbuild\\android-arm'
586 silly reify ]
587 verbose reify failed optional dependency C:\Users\Krishna jadhav\Desktop\web\reactLearnings\09themeSwitcher\node_modules\@esbuild\aix-ppc64
588 silly reify mark deleted [
588 silly reify   'C:\\Users\\Krishna jadhav\\Desktop\\web\\reactLearnings\\09themeSwitcher\\node_modules\\@esbuild\\aix-ppc64'
588 silly reify ]
589 silly tarball no local data for is-number@https://registry.npmjs.org/is-number/-/is-number-7.0.0.tgz. Extracting by manifest.
590 silly tarball no local data for emoji-regex@https://registry.npmjs.org/emoji-regex/-/emoji-regex-9.2.2.tgz. Extracting by manifest.
591 silly tarball no local data for thenify@https://registry.npmjs.org/thenify/-/thenify-3.3.1.tgz. Extracting by manifest.
592 silly tarball no local data for ansi-regex@https://registry.npmjs.org/ansi-regex/-/ansi-regex-6.1.0.tgz. Extracting by manifest.
593 silly tarball no local data for is-fullwidth-code-point@https://registry.npmjs.org/is-fullwidth-code-point/-/is-fullwidth-code-point-3.0.0.tgz. Extracting by manifest.
594 silly tarball no local data for thenify-all@https://registry.npmjs.org/thenify-all/-/thenify-all-1.6.0.tgz. Extracting by manifest.
595 silly tarball no local data for eastasianwidth@https://registry.npmjs.org/eastasianwidth/-/eastasianwidth-0.2.0.tgz. Extracting by manifest.
596 silly tarball no local data for any-promise@https://registry.npmjs.org/any-promise/-/any-promise-1.3.0.tgz. Extracting by manifest.
597 silly tarball no local data for wrap-ansi-cjs@https://registry.npmjs.org/wrap-ansi/-/wrap-ansi-7.0.0.tgz. Extracting by manifest.
598 silly tarball no local data for strip-ansi-cjs@https://registry.npmjs.org/strip-ansi/-/strip-ansi-6.0.1.tgz. Extracting by manifest.
599 silly tarball no local data for wrap-ansi@https://registry.npmjs.org/wrap-ansi/-/wrap-ansi-8.1.0.tgz. Extracting by manifest.
600 silly tarball no local data for strip-ansi@https://registry.npmjs.org/strip-ansi/-/strip-ansi-7.1.0.tgz. Extracting by manifest.
601 silly tarball no local data for @pkgjs/parseargs@https://registry.npmjs.org/@pkgjs/parseargs/-/parseargs-0.11.0.tgz. Extracting by manifest.
602 silly tarball no local data for @isaacs/cliui@https://registry.npmjs.org/@isaacs/cliui/-/cliui-8.0.2.tgz. Extracting by manifest.
603 silly tarball no local data for string-width@https://registry.npmjs.org/string-width/-/string-width-5.1.2.tgz. Extracting by manifest.
604 silly tarball no local data for path-scurry@https://registry.npmjs.org/path-scurry/-/path-scurry-1.11.1.tgz. Extracting by manifest.
605 silly tarball no local data for string-width-cjs@https://registry.npmjs.org/string-width/-/string-width-4.2.3.tgz. Extracting by manifest.
606 silly tarball no local data for package-json-from-dist@https://registry.npmjs.org/package-json-from-dist/-/package-json-from-dist-1.0.1.tgz. Extracting by manifest.
607 silly tarball no local data for signal-exit@https://registry.npmjs.org/signal-exit/-/signal-exit-4.1.0.tgz. Extracting by manifest.
608 silly tarball no local data for minipass@https://registry.npmjs.org/minipass/-/minipass-7.1.2.tgz. Extracting by manifest.
609 silly tarball no local data for pirates@https://registry.npmjs.org/pirates/-/pirates-4.0.6.tgz. Extracting by manifest.
610 silly tarball no local data for foreground-child@https://registry.npmjs.org/foreground-child/-/foreground-child-3.3.0.tgz. Extracting by manifest.
611 silly tarball no local data for jackspeak@https://registry.npmjs.org/jackspeak/-/jackspeak-3.4.3.tgz. Extracting by manifest.
612 silly tarball no local data for ts-interface-checker@https://registry.npmjs.org/ts-interface-checker/-/ts-interface-checker-0.1.13.tgz. Extracting by manifest.
613 silly tarball no local data for mz@https://registry.npmjs.org/mz/-/mz-2.7.0.tgz. Extracting by manifest.
614 silly tarball no local data for lines-and-columns@https://registry.npmjs.org/lines-and-columns/-/lines-and-columns-1.2.4.tgz. Extracting by manifest.
615 silly tarball no local data for glob@https://registry.npmjs.org/glob/-/glob-10.4.5.tgz. Extracting by manifest.
616 silly tarball no local data for queue-microtask@https://registry.npmjs.org/queue-microtask/-/queue-microtask-1.2.3.tgz. Extracting by manifest.
617 silly tarball no local data for commander@https://registry.npmjs.org/commander/-/commander-4.1.1.tgz. Extracting by manifest.
618 silly tarball no local data for pify@https://registry.npmjs.org/pify/-/pify-2.3.0.tgz. Extracting by manifest.
619 silly tarball no local data for util-deprecate@https://registry.npmjs.org/util-deprecate/-/util-deprecate-1.0.2.tgz. Extracting by manifest.
620 silly tarball no local data for cssesc@https://registry.npmjs.org/cssesc/-/cssesc-3.0.0.tgz. Extracting by manifest.
621 silly tarball no local data for yaml@https://registry.npmjs.org/yaml/-/yaml-2.6.1.tgz. Extracting by manifest.
622 silly tarball no local data for read-cache@https://registry.npmjs.org/read-cache/-/read-cache-1.0.0.tgz. Extracting by manifest.
623 silly tarball no local data for camelcase-css@https://registry.npmjs.org/camelcase-css/-/camelcase-css-2.0.1.tgz. Extracting by manifest.
624 silly tarball no local data for to-regex-range@https://registry.npmjs.org/to-regex-range/-/to-regex-range-5.0.1.tgz. Extracting by manifest.
625 silly tarball no local data for binary-extensions@https://registry.npmjs.org/binary-extensions/-/binary-extensions-2.3.0.tgz. Extracting by manifest.
626 silly tarball no local data for reusify@https://registry.npmjs.org/reusify/-/reusify-1.0.4.tgz. Extracting by manifest.
627 silly tarball no local data for run-parallel@https://registry.npmjs.org/run-parallel/-/run-parallel-1.2.0.tgz. Extracting by manifest.
628 silly tarball no local data for fastq@https://registry.npmjs.org/fastq/-/fastq-1.18.0.tgz. Extracting by manifest.
629 silly tarball no local data for @nodelib/fs.scandir@https://registry.npmjs.org/@nodelib/fs.scandir/-/fs.scandir-2.1.5.tgz. Extracting by manifest.
630 silly tarball no local data for merge2@https://registry.npmjs.org/merge2/-/merge2-1.4.1.tgz. Extracting by manifest.
631 silly tarball no local data for @nodelib/fs.stat@https://registry.npmjs.org/@nodelib/fs.stat/-/fs.stat-2.0.5.tgz. Extracting by manifest.
632 silly tarball no local data for fill-range@https://registry.npmjs.org/fill-range/-/fill-range-7.1.1.tgz. Extracting by manifest.
633 silly tarball no local data for picomatch@https://registry.npmjs.org/picomatch/-/picomatch-2.3.1.tgz. Extracting by manifest.
634 silly tarball no local data for readdirp@https://registry.npmjs.org/readdirp/-/readdirp-3.6.0.tgz. Extracting by manifest.
635 silly tarball no local data for is-binary-path@https://registry.npmjs.org/is-binary-path/-/is-binary-path-2.1.0.tgz. Extracting by manifest.
636 silly tarball no local data for braces@https://registry.npmjs.org/braces/-/braces-3.0.3.tgz. Extracting by manifest.
637 silly tarball no local data for anymatch@https://registry.npmjs.org/anymatch/-/anymatch-3.1.3.tgz. Extracting by manifest.
638 silly tarball no local data for postcss-selector-parser@https://registry.npmjs.org/postcss-selector-parser/-/postcss-selector-parser-6.1.2.tgz. Extracting by manifest.
639 silly tarball no local data for @nodelib/fs.walk@https://registry.npmjs.org/@nodelib/fs.walk/-/fs.walk-1.2.8.tgz. Extracting by manifest.
640 silly tarball no local data for postcss-nested@https://registry.npmjs.org/postcss-nested/-/postcss-nested-6.2.0.tgz. Extracting by manifest.
641 silly tarball no local data for sucrase@https://registry.npmjs.org/sucrase/-/sucrase-3.35.0.tgz. Extracting by manifest.
642 silly tarball no local data for postcss-import@https://registry.npmjs.org/postcss-import/-/postcss-import-15.1.0.tgz. Extracting by manifest.
643 silly tarball no local data for postcss-load-config@https://registry.npmjs.org/postcss-load-config/-/postcss-load-config-4.0.2.tgz. Extracting by manifest.
644 silly tarball no local data for postcss-js@https://registry.npmjs.org/postcss-js/-/postcss-js-4.0.1.tgz. Extracting by manifest.
645 silly tarball no local data for normalize-path@https://registry.npmjs.org/normalize-path/-/normalize-path-3.0.0.tgz. Extracting by manifest.
646 silly tarball no local data for micromatch@https://registry.npmjs.org/micromatch/-/micromatch-4.0.8.tgz. Extracting by manifest.
647 silly tarball no local data for object-hash@https://registry.npmjs.org/object-hash/-/object-hash-3.0.0.tgz. Extracting by manifest.
648 silly tarball no local data for jiti@https://registry.npmjs.org/jiti/-/jiti-1.21.7.tgz. Extracting by manifest.
649 silly tarball no local data for fast-glob@https://registry.npmjs.org/fast-glob/-/fast-glob-3.3.2.tgz. Extracting by manifest.
650 silly tarball no local data for didyoumean@https://registry.npmjs.org/didyoumean/-/didyoumean-1.2.2.tgz. Extracting by manifest.
651 silly tarball no local data for lilconfig@https://registry.npmjs.org/lilconfig/-/lilconfig-3.1.3.tgz. Extracting by manifest.
652 silly tarball no local data for dlv@https://registry.npmjs.org/dlv/-/dlv-1.1.3.tgz. Extracting by manifest.
653 silly tarball no local data for arg@https://registry.npmjs.org/arg/-/arg-5.0.2.tgz. Extracting by manifest.
654 silly tarball no local data for chokidar@https://registry.npmjs.org/chokidar/-/chokidar-3.6.0.tgz. Extracting by manifest.
655 silly tarball no local data for postcss-value-parser@https://registry.npmjs.org/postcss-value-parser/-/postcss-value-parser-4.2.0.tgz. Extracting by manifest.
656 silly tarball no local data for normalize-range@https://registry.npmjs.org/normalize-range/-/normalize-range-0.1.2.tgz. Extracting by manifest.
657 silly tarball no local data for fraction.js@https://registry.npmjs.org/fraction.js/-/fraction.js-4.3.7.tgz. Extracting by manifest.
658 silly tarball no local data for autoprefixer@https://registry.npmjs.org/autoprefixer/-/autoprefixer-10.4.20.tgz. Extracting by manifest.
659 silly tarball no local data for tailwindcss@https://registry.npmjs.org/tailwindcss/-/tailwindcss-3.4.17.tgz. Extracting by manifest.
660 silly tarball no local data for @alloc/quick-lru@https://registry.npmjs.org/@alloc/quick-lru/-/quick-lru-5.2.0.tgz. Extracting by manifest.
661 silly tarball no local data for emoji-regex@https://registry.npmjs.org/emoji-regex/-/emoji-regex-8.0.0.tgz. Extracting by manifest.
662 silly tarball no local data for strip-ansi@https://registry.npmjs.org/strip-ansi/-/strip-ansi-6.0.1.tgz. Extracting by manifest.
663 silly tarball no local data for ansi-regex@https://registry.npmjs.org/ansi-regex/-/ansi-regex-5.0.1.tgz. Extracting by manifest.
664 silly tarball no local data for ansi-styles@https://registry.npmjs.org/ansi-styles/-/ansi-styles-6.2.1.tgz. Extracting by manifest.
665 silly tarball no local data for string-width@https://registry.npmjs.org/string-width/-/string-width-4.2.3.tgz. Extracting by manifest.
666 silly tarball no local data for strip-ansi@https://registry.npmjs.org/strip-ansi/-/strip-ansi-6.0.1.tgz. Extracting by manifest.
667 silly tarball no local data for lru-cache@https://registry.npmjs.org/lru-cache/-/lru-cache-10.4.3.tgz. Extracting by manifest.
668 silly tarball no local data for ansi-regex@https://registry.npmjs.org/ansi-regex/-/ansi-regex-5.0.1.tgz. Extracting by manifest.
669 silly tarball no local data for brace-expansion@https://registry.npmjs.org/brace-expansion/-/brace-expansion-2.0.1.tgz. Extracting by manifest.
670 silly tarball no local data for ansi-regex@https://registry.npmjs.org/ansi-regex/-/ansi-regex-5.0.1.tgz. Extracting by manifest.
671 silly tarball no local data for glob-parent@https://registry.npmjs.org/glob-parent/-/glob-parent-5.1.2.tgz. Extracting by manifest.
672 silly tarball no local data for minimatch@https://registry.npmjs.org/minimatch/-/minimatch-9.0.5.tgz. Extracting by manifest.
673 silly tarball no local data for emoji-regex@https://registry.npmjs.org/emoji-regex/-/emoji-regex-8.0.0.tgz. Extracting by manifest.
674 silly tarball no local data for resolve@https://registry.npmjs.org/resolve/-/resolve-1.22.10.tgz. Extracting by manifest.
675 silly tarball no local data for glob-parent@https://registry.npmjs.org/glob-parent/-/glob-parent-5.1.2.tgz. Extracting by manifest.
676 silly tarball no local data for resolve@https://registry.npmjs.org/resolve/-/resolve-1.22.10.tgz. Extracting by manifest.
677 http fetch POST 200 https://registry.npmjs.org/-/npm/v1/security/advisories/bulk 399ms
678 silly audit report {}
679 http fetch GET 200 https://registry.npmjs.org/is-number/-/is-number-7.0.0.tgz 738ms (cache miss)
680 http fetch GET 200 https://registry.npmjs.org/thenify-all/-/thenify-all-1.6.0.tgz 732ms (cache miss)
681 http fetch GET 200 https://registry.npmjs.org/wrap-ansi/-/wrap-ansi-7.0.0.tgz 724ms (cache miss)
682 http fetch GET 200 https://registry.npmjs.org/strip-ansi/-/strip-ansi-6.0.1.tgz 722ms (cache miss)
683 http fetch GET 200 https://registry.npmjs.org/ansi-regex/-/ansi-regex-6.1.0.tgz 736ms (cache miss)
684 http fetch GET 200 https://registry.npmjs.org/thenify/-/thenify-3.3.1.tgz 737ms (cache miss)
685 http fetch GET 200 https://registry.npmjs.org/eastasianwidth/-/eastasianwidth-0.2.0.tgz 733ms (cache miss)
686 http fetch GET 200 https://registry.npmjs.org/string-width/-/string-width-4.2.3.tgz 745ms (cache miss)
687 http fetch GET 200 https://registry.npmjs.org/emoji-regex/-/emoji-regex-9.2.2.tgz 802ms (cache miss)
688 http fetch GET 200 https://registry.npmjs.org/any-promise/-/any-promise-1.3.0.tgz 790ms (cache miss)
689 http fetch GET 200 https://registry.npmjs.org/is-fullwidth-code-point/-/is-fullwidth-code-point-3.0.0.tgz 799ms (cache miss)
690 http fetch GET 200 https://registry.npmjs.org/signal-exit/-/signal-exit-4.1.0.tgz 776ms (cache miss)
691 http fetch GET 200 https://registry.npmjs.org/package-json-from-dist/-/package-json-from-dist-1.0.1.tgz 778ms (cache miss)
692 http fetch GET 200 https://registry.npmjs.org/foreground-child/-/foreground-child-3.3.0.tgz 773ms (cache miss)
693 http fetch GET 200 https://registry.npmjs.org/string-width/-/string-width-5.1.2.tgz 798ms (cache miss)
694 http fetch GET 200 https://registry.npmjs.org/ts-interface-checker/-/ts-interface-checker-0.1.13.tgz 789ms (cache miss)
695 http fetch GET 200 https://registry.npmjs.org/pirates/-/pirates-4.0.6.tgz 793ms (cache miss)
696 http fetch GET 200 https://registry.npmjs.org/lines-and-columns/-/lines-and-columns-1.2.4.tgz 787ms (cache miss)
697 http fetch GET 200 https://registry.npmjs.org/mz/-/mz-2.7.0.tgz 810ms (cache miss)
698 http fetch GET 200 https://registry.npmjs.org/pify/-/pify-2.3.0.tgz 808ms (cache miss)
699 http fetch GET 200 https://registry.npmjs.org/queue-microtask/-/queue-microtask-1.2.3.tgz 811ms (cache miss)
700 http fetch GET 200 https://registry.npmjs.org/read-cache/-/read-cache-1.0.0.tgz 816ms (cache miss)
701 http fetch GET 200 https://registry.npmjs.org/cssesc/-/cssesc-3.0.0.tgz 819ms (cache miss)
702 http fetch GET 200 https://registry.npmjs.org/util-deprecate/-/util-deprecate-1.0.2.tgz 829ms (cache miss)
703 http fetch GET 200 https://registry.npmjs.org/run-parallel/-/run-parallel-1.2.0.tgz 821ms (cache miss)
704 http fetch GET 200 https://registry.npmjs.org/to-regex-range/-/to-regex-range-5.0.1.tgz 825ms (cache miss)
705 http fetch GET 200 https://registry.npmjs.org/binary-extensions/-/binary-extensions-2.3.0.tgz 824ms (cache miss)
706 http fetch GET 200 https://registry.npmjs.org/merge2/-/merge2-1.4.1.tgz 827ms (cache miss)
707 http fetch GET 200 https://registry.npmjs.org/is-binary-path/-/is-binary-path-2.1.0.tgz 818ms (cache miss)
708 http fetch GET 200 https://registry.npmjs.org/fill-range/-/fill-range-7.1.1.tgz 828ms (cache miss)
709 http fetch GET 200 https://registry.npmjs.org/strip-ansi/-/strip-ansi-7.1.0.tgz 872ms (cache miss)
710 http fetch GET 200 https://registry.npmjs.org/reusify/-/reusify-1.0.4.tgz 846ms (cache miss)
711 http fetch GET 200 https://registry.npmjs.org/braces/-/braces-3.0.3.tgz 829ms (cache miss)
712 http fetch GET 200 https://registry.npmjs.org/anymatch/-/anymatch-3.1.3.tgz 829ms (cache miss)
713 http fetch GET 200 https://registry.npmjs.org/postcss-import/-/postcss-import-15.1.0.tgz 824ms (cache miss)
714 http fetch GET 200 https://registry.npmjs.org/@nodelib/fs.scandir/-/fs.scandir-2.1.5.tgz 852ms (cache miss)
715 http fetch GET 200 https://registry.npmjs.org/fastq/-/fastq-1.18.0.tgz 854ms (cache miss)
716 http fetch GET 200 https://registry.npmjs.org/readdirp/-/readdirp-3.6.0.tgz 849ms (cache miss)
717 http fetch GET 200 https://registry.npmjs.org/normalize-path/-/normalize-path-3.0.0.tgz 832ms (cache miss)
718 http fetch GET 200 https://registry.npmjs.org/postcss-js/-/postcss-js-4.0.1.tgz 836ms (cache miss)
719 http fetch GET 200 https://registry.npmjs.org/camelcase-css/-/camelcase-css-2.0.1.tgz 876ms (cache miss)
720 http fetch GET 200 https://registry.npmjs.org/wrap-ansi/-/wrap-ansi-8.1.0.tgz 906ms (cache miss)
721 http fetch GET 200 https://registry.npmjs.org/postcss-load-config/-/postcss-load-config-4.0.2.tgz 850ms (cache miss)
722 http fetch GET 200 https://registry.npmjs.org/postcss-nested/-/postcss-nested-6.2.0.tgz 856ms (cache miss)
723 http fetch GET 200 https://registry.npmjs.org/dlv/-/dlv-1.1.3.tgz 844ms (cache miss)
724 http fetch GET 200 https://registry.npmjs.org/didyoumean/-/didyoumean-1.2.2.tgz 847ms (cache miss)
725 http fetch GET 200 https://registry.npmjs.org/arg/-/arg-5.0.2.tgz 845ms (cache miss)
726 http fetch GET 200 https://registry.npmjs.org/postcss-value-parser/-/postcss-value-parser-4.2.0.tgz 843ms (cache miss)
727 http fetch GET 200 https://registry.npmjs.org/normalize-range/-/normalize-range-0.1.2.tgz 845ms (cache miss)
728 http fetch GET 200 https://registry.npmjs.org/strip-ansi/-/strip-ansi-6.0.1.tgz 853ms (cache miss)
729 http fetch GET 200 https://registry.npmjs.org/strip-ansi/-/strip-ansi-6.0.1.tgz 848ms (cache miss)
730 http fetch GET 200 https://registry.npmjs.org/ansi-regex/-/ansi-regex-5.0.1.tgz 854ms (cache miss)
731 http fetch GET 200 https://registry.npmjs.org/@alloc/quick-lru/-/quick-lru-5.2.0.tgz 867ms (cache miss)
732 http fetch GET 200 https://registry.npmjs.org/ansi-styles/-/ansi-styles-6.2.1.tgz 870ms (cache miss)
733 http fetch GET 200 https://registry.npmjs.org/brace-expansion/-/brace-expansion-2.0.1.tgz 867ms (cache miss)
734 http fetch GET 200 https://registry.npmjs.org/glob-parent/-/glob-parent-5.1.2.tgz 864ms (cache miss)
735 http fetch GET 200 https://registry.npmjs.org/emoji-regex/-/emoji-regex-8.0.0.tgz 862ms (cache miss)
736 http fetch GET 200 https://registry.npmjs.org/ansi-regex/-/ansi-regex-5.0.1.tgz 871ms (cache miss)
737 http fetch GET 200 https://registry.npmjs.org/ansi-regex/-/ansi-regex-5.0.1.tgz 869ms (cache miss)
738 http fetch GET 200 https://registry.npmjs.org/lilconfig/-/lilconfig-3.1.3.tgz 902ms (cache miss)
739 http fetch GET 200 https://registry.npmjs.org/object-hash/-/object-hash-3.0.0.tgz 913ms (cache miss)
740 http fetch GET 200 https://registry.npmjs.org/commander/-/commander-4.1.1.tgz 956ms (cache miss)
741 http fetch GET 200 https://registry.npmjs.org/glob-parent/-/glob-parent-5.1.2.tgz 881ms (cache miss)
742 http fetch GET 200 https://registry.npmjs.org/string-width/-/string-width-4.2.3.tgz 897ms (cache miss)
743 http fetch GET 200 https://registry.npmjs.org/@isaacs/cliui/-/cliui-8.0.2.tgz 988ms (cache miss)
744 http fetch GET 200 https://registry.npmjs.org/fraction.js/-/fraction.js-4.3.7.tgz 944ms (cache miss)
745 http fetch GET 200 https://registry.npmjs.org/micromatch/-/micromatch-4.0.8.tgz 964ms (cache miss)
746 http fetch GET 200 https://registry.npmjs.org/chokidar/-/chokidar-3.6.0.tgz 972ms (cache miss)
747 http fetch GET 200 https://registry.npmjs.org/emoji-regex/-/emoji-regex-8.0.0.tgz 975ms (cache miss)
748 http fetch GET 200 https://registry.npmjs.org/@nodelib/fs.stat/-/fs.stat-2.0.5.tgz 1079ms (cache miss)
749 http fetch GET 200 https://registry.npmjs.org/minipass/-/minipass-7.1.2.tgz 1115ms (cache miss)
750 http fetch GET 200 https://registry.npmjs.org/picomatch/-/picomatch-2.3.1.tgz 1088ms (cache miss)
751 http fetch GET 200 https://registry.npmjs.org/path-scurry/-/path-scurry-1.11.1.tgz 1166ms (cache miss)
752 http fetch GET 200 https://registry.npmjs.org/@pkgjs/parseargs/-/parseargs-0.11.0.tgz 1171ms (cache miss)
753 http fetch GET 200 https://registry.npmjs.org/jackspeak/-/jackspeak-3.4.3.tgz 1181ms (cache miss)
754 http fetch GET 200 https://registry.npmjs.org/@nodelib/fs.walk/-/fs.walk-1.2.8.tgz 1160ms (cache miss)
755 http fetch GET 200 https://registry.npmjs.org/lru-cache/-/lru-cache-10.4.3.tgz 1170ms (cache miss)
756 http fetch GET 200 https://registry.npmjs.org/postcss-selector-parser/-/postcss-selector-parser-6.1.2.tgz 1247ms (cache miss)
757 http fetch GET 200 https://registry.npmjs.org/jiti/-/jiti-1.21.7.tgz 1260ms (cache miss)
758 http fetch GET 200 https://registry.npmjs.org/fast-glob/-/fast-glob-3.3.2.tgz 1328ms (cache miss)
759 http fetch GET 200 https://registry.npmjs.org/minimatch/-/minimatch-9.0.5.tgz 1311ms (cache miss)
760 http fetch GET 200 https://registry.npmjs.org/glob/-/glob-10.4.5.tgz 1420ms (cache miss)
761 http fetch GET 200 https://registry.npmjs.org/autoprefixer/-/autoprefixer-10.4.20.tgz 1415ms (cache miss)
762 http fetch GET 200 https://registry.npmjs.org/resolve/-/resolve-1.22.10.tgz 1468ms (cache miss)
763 http fetch GET 200 https://registry.npmjs.org/resolve/-/resolve-1.22.10.tgz 1469ms (cache miss)
764 http fetch GET 200 https://registry.npmjs.org/sucrase/-/sucrase-3.35.0.tgz 1778ms (cache miss)
765 http fetch GET 200 https://registry.npmjs.org/yaml/-/yaml-2.6.1.tgz 1871ms (cache miss)
766 http fetch GET 200 https://registry.npmjs.org/tailwindcss/-/tailwindcss-3.4.17.tgz 1920ms (cache miss)
767 silly ADD node_modules/is-number
768 silly ADD node_modules/thenify
769 silly ADD node_modules/ansi-regex
770 silly ADD node_modules/is-fullwidth-code-point
771 silly ADD node_modules/emoji-regex
772 silly ADD node_modules/eastasianwidth
773 silly ADD node_modules/thenify-all
774 silly ADD node_modules/any-promise
775 silly ADD node_modules/wrap-ansi-cjs
776 silly ADD node_modules/wrap-ansi-cjs/node_modules/ansi-regex
777 silly ADD node_modules/wrap-ansi-cjs/node_modules/emoji-regex
778 silly ADD node_modules/wrap-ansi-cjs/node_modules/strip-ansi
779 silly ADD node_modules/wrap-ansi-cjs/node_modules/string-width
780 silly ADD node_modules/wrap-ansi
781 silly ADD node_modules/wrap-ansi/node_modules/ansi-styles
782 silly ADD node_modules/strip-ansi-cjs
783 silly ADD node_modules/strip-ansi-cjs/node_modules/ansi-regex
784 silly ADD node_modules/strip-ansi
785 silly ADD node_modules/string-width-cjs
786 silly ADD node_modules/string-width-cjs/node_modules/ansi-regex
787 silly ADD node_modules/string-width-cjs/node_modules/strip-ansi
788 silly ADD node_modules/string-width-cjs/node_modules/emoji-regex
789 silly ADD node_modules/string-width
790 silly ADD node_modules/@pkgjs/parseargs
791 silly ADD node_modules/@isaacs/cliui
792 silly ADD node_modules/signal-exit
793 silly ADD node_modules/path-scurry
794 silly ADD node_modules/path-scurry/node_modules/lru-cache
795 silly ADD node_modules/package-json-from-dist
796 silly ADD node_modules/minipass
797 silly ADD node_modules/jackspeak
798 silly ADD node_modules/foreground-child
799 silly ADD node_modules/ts-interface-checker
800 silly ADD node_modules/pirates
801 silly ADD node_modules/mz
802 silly ADD node_modules/lines-and-columns
803 silly ADD node_modules/glob
804 silly ADD node_modules/glob/node_modules/brace-expansion
805 silly ADD node_modules/glob/node_modules/minimatch
806 silly ADD node_modules/commander
807 silly ADD node_modules/queue-microtask
808 silly ADD node_modules/pify
809 silly ADD node_modules/util-deprecate
810 silly ADD node_modules/cssesc
811 silly ADD node_modules/yaml
812 silly ADD node_modules/camelcase-css
813 silly ADD node_modules/read-cache
814 silly ADD node_modules/binary-extensions
815 silly ADD node_modules/to-regex-range
816 silly ADD node_modules/reusify
817 silly ADD node_modules/run-parallel
818 silly ADD node_modules/fastq
819 silly ADD node_modules/@nodelib/fs.scandir
820 silly ADD node_modules/merge2
821 silly ADD node_modules/@nodelib/fs.walk
822 silly ADD node_modules/@nodelib/fs.stat
823 silly ADD node_modules/fill-range
824 silly ADD node_modules/picomatch
825 silly ADD node_modules/readdirp
826 silly ADD node_modules/is-binary-path
827 silly ADD node_modules/braces
828 silly ADD node_modules/anymatch
829 silly ADD node_modules/sucrase
830 silly ADD node_modules/postcss-selector-parser
831 silly ADD node_modules/postcss-nested
832 silly ADD node_modules/postcss-load-config
833 silly ADD node_modules/postcss-js
834 silly ADD node_modules/postcss-import
835 silly ADD node_modules/postcss-import/node_modules/resolve
836 silly ADD node_modules/object-hash
837 silly ADD node_modules/normalize-path
838 silly ADD node_modules/micromatch
839 silly ADD node_modules/lilconfig
840 silly ADD node_modules/jiti
841 silly ADD node_modules/fast-glob
842 silly ADD node_modules/fast-glob/node_modules/glob-parent
843 silly ADD node_modules/dlv
844 silly ADD node_modules/didyoumean
845 silly ADD node_modules/chokidar
846 silly ADD node_modules/chokidar/node_modules/glob-parent
847 silly ADD node_modules/arg
848 silly ADD node_modules/@alloc/quick-lru
849 silly ADD node_modules/postcss-value-parser
850 silly ADD node_modules/normalize-range
851 silly ADD node_modules/fraction.js
852 silly ADD node_modules/tailwindcss
853 silly ADD node_modules/tailwindcss/node_modules/resolve
854 silly ADD node_modules/autoprefixer
855 silly ADD
856 silly ADD
857 silly ADD
858 silly ADD
859 silly ADD
860 silly ADD
861 silly ADD
862 silly ADD
863 silly ADD
864 silly ADD
865 silly ADD
866 silly ADD
867 silly ADD
868 silly ADD
869 silly ADD
870 silly ADD
871 silly ADD
872 silly ADD
873 silly ADD
874 silly ADD
875 silly ADD
876 silly ADD
877 silly ADD
878 silly ADD
879 silly ADD
880 silly ADD
881 silly ADD
882 silly ADD
883 silly ADD
884 silly ADD
885 silly ADD
886 silly ADD
887 silly ADD
888 silly ADD
889 silly ADD
890 silly ADD
891 silly ADD
892 silly ADD
893 silly ADD
894 silly ADD
895 silly ADD
896 silly ADD
897 silly ADD
898 verbose cwd C:\Users\Krishna jadhav\Desktop\web\reactLearnings\09themeSwitcher
899 verbose os Windows_NT 10.0.22621
900 verbose node v20.17.0
901 verbose npm  v10.8.2
902 verbose exit 0
903 info ok
