0 verbose cli C:\Program Files\nodejs\node.exe C:\Program Files\nodejs\node_modules\npm\bin\npm-cli.js
1 info using npm@10.8.2
2 info using node@v20.17.0
3 silly config load:file:C:\Program Files\nodejs\node_modules\npm\npmrc
4 silly config load:file:C:\Users\Krishna jadhav\Desktop\web\.npmrc
5 silly config load:file:C:\Users\Krishna jadhav\.npmrc
6 silly config load:file:C:\Users\Krishna jadhav\Desktop\web\%APPDATA%\npm\etc\npmrc
7 verbose title npm install tailwindcss
8 verbose argv "install" "--save-dev" "tailwindcss"
9 verbose logfile logs-max:10 dir:C:\Users\Krishna jadhav\Desktop\web\%LOCALAPPDATA%\npm-cache\_logs\2024-12-16T13_33_57_381Z-
10 verbose logfile C:\Users\Krishna jadhav\Desktop\web\%LOCALAPPDATA%\npm-cache\_logs\2024-12-16T13_33_57_381Z-debug-0.log
11 silly packumentCache heap:2197815296 maxSize:549453824 maxEntrySize:274726912
12 silly logfile done cleaning log files
13 silly idealTree buildDeps
14 silly fetch manifest tailwindcss@*
15 silly packumentCache full:https://registry.npmjs.org/tailwindcss cache-miss
16 http fetch GET 200 https://registry.npmjs.org/npm 696ms
17 http fetch GET 200 https://registry.npmjs.org/tailwindcss 599ms (cache miss)
18 silly packumentCache full:https://registry.npmjs.org/tailwindcss set size:undefined disposed:false
19 silly placeDep ROOT tailwindcss@3.4.16 OK for: web@1.0.0 want: *
20 silly fetch manifest arg@^5.0.2
21 silly packumentCache full:https://registry.npmjs.org/arg cache-miss
22 silly fetch manifest dlv@^1.1.3
23 silly packumentCache full:https://registry.npmjs.org/dlv cache-miss
24 silly fetch manifest jiti@^1.21.6
25 silly packumentCache full:https://registry.npmjs.org/jiti cache-miss
26 silly fetch manifest is-glob@^4.0.3
27 silly packumentCache full:https://registry.npmjs.org/is-glob cache-miss
28 silly fetch manifest resolve@^1.22.8
29 silly packumentCache full:https://registry.npmjs.org/resolve cache-miss
30 silly fetch manifest sucrase@^3.35.0
31 silly packumentCache full:https://registry.npmjs.org/sucrase cache-miss
32 silly fetch manifest chokidar@^3.6.0
33 silly packumentCache full:https://registry.npmjs.org/chokidar cache-miss
34 silly fetch manifest fast-glob@^3.3.2
35 silly packumentCache full:https://registry.npmjs.org/fast-glob cache-miss
36 silly fetch manifest lilconfig@^3.1.3
37 silly packumentCache full:https://registry.npmjs.org/lilconfig cache-miss
38 silly fetch manifest didyoumean@^1.2.2
39 silly packumentCache full:https://registry.npmjs.org/didyoumean cache-miss
40 silly fetch manifest micromatch@^4.0.8
41 silly packumentCache full:https://registry.npmjs.org/micromatch cache-miss
42 http fetch GET 200 https://registry.npmjs.org/arg 92ms (cache miss)
43 silly packumentCache full:https://registry.npmjs.org/arg set size:undefined disposed:false
44 silly fetch manifest postcss-js@^4.0.1
45 silly packumentCache full:https://registry.npmjs.org/postcss-js cache-miss
46 http fetch GET 200 https://registry.npmjs.org/dlv 98ms (cache miss)
47 silly packumentCache full:https://registry.npmjs.org/dlv set size:undefined disposed:false
48 silly fetch manifest glob-parent@^6.0.2
49 silly packumentCache full:https://registry.npmjs.org/glob-parent cache-miss
50 http fetch GET 200 https://registry.npmjs.org/postcss-js 78ms (cache miss)
51 silly packumentCache full:https://registry.npmjs.org/postcss-js set size:undefined disposed:false
52 silly fetch manifest object-hash@^3.0.0
53 silly packumentCache full:https://registry.npmjs.org/object-hash cache-miss
54 http fetch GET 200 https://registry.npmjs.org/glob-parent 161ms (cache miss)
55 silly packumentCache full:https://registry.npmjs.org/glob-parent set size:undefined disposed:false
56 silly fetch manifest normalize-path@^3.0.0
57 silly packumentCache full:https://registry.npmjs.org/normalize-path cache-miss
58 http fetch GET 200 https://registry.npmjs.org/is-glob 275ms (cache miss)
59 silly packumentCache full:https://registry.npmjs.org/is-glob set size:undefined disposed:false
60 silly fetch manifest postcss-import@^15.1.0
61 silly packumentCache full:https://registry.npmjs.org/postcss-import cache-miss
62 http fetch GET 200 https://registry.npmjs.org/object-hash 113ms (cache miss)
63 silly packumentCache full:https://registry.npmjs.org/object-hash set size:undefined disposed:false
64 silly fetch manifest postcss-nested@^6.2.0
65 silly packumentCache full:https://registry.npmjs.org/postcss-nested cache-miss
66 http fetch GET 200 https://registry.npmjs.org/lilconfig 287ms (cache miss)
67 silly packumentCache full:https://registry.npmjs.org/lilconfig set size:undefined disposed:false
68 silly fetch manifest @alloc/quick-lru@^5.2.0
69 silly packumentCache full:https://registry.npmjs.org/@alloc%2fquick-lru cache-miss
70 http fetch GET 200 https://registry.npmjs.org/didyoumean 295ms (cache miss)
71 silly packumentCache full:https://registry.npmjs.org/didyoumean set size:undefined disposed:false
72 silly fetch manifest postcss-load-config@^4.0.2
73 silly packumentCache full:https://registry.npmjs.org/postcss-load-config cache-miss
74 http fetch GET 200 https://registry.npmjs.org/micromatch 333ms (cache miss)
75 silly packumentCache full:https://registry.npmjs.org/micromatch set size:undefined disposed:false
76 silly fetch manifest postcss-selector-parser@^6.1.2
77 silly packumentCache full:https://registry.npmjs.org/postcss-selector-parser cache-miss
78 http fetch GET 200 https://registry.npmjs.org/resolve 362ms (cache miss)
79 silly packumentCache full:https://registry.npmjs.org/resolve set size:undefined disposed:false
80 http fetch GET 200 https://registry.npmjs.org/chokidar 367ms (cache miss)
81 silly packumentCache full:https://registry.npmjs.org/chokidar set size:undefined disposed:false
82 http fetch GET 200 https://registry.npmjs.org/fast-glob 386ms (cache miss)
83 silly packumentCache full:https://registry.npmjs.org/fast-glob set size:undefined disposed:false
84 http fetch GET 200 https://registry.npmjs.org/normalize-path 139ms (cache miss)
85 silly packumentCache full:https://registry.npmjs.org/normalize-path set size:undefined disposed:false
86 http fetch GET 200 https://registry.npmjs.org/sucrase 403ms (cache miss)
87 silly packumentCache full:https://registry.npmjs.org/sucrase set size:undefined disposed:false
88 http fetch GET 200 https://registry.npmjs.org/jiti 419ms (cache miss)
89 silly packumentCache full:https://registry.npmjs.org/jiti set size:undefined disposed:false
90 http fetch GET 200 https://registry.npmjs.org/postcss-nested 145ms (cache miss)
91 silly packumentCache full:https://registry.npmjs.org/postcss-nested set size:undefined disposed:false
92 http fetch GET 200 https://registry.npmjs.org/@alloc%2fquick-lru 142ms (cache miss)
93 silly packumentCache full:https://registry.npmjs.org/@alloc%2fquick-lru set size:undefined disposed:false
94 http fetch GET 200 https://registry.npmjs.org/postcss-import 164ms (cache miss)
95 silly packumentCache full:https://registry.npmjs.org/postcss-import set size:undefined disposed:false
96 http fetch GET 200 https://registry.npmjs.org/postcss-load-config 143ms (cache miss)
97 silly packumentCache full:https://registry.npmjs.org/postcss-load-config set size:undefined disposed:false
98 http fetch GET 200 https://registry.npmjs.org/postcss-selector-parser 108ms (cache miss)
99 silly packumentCache full:https://registry.npmjs.org/postcss-selector-parser set size:undefined disposed:false
100 silly fetch manifest postcss@^8.4.47
101 silly packumentCache full:https://registry.npmjs.org/postcss cache-miss
102 http fetch GET 200 https://registry.npmjs.org/postcss 85ms (cache miss)
103 silly packumentCache full:https://registry.npmjs.org/postcss set size:undefined disposed:false
104 silly fetch manifest ts-node@>=9.0.0
105 silly packumentCache full:https://registry.npmjs.org/ts-node cache-miss
106 http fetch GET 200 https://registry.npmjs.org/ts-node 73ms (cache miss)
107 silly packumentCache full:https://registry.npmjs.org/ts-node set size:undefined disposed:false
108 silly fetch manifest @swc/core@>=1.2.50
109 silly packumentCache full:https://registry.npmjs.org/@swc%2fcore cache-miss
110 http fetch GET 200 https://registry.npmjs.org/@swc%2fcore 134ms (cache miss)
111 silly packumentCache full:https://registry.npmjs.org/@swc%2fcore set size:undefined disposed:false
112 silly fetch manifest @swc/helpers@*
113 silly packumentCache full:https://registry.npmjs.org/@swc%2fhelpers cache-miss
114 http fetch GET 200 https://registry.npmjs.org/@swc%2fhelpers 89ms (cache miss)
115 silly packumentCache full:https://registry.npmjs.org/@swc%2fhelpers set size:undefined disposed:false
116 silly fetch manifest @swc/wasm@>=1.2.50
117 silly packumentCache full:https://registry.npmjs.org/@swc%2fwasm cache-miss
118 http fetch GET 200 https://registry.npmjs.org/@swc%2fwasm 118ms (cache miss)
119 silly packumentCache full:https://registry.npmjs.org/@swc%2fwasm set size:undefined disposed:false
120 silly fetch manifest @types/node@*
121 silly packumentCache full:https://registry.npmjs.org/@types%2fnode cache-miss
122 http fetch GET 200 https://registry.npmjs.org/@types%2fnode 231ms (cache miss)
123 silly packumentCache full:https://registry.npmjs.org/@types%2fnode set size:undefined disposed:false
124 silly fetch manifest typescript@>=2.7
125 silly packumentCache full:https://registry.npmjs.org/typescript cache-miss
126 http fetch GET 200 https://registry.npmjs.org/typescript 359ms (cache miss)
127 silly packumentCache full:https://registry.npmjs.org/typescript set size:undefined disposed:false
128 silly placeDep ROOT @alloc/quick-lru@5.2.0 OK for: tailwindcss@3.4.16 want: ^5.2.0
129 silly placeDep ROOT arg@5.0.2 OK for: tailwindcss@3.4.16 want: ^5.0.2
130 silly placeDep ROOT chokidar@3.6.0 OK for: tailwindcss@3.4.16 want: ^3.6.0
131 silly placeDep ROOT didyoumean@1.2.2 OK for: tailwindcss@3.4.16 want: ^1.2.2
132 silly placeDep ROOT dlv@1.1.3 OK for: tailwindcss@3.4.16 want: ^1.1.3
133 silly placeDep ROOT fast-glob@3.3.2 OK for: tailwindcss@3.4.16 want: ^3.3.2
134 silly placeDep ROOT glob-parent@6.0.2 OK for: tailwindcss@3.4.16 want: ^6.0.2
135 silly placeDep ROOT is-glob@4.0.3 OK for: tailwindcss@3.4.16 want: ^4.0.3
136 silly placeDep ROOT jiti@1.21.6 OK for: tailwindcss@3.4.16 want: ^1.21.6
137 silly placeDep ROOT lilconfig@3.1.3 OK for: tailwindcss@3.4.16 want: ^3.1.3
138 silly placeDep ROOT micromatch@4.0.8 OK for: tailwindcss@3.4.16 want: ^4.0.8
139 silly placeDep ROOT normalize-path@3.0.0 OK for: tailwindcss@3.4.16 want: ^3.0.0
140 silly placeDep ROOT object-hash@3.0.0 OK for: tailwindcss@3.4.16 want: ^3.0.0
141 silly placeDep ROOT postcss-import@15.1.0 OK for: tailwindcss@3.4.16 want: ^15.1.0
142 silly placeDep ROOT postcss-js@4.0.1 OK for: tailwindcss@3.4.16 want: ^4.0.1
143 silly placeDep ROOT postcss-load-config@4.0.2 OK for: tailwindcss@3.4.16 want: ^4.0.2
144 silly placeDep ROOT postcss-nested@6.2.0 OK for: tailwindcss@3.4.16 want: ^6.2.0
145 silly placeDep ROOT postcss-selector-parser@6.1.2 OK for: tailwindcss@3.4.16 want: ^6.1.2
146 silly placeDep ROOT resolve@1.22.9 OK for: tailwindcss@3.4.16 want: ^1.22.8
147 silly placeDep ROOT sucrase@3.35.0 OK for: tailwindcss@3.4.16 want: ^3.35.0
148 silly fetch manifest braces@~3.0.2
149 silly packumentCache full:https://registry.npmjs.org/braces cache-miss
150 silly fetch manifest is-glob@~4.0.1
151 silly packumentCache full:https://registry.npmjs.org/is-glob cache-miss
152 silly fetch manifest anymatch@~3.1.2
153 silly packumentCache full:https://registry.npmjs.org/anymatch cache-miss
154 silly fetch manifest readdirp@~3.6.0
155 silly packumentCache full:https://registry.npmjs.org/readdirp cache-miss
156 silly fetch manifest glob-parent@~5.1.2
157 silly packumentCache full:https://registry.npmjs.org/glob-parent cache-miss
158 silly fetch manifest is-binary-path@~2.1.0
159 silly packumentCache full:https://registry.npmjs.org/is-binary-path cache-miss
160 silly fetch manifest normalize-path@~3.0.0
161 silly packumentCache full:https://registry.npmjs.org/normalize-path cache-miss
162 silly fetch manifest @nodelib/fs.stat@^2.0.2
163 silly packumentCache full:https://registry.npmjs.org/@nodelib%2ffs.stat cache-miss
164 silly fetch manifest @nodelib/fs.walk@^1.2.3
165 silly packumentCache full:https://registry.npmjs.org/@nodelib%2ffs.walk cache-miss
166 silly fetch manifest glob-parent@^5.1.2
167 silly packumentCache full:https://registry.npmjs.org/glob-parent cache-miss
168 silly fetch manifest merge2@^1.3.0
169 silly packumentCache full:https://registry.npmjs.org/merge2 cache-miss
170 http fetch GET 200 https://registry.npmjs.org/normalize-path 40ms (cache hit)
171 silly packumentCache full:https://registry.npmjs.org/normalize-path set size:28713 disposed:false
172 silly fetch manifest micromatch@^4.0.4
173 silly packumentCache full:https://registry.npmjs.org/micromatch cache-miss
174 http fetch GET 200 https://registry.npmjs.org/is-glob 52ms (cache hit)
175 silly packumentCache full:https://registry.npmjs.org/is-glob set size:40530 disposed:false
176 silly fetch manifest is-extglob@^2.1.1
177 silly packumentCache full:https://registry.npmjs.org/is-extglob cache-miss
178 http fetch GET 200 https://registry.npmjs.org/glob-parent 64ms (cache hit)
179 silly packumentCache full:https://registry.npmjs.org/glob-parent set size:42445 disposed:false
180 silly fetch manifest braces@^3.0.3
181 silly packumentCache full:https://registry.npmjs.org/braces cache-miss
182 http fetch GET 200 https://registry.npmjs.org/glob-parent 83ms (cache hit)
183 silly packumentCache full:https://registry.npmjs.org/glob-parent set size:42445 disposed:false
184 silly packumentCache full:https://registry.npmjs.org/glob-parent dispose
185 silly fetch manifest picomatch@^2.3.1
186 silly packumentCache full:https://registry.npmjs.org/picomatch cache-miss
187 http fetch GET 200 https://registry.npmjs.org/micromatch 68ms (cache hit)
188 silly packumentCache full:https://registry.npmjs.org/micromatch set size:240630 disposed:false
189 silly fetch manifest postcss-value-parser@^4.0.0
190 silly packumentCache full:https://registry.npmjs.org/postcss-value-parser cache-miss
191 http fetch GET 200 https://registry.npmjs.org/is-binary-path 127ms (cache miss)
192 silly packumentCache full:https://registry.npmjs.org/is-binary-path set size:undefined disposed:false
193 silly fetch manifest read-cache@^1.0.0
194 silly packumentCache full:https://registry.npmjs.org/read-cache cache-miss
195 http fetch GET 200 https://registry.npmjs.org/merge2 129ms (cache miss)
196 silly packumentCache full:https://registry.npmjs.org/merge2 set size:undefined disposed:false
197 silly fetch manifest resolve@^1.1.7
198 silly packumentCache full:https://registry.npmjs.org/resolve cache-miss
199 http fetch GET 200 https://registry.npmjs.org/@nodelib%2ffs.walk 136ms (cache miss)
200 silly packumentCache full:https://registry.npmjs.org/@nodelib%2ffs.walk set size:undefined disposed:false
201 silly fetch manifest camelcase-css@^2.0.1
202 silly packumentCache full:https://registry.npmjs.org/camelcase-css cache-miss
203 http fetch GET 200 https://registry.npmjs.org/readdirp 145ms (cache miss)
204 silly packumentCache full:https://registry.npmjs.org/readdirp set size:undefined disposed:false
205 silly fetch manifest yaml@^2.3.4
206 silly packumentCache full:https://registry.npmjs.org/yaml cache-miss
207 http fetch GET 200 https://registry.npmjs.org/anymatch 156ms (cache miss)
208 silly packumentCache full:https://registry.npmjs.org/anymatch set size:undefined disposed:false
209 silly fetch manifest postcss-selector-parser@^6.1.1
210 silly packumentCache full:https://registry.npmjs.org/postcss-selector-parser cache-miss
211 http fetch GET 200 https://registry.npmjs.org/braces 164ms (cache miss)
212 silly packumentCache full:https://registry.npmjs.org/braces set size:undefined disposed:false
213 silly fetch manifest cssesc@^3.0.0
214 silly packumentCache full:https://registry.npmjs.org/cssesc cache-miss
215 http fetch GET 200 https://registry.npmjs.org/@nodelib%2ffs.stat 177ms (cache miss)
216 silly packumentCache full:https://registry.npmjs.org/@nodelib%2ffs.stat set size:undefined disposed:false
217 silly fetch manifest util-deprecate@^1.0.2
218 silly packumentCache full:https://registry.npmjs.org/util-deprecate cache-miss
219 http fetch GET 200 https://registry.npmjs.org/is-extglob 155ms (cache miss)
220 silly packumentCache full:https://registry.npmjs.org/is-extglob set size:undefined disposed:false
221 silly fetch manifest is-core-module@^2.16.0
222 silly packumentCache full:https://registry.npmjs.org/is-core-module cache-miss
223 http fetch GET 200 https://registry.npmjs.org/resolve 95ms (cache hit)
224 silly packumentCache full:https://registry.npmjs.org/resolve set size:240947 disposed:false
225 silly fetch manifest path-parse@^1.0.7
226 silly packumentCache full:https://registry.npmjs.org/path-parse cache-miss
227 http fetch GET 200 https://registry.npmjs.org/braces 178ms (cache miss)
228 silly packumentCache full:https://registry.npmjs.org/braces set size:undefined disposed:false
229 silly fetch manifest supports-preserve-symlinks-flag@^1.0.0
230 silly packumentCache full:https://registry.npmjs.org/supports-preserve-symlinks-flag cache-miss
231 http fetch GET 200 https://registry.npmjs.org/postcss-selector-parser 94ms (cache hit)
232 silly packumentCache full:https://registry.npmjs.org/postcss-selector-parser set size:171230 disposed:false
233 silly fetch manifest @jridgewell/gen-mapping@^0.3.2
234 silly packumentCache full:https://registry.npmjs.org/@jridgewell%2fgen-mapping cache-miss
235 http fetch GET 200 https://registry.npmjs.org/postcss-value-parser 146ms (cache miss)
236 silly packumentCache full:https://registry.npmjs.org/postcss-value-parser set size:undefined disposed:false
237 silly fetch manifest commander@^4.0.0
238 silly packumentCache full:https://registry.npmjs.org/commander cache-miss
239 http fetch GET 200 https://registry.npmjs.org/read-cache 139ms (cache miss)
240 silly packumentCache full:https://registry.npmjs.org/read-cache set size:undefined disposed:false
241 silly fetch manifest glob@^10.3.10
242 silly packumentCache full:https://registry.npmjs.org/glob cache-miss
243 http fetch GET 200 https://registry.npmjs.org/picomatch 183ms (cache miss)
244 silly packumentCache full:https://registry.npmjs.org/picomatch set size:undefined disposed:false
245 silly fetch manifest lines-and-columns@^1.1.6
246 silly packumentCache full:https://registry.npmjs.org/lines-and-columns cache-miss
247 http fetch GET 200 https://registry.npmjs.org/camelcase-css 135ms (cache miss)
248 silly packumentCache full:https://registry.npmjs.org/camelcase-css set size:undefined disposed:false
249 silly fetch manifest mz@^2.7.0
250 silly packumentCache full:https://registry.npmjs.org/mz cache-miss
251 http fetch GET 200 https://registry.npmjs.org/cssesc 129ms (cache miss)
252 silly packumentCache full:https://registry.npmjs.org/cssesc set size:undefined disposed:false
253 silly fetch manifest pirates@^4.0.1
254 silly packumentCache full:https://registry.npmjs.org/pirates cache-miss
255 http fetch GET 200 https://registry.npmjs.org/util-deprecate 116ms (cache miss)
256 silly packumentCache full:https://registry.npmjs.org/util-deprecate set size:undefined disposed:false
257 silly fetch manifest ts-interface-checker@^0.1.9
258 silly packumentCache full:https://registry.npmjs.org/ts-interface-checker cache-miss
259 http fetch GET 200 https://registry.npmjs.org/is-core-module 105ms (cache miss)
260 silly packumentCache full:https://registry.npmjs.org/is-core-module set size:undefined disposed:false
261 http fetch GET 200 https://registry.npmjs.org/path-parse 75ms (cache miss)
262 silly packumentCache full:https://registry.npmjs.org/path-parse set size:undefined disposed:false
263 http fetch GET 200 https://registry.npmjs.org/yaml 172ms (cache miss)
264 silly packumentCache full:https://registry.npmjs.org/yaml set size:undefined disposed:false
265 http fetch GET 200 https://registry.npmjs.org/supports-preserve-symlinks-flag 107ms (cache miss)
266 silly packumentCache full:https://registry.npmjs.org/supports-preserve-symlinks-flag set size:undefined disposed:false
267 http fetch GET 200 https://registry.npmjs.org/lines-and-columns 91ms (cache miss)
268 silly packumentCache full:https://registry.npmjs.org/lines-and-columns set size:undefined disposed:false
269 http fetch GET 200 https://registry.npmjs.org/mz 94ms (cache miss)
270 silly packumentCache full:https://registry.npmjs.org/mz set size:undefined disposed:false
271 http fetch GET 200 https://registry.npmjs.org/@jridgewell%2fgen-mapping 124ms (cache miss)
272 silly packumentCache full:https://registry.npmjs.org/@jridgewell%2fgen-mapping set size:undefined disposed:false
273 http fetch GET 200 https://registry.npmjs.org/ts-interface-checker 79ms (cache miss)
274 silly packumentCache full:https://registry.npmjs.org/ts-interface-checker set size:undefined disposed:false
275 http fetch GET 200 https://registry.npmjs.org/commander 118ms (cache miss)
276 silly packumentCache full:https://registry.npmjs.org/commander set size:undefined disposed:false
277 http fetch GET 200 https://registry.npmjs.org/glob 126ms (cache miss)
278 silly packumentCache full:https://registry.npmjs.org/glob set size:undefined disposed:false
279 http fetch GET 200 https://registry.npmjs.org/pirates 353ms (cache miss)
280 silly packumentCache full:https://registry.npmjs.org/pirates set size:undefined disposed:false
281 silly placeDep ROOT anymatch@3.1.3 OK for: chokidar@3.6.0 want: ~3.1.2
282 silly placeDep ROOT braces@3.0.3 OK for: chokidar@3.6.0 want: ~3.0.2
283 silly placeDep node_modules/chokidar glob-parent@5.1.2 OK for: chokidar@3.6.0 want: ~5.1.2
284 silly placeDep ROOT is-binary-path@2.1.0 OK for: chokidar@3.6.0 want: ~2.1.0
285 silly placeDep ROOT readdirp@3.6.0 OK for: chokidar@3.6.0 want: ~3.6.0
286 silly fetch manifest picomatch@^2.0.4
287 silly packumentCache full:https://registry.npmjs.org/picomatch cache-miss
288 silly fetch manifest fill-range@^7.1.1
289 silly packumentCache full:https://registry.npmjs.org/fill-range cache-miss
290 silly fetch manifest binary-extensions@^2.0.0
291 silly packumentCache full:https://registry.npmjs.org/binary-extensions cache-miss
292 silly fetch manifest picomatch@^2.2.1
293 silly packumentCache full:https://registry.npmjs.org/picomatch cache-miss
294 http fetch GET 200 https://registry.npmjs.org/picomatch 37ms (cache hit)
295 silly packumentCache full:https://registry.npmjs.org/picomatch set size:116191 disposed:false
296 http fetch GET 200 https://registry.npmjs.org/picomatch 37ms (cache hit)
297 silly packumentCache full:https://registry.npmjs.org/picomatch set size:116191 disposed:false
298 silly packumentCache full:https://registry.npmjs.org/picomatch dispose
299 http fetch GET 200 https://registry.npmjs.org/fill-range 62ms (cache miss)
300 silly packumentCache full:https://registry.npmjs.org/fill-range set size:undefined disposed:false
301 http fetch GET 200 https://registry.npmjs.org/binary-extensions 66ms (cache miss)
302 silly packumentCache full:https://registry.npmjs.org/binary-extensions set size:undefined disposed:false
303 silly placeDep ROOT picomatch@2.3.1 OK for: anymatch@3.1.3 want: ^2.0.4
304 silly placeDep ROOT fill-range@7.1.1 OK for: braces@3.0.3 want: ^7.1.1
305 silly fetch manifest to-regex-range@^5.0.1
306 silly packumentCache full:https://registry.npmjs.org/to-regex-range cache-miss
307 http fetch GET 200 https://registry.npmjs.org/to-regex-range 61ms (cache miss)
308 silly packumentCache full:https://registry.npmjs.org/to-regex-range set size:undefined disposed:false
309 silly placeDep ROOT @nodelib/fs.stat@2.0.5 OK for: fast-glob@3.3.2 want: ^2.0.2
310 silly placeDep ROOT @nodelib/fs.walk@1.2.8 OK for: fast-glob@3.3.2 want: ^1.2.3
311 silly placeDep node_modules/fast-glob glob-parent@5.1.2 OK for: fast-glob@3.3.2 want: ^5.1.2
312 silly placeDep ROOT merge2@1.4.1 OK for: fast-glob@3.3.2 want: ^1.3.0
313 silly fetch manifest fastq@^1.6.0
314 silly packumentCache full:https://registry.npmjs.org/fastq cache-miss
315 silly fetch manifest @nodelib/fs.scandir@2.1.5
316 silly packumentCache full:https://registry.npmjs.org/@nodelib%2ffs.scandir cache-miss
317 http fetch GET 200 https://registry.npmjs.org/fastq 64ms (cache miss)
318 silly packumentCache full:https://registry.npmjs.org/fastq set size:undefined disposed:false
319 http fetch GET 200 https://registry.npmjs.org/@nodelib%2ffs.scandir 70ms (cache miss)
320 silly packumentCache full:https://registry.npmjs.org/@nodelib%2ffs.scandir set size:undefined disposed:false
321 silly placeDep ROOT @nodelib/fs.scandir@2.1.5 OK for: @nodelib/fs.walk@1.2.8 want: 2.1.5
322 silly placeDep ROOT fastq@1.17.1 OK for: @nodelib/fs.walk@1.2.8 want: ^1.6.0
323 silly fetch manifest run-parallel@^1.1.9
324 silly packumentCache full:https://registry.npmjs.org/run-parallel cache-miss
325 silly fetch manifest reusify@^1.0.4
326 silly packumentCache full:https://registry.npmjs.org/reusify cache-miss
327 http fetch GET 200 https://registry.npmjs.org/reusify 65ms (cache miss)
328 silly packumentCache full:https://registry.npmjs.org/reusify set size:undefined disposed:false
329 http fetch GET 200 https://registry.npmjs.org/run-parallel 69ms (cache miss)
330 silly packumentCache full:https://registry.npmjs.org/run-parallel set size:undefined disposed:false
331 silly placeDep ROOT run-parallel@1.2.0 OK for: @nodelib/fs.scandir@2.1.5 want: ^1.1.9
332 silly fetch manifest queue-microtask@^1.2.2
333 silly packumentCache full:https://registry.npmjs.org/queue-microtask cache-miss
334 http fetch GET 200 https://registry.npmjs.org/queue-microtask 64ms (cache miss)
335 silly packumentCache full:https://registry.npmjs.org/queue-microtask set size:undefined disposed:false
336 silly placeDep ROOT reusify@1.0.4 OK for: fastq@1.17.1 want: ^1.0.4
337 silly placeDep ROOT to-regex-range@5.0.1 OK for: fill-range@7.1.1 want: ^5.0.1
338 silly fetch manifest is-number@^7.0.0
339 silly packumentCache full:https://registry.npmjs.org/is-number cache-miss
340 http fetch GET 200 https://registry.npmjs.org/is-number 63ms (cache miss)
341 silly packumentCache full:https://registry.npmjs.org/is-number set size:undefined disposed:false
342 silly placeDep ROOT binary-extensions@2.3.0 OK for: is-binary-path@2.1.0 want: ^2.0.0
343 silly placeDep ROOT is-extglob@2.1.1 OK for: is-glob@4.0.3 want: ^2.1.1
344 silly placeDep ROOT postcss-value-parser@4.2.0 OK for: postcss-import@15.1.0 want: ^4.0.0
345 silly placeDep ROOT read-cache@1.0.0 OK for: postcss-import@15.1.0 want: ^1.0.0
346 silly fetch manifest pify@^2.3.0
347 silly packumentCache full:https://registry.npmjs.org/pify cache-miss
348 http fetch GET 200 https://registry.npmjs.org/pify 60ms (cache miss)
349 silly packumentCache full:https://registry.npmjs.org/pify set size:undefined disposed:false
350 silly placeDep ROOT camelcase-css@2.0.1 OK for: postcss-js@4.0.1 want: ^2.0.1
351 silly placeDep ROOT yaml@2.6.1 OK for: postcss-load-config@4.0.2 want: ^2.3.4
352 silly placeDep ROOT cssesc@3.0.0 OK for: postcss-selector-parser@6.1.2 want: ^3.0.0
353 silly placeDep ROOT util-deprecate@1.0.2 OK for: postcss-selector-parser@6.1.2 want: ^1.0.2
354 silly placeDep ROOT pify@2.3.0 OK for: read-cache@1.0.0 want: ^2.3.0
355 silly placeDep ROOT is-core-module@2.16.0 OK for: resolve@1.22.9 want: ^2.16.0
356 silly placeDep ROOT path-parse@1.0.7 OK for: resolve@1.22.9 want: ^1.0.7
357 silly placeDep ROOT supports-preserve-symlinks-flag@1.0.0 OK for: resolve@1.22.9 want: ^1.0.0
358 silly fetch manifest hasown@^2.0.2
359 silly packumentCache full:https://registry.npmjs.org/hasown cache-miss
360 http fetch GET 200 https://registry.npmjs.org/hasown 61ms (cache miss)
361 silly packumentCache full:https://registry.npmjs.org/hasown set size:undefined disposed:false
362 silly placeDep ROOT hasown@2.0.2 OK for: is-core-module@2.16.0 want: ^2.0.2
363 silly fetch manifest function-bind@^1.1.2
364 silly packumentCache full:https://registry.npmjs.org/function-bind cache-miss
365 http fetch GET 200 https://registry.npmjs.org/function-bind 57ms (cache miss)
366 silly packumentCache full:https://registry.npmjs.org/function-bind set size:undefined disposed:false
367 silly placeDep ROOT function-bind@1.1.2 OK for: hasown@2.0.2 want: ^1.1.2
368 silly placeDep ROOT queue-microtask@1.2.3 OK for: run-parallel@1.2.0 want: ^1.2.2
369 silly placeDep ROOT @jridgewell/gen-mapping@0.3.8 OK for: sucrase@3.35.0 want: ^0.3.2
370 silly placeDep ROOT commander@4.1.1 OK for: sucrase@3.35.0 want: ^4.0.0
371 silly placeDep ROOT glob@10.4.5 OK for: sucrase@3.35.0 want: ^10.3.10
372 silly placeDep ROOT lines-and-columns@1.2.4 OK for: sucrase@3.35.0 want: ^1.1.6
373 silly placeDep ROOT mz@2.7.0 OK for: sucrase@3.35.0 want: ^2.7.0
374 silly placeDep ROOT pirates@4.0.6 OK for: sucrase@3.35.0 want: ^4.0.1
375 silly placeDep ROOT ts-interface-checker@0.1.13 OK for: sucrase@3.35.0 want: ^0.1.9
376 silly fetch manifest @jridgewell/set-array@^1.2.1
377 silly packumentCache full:https://registry.npmjs.org/@jridgewell%2fset-array cache-miss
378 silly fetch manifest @jridgewell/sourcemap-codec@^1.4.10
379 silly packumentCache full:https://registry.npmjs.org/@jridgewell%2fsourcemap-codec cache-miss
380 silly fetch manifest @jridgewell/trace-mapping@^0.3.24
381 silly packumentCache full:https://registry.npmjs.org/@jridgewell%2ftrace-mapping cache-miss
382 silly fetch manifest minipass@^7.1.2
383 silly packumentCache full:https://registry.npmjs.org/minipass cache-miss
384 silly fetch manifest jackspeak@^3.1.2
385 silly packumentCache full:https://registry.npmjs.org/jackspeak cache-miss
386 silly fetch manifest minimatch@^9.0.4
387 silly packumentCache full:https://registry.npmjs.org/minimatch cache-miss
388 silly fetch manifest path-scurry@^1.11.1
389 silly packumentCache full:https://registry.npmjs.org/path-scurry cache-miss
390 silly fetch manifest foreground-child@^3.1.0
391 silly packumentCache full:https://registry.npmjs.org/foreground-child cache-miss
392 silly fetch manifest package-json-from-dist@^1.0.0
393 silly packumentCache full:https://registry.npmjs.org/package-json-from-dist cache-miss
394 silly fetch manifest any-promise@^1.0.0
395 silly packumentCache full:https://registry.npmjs.org/any-promise cache-miss
396 silly fetch manifest object-assign@^4.0.1
397 silly packumentCache full:https://registry.npmjs.org/object-assign cache-miss
398 http fetch GET 200 https://registry.npmjs.org/package-json-from-dist 132ms (cache miss)
399 silly packumentCache full:https://registry.npmjs.org/package-json-from-dist set size:undefined disposed:false
400 silly fetch manifest thenify-all@^1.0.0
401 silly packumentCache full:https://registry.npmjs.org/thenify-all cache-miss
402 http fetch GET 200 https://registry.npmjs.org/object-assign 144ms (cache miss)
403 silly packumentCache full:https://registry.npmjs.org/object-assign set size:undefined disposed:false
404 http fetch GET 200 https://registry.npmjs.org/foreground-child 155ms (cache miss)
405 silly packumentCache full:https://registry.npmjs.org/foreground-child set size:undefined disposed:false
406 http fetch GET 200 https://registry.npmjs.org/@jridgewell%2fsourcemap-codec 177ms (cache miss)
407 silly packumentCache full:https://registry.npmjs.org/@jridgewell%2fsourcemap-codec set size:undefined disposed:false
408 http fetch GET 200 https://registry.npmjs.org/path-scurry 169ms (cache miss)
409 silly packumentCache full:https://registry.npmjs.org/path-scurry set size:undefined disposed:false
410 http fetch GET 200 https://registry.npmjs.org/any-promise 170ms (cache miss)
411 silly packumentCache full:https://registry.npmjs.org/any-promise set size:undefined disposed:false
412 http fetch GET 200 https://registry.npmjs.org/@jridgewell%2ftrace-mapping 182ms (cache miss)
413 silly packumentCache full:https://registry.npmjs.org/@jridgewell%2ftrace-mapping set size:undefined disposed:false
414 http fetch GET 200 https://registry.npmjs.org/@jridgewell%2fset-array 197ms (cache miss)
415 silly packumentCache full:https://registry.npmjs.org/@jridgewell%2fset-array set size:undefined disposed:false
416 http fetch GET 200 https://registry.npmjs.org/jackspeak 190ms (cache miss)
417 silly packumentCache full:https://registry.npmjs.org/jackspeak set size:undefined disposed:false
418 http fetch GET 200 https://registry.npmjs.org/minimatch 204ms (cache miss)
419 silly packumentCache full:https://registry.npmjs.org/minimatch set size:undefined disposed:false
420 http fetch GET 200 https://registry.npmjs.org/minipass 216ms (cache miss)
421 silly packumentCache full:https://registry.npmjs.org/minipass set size:undefined disposed:false
422 http fetch GET 200 https://registry.npmjs.org/thenify-all 81ms (cache miss)
423 silly packumentCache full:https://registry.npmjs.org/thenify-all set size:undefined disposed:false
424 silly placeDep ROOT @jridgewell/set-array@1.2.1 OK for: @jridgewell/gen-mapping@0.3.8 want: ^1.2.1
425 silly placeDep ROOT @jridgewell/sourcemap-codec@1.5.0 OK for: @jridgewell/gen-mapping@0.3.8 want: ^1.4.10
426 silly placeDep ROOT @jridgewell/trace-mapping@0.3.25 OK for: @jridgewell/gen-mapping@0.3.8 want: ^0.3.24
427 silly fetch manifest @jridgewell/resolve-uri@^3.1.0
428 silly packumentCache full:https://registry.npmjs.org/@jridgewell%2fresolve-uri cache-miss
429 http fetch GET 200 https://registry.npmjs.org/@jridgewell%2fresolve-uri 78ms (cache miss)
430 silly packumentCache full:https://registry.npmjs.org/@jridgewell%2fresolve-uri set size:undefined disposed:false
431 silly placeDep ROOT @jridgewell/resolve-uri@3.1.2 OK for: @jridgewell/trace-mapping@0.3.25 want: ^3.1.0
432 silly placeDep ROOT foreground-child@3.3.0 OK for: glob@10.4.5 want: ^3.1.0
433 silly placeDep ROOT jackspeak@3.4.3 OK for: glob@10.4.5 want: ^3.1.2
434 silly placeDep ROOT minimatch@9.0.5 OK for: glob@10.4.5 want: ^9.0.4
435 silly placeDep ROOT minipass@7.1.2 OK for: glob@10.4.5 want: ^7.1.2
436 silly placeDep ROOT package-json-from-dist@1.0.1 OK for: glob@10.4.5 want: ^1.0.0
437 silly placeDep ROOT path-scurry@1.11.1 OK for: glob@10.4.5 want: ^1.11.1
438 silly fetch manifest cross-spawn@^7.0.0
439 silly packumentCache full:https://registry.npmjs.org/cross-spawn cache-miss
440 silly fetch manifest signal-exit@^4.0.1
441 silly packumentCache full:https://registry.npmjs.org/signal-exit cache-miss
442 silly fetch manifest @isaacs/cliui@^8.0.2
443 silly packumentCache full:https://registry.npmjs.org/@isaacs%2fcliui cache-miss
444 silly fetch manifest @pkgjs/parseargs@^0.11.0
445 silly packumentCache full:https://registry.npmjs.org/@pkgjs%2fparseargs cache-miss
446 silly fetch manifest brace-expansion@^2.0.1
447 silly packumentCache full:https://registry.npmjs.org/brace-expansion cache-miss
448 silly fetch manifest lru-cache@^10.2.0
449 silly packumentCache full:https://registry.npmjs.org/lru-cache cache-miss
450 http fetch GET 200 https://registry.npmjs.org/cross-spawn 77ms (cache miss)
451 silly packumentCache full:https://registry.npmjs.org/cross-spawn set size:undefined disposed:false
452 http fetch GET 200 https://registry.npmjs.org/signal-exit 88ms (cache miss)
453 silly packumentCache full:https://registry.npmjs.org/signal-exit set size:undefined disposed:false
454 http fetch GET 200 https://registry.npmjs.org/brace-expansion 93ms (cache miss)
455 silly packumentCache full:https://registry.npmjs.org/brace-expansion set size:undefined disposed:false
456 http fetch GET 200 https://registry.npmjs.org/@isaacs%2fcliui 98ms (cache miss)
457 silly packumentCache full:https://registry.npmjs.org/@isaacs%2fcliui set size:undefined disposed:false
458 http fetch GET 200 https://registry.npmjs.org/@pkgjs%2fparseargs 101ms (cache miss)
459 silly packumentCache full:https://registry.npmjs.org/@pkgjs%2fparseargs set size:undefined disposed:false
460 http fetch GET 200 https://registry.npmjs.org/lru-cache 102ms (cache miss)
461 silly packumentCache full:https://registry.npmjs.org/lru-cache set size:undefined disposed:false
462 silly placeDep ROOT cross-spawn@7.0.6 OK for: foreground-child@3.3.0 want: ^7.0.0
463 silly placeDep ROOT signal-exit@4.1.0 OK for: foreground-child@3.3.0 want: ^4.0.1
464 silly fetch manifest which@^2.0.1
465 silly packumentCache full:https://registry.npmjs.org/which cache-miss
466 silly fetch manifest path-key@^3.1.0
467 silly packumentCache full:https://registry.npmjs.org/path-key cache-miss
468 silly fetch manifest shebang-command@^2.0.0
469 silly packumentCache full:https://registry.npmjs.org/shebang-command cache-miss
470 http fetch GET 200 https://registry.npmjs.org/which 55ms (cache miss)
471 silly packumentCache full:https://registry.npmjs.org/which set size:undefined disposed:false
472 http fetch GET 200 https://registry.npmjs.org/path-key 60ms (cache miss)
473 silly packumentCache full:https://registry.npmjs.org/path-key set size:undefined disposed:false
474 http fetch GET 200 https://registry.npmjs.org/shebang-command 82ms (cache miss)
475 silly packumentCache full:https://registry.npmjs.org/shebang-command set size:undefined disposed:false
476 silly placeDep ROOT path-key@3.1.1 OK for: cross-spawn@7.0.6 want: ^3.1.0
477 silly placeDep ROOT shebang-command@2.0.0 OK for: cross-spawn@7.0.6 want: ^2.0.0
478 silly placeDep ROOT which@2.0.2 OK for: cross-spawn@7.0.6 want: ^2.0.1
479 silly fetch manifest shebang-regex@^3.0.0
480 silly packumentCache full:https://registry.npmjs.org/shebang-regex cache-miss
481 silly fetch manifest isexe@^2.0.0
482 silly packumentCache full:https://registry.npmjs.org/isexe cache-miss
483 http fetch GET 200 https://registry.npmjs.org/shebang-regex 63ms (cache miss)
484 silly packumentCache full:https://registry.npmjs.org/shebang-regex set size:undefined disposed:false
485 http fetch GET 200 https://registry.npmjs.org/isexe 63ms (cache miss)
486 silly packumentCache full:https://registry.npmjs.org/isexe set size:undefined disposed:false
487 silly placeDep ROOT @isaacs/cliui@8.0.2 OK for: jackspeak@3.4.3 want: ^8.0.2
488 silly placeDep ROOT @pkgjs/parseargs@0.11.0 OK for: jackspeak@3.4.3 want: ^0.11.0
489 silly fetch manifest string-width@^5.1.2
490 silly packumentCache full:https://registry.npmjs.org/string-width cache-miss
491 silly fetch manifest string-width-cjs@npm:string-width@^4.2.0
492 silly packumentCache full:https://registry.npmjs.org/string-width cache-miss
493 silly fetch manifest strip-ansi@^7.0.1
494 silly packumentCache full:https://registry.npmjs.org/strip-ansi cache-miss
495 silly fetch manifest strip-ansi-cjs@npm:strip-ansi@^6.0.1
496 silly packumentCache full:https://registry.npmjs.org/strip-ansi cache-miss
497 silly fetch manifest wrap-ansi@^8.1.0
498 silly packumentCache full:https://registry.npmjs.org/wrap-ansi cache-miss
499 silly fetch manifest wrap-ansi-cjs@npm:wrap-ansi@^7.0.0
500 silly packumentCache full:https://registry.npmjs.org/wrap-ansi cache-miss
501 http fetch GET 200 https://registry.npmjs.org/strip-ansi 77ms (cache miss)
502 silly packumentCache full:https://registry.npmjs.org/strip-ansi set size:undefined disposed:false
503 http fetch GET 200 https://registry.npmjs.org/string-width 84ms (cache miss)
504 silly packumentCache full:https://registry.npmjs.org/string-width set size:undefined disposed:false
505 http fetch GET 200 https://registry.npmjs.org/strip-ansi 81ms (cache miss)
506 silly packumentCache full:https://registry.npmjs.org/strip-ansi set size:undefined disposed:false
507 http fetch GET 200 https://registry.npmjs.org/string-width 87ms (cache miss)
508 silly packumentCache full:https://registry.npmjs.org/string-width set size:undefined disposed:false
509 http fetch GET 200 https://registry.npmjs.org/wrap-ansi 83ms (cache miss)
510 silly packumentCache full:https://registry.npmjs.org/wrap-ansi set size:undefined disposed:false
511 http fetch GET 200 https://registry.npmjs.org/wrap-ansi 82ms (cache miss)
512 silly packumentCache full:https://registry.npmjs.org/wrap-ansi set size:undefined disposed:false
513 silly placeDep ROOT string-width@5.1.2 OK for: @isaacs/cliui@8.0.2 want: ^5.1.2
514 silly placeDep ROOT string-width-cjs@4.2.3 OK for: @isaacs/cliui@8.0.2 want: npm:string-width@^4.2.0
515 silly placeDep ROOT strip-ansi@7.1.0 OK for: @isaacs/cliui@8.0.2 want: ^7.0.1
516 silly placeDep ROOT strip-ansi-cjs@6.0.1 OK for: @isaacs/cliui@8.0.2 want: npm:strip-ansi@^6.0.1
517 silly placeDep ROOT wrap-ansi@8.1.0 OK for: @isaacs/cliui@8.0.2 want: ^8.1.0
518 silly placeDep ROOT wrap-ansi-cjs@7.0.0 OK for: @isaacs/cliui@8.0.2 want: npm:wrap-ansi@^7.0.0
519 silly fetch manifest emoji-regex@^9.2.2
520 silly packumentCache full:https://registry.npmjs.org/emoji-regex cache-miss
521 silly fetch manifest eastasianwidth@^0.2.0
522 silly packumentCache full:https://registry.npmjs.org/eastasianwidth cache-miss
523 silly fetch manifest strip-ansi@^6.0.1
524 silly packumentCache full:https://registry.npmjs.org/strip-ansi cache-miss
525 silly fetch manifest emoji-regex@^8.0.0
526 silly packumentCache full:https://registry.npmjs.org/emoji-regex cache-miss
527 silly fetch manifest is-fullwidth-code-point@^3.0.0
528 silly packumentCache full:https://registry.npmjs.org/is-fullwidth-code-point cache-miss
529 silly fetch manifest ansi-regex@^6.0.1
530 silly packumentCache full:https://registry.npmjs.org/ansi-regex cache-miss
531 silly fetch manifest ansi-regex@^5.0.1
532 silly packumentCache full:https://registry.npmjs.org/ansi-regex cache-miss
533 silly fetch manifest ansi-styles@^6.1.0
534 silly packumentCache full:https://registry.npmjs.org/ansi-styles cache-miss
535 silly fetch manifest ansi-styles@^4.0.0
536 silly packumentCache full:https://registry.npmjs.org/ansi-styles cache-miss
537 silly fetch manifest string-width@^4.1.0
538 silly packumentCache full:https://registry.npmjs.org/string-width cache-miss
539 silly fetch manifest strip-ansi@^6.0.0
540 silly packumentCache full:https://registry.npmjs.org/strip-ansi cache-miss
541 http fetch GET 200 https://registry.npmjs.org/strip-ansi 36ms (cache hit)
542 silly packumentCache full:https://registry.npmjs.org/strip-ansi set size:43180 disposed:false
543 http fetch GET 200 https://registry.npmjs.org/string-width 26ms (cache hit)
544 silly packumentCache full:https://registry.npmjs.org/string-width set size:61460 disposed:false
545 http fetch GET 200 https://registry.npmjs.org/strip-ansi 25ms (cache hit)
546 silly packumentCache full:https://registry.npmjs.org/strip-ansi set size:43180 disposed:false
547 silly packumentCache full:https://registry.npmjs.org/strip-ansi dispose
548 http fetch GET 200 https://registry.npmjs.org/eastasianwidth 83ms (cache miss)
549 silly packumentCache full:https://registry.npmjs.org/eastasianwidth set size:undefined disposed:false
550 http fetch GET 200 https://registry.npmjs.org/is-fullwidth-code-point 83ms (cache miss)
551 silly packumentCache full:https://registry.npmjs.org/is-fullwidth-code-point set size:undefined disposed:false
552 http fetch GET 200 https://registry.npmjs.org/emoji-regex 91ms (cache miss)
553 silly packumentCache full:https://registry.npmjs.org/emoji-regex set size:undefined disposed:false
554 http fetch GET 200 https://registry.npmjs.org/ansi-regex 88ms (cache miss)
555 silly packumentCache full:https://registry.npmjs.org/ansi-regex set size:undefined disposed:false
556 http fetch GET 200 https://registry.npmjs.org/emoji-regex 94ms (cache miss)
557 silly packumentCache full:https://registry.npmjs.org/emoji-regex set size:undefined disposed:false
558 http fetch GET 200 https://registry.npmjs.org/ansi-regex 99ms (cache miss)
559 silly packumentCache full:https://registry.npmjs.org/ansi-regex set size:undefined disposed:false
560 http fetch GET 200 https://registry.npmjs.org/ansi-styles 99ms (cache miss)
561 silly packumentCache full:https://registry.npmjs.org/ansi-styles set size:undefined disposed:false
562 http fetch GET 200 https://registry.npmjs.org/ansi-styles 100ms (cache miss)
563 silly packumentCache full:https://registry.npmjs.org/ansi-styles set size:undefined disposed:false
564 silly placeDep ROOT brace-expansion@2.0.1 OK for: minimatch@9.0.5 want: ^2.0.1
565 silly fetch manifest balanced-match@^1.0.0
566 silly packumentCache full:https://registry.npmjs.org/balanced-match cache-miss
567 http fetch GET 200 https://registry.npmjs.org/balanced-match 54ms (cache miss)
568 silly packumentCache full:https://registry.npmjs.org/balanced-match set size:undefined disposed:false
569 silly placeDep ROOT balanced-match@1.0.2 OK for: brace-expansion@2.0.1 want: ^1.0.0
570 silly placeDep ROOT any-promise@1.3.0 OK for: mz@2.7.0 want: ^1.0.0
571 silly placeDep ROOT object-assign@4.1.1 OK for: mz@2.7.0 want: ^4.0.1
572 silly placeDep ROOT thenify-all@1.6.0 OK for: mz@2.7.0 want: ^1.0.0
573 silly fetch manifest thenify@>= 3.1.0 < 4
574 silly packumentCache full:https://registry.npmjs.org/thenify cache-miss
575 http fetch GET 200 https://registry.npmjs.org/thenify 56ms (cache miss)
576 silly packumentCache full:https://registry.npmjs.org/thenify set size:undefined disposed:false
577 silly placeDep ROOT lru-cache@10.4.3 OK for: path-scurry@1.11.1 want: ^10.2.0
578 silly placeDep ROOT shebang-regex@3.0.0 OK for: shebang-command@2.0.0 want: ^3.0.0
579 silly placeDep ROOT eastasianwidth@0.2.0 OK for: string-width@5.1.2 want: ^0.2.0
580 silly placeDep ROOT emoji-regex@9.2.2 OK for: string-width@5.1.2 want: ^9.2.2
581 silly placeDep node_modules/string-width-cjs emoji-regex@8.0.0 OK for: string-width@4.2.3 want: ^8.0.0
582 silly placeDep ROOT is-fullwidth-code-point@3.0.0 OK for: string-width@4.2.3 want: ^3.0.0
583 silly placeDep node_modules/string-width-cjs strip-ansi@6.0.1 OK for: string-width@4.2.3 want: ^6.0.1
584 silly placeDep ROOT ansi-regex@6.1.0 OK for: strip-ansi@7.1.0 want: ^6.0.1
585 silly placeDep node_modules/strip-ansi-cjs ansi-regex@5.0.1 OK for: strip-ansi@6.0.1 want: ^5.0.1
586 silly placeDep ROOT thenify@3.3.1 OK for: thenify-all@1.6.0 want: >= 3.1.0 < 4
587 silly placeDep ROOT is-number@7.0.0 OK for: to-regex-range@5.0.1 want: ^7.0.0
588 silly placeDep ROOT isexe@2.0.0 OK for: which@2.0.2 want: ^2.0.0
589 silly placeDep ROOT ansi-styles@6.2.1 OK for: wrap-ansi@8.1.0 want: ^6.1.0
590 silly placeDep node_modules/wrap-ansi-cjs ansi-styles@4.3.0 OK for: wrap-ansi@7.0.0 want: ^4.0.0
591 silly placeDep node_modules/wrap-ansi-cjs string-width@4.2.3 OK for: wrap-ansi@7.0.0 want: ^4.1.0
592 silly placeDep node_modules/wrap-ansi-cjs strip-ansi@6.0.1 OK for: wrap-ansi@7.0.0 want: ^6.0.0
593 silly fetch manifest color-convert@^2.0.1
594 silly packumentCache full:https://registry.npmjs.org/color-convert cache-miss
595 http fetch GET 200 https://registry.npmjs.org/color-convert 59ms (cache miss)
596 silly packumentCache full:https://registry.npmjs.org/color-convert set size:undefined disposed:false
597 silly placeDep node_modules/string-width-cjs ansi-regex@5.0.1 OK for: strip-ansi@6.0.1 want: ^5.0.1
598 silly placeDep ROOT color-convert@2.0.1 OK for: ansi-styles@4.3.0 want: ^2.0.1
599 silly fetch manifest color-name@~1.1.4
600 silly packumentCache full:https://registry.npmjs.org/color-name cache-miss
601 http fetch GET 200 https://registry.npmjs.org/color-name 60ms (cache miss)
602 silly packumentCache full:https://registry.npmjs.org/color-name set size:undefined disposed:false
603 silly placeDep ROOT color-name@1.1.4 OK for: color-convert@2.0.1 want: ~1.1.4
604 silly placeDep node_modules/wrap-ansi-cjs emoji-regex@8.0.0 OK for: string-width@4.2.3 want: ^8.0.0
605 silly placeDep node_modules/wrap-ansi-cjs ansi-regex@5.0.1 OK for: strip-ansi@6.0.1 want: ^5.0.1
606 silly reify moves {}
607 silly audit bulk request {
607 silly audit   '@esbuild/aix-ppc64': [ '0.24.0' ],
607 silly audit   '@esbuild/android-arm': [ '0.24.0' ],
607 silly audit   '@esbuild/android-arm64': [ '0.24.0' ],
607 silly audit   '@esbuild/android-x64': [ '0.24.0' ],
607 silly audit   '@esbuild/darwin-arm64': [ '0.24.0' ],
607 silly audit   '@esbuild/darwin-x64': [ '0.24.0' ],
607 silly audit   '@esbuild/freebsd-arm64': [ '0.24.0' ],
607 silly audit   '@esbuild/freebsd-x64': [ '0.24.0' ],
607 silly audit   '@esbuild/linux-arm': [ '0.24.0' ],
607 silly audit   '@esbuild/linux-arm64': [ '0.24.0' ],
607 silly audit   '@esbuild/linux-ia32': [ '0.24.0' ],
607 silly audit   '@esbuild/linux-loong64': [ '0.24.0' ],
607 silly audit   '@esbuild/linux-mips64el': [ '0.24.0' ],
607 silly audit   '@esbuild/linux-ppc64': [ '0.24.0' ],
607 silly audit   '@esbuild/linux-riscv64': [ '0.24.0' ],
607 silly audit   '@esbuild/linux-s390x': [ '0.24.0' ],
607 silly audit   '@esbuild/linux-x64': [ '0.24.0' ],
607 silly audit   '@esbuild/netbsd-x64': [ '0.24.0' ],
607 silly audit   '@esbuild/openbsd-arm64': [ '0.24.0' ],
607 silly audit   '@esbuild/openbsd-x64': [ '0.24.0' ],
607 silly audit   '@esbuild/sunos-x64': [ '0.24.0' ],
607 silly audit   '@esbuild/win32-arm64': [ '0.24.0' ],
607 silly audit   '@esbuild/win32-ia32': [ '0.24.0' ],
607 silly audit   '@esbuild/win32-x64': [ '0.24.0' ],
607 silly audit   '@rollup/rollup-android-arm-eabi': [ '4.28.0' ],
607 silly audit   '@rollup/rollup-android-arm64': [ '4.28.0' ],
607 silly audit   '@rollup/rollup-darwin-arm64': [ '4.28.0' ],
607 silly audit   '@rollup/rollup-darwin-x64': [ '4.28.0' ],
607 silly audit   '@rollup/rollup-freebsd-arm64': [ '4.28.0' ],
607 silly audit   '@rollup/rollup-freebsd-x64': [ '4.28.0' ],
607 silly audit   '@rollup/rollup-linux-arm-gnueabihf': [ '4.28.0' ],
607 silly audit   '@rollup/rollup-linux-arm-musleabihf': [ '4.28.0' ],
607 silly audit   '@rollup/rollup-linux-arm64-gnu': [ '4.28.0' ],
607 silly audit   '@rollup/rollup-linux-arm64-musl': [ '4.28.0' ],
607 silly audit   '@rollup/rollup-linux-powerpc64le-gnu': [ '4.28.0' ],
607 silly audit   '@rollup/rollup-linux-riscv64-gnu': [ '4.28.0' ],
607 silly audit   '@rollup/rollup-linux-s390x-gnu': [ '4.28.0' ],
607 silly audit   '@rollup/rollup-linux-x64-gnu': [ '4.28.0' ],
607 silly audit   '@rollup/rollup-linux-x64-musl': [ '4.28.0' ],
607 silly audit   '@rollup/rollup-win32-arm64-msvc': [ '4.28.0' ],
607 silly audit   '@rollup/rollup-win32-ia32-msvc': [ '4.28.0' ],
607 silly audit   '@rollup/rollup-win32-x64-msvc': [ '4.28.0' ],
607 silly audit   '@types/estree': [ '1.0.6' ],
607 silly audit   esbuild: [ '0.24.0' ],
607 silly audit   fsevents: [ '2.3.3' ],
607 silly audit   nanoid: [ '3.3.8' ],
607 silly audit   picocolors: [ '1.1.1' ],
607 silly audit   postcss: [ '8.4.49' ],
607 silly audit   rollup: [ '4.28.0' ],
607 silly audit   'source-map-js': [ '1.2.1' ],
607 silly audit   vite: [ '6.0.3' ],
607 silly audit   tailwindcss: [ '3.4.16' ],
607 silly audit   '@alloc/quick-lru': [ '5.2.0' ],
607 silly audit   arg: [ '5.0.2' ],
607 silly audit   chokidar: [ '3.6.0' ],
607 silly audit   didyoumean: [ '1.2.2' ],
607 silly audit   dlv: [ '1.1.3' ],
607 silly audit   'fast-glob': [ '3.3.2' ],
607 silly audit   'glob-parent': [ '6.0.2', '5.1.2' ],
607 silly audit   'is-glob': [ '4.0.3' ],
607 silly audit   jiti: [ '1.21.6' ],
607 silly audit   lilconfig: [ '3.1.3' ],
607 silly audit   micromatch: [ '4.0.8' ],
607 silly audit   'normalize-path': [ '3.0.0' ],
607 silly audit   'object-hash': [ '3.0.0' ],
607 silly audit   'postcss-import': [ '15.1.0' ],
607 silly audit   'postcss-js': [ '4.0.1' ],
607 silly audit   'postcss-load-config': [ '4.0.2' ],
607 silly audit   'postcss-nested': [ '6.2.0' ],
607 silly audit   'postcss-selector-parser': [ '6.1.2' ],
607 silly audit   resolve: [ '1.22.9' ],
607 silly audit   sucrase: [ '3.35.0' ],
607 silly audit   anymatch: [ '3.1.3' ],
607 silly audit   braces: [ '3.0.3' ],
607 silly audit   'is-binary-path': [ '2.1.0' ],
607 silly audit   readdirp: [ '3.6.0' ],
607 silly audit   picomatch: [ '2.3.1' ],
607 silly audit   'fill-range': [ '7.1.1' ],
607 silly audit   '@nodelib/fs.stat': [ '2.0.5' ],
607 silly audit   '@nodelib/fs.walk': [ '1.2.8' ],
607 silly audit   merge2: [ '1.4.1' ],
607 silly audit   '@nodelib/fs.scandir': [ '2.1.5' ],
607 silly audit   fastq: [ '1.17.1' ],
607 silly audit   'run-parallel': [ '1.2.0' ],
607 silly audit   reusify: [ '1.0.4' ],
607 silly audit   'to-regex-range': [ '5.0.1' ],
607 silly audit   'binary-extensions': [ '2.3.0' ],
607 silly audit   'is-extglob': [ '2.1.1' ],
607 silly audit   'postcss-value-parser': [ '4.2.0' ],
607 silly audit   'read-cache': [ '1.0.0' ],
607 silly audit   'camelcase-css': [ '2.0.1' ],
607 silly audit   yaml: [ '2.6.1' ],
607 silly audit   cssesc: [ '3.0.0' ],
607 silly audit   'util-deprecate': [ '1.0.2' ],
607 silly audit   pify: [ '2.3.0' ],
607 silly audit   'is-core-module': [ '2.16.0' ],
607 silly audit   'path-parse': [ '1.0.7' ],
607 silly audit   'supports-preserve-symlinks-flag': [ '1.0.0' ],
607 silly audit   hasown: [ '2.0.2' ],
607 silly audit   'function-bind': [ '1.1.2' ],
607 silly audit   'queue-microtask': [ '1.2.3' ],
607 silly audit   '@jridgewell/gen-mapping': [ '0.3.8' ],
607 silly audit   commander: [ '4.1.1' ],
607 silly audit   glob: [ '10.4.5' ],
607 silly audit   'lines-and-columns': [ '1.2.4' ],
607 silly audit   mz: [ '2.7.0' ],
607 silly audit   pirates: [ '4.0.6' ],
607 silly audit   'ts-interface-checker': [ '0.1.13' ],
607 silly audit   '@jridgewell/set-array': [ '1.2.1' ],
607 silly audit   '@jridgewell/sourcemap-codec': [ '1.5.0' ],
607 silly audit   '@jridgewell/trace-mapping': [ '0.3.25' ],
607 silly audit   '@jridgewell/resolve-uri': [ '3.1.2' ],
607 silly audit   'foreground-child': [ '3.3.0' ],
607 silly audit   jackspeak: [ '3.4.3' ],
607 silly audit   minimatch: [ '9.0.5' ],
607 silly audit   minipass: [ '7.1.2' ],
607 silly audit   'package-json-from-dist': [ '1.0.1' ],
607 silly audit   'path-scurry': [ '1.11.1' ],
607 silly audit   'cross-spawn': [ '7.0.6' ],
607 silly audit   'signal-exit': [ '4.1.0' ],
607 silly audit   'path-key': [ '3.1.1' ],
607 silly audit   'shebang-command': [ '2.0.0' ],
607 silly audit   which: [ '2.0.2' ],
607 silly audit   '@isaacs/cliui': [ '8.0.2' ],
607 silly audit   '@pkgjs/parseargs': [ '0.11.0' ],
607 silly audit   'string-width': [ '5.1.2', '4.2.3' ],
607 silly audit   'strip-ansi': [ '7.1.0', '6.0.1' ],
607 silly audit   'wrap-ansi': [ '8.1.0', '7.0.0' ],
607 silly audit   'brace-expansion': [ '2.0.1' ],
607 silly audit   'balanced-match': [ '1.0.2' ],
607 silly audit   'any-promise': [ '1.3.0' ],
607 silly audit   'object-assign': [ '4.1.1' ],
607 silly audit   'thenify-all': [ '1.6.0' ],
607 silly audit   'lru-cache': [ '10.4.3' ],
607 silly audit   'shebang-regex': [ '3.0.0' ],
607 silly audit   eastasianwidth: [ '0.2.0' ],
607 silly audit   'emoji-regex': [ '9.2.2', '8.0.0' ],
607 silly audit   'is-fullwidth-code-point': [ '3.0.0' ],
607 silly audit   'ansi-regex': [ '6.1.0', '5.0.1' ],
607 silly audit   thenify: [ '3.3.1' ],
607 silly audit   'is-number': [ '7.0.0' ],
607 silly audit   isexe: [ '2.0.0' ],
607 silly audit   'ansi-styles': [ '6.2.1', '4.3.0' ],
607 silly audit   'color-convert': [ '2.0.1' ],
607 silly audit   'color-name': [ '1.1.4' ]
607 silly audit }
608 verbose reify failed optional dependency C:\Users\Krishna jadhav\Desktop\web\node_modules\fsevents
609 silly reify mark deleted [ 'C:\\Users\\Krishna jadhav\\Desktop\\web\\node_modules\\fsevents' ]
610 verbose reify failed optional dependency C:\Users\Krishna jadhav\Desktop\web\node_modules\@rollup\rollup-win32-ia32-msvc
611 silly reify mark deleted [
611 silly reify   'C:\\Users\\Krishna jadhav\\Desktop\\web\\node_modules\\@rollup\\rollup-win32-ia32-msvc'
611 silly reify ]
612 verbose reify failed optional dependency C:\Users\Krishna jadhav\Desktop\web\node_modules\@rollup\rollup-win32-arm64-msvc
613 silly reify mark deleted [
613 silly reify   'C:\\Users\\Krishna jadhav\\Desktop\\web\\node_modules\\@rollup\\rollup-win32-arm64-msvc'
613 silly reify ]
614 verbose reify failed optional dependency C:\Users\Krishna jadhav\Desktop\web\node_modules\@rollup\rollup-linux-x64-musl
615 silly reify mark deleted [
615 silly reify   'C:\\Users\\Krishna jadhav\\Desktop\\web\\node_modules\\@rollup\\rollup-linux-x64-musl'
615 silly reify ]
616 verbose reify failed optional dependency C:\Users\Krishna jadhav\Desktop\web\node_modules\@rollup\rollup-linux-x64-gnu
617 silly reify mark deleted [
617 silly reify   'C:\\Users\\Krishna jadhav\\Desktop\\web\\node_modules\\@rollup\\rollup-linux-x64-gnu'
617 silly reify ]
618 verbose reify failed optional dependency C:\Users\Krishna jadhav\Desktop\web\node_modules\@rollup\rollup-linux-s390x-gnu
619 silly reify mark deleted [
619 silly reify   'C:\\Users\\Krishna jadhav\\Desktop\\web\\node_modules\\@rollup\\rollup-linux-s390x-gnu'
619 silly reify ]
620 verbose reify failed optional dependency C:\Users\Krishna jadhav\Desktop\web\node_modules\@rollup\rollup-linux-riscv64-gnu
621 silly reify mark deleted [
621 silly reify   'C:\\Users\\Krishna jadhav\\Desktop\\web\\node_modules\\@rollup\\rollup-linux-riscv64-gnu'
621 silly reify ]
622 verbose reify failed optional dependency C:\Users\Krishna jadhav\Desktop\web\node_modules\@rollup\rollup-linux-powerpc64le-gnu
623 silly reify mark deleted [
623 silly reify   'C:\\Users\\Krishna jadhav\\Desktop\\web\\node_modules\\@rollup\\rollup-linux-powerpc64le-gnu'
623 silly reify ]
624 verbose reify failed optional dependency C:\Users\Krishna jadhav\Desktop\web\node_modules\@rollup\rollup-linux-arm64-musl
625 silly reify mark deleted [
625 silly reify   'C:\\Users\\Krishna jadhav\\Desktop\\web\\node_modules\\@rollup\\rollup-linux-arm64-musl'
625 silly reify ]
626 verbose reify failed optional dependency C:\Users\Krishna jadhav\Desktop\web\node_modules\@rollup\rollup-linux-arm64-gnu
627 silly reify mark deleted [
627 silly reify   'C:\\Users\\Krishna jadhav\\Desktop\\web\\node_modules\\@rollup\\rollup-linux-arm64-gnu'
627 silly reify ]
628 verbose reify failed optional dependency C:\Users\Krishna jadhav\Desktop\web\node_modules\@rollup\rollup-linux-arm-musleabihf
629 silly reify mark deleted [
629 silly reify   'C:\\Users\\Krishna jadhav\\Desktop\\web\\node_modules\\@rollup\\rollup-linux-arm-musleabihf'
629 silly reify ]
630 verbose reify failed optional dependency C:\Users\Krishna jadhav\Desktop\web\node_modules\@rollup\rollup-linux-arm-gnueabihf
631 silly reify mark deleted [
631 silly reify   'C:\\Users\\Krishna jadhav\\Desktop\\web\\node_modules\\@rollup\\rollup-linux-arm-gnueabihf'
631 silly reify ]
632 verbose reify failed optional dependency C:\Users\Krishna jadhav\Desktop\web\node_modules\@rollup\rollup-freebsd-x64
633 silly reify mark deleted [
633 silly reify   'C:\\Users\\Krishna jadhav\\Desktop\\web\\node_modules\\@rollup\\rollup-freebsd-x64'
633 silly reify ]
634 verbose reify failed optional dependency C:\Users\Krishna jadhav\Desktop\web\node_modules\@rollup\rollup-freebsd-arm64
635 silly reify mark deleted [
635 silly reify   'C:\\Users\\Krishna jadhav\\Desktop\\web\\node_modules\\@rollup\\rollup-freebsd-arm64'
635 silly reify ]
636 verbose reify failed optional dependency C:\Users\Krishna jadhav\Desktop\web\node_modules\@rollup\rollup-darwin-x64
637 silly reify mark deleted [
637 silly reify   'C:\\Users\\Krishna jadhav\\Desktop\\web\\node_modules\\@rollup\\rollup-darwin-x64'
637 silly reify ]
638 verbose reify failed optional dependency C:\Users\Krishna jadhav\Desktop\web\node_modules\@rollup\rollup-darwin-arm64
639 silly reify mark deleted [
639 silly reify   'C:\\Users\\Krishna jadhav\\Desktop\\web\\node_modules\\@rollup\\rollup-darwin-arm64'
639 silly reify ]
640 verbose reify failed optional dependency C:\Users\Krishna jadhav\Desktop\web\node_modules\@rollup\rollup-android-arm64
641 silly reify mark deleted [
641 silly reify   'C:\\Users\\Krishna jadhav\\Desktop\\web\\node_modules\\@rollup\\rollup-android-arm64'
641 silly reify ]
642 verbose reify failed optional dependency C:\Users\Krishna jadhav\Desktop\web\node_modules\@rollup\rollup-android-arm-eabi
643 silly reify mark deleted [
643 silly reify   'C:\\Users\\Krishna jadhav\\Desktop\\web\\node_modules\\@rollup\\rollup-android-arm-eabi'
643 silly reify ]
644 verbose reify failed optional dependency C:\Users\Krishna jadhav\Desktop\web\node_modules\@esbuild\win32-ia32
645 silly reify mark deleted [
645 silly reify   'C:\\Users\\Krishna jadhav\\Desktop\\web\\node_modules\\@esbuild\\win32-ia32'
645 silly reify ]
646 verbose reify failed optional dependency C:\Users\Krishna jadhav\Desktop\web\node_modules\@esbuild\win32-arm64
647 silly reify mark deleted [
647 silly reify   'C:\\Users\\Krishna jadhav\\Desktop\\web\\node_modules\\@esbuild\\win32-arm64'
647 silly reify ]
648 verbose reify failed optional dependency C:\Users\Krishna jadhav\Desktop\web\node_modules\@esbuild\sunos-x64
649 silly reify mark deleted [
649 silly reify   'C:\\Users\\Krishna jadhav\\Desktop\\web\\node_modules\\@esbuild\\sunos-x64'
649 silly reify ]
650 verbose reify failed optional dependency C:\Users\Krishna jadhav\Desktop\web\node_modules\@esbuild\openbsd-x64
651 silly reify mark deleted [
651 silly reify   'C:\\Users\\Krishna jadhav\\Desktop\\web\\node_modules\\@esbuild\\openbsd-x64'
651 silly reify ]
652 verbose reify failed optional dependency C:\Users\Krishna jadhav\Desktop\web\node_modules\@esbuild\openbsd-arm64
653 silly reify mark deleted [
653 silly reify   'C:\\Users\\Krishna jadhav\\Desktop\\web\\node_modules\\@esbuild\\openbsd-arm64'
653 silly reify ]
654 verbose reify failed optional dependency C:\Users\Krishna jadhav\Desktop\web\node_modules\@esbuild\netbsd-x64
655 silly reify mark deleted [
655 silly reify   'C:\\Users\\Krishna jadhav\\Desktop\\web\\node_modules\\@esbuild\\netbsd-x64'
655 silly reify ]
656 verbose reify failed optional dependency C:\Users\Krishna jadhav\Desktop\web\node_modules\@esbuild\linux-x64
657 silly reify mark deleted [
657 silly reify   'C:\\Users\\Krishna jadhav\\Desktop\\web\\node_modules\\@esbuild\\linux-x64'
657 silly reify ]
658 verbose reify failed optional dependency C:\Users\Krishna jadhav\Desktop\web\node_modules\@esbuild\linux-s390x
659 silly reify mark deleted [
659 silly reify   'C:\\Users\\Krishna jadhav\\Desktop\\web\\node_modules\\@esbuild\\linux-s390x'
659 silly reify ]
660 verbose reify failed optional dependency C:\Users\Krishna jadhav\Desktop\web\node_modules\@esbuild\linux-riscv64
661 silly reify mark deleted [
661 silly reify   'C:\\Users\\Krishna jadhav\\Desktop\\web\\node_modules\\@esbuild\\linux-riscv64'
661 silly reify ]
662 verbose reify failed optional dependency C:\Users\Krishna jadhav\Desktop\web\node_modules\@esbuild\linux-ppc64
663 silly reify mark deleted [
663 silly reify   'C:\\Users\\Krishna jadhav\\Desktop\\web\\node_modules\\@esbuild\\linux-ppc64'
663 silly reify ]
664 verbose reify failed optional dependency C:\Users\Krishna jadhav\Desktop\web\node_modules\@esbuild\linux-mips64el
665 silly reify mark deleted [
665 silly reify   'C:\\Users\\Krishna jadhav\\Desktop\\web\\node_modules\\@esbuild\\linux-mips64el'
665 silly reify ]
666 verbose reify failed optional dependency C:\Users\Krishna jadhav\Desktop\web\node_modules\@esbuild\linux-loong64
667 silly reify mark deleted [
667 silly reify   'C:\\Users\\Krishna jadhav\\Desktop\\web\\node_modules\\@esbuild\\linux-loong64'
667 silly reify ]
668 verbose reify failed optional dependency C:\Users\Krishna jadhav\Desktop\web\node_modules\@esbuild\linux-ia32
669 silly reify mark deleted [
669 silly reify   'C:\\Users\\Krishna jadhav\\Desktop\\web\\node_modules\\@esbuild\\linux-ia32'
669 silly reify ]
670 verbose reify failed optional dependency C:\Users\Krishna jadhav\Desktop\web\node_modules\@esbuild\linux-arm64
671 silly reify mark deleted [
671 silly reify   'C:\\Users\\Krishna jadhav\\Desktop\\web\\node_modules\\@esbuild\\linux-arm64'
671 silly reify ]
672 verbose reify failed optional dependency C:\Users\Krishna jadhav\Desktop\web\node_modules\@esbuild\linux-arm
673 silly reify mark deleted [
673 silly reify   'C:\\Users\\Krishna jadhav\\Desktop\\web\\node_modules\\@esbuild\\linux-arm'
673 silly reify ]
674 verbose reify failed optional dependency C:\Users\Krishna jadhav\Desktop\web\node_modules\@esbuild\freebsd-x64
675 silly reify mark deleted [
675 silly reify   'C:\\Users\\Krishna jadhav\\Desktop\\web\\node_modules\\@esbuild\\freebsd-x64'
675 silly reify ]
676 verbose reify failed optional dependency C:\Users\Krishna jadhav\Desktop\web\node_modules\@esbuild\freebsd-arm64
677 silly reify mark deleted [
677 silly reify   'C:\\Users\\Krishna jadhav\\Desktop\\web\\node_modules\\@esbuild\\freebsd-arm64'
677 silly reify ]
678 verbose reify failed optional dependency C:\Users\Krishna jadhav\Desktop\web\node_modules\@esbuild\darwin-x64
679 silly reify mark deleted [
679 silly reify   'C:\\Users\\Krishna jadhav\\Desktop\\web\\node_modules\\@esbuild\\darwin-x64'
679 silly reify ]
680 verbose reify failed optional dependency C:\Users\Krishna jadhav\Desktop\web\node_modules\@esbuild\darwin-arm64
681 silly reify mark deleted [
681 silly reify   'C:\\Users\\Krishna jadhav\\Desktop\\web\\node_modules\\@esbuild\\darwin-arm64'
681 silly reify ]
682 verbose reify failed optional dependency C:\Users\Krishna jadhav\Desktop\web\node_modules\@esbuild\android-x64
683 silly reify mark deleted [
683 silly reify   'C:\\Users\\Krishna jadhav\\Desktop\\web\\node_modules\\@esbuild\\android-x64'
683 silly reify ]
684 verbose reify failed optional dependency C:\Users\Krishna jadhav\Desktop\web\node_modules\@esbuild\android-arm64
685 silly reify mark deleted [
685 silly reify   'C:\\Users\\Krishna jadhav\\Desktop\\web\\node_modules\\@esbuild\\android-arm64'
685 silly reify ]
686 verbose reify failed optional dependency C:\Users\Krishna jadhav\Desktop\web\node_modules\@esbuild\android-arm
687 silly reify mark deleted [
687 silly reify   'C:\\Users\\Krishna jadhav\\Desktop\\web\\node_modules\\@esbuild\\android-arm'
687 silly reify ]
688 verbose reify failed optional dependency C:\Users\Krishna jadhav\Desktop\web\node_modules\@esbuild\aix-ppc64
689 silly reify mark deleted [
689 silly reify   'C:\\Users\\Krishna jadhav\\Desktop\\web\\node_modules\\@esbuild\\aix-ppc64'
689 silly reify ]
690 silly tarball no local data for color-name@https://registry.npmjs.org/color-name/-/color-name-1.1.4.tgz. Extracting by manifest.
691 silly tarball no local data for color-convert@https://registry.npmjs.org/color-convert/-/color-convert-2.0.1.tgz. Extracting by manifest.
692 silly tarball no local data for ansi-styles@https://registry.npmjs.org/ansi-styles/-/ansi-styles-6.2.1.tgz. Extracting by manifest.
693 silly tarball no local data for isexe@https://registry.npmjs.org/isexe/-/isexe-2.0.0.tgz. Extracting by manifest.
694 silly tarball no local data for is-number@https://registry.npmjs.org/is-number/-/is-number-7.0.0.tgz. Extracting by manifest.
695 silly tarball no local data for emoji-regex@https://registry.npmjs.org/emoji-regex/-/emoji-regex-9.2.2.tgz. Extracting by manifest.
696 silly tarball no local data for thenify@https://registry.npmjs.org/thenify/-/thenify-3.3.1.tgz. Extracting by manifest.
697 silly tarball no local data for is-fullwidth-code-point@https://registry.npmjs.org/is-fullwidth-code-point/-/is-fullwidth-code-point-3.0.0.tgz. Extracting by manifest.
698 silly tarball no local data for ansi-regex@https://registry.npmjs.org/ansi-regex/-/ansi-regex-6.1.0.tgz. Extracting by manifest.
699 silly tarball no local data for eastasianwidth@https://registry.npmjs.org/eastasianwidth/-/eastasianwidth-0.2.0.tgz. Extracting by manifest.
700 silly tarball no local data for thenify-all@https://registry.npmjs.org/thenify-all/-/thenify-all-1.6.0.tgz. Extracting by manifest.
701 silly tarball no local data for shebang-regex@https://registry.npmjs.org/shebang-regex/-/shebang-regex-3.0.0.tgz. Extracting by manifest.
702 silly tarball no local data for object-assign@https://registry.npmjs.org/object-assign/-/object-assign-4.1.1.tgz. Extracting by manifest.
703 silly tarball no local data for any-promise@https://registry.npmjs.org/any-promise/-/any-promise-1.3.0.tgz. Extracting by manifest.
704 silly tarball no local data for wrap-ansi-cjs@https://registry.npmjs.org/wrap-ansi/-/wrap-ansi-7.0.0.tgz. Extracting by manifest.
705 silly tarball no local data for balanced-match@https://registry.npmjs.org/balanced-match/-/balanced-match-1.0.2.tgz. Extracting by manifest.
706 silly tarball no local data for brace-expansion@https://registry.npmjs.org/brace-expansion/-/brace-expansion-2.0.1.tgz. Extracting by manifest.
707 silly tarball no local data for lru-cache@https://registry.npmjs.org/lru-cache/-/lru-cache-10.4.3.tgz. Extracting by manifest.
708 silly tarball no local data for wrap-ansi@https://registry.npmjs.org/wrap-ansi/-/wrap-ansi-8.1.0.tgz. Extracting by manifest.
709 silly tarball no local data for string-width@https://registry.npmjs.org/string-width/-/string-width-5.1.2.tgz. Extracting by manifest.
710 silly tarball no local data for strip-ansi-cjs@https://registry.npmjs.org/strip-ansi/-/strip-ansi-6.0.1.tgz. Extracting by manifest.
711 silly tarball no local data for string-width-cjs@https://registry.npmjs.org/string-width/-/string-width-4.2.3.tgz. Extracting by manifest.
712 silly tarball no local data for strip-ansi@https://registry.npmjs.org/strip-ansi/-/strip-ansi-7.1.0.tgz. Extracting by manifest.
713 silly tarball no local data for @pkgjs/parseargs@https://registry.npmjs.org/@pkgjs/parseargs/-/parseargs-0.11.0.tgz. Extracting by manifest.
714 silly tarball no local data for @isaacs/cliui@https://registry.npmjs.org/@isaacs/cliui/-/cliui-8.0.2.tgz. Extracting by manifest.
715 silly tarball no local data for which@https://registry.npmjs.org/which/-/which-2.0.2.tgz. Extracting by manifest.
716 silly tarball no local data for shebang-command@https://registry.npmjs.org/shebang-command/-/shebang-command-2.0.0.tgz. Extracting by manifest.
717 silly tarball no local data for path-key@https://registry.npmjs.org/path-key/-/path-key-3.1.1.tgz. Extracting by manifest.
718 silly tarball no local data for signal-exit@https://registry.npmjs.org/signal-exit/-/signal-exit-4.1.0.tgz. Extracting by manifest.
719 silly tarball no local data for cross-spawn@https://registry.npmjs.org/cross-spawn/-/cross-spawn-7.0.6.tgz. Extracting by manifest.
720 silly tarball no local data for package-json-from-dist@https://registry.npmjs.org/package-json-from-dist/-/package-json-from-dist-1.0.1.tgz. Extracting by manifest.
721 silly tarball no local data for path-scurry@https://registry.npmjs.org/path-scurry/-/path-scurry-1.11.1.tgz. Extracting by manifest.
722 silly tarball no local data for minipass@https://registry.npmjs.org/minipass/-/minipass-7.1.2.tgz. Extracting by manifest.
723 silly tarball no local data for jackspeak@https://registry.npmjs.org/jackspeak/-/jackspeak-3.4.3.tgz. Extracting by manifest.
724 silly tarball no local data for @jridgewell/resolve-uri@https://registry.npmjs.org/@jridgewell/resolve-uri/-/resolve-uri-3.1.2.tgz. Extracting by manifest.
725 silly tarball no local data for foreground-child@https://registry.npmjs.org/foreground-child/-/foreground-child-3.3.0.tgz. Extracting by manifest.
726 silly tarball no local data for minimatch@https://registry.npmjs.org/minimatch/-/minimatch-9.0.5.tgz. Extracting by manifest.
727 silly tarball no local data for @jridgewell/trace-mapping@https://registry.npmjs.org/@jridgewell/trace-mapping/-/trace-mapping-0.3.25.tgz. Extracting by manifest.
728 silly tarball no local data for @jridgewell/set-array@https://registry.npmjs.org/@jridgewell/set-array/-/set-array-1.2.1.tgz. Extracting by manifest.
729 silly tarball no local data for pirates@https://registry.npmjs.org/pirates/-/pirates-4.0.6.tgz. Extracting by manifest.
730 silly tarball no local data for @jridgewell/sourcemap-codec@https://registry.npmjs.org/@jridgewell/sourcemap-codec/-/sourcemap-codec-1.5.0.tgz. Extracting by manifest.
731 silly tarball no local data for mz@https://registry.npmjs.org/mz/-/mz-2.7.0.tgz. Extracting by manifest.
732 silly tarball no local data for ts-interface-checker@https://registry.npmjs.org/ts-interface-checker/-/ts-interface-checker-0.1.13.tgz. Extracting by manifest.
733 silly tarball no local data for lines-and-columns@https://registry.npmjs.org/lines-and-columns/-/lines-and-columns-1.2.4.tgz. Extracting by manifest.
734 silly tarball no local data for @jridgewell/gen-mapping@https://registry.npmjs.org/@jridgewell/gen-mapping/-/gen-mapping-0.3.8.tgz. Extracting by manifest.
735 silly tarball no local data for glob@https://registry.npmjs.org/glob/-/glob-10.4.5.tgz. Extracting by manifest.
736 silly tarball no local data for function-bind@https://registry.npmjs.org/function-bind/-/function-bind-1.1.2.tgz. Extracting by manifest.
737 silly tarball no local data for queue-microtask@https://registry.npmjs.org/queue-microtask/-/queue-microtask-1.2.3.tgz. Extracting by manifest.
738 silly tarball no local data for hasown@https://registry.npmjs.org/hasown/-/hasown-2.0.2.tgz. Extracting by manifest.
739 silly tarball no local data for commander@https://registry.npmjs.org/commander/-/commander-4.1.1.tgz. Extracting by manifest.
740 silly tarball no local data for path-parse@https://registry.npmjs.org/path-parse/-/path-parse-1.0.7.tgz. Extracting by manifest.
741 silly tarball no local data for supports-preserve-symlinks-flag@https://registry.npmjs.org/supports-preserve-symlinks-flag/-/supports-preserve-symlinks-flag-1.0.0.tgz. Extracting by manifest.
742 silly tarball no local data for util-deprecate@https://registry.npmjs.org/util-deprecate/-/util-deprecate-1.0.2.tgz. Extracting by manifest.
743 silly tarball no local data for pify@https://registry.npmjs.org/pify/-/pify-2.3.0.tgz. Extracting by manifest.
744 silly tarball no local data for is-core-module@https://registry.npmjs.org/is-core-module/-/is-core-module-2.16.0.tgz. Extracting by manifest.
745 silly tarball no local data for yaml@https://registry.npmjs.org/yaml/-/yaml-2.6.1.tgz. Extracting by manifest.
746 silly tarball no local data for camelcase-css@https://registry.npmjs.org/camelcase-css/-/camelcase-css-2.0.1.tgz. Extracting by manifest.
747 silly tarball no local data for read-cache@https://registry.npmjs.org/read-cache/-/read-cache-1.0.0.tgz. Extracting by manifest.
748 silly tarball no local data for cssesc@https://registry.npmjs.org/cssesc/-/cssesc-3.0.0.tgz. Extracting by manifest.
749 silly tarball no local data for postcss-value-parser@https://registry.npmjs.org/postcss-value-parser/-/postcss-value-parser-4.2.0.tgz. Extracting by manifest.
750 silly tarball no local data for is-extglob@https://registry.npmjs.org/is-extglob/-/is-extglob-2.1.1.tgz. Extracting by manifest.
751 silly tarball no local data for run-parallel@https://registry.npmjs.org/run-parallel/-/run-parallel-1.2.0.tgz. Extracting by manifest.
752 silly tarball no local data for binary-extensions@https://registry.npmjs.org/binary-extensions/-/binary-extensions-2.3.0.tgz. Extracting by manifest.
753 silly tarball no local data for reusify@https://registry.npmjs.org/reusify/-/reusify-1.0.4.tgz. Extracting by manifest.
754 silly tarball no local data for to-regex-range@https://registry.npmjs.org/to-regex-range/-/to-regex-range-5.0.1.tgz. Extracting by manifest.
755 silly tarball no local data for fastq@https://registry.npmjs.org/fastq/-/fastq-1.17.1.tgz. Extracting by manifest.
756 silly tarball no local data for merge2@https://registry.npmjs.org/merge2/-/merge2-1.4.1.tgz. Extracting by manifest.
757 silly tarball no local data for @nodelib/fs.scandir@https://registry.npmjs.org/@nodelib/fs.scandir/-/fs.scandir-2.1.5.tgz. Extracting by manifest.
758 silly tarball no local data for @nodelib/fs.stat@https://registry.npmjs.org/@nodelib/fs.stat/-/fs.stat-2.0.5.tgz. Extracting by manifest.
759 silly tarball no local data for fill-range@https://registry.npmjs.org/fill-range/-/fill-range-7.1.1.tgz. Extracting by manifest.
760 silly tarball no local data for @nodelib/fs.walk@https://registry.npmjs.org/@nodelib/fs.walk/-/fs.walk-1.2.8.tgz. Extracting by manifest.
761 silly tarball no local data for picomatch@https://registry.npmjs.org/picomatch/-/picomatch-2.3.1.tgz. Extracting by manifest.
762 silly tarball no local data for readdirp@https://registry.npmjs.org/readdirp/-/readdirp-3.6.0.tgz. Extracting by manifest.
763 silly tarball no local data for anymatch@https://registry.npmjs.org/anymatch/-/anymatch-3.1.3.tgz. Extracting by manifest.
764 silly tarball no local data for is-binary-path@https://registry.npmjs.org/is-binary-path/-/is-binary-path-2.1.0.tgz. Extracting by manifest.
765 silly tarball no local data for braces@https://registry.npmjs.org/braces/-/braces-3.0.3.tgz. Extracting by manifest.
766 silly tarball no local data for sucrase@https://registry.npmjs.org/sucrase/-/sucrase-3.35.0.tgz. Extracting by manifest.
767 silly tarball no local data for resolve@https://registry.npmjs.org/resolve/-/resolve-1.22.9.tgz. Extracting by manifest.
768 silly tarball no local data for postcss-selector-parser@https://registry.npmjs.org/postcss-selector-parser/-/postcss-selector-parser-6.1.2.tgz. Extracting by manifest.
769 silly tarball no local data for postcss-js@https://registry.npmjs.org/postcss-js/-/postcss-js-4.0.1.tgz. Extracting by manifest.
770 silly tarball no local data for postcss-nested@https://registry.npmjs.org/postcss-nested/-/postcss-nested-6.2.0.tgz. Extracting by manifest.
771 silly tarball no local data for postcss-import@https://registry.npmjs.org/postcss-import/-/postcss-import-15.1.0.tgz. Extracting by manifest.
772 silly tarball no local data for postcss-load-config@https://registry.npmjs.org/postcss-load-config/-/postcss-load-config-4.0.2.tgz. Extracting by manifest.
773 silly tarball no local data for normalize-path@https://registry.npmjs.org/normalize-path/-/normalize-path-3.0.0.tgz. Extracting by manifest.
774 silly tarball no local data for object-hash@https://registry.npmjs.org/object-hash/-/object-hash-3.0.0.tgz. Extracting by manifest.
775 silly tarball no local data for micromatch@https://registry.npmjs.org/micromatch/-/micromatch-4.0.8.tgz. Extracting by manifest.
776 silly tarball no local data for lilconfig@https://registry.npmjs.org/lilconfig/-/lilconfig-3.1.3.tgz. Extracting by manifest.
777 silly tarball no local data for glob-parent@https://registry.npmjs.org/glob-parent/-/glob-parent-6.0.2.tgz. Extracting by manifest.
778 silly tarball no local data for jiti@https://registry.npmjs.org/jiti/-/jiti-1.21.6.tgz. Extracting by manifest.
779 silly tarball no local data for is-glob@https://registry.npmjs.org/is-glob/-/is-glob-4.0.3.tgz. Extracting by manifest.
780 silly tarball no local data for dlv@https://registry.npmjs.org/dlv/-/dlv-1.1.3.tgz. Extracting by manifest.
781 silly tarball no local data for fast-glob@https://registry.npmjs.org/fast-glob/-/fast-glob-3.3.2.tgz. Extracting by manifest.
782 silly tarball no local data for chokidar@https://registry.npmjs.org/chokidar/-/chokidar-3.6.0.tgz. Extracting by manifest.
783 silly tarball no local data for arg@https://registry.npmjs.org/arg/-/arg-5.0.2.tgz. Extracting by manifest.
784 silly tarball no local data for ansi-regex@https://registry.npmjs.org/ansi-regex/-/ansi-regex-5.0.1.tgz. Extracting by manifest.
785 silly tarball no local data for didyoumean@https://registry.npmjs.org/didyoumean/-/didyoumean-1.2.2.tgz. Extracting by manifest.
786 silly tarball no local data for tailwindcss@https://registry.npmjs.org/tailwindcss/-/tailwindcss-3.4.16.tgz. Extracting by manifest.
787 silly tarball no local data for @alloc/quick-lru@https://registry.npmjs.org/@alloc/quick-lru/-/quick-lru-5.2.0.tgz. Extracting by manifest.
788 silly tarball no local data for emoji-regex@https://registry.npmjs.org/emoji-regex/-/emoji-regex-8.0.0.tgz. Extracting by manifest.
789 silly tarball no local data for ansi-regex@https://registry.npmjs.org/ansi-regex/-/ansi-regex-5.0.1.tgz. Extracting by manifest.
790 silly tarball no local data for strip-ansi@https://registry.npmjs.org/strip-ansi/-/strip-ansi-6.0.1.tgz. Extracting by manifest.
791 silly tarball no local data for ansi-regex@https://registry.npmjs.org/ansi-regex/-/ansi-regex-5.0.1.tgz. Extracting by manifest.
792 silly tarball no local data for string-width@https://registry.npmjs.org/string-width/-/string-width-4.2.3.tgz. Extracting by manifest.
793 silly tarball no local data for ansi-styles@https://registry.npmjs.org/ansi-styles/-/ansi-styles-4.3.0.tgz. Extracting by manifest.
794 silly tarball no local data for emoji-regex@https://registry.npmjs.org/emoji-regex/-/emoji-regex-8.0.0.tgz. Extracting by manifest.
795 silly tarball no local data for strip-ansi@https://registry.npmjs.org/strip-ansi/-/strip-ansi-6.0.1.tgz. Extracting by manifest.
796 silly tarball no local data for glob-parent@https://registry.npmjs.org/glob-parent/-/glob-parent-5.1.2.tgz. Extracting by manifest.
797 silly tarball no local data for glob-parent@https://registry.npmjs.org/glob-parent/-/glob-parent-5.1.2.tgz. Extracting by manifest.
798 http fetch POST 200 https://registry.npmjs.org/-/npm/v1/security/advisories/bulk 590ms
799 silly audit report {}
800 http fetch GET 200 https://registry.npmjs.org/ansi-styles/-/ansi-styles-6.2.1.tgz 975ms (cache miss)
801 http fetch GET 200 https://registry.npmjs.org/color-convert/-/color-convert-2.0.1.tgz 976ms (cache miss)
802 http fetch GET 200 https://registry.npmjs.org/ansi-regex/-/ansi-regex-6.1.0.tgz 962ms (cache miss)
803 http fetch GET 200 https://registry.npmjs.org/eastasianwidth/-/eastasianwidth-0.2.0.tgz 962ms (cache miss)
804 http fetch GET 200 https://registry.npmjs.org/color-name/-/color-name-1.1.4.tgz 1055ms (cache miss)
805 http fetch GET 200 https://registry.npmjs.org/is-number/-/is-number-7.0.0.tgz 1047ms (cache miss)
806 http fetch GET 200 https://registry.npmjs.org/thenify/-/thenify-3.3.1.tgz 1045ms (cache miss)
807 http fetch GET 200 https://registry.npmjs.org/isexe/-/isexe-2.0.0.tgz 1051ms (cache miss)
808 http fetch GET 200 https://registry.npmjs.org/strip-ansi/-/strip-ansi-6.0.1.tgz 1023ms (cache miss)
809 http fetch GET 200 https://registry.npmjs.org/brace-expansion/-/brace-expansion-2.0.1.tgz 1055ms (cache miss)
810 http fetch GET 200 https://registry.npmjs.org/string-width/-/string-width-5.1.2.tgz 1052ms (cache miss)
811 http fetch GET 200 https://registry.npmjs.org/emoji-regex/-/emoji-regex-9.2.2.tgz 1113ms (cache miss)
812 http fetch GET 200 https://registry.npmjs.org/string-width/-/string-width-4.2.3.tgz 1085ms (cache miss)
813 http fetch GET 200 https://registry.npmjs.org/is-fullwidth-code-point/-/is-fullwidth-code-point-3.0.0.tgz 1107ms (cache miss)
814 http fetch GET 200 https://registry.npmjs.org/strip-ansi/-/strip-ansi-7.1.0.tgz 1085ms (cache miss)
815 http fetch GET 200 https://registry.npmjs.org/wrap-ansi/-/wrap-ansi-7.0.0.tgz 1109ms (cache miss)
816 http fetch GET 200 https://registry.npmjs.org/balanced-match/-/balanced-match-1.0.2.tgz 1109ms (cache miss)
817 http fetch GET 200 https://registry.npmjs.org/shebang-command/-/shebang-command-2.0.0.tgz 1092ms (cache miss)
818 http fetch GET 200 https://registry.npmjs.org/wrap-ansi/-/wrap-ansi-8.1.0.tgz 1106ms (cache miss)
819 http fetch GET 200 https://registry.npmjs.org/cross-spawn/-/cross-spawn-7.0.6.tgz 1105ms (cache miss)
820 http fetch GET 200 https://registry.npmjs.org/package-json-from-dist/-/package-json-from-dist-1.0.1.tgz 1105ms (cache miss)
821 http fetch GET 200 https://registry.npmjs.org/@isaacs/cliui/-/cliui-8.0.2.tgz 1170ms (cache miss)
822 http fetch GET 200 https://registry.npmjs.org/which/-/which-2.0.2.tgz 1170ms (cache miss)
823 http fetch GET 200 https://registry.npmjs.org/signal-exit/-/signal-exit-4.1.0.tgz 1165ms (cache miss)
824 http fetch GET 200 https://registry.npmjs.org/path-key/-/path-key-3.1.1.tgz 1168ms (cache miss)
825 http fetch GET 200 https://registry.npmjs.org/lines-and-columns/-/lines-and-columns-1.2.4.tgz 1141ms (cache miss)
826 http fetch GET 200 https://registry.npmjs.org/shebang-regex/-/shebang-regex-3.0.0.tgz 1210ms (cache miss)
827 http fetch GET 200 https://registry.npmjs.org/mz/-/mz-2.7.0.tgz 1159ms (cache miss)
828 http fetch GET 200 https://registry.npmjs.org/@jridgewell/resolve-uri/-/resolve-uri-3.1.2.tgz 1175ms (cache miss)
829 http fetch GET 200 https://registry.npmjs.org/path-parse/-/path-parse-1.0.7.tgz 1129ms (cache miss)
830 http fetch GET 200 https://registry.npmjs.org/pirates/-/pirates-4.0.6.tgz 1166ms (cache miss)
831 http fetch GET 200 https://registry.npmjs.org/pify/-/pify-2.3.0.tgz 1126ms (cache miss)
832 http fetch GET 200 https://registry.npmjs.org/foreground-child/-/foreground-child-3.3.0.tgz 1185ms (cache miss)
833 http fetch GET 200 https://registry.npmjs.org/@jridgewell/gen-mapping/-/gen-mapping-0.3.8.tgz 1168ms (cache miss)
834 http fetch GET 200 https://registry.npmjs.org/ts-interface-checker/-/ts-interface-checker-0.1.13.tgz 1173ms (cache miss)
835 http fetch GET 200 https://registry.npmjs.org/thenify-all/-/thenify-all-1.6.0.tgz 1241ms (cache miss)
836 http fetch GET 200 https://registry.npmjs.org/hasown/-/hasown-2.0.2.tgz 1160ms (cache miss)
837 http fetch GET 200 https://registry.npmjs.org/supports-preserve-symlinks-flag/-/supports-preserve-symlinks-flag-1.0.0.tgz 1157ms (cache miss)
838 http fetch GET 200 https://registry.npmjs.org/util-deprecate/-/util-deprecate-1.0.2.tgz 1156ms (cache miss)
839 http fetch GET 200 https://registry.npmjs.org/postcss-value-parser/-/postcss-value-parser-4.2.0.tgz 1144ms (cache miss)
840 http fetch GET 200 https://registry.npmjs.org/binary-extensions/-/binary-extensions-2.3.0.tgz 1140ms (cache miss)
841 http fetch GET 200 https://registry.npmjs.org/merge2/-/merge2-1.4.1.tgz 1136ms (cache miss)
842 http fetch GET 200 https://registry.npmjs.org/object-assign/-/object-assign-4.1.1.tgz 1249ms (cache miss)
843 http fetch GET 200 https://registry.npmjs.org/@jridgewell/set-array/-/set-array-1.2.1.tgz 1207ms (cache miss)
844 http fetch GET 200 https://registry.npmjs.org/read-cache/-/read-cache-1.0.0.tgz 1159ms (cache miss)
845 http fetch GET 200 https://registry.npmjs.org/queue-microtask/-/queue-microtask-1.2.3.tgz 1187ms (cache miss)
846 http fetch GET 200 https://registry.npmjs.org/fastq/-/fastq-1.17.1.tgz 1159ms (cache miss)
847 http fetch GET 200 https://registry.npmjs.org/braces/-/braces-3.0.3.tgz 1101ms (cache miss)
848 http fetch GET 200 https://registry.npmjs.org/camelcase-css/-/camelcase-css-2.0.1.tgz 1185ms (cache miss)
849 http fetch GET 200 https://registry.npmjs.org/normalize-path/-/normalize-path-3.0.0.tgz 1099ms (cache miss)
850 http fetch GET 200 https://registry.npmjs.org/is-extglob/-/is-extglob-2.1.1.tgz 1189ms (cache miss)
851 http fetch GET 200 https://registry.npmjs.org/run-parallel/-/run-parallel-1.2.0.tgz 1189ms (cache miss)
852 http fetch GET 200 https://registry.npmjs.org/anymatch/-/anymatch-3.1.3.tgz 1127ms (cache miss)
853 http fetch GET 200 https://registry.npmjs.org/postcss-js/-/postcss-js-4.0.1.tgz 1118ms (cache miss)
854 http fetch GET 200 https://registry.npmjs.org/@nodelib/fs.stat/-/fs.stat-2.0.5.tgz 1147ms (cache miss)
855 http fetch GET 200 https://registry.npmjs.org/to-regex-range/-/to-regex-range-5.0.1.tgz 1195ms (cache miss)
856 http fetch GET 200 https://registry.npmjs.org/readdirp/-/readdirp-3.6.0.tgz 1140ms (cache miss)
857 http fetch GET 200 https://registry.npmjs.org/@nodelib/fs.scandir/-/fs.scandir-2.1.5.tgz 1192ms (cache miss)
858 http fetch GET 200 https://registry.npmjs.org/postcss-nested/-/postcss-nested-6.2.0.tgz 1128ms (cache miss)
859 http fetch GET 200 https://registry.npmjs.org/postcss-load-config/-/postcss-load-config-4.0.2.tgz 1125ms (cache miss)
860 http fetch GET 200 https://registry.npmjs.org/is-binary-path/-/is-binary-path-2.1.0.tgz 1139ms (cache miss)
861 http fetch GET 200 https://registry.npmjs.org/didyoumean/-/didyoumean-1.2.2.tgz 1106ms (cache miss)
862 http fetch GET 200 https://registry.npmjs.org/@nodelib/fs.walk/-/fs.walk-1.2.8.tgz 1154ms (cache miss)
863 http fetch GET 200 https://registry.npmjs.org/micromatch/-/micromatch-4.0.8.tgz 1131ms (cache miss)
864 http fetch GET 200 https://registry.npmjs.org/glob-parent/-/glob-parent-6.0.2.tgz 1128ms (cache miss)
865 http fetch GET 200 https://registry.npmjs.org/postcss-import/-/postcss-import-15.1.0.tgz 1145ms (cache miss)
866 http fetch GET 200 https://registry.npmjs.org/ansi-regex/-/ansi-regex-5.0.1.tgz 1125ms (cache miss)
867 http fetch GET 200 https://registry.npmjs.org/is-glob/-/is-glob-4.0.3.tgz 1140ms (cache miss)
868 http fetch GET 200 https://registry.npmjs.org/emoji-regex/-/emoji-regex-8.0.0.tgz 1124ms (cache miss)
869 http fetch GET 200 https://registry.npmjs.org/strip-ansi/-/strip-ansi-6.0.1.tgz 1121ms (cache miss)
870 http fetch GET 200 https://registry.npmjs.org/strip-ansi/-/strip-ansi-6.0.1.tgz 1082ms (cache miss)
871 http fetch GET 200 https://registry.npmjs.org/arg/-/arg-5.0.2.tgz 1137ms (cache miss)
872 http fetch GET 200 https://registry.npmjs.org/ansi-regex/-/ansi-regex-5.0.1.tgz 1129ms (cache miss)
873 http fetch GET 200 https://registry.npmjs.org/@alloc/quick-lru/-/quick-lru-5.2.0.tgz 1135ms (cache miss)
874 http fetch GET 200 https://registry.npmjs.org/emoji-regex/-/emoji-regex-8.0.0.tgz 1098ms (cache miss)
875 http fetch GET 200 https://registry.npmjs.org/ansi-regex/-/ansi-regex-5.0.1.tgz 1147ms (cache miss)
876 http fetch GET 200 https://registry.npmjs.org/object-hash/-/object-hash-3.0.0.tgz 1179ms (cache miss)
877 http fetch GET 200 https://registry.npmjs.org/ansi-styles/-/ansi-styles-4.3.0.tgz 1114ms (cache miss)
878 http fetch GET 200 https://registry.npmjs.org/glob-parent/-/glob-parent-5.1.2.tgz 1107ms (cache miss)
879 http fetch GET 200 https://registry.npmjs.org/cssesc/-/cssesc-3.0.0.tgz 1267ms (cache miss)
880 http fetch GET 200 https://registry.npmjs.org/commander/-/commander-4.1.1.tgz 1283ms (cache miss)
881 http fetch GET 200 https://registry.npmjs.org/string-width/-/string-width-4.2.3.tgz 1125ms (cache miss)
882 http fetch GET 200 https://registry.npmjs.org/lilconfig/-/lilconfig-3.1.3.tgz 1189ms (cache miss)
883 http fetch GET 200 https://registry.npmjs.org/glob-parent/-/glob-parent-5.1.2.tgz 1123ms (cache miss)
884 http fetch GET 200 https://registry.npmjs.org/fill-range/-/fill-range-7.1.1.tgz 1229ms (cache miss)
885 http fetch GET 200 https://registry.npmjs.org/dlv/-/dlv-1.1.3.tgz 1230ms (cache miss)
886 http fetch GET 200 https://registry.npmjs.org/reusify/-/reusify-1.0.4.tgz 1323ms (cache miss)
887 http fetch GET 200 https://registry.npmjs.org/chokidar/-/chokidar-3.6.0.tgz 1244ms (cache miss)
888 http fetch GET 200 https://registry.npmjs.org/@jridgewell/sourcemap-codec/-/sourcemap-codec-1.5.0.tgz 1403ms (cache miss)
889 http fetch GET 200 https://registry.npmjs.org/picomatch/-/picomatch-2.3.1.tgz 1297ms (cache miss)
890 http fetch GET 200 https://registry.npmjs.org/is-core-module/-/is-core-module-2.16.0.tgz 1375ms (cache miss)
891 http fetch GET 200 https://registry.npmjs.org/function-bind/-/function-bind-1.1.2.tgz 1390ms (cache miss)
892 http fetch GET 200 https://registry.npmjs.org/@pkgjs/parseargs/-/parseargs-0.11.0.tgz 1478ms (cache miss)
893 http fetch GET 200 https://registry.npmjs.org/minipass/-/minipass-7.1.2.tgz 1473ms (cache miss)
894 http fetch GET 200 https://registry.npmjs.org/@jridgewell/trace-mapping/-/trace-mapping-0.3.25.tgz 1466ms (cache miss)
895 http fetch GET 200 https://registry.npmjs.org/path-scurry/-/path-scurry-1.11.1.tgz 1507ms (cache miss)
896 http fetch GET 200 https://registry.npmjs.org/jackspeak/-/jackspeak-3.4.3.tgz 1531ms (cache miss)
897 http fetch GET 200 https://registry.npmjs.org/lru-cache/-/lru-cache-10.4.3.tgz 1595ms (cache miss)
898 http fetch GET 200 https://registry.npmjs.org/any-promise/-/any-promise-1.3.0.tgz 1613ms (cache miss)
899 http fetch GET 200 https://registry.npmjs.org/postcss-selector-parser/-/postcss-selector-parser-6.1.2.tgz 1482ms (cache miss)
900 http fetch GET 200 https://registry.npmjs.org/jiti/-/jiti-1.21.6.tgz 1475ms (cache miss)
901 http fetch GET 200 https://registry.npmjs.org/minimatch/-/minimatch-9.0.5.tgz 1672ms (cache miss)
902 http fetch GET 200 https://registry.npmjs.org/fast-glob/-/fast-glob-3.3.2.tgz 1523ms (cache miss)
903 http fetch GET 200 https://registry.npmjs.org/glob/-/glob-10.4.5.tgz 1691ms (cache miss)
904 http fetch GET 200 https://registry.npmjs.org/sucrase/-/sucrase-3.35.0.tgz 2132ms (cache miss)
905 http fetch GET 200 https://registry.npmjs.org/yaml/-/yaml-2.6.1.tgz 2283ms (cache miss)
906 http fetch GET 200 https://registry.npmjs.org/tailwindcss/-/tailwindcss-3.4.16.tgz 2284ms (cache miss)
907 http fetch GET 200 https://registry.npmjs.org/resolve/-/resolve-1.22.9.tgz 4862ms (cache miss)
908 silly ADD node_modules/color-name
909 silly ADD node_modules/color-convert
910 silly ADD node_modules/ansi-styles
911 silly ADD node_modules/isexe
912 silly ADD node_modules/is-number
913 silly ADD node_modules/thenify
914 silly ADD node_modules/ansi-regex
915 silly ADD node_modules/is-fullwidth-code-point
916 silly ADD node_modules/emoji-regex
917 silly ADD node_modules/eastasianwidth
918 silly ADD node_modules/shebang-regex
919 silly ADD node_modules/lru-cache
920 silly ADD node_modules/thenify-all
921 silly ADD node_modules/object-assign
922 silly ADD node_modules/any-promise
923 silly ADD node_modules/balanced-match
924 silly ADD node_modules/brace-expansion
925 silly ADD node_modules/wrap-ansi-cjs
926 silly ADD node_modules/wrap-ansi-cjs/node_modules/ansi-regex
927 silly ADD node_modules/wrap-ansi-cjs/node_modules/emoji-regex
928 silly ADD node_modules/wrap-ansi-cjs/node_modules/strip-ansi
929 silly ADD node_modules/wrap-ansi-cjs/node_modules/string-width
930 silly ADD node_modules/wrap-ansi-cjs/node_modules/ansi-styles
931 silly ADD node_modules/wrap-ansi
932 silly ADD node_modules/strip-ansi-cjs
933 silly ADD node_modules/strip-ansi-cjs/node_modules/ansi-regex
934 silly ADD node_modules/strip-ansi
935 silly ADD node_modules/string-width-cjs
936 silly ADD node_modules/string-width-cjs/node_modules/ansi-regex
937 silly ADD node_modules/string-width-cjs/node_modules/strip-ansi
938 silly ADD node_modules/string-width-cjs/node_modules/emoji-regex
939 silly ADD node_modules/string-width
940 silly ADD node_modules/@pkgjs/parseargs
941 silly ADD node_modules/@isaacs/cliui
942 silly ADD node_modules/which
943 silly ADD node_modules/shebang-command
944 silly ADD node_modules/path-key
945 silly ADD node_modules/signal-exit
946 silly ADD node_modules/cross-spawn
947 silly ADD node_modules/path-scurry
948 silly ADD node_modules/package-json-from-dist
949 silly ADD node_modules/minipass
950 silly ADD node_modules/minimatch
951 silly ADD node_modules/jackspeak
952 silly ADD node_modules/foreground-child
953 silly ADD node_modules/@jridgewell/resolve-uri
954 silly ADD node_modules/@jridgewell/trace-mapping
955 silly ADD node_modules/@jridgewell/sourcemap-codec
956 silly ADD node_modules/@jridgewell/set-array
957 silly ADD node_modules/ts-interface-checker
958 silly ADD node_modules/pirates
959 silly ADD node_modules/mz
960 silly ADD node_modules/lines-and-columns
961 silly ADD node_modules/glob
962 silly ADD node_modules/commander
963 silly ADD node_modules/@jridgewell/gen-mapping
964 silly ADD node_modules/queue-microtask
965 silly ADD node_modules/function-bind
966 silly ADD node_modules/hasown
967 silly ADD node_modules/supports-preserve-symlinks-flag
968 silly ADD node_modules/path-parse
969 silly ADD node_modules/is-core-module
970 silly ADD node_modules/pify
971 silly ADD node_modules/util-deprecate
972 silly ADD node_modules/cssesc
973 silly ADD node_modules/yaml
974 silly ADD node_modules/camelcase-css
975 silly ADD node_modules/read-cache
976 silly ADD node_modules/postcss-value-parser
977 silly ADD node_modules/is-extglob
978 silly ADD node_modules/binary-extensions
979 silly ADD node_modules/to-regex-range
980 silly ADD node_modules/reusify
981 silly ADD node_modules/run-parallel
982 silly ADD node_modules/fastq
983 silly ADD node_modules/@nodelib/fs.scandir
984 silly ADD node_modules/merge2
985 silly ADD node_modules/@nodelib/fs.walk
986 silly ADD node_modules/@nodelib/fs.stat
987 silly ADD node_modules/fill-range
988 silly ADD node_modules/picomatch
989 silly ADD node_modules/readdirp
990 silly ADD node_modules/is-binary-path
991 silly ADD node_modules/braces
992 silly ADD node_modules/anymatch
993 silly ADD node_modules/sucrase
994 silly ADD node_modules/resolve
995 silly ADD node_modules/postcss-selector-parser
996 silly ADD node_modules/postcss-nested
997 silly ADD node_modules/postcss-load-config
998 silly ADD node_modules/postcss-js
999 silly ADD node_modules/postcss-import
1000 silly ADD node_modules/object-hash
1001 silly ADD node_modules/normalize-path
1002 silly ADD node_modules/micromatch
1003 silly ADD node_modules/lilconfig
1004 silly ADD node_modules/jiti
1005 silly ADD node_modules/is-glob
1006 silly ADD node_modules/glob-parent
1007 silly ADD node_modules/fast-glob
1008 silly ADD node_modules/fast-glob/node_modules/glob-parent
1009 silly ADD node_modules/dlv
1010 silly ADD node_modules/didyoumean
1011 silly ADD node_modules/chokidar
1012 silly ADD node_modules/chokidar/node_modules/glob-parent
1013 silly ADD node_modules/arg
1014 silly ADD node_modules/@alloc/quick-lru
1015 silly ADD node_modules/tailwindcss
1016 silly ADD
1017 silly ADD
1018 silly ADD
1019 silly ADD
1020 silly ADD
1021 silly ADD
1022 silly ADD
1023 silly ADD
1024 silly ADD
1025 silly ADD
1026 silly ADD
1027 silly ADD
1028 silly ADD
1029 silly ADD
1030 silly ADD
1031 silly ADD
1032 silly ADD
1033 silly ADD
1034 silly ADD
1035 silly ADD
1036 silly ADD
1037 silly ADD
1038 silly ADD
1039 silly ADD
1040 silly ADD
1041 silly ADD
1042 silly ADD
1043 silly ADD
1044 silly ADD
1045 silly ADD
1046 silly ADD
1047 silly ADD
1048 silly ADD
1049 silly ADD
1050 silly ADD
1051 silly ADD
1052 silly ADD
1053 silly ADD
1054 silly ADD
1055 silly ADD
1056 silly ADD
1057 verbose cwd C:\Users\Krishna jadhav\Desktop\web
1058 verbose os Windows_NT 10.0.22621
1059 verbose node v20.17.0
1060 verbose npm  v10.8.2
1061 notice
1061 notice New [33mminor[39m version of npm available! [33m10.8.2[39m -> [34m10.9.2[39m
1061 notice Changelog: [34mhttps://github.com/npm/cli/releases/tag/v10.9.2[39m
1061 notice To update run: [4mnpm install -g npm@10.9.2[24m
1061 notice  { force: true, [Symbol(proc-log.meta)]: true }
1062 verbose exit 0
1063 info ok
