0 verbose cli C:\Program Files\nodejs\node.exe C:\Program Files\nodejs\node_modules\npm\bin\npm-cli.js
1 info using npm@10.8.2
2 info using node@v20.17.0
3 silly config load:file:C:\Program Files\nodejs\node_modules\npm\npmrc
4 silly config load:file:C:\Users\Krishna jadhav\Desktop\web\reactLearnings\07reactRouter\.npmrc
5 silly config load:file:C:\Users\Krishna jadhav\.npmrc
6 silly config load:file:C:\Users\Krishna jadhav\Desktop\web\reactLearnings\07reactRouter\%APPDATA%\npm\etc\npmrc
7 verbose title npm i react-router-dom
8 verbose argv "i" "react-router-dom"
9 verbose logfile logs-max:10 dir:C:\Users\Krishna jadhav\Desktop\web\reactLearnings\07reactRouter\%LOCALAPPDATA%\npm-cache\_logs\2024-12-24T06_15_40_790Z-
10 verbose logfile C:\Users\Krishna jadhav\Desktop\web\reactLearnings\07reactRouter\%LOCALAPPDATA%\npm-cache\_logs\2024-12-24T06_15_40_790Z-debug-0.log
11 silly packumentCache heap:2197815296 maxSize:549453824 maxEntrySize:274726912
12 silly logfile done cleaning log files
13 silly idealTree buildDeps
14 silly fetch manifest react-router-dom@*
15 silly packumentCache full:https://registry.npmjs.org/react-router-dom cache-miss
16 verbose shrinkwrap failed to load node_modules/.package-lock.json out of date, updated: node_modules
17 http fetch GET 200 https://registry.npmjs.org/react-router-dom 411ms (cache miss)
18 silly packumentCache full:https://registry.npmjs.org/react-router-dom set size:undefined disposed:false
19 silly fetch manifest react@^18.3.1
20 silly packumentCache full:https://registry.npmjs.org/react cache-miss
21 http fetch GET 200 https://registry.npmjs.org/react 652ms (cache updated)
22 silly packumentCache full:https://registry.npmjs.org/react set size:undefined disposed:false
23 silly fetch manifest react-dom@^18.3.1
24 silly packumentCache full:https://registry.npmjs.org/react-dom cache-miss
25 http fetch GET 200 https://registry.npmjs.org/react-dom 319ms (cache updated)
26 silly packumentCache full:https://registry.npmjs.org/react-dom set size:undefined disposed:false
27 silly placeDep ROOT react-router-dom@7.1.1 OK for: 07reactrouter@0.0.0 want: *
28 silly fetch manifest react-router@7.1.1
29 silly packumentCache full:https://registry.npmjs.org/react-router cache-miss
30 http fetch GET 200 https://registry.npmjs.org/react-router 123ms (cache miss)
31 silly packumentCache full:https://registry.npmjs.org/react-router set size:undefined disposed:false
32 silly fetch manifest react@>=18
33 silly packumentCache full:https://registry.npmjs.org/react cache-miss
34 http fetch GET 200 https://registry.npmjs.org/react 16ms (cache hit)
35 silly packumentCache full:https://registry.npmjs.org/react set size:5284056 disposed:false
36 silly fetch manifest react-dom@>=18
37 silly packumentCache full:https://registry.npmjs.org/react-dom cache-miss
38 http fetch GET 200 https://registry.npmjs.org/react-dom 20ms (cache hit)
39 silly packumentCache full:https://registry.npmjs.org/react-dom set size:6531411 disposed:false
40 silly placeDep ROOT react-router@7.1.1 OK for: react-router-dom@7.1.1 want: 7.1.1
41 silly fetch manifest @types/cookie@^0.6.0
42 silly packumentCache full:https://registry.npmjs.org/@types%2fcookie cache-miss
43 silly fetch manifest cookie@^1.0.1
44 silly packumentCache full:https://registry.npmjs.org/cookie cache-miss
45 silly fetch manifest set-cookie-parser@^2.6.0
46 silly packumentCache full:https://registry.npmjs.org/set-cookie-parser cache-miss
47 silly fetch manifest turbo-stream@2.4.0
48 silly packumentCache full:https://registry.npmjs.org/turbo-stream cache-miss
49 http fetch GET 200 https://registry.npmjs.org/@types%2fcookie 102ms (cache miss)
50 silly packumentCache full:https://registry.npmjs.org/@types%2fcookie set size:undefined disposed:false
51 http fetch GET 200 https://registry.npmjs.org/set-cookie-parser 224ms (cache miss)
52 silly packumentCache full:https://registry.npmjs.org/set-cookie-parser set size:undefined disposed:false
53 http fetch GET 200 https://registry.npmjs.org/cookie 226ms (cache miss)
54 silly packumentCache full:https://registry.npmjs.org/cookie set size:undefined disposed:false
55 http fetch GET 200 https://registry.npmjs.org/turbo-stream 228ms (cache miss)
56 silly packumentCache full:https://registry.npmjs.org/turbo-stream set size:undefined disposed:false
57 silly placeDep ROOT @types/cookie@0.6.0 OK for: react-router@7.1.1 want: ^0.6.0
58 silly placeDep ROOT cookie@1.0.2 OK for: react-router@7.1.1 want: ^1.0.1
59 silly placeDep ROOT set-cookie-parser@2.7.1 OK for: react-router@7.1.1 want: ^2.6.0
60 silly placeDep ROOT turbo-stream@2.4.0 OK for: react-router@7.1.1 want: 2.4.0
61 silly reify moves {}
62 silly audit bulk request {
62 silly audit   '@alloc/quick-lru': [ '5.2.0' ],
62 silly audit   '@ampproject/remapping': [ '2.3.0' ],
62 silly audit   '@babel/code-frame': [ '7.26.2' ],
62 silly audit   '@babel/compat-data': [ '7.26.3' ],
62 silly audit   '@babel/core': [ '7.26.0' ],
62 silly audit   '@babel/generator': [ '7.26.3' ],
62 silly audit   '@babel/helper-compilation-targets': [ '7.25.9' ],
62 silly audit   '@babel/helper-module-imports': [ '7.25.9' ],
62 silly audit   '@babel/helper-module-transforms': [ '7.26.0' ],
62 silly audit   '@babel/helper-plugin-utils': [ '7.25.9' ],
62 silly audit   '@babel/helper-string-parser': [ '7.25.9' ],
62 silly audit   '@babel/helper-validator-identifier': [ '7.25.9' ],
62 silly audit   '@babel/helper-validator-option': [ '7.25.9' ],
62 silly audit   '@babel/helpers': [ '7.26.0' ],
62 silly audit   '@babel/parser': [ '7.26.3' ],
62 silly audit   '@babel/plugin-transform-react-jsx-self': [ '7.25.9' ],
62 silly audit   '@babel/plugin-transform-react-jsx-source': [ '7.25.9' ],
62 silly audit   '@babel/template': [ '7.25.9' ],
62 silly audit   '@babel/traverse': [ '7.26.4' ],
62 silly audit   globals: [ '11.12.0', '14.0.0', '15.14.0' ],
62 silly audit   '@babel/types': [ '7.26.3' ],
62 silly audit   '@esbuild/aix-ppc64': [ '0.24.0' ],
62 silly audit   '@esbuild/android-arm': [ '0.24.0' ],
62 silly audit   '@esbuild/android-arm64': [ '0.24.0' ],
62 silly audit   '@esbuild/android-x64': [ '0.24.0' ],
62 silly audit   '@esbuild/darwin-arm64': [ '0.24.0' ],
62 silly audit   '@esbuild/darwin-x64': [ '0.24.0' ],
62 silly audit   '@esbuild/freebsd-arm64': [ '0.24.0' ],
62 silly audit   '@esbuild/freebsd-x64': [ '0.24.0' ],
62 silly audit   '@esbuild/linux-arm': [ '0.24.0' ],
62 silly audit   '@esbuild/linux-arm64': [ '0.24.0' ],
62 silly audit   '@esbuild/linux-ia32': [ '0.24.0' ],
62 silly audit   '@esbuild/linux-loong64': [ '0.24.0' ],
62 silly audit   '@esbuild/linux-mips64el': [ '0.24.0' ],
62 silly audit   '@esbuild/linux-ppc64': [ '0.24.0' ],
62 silly audit   '@esbuild/linux-riscv64': [ '0.24.0' ],
62 silly audit   '@esbuild/linux-s390x': [ '0.24.0' ],
62 silly audit   '@esbuild/linux-x64': [ '0.24.0' ],
62 silly audit   '@esbuild/netbsd-x64': [ '0.24.0' ],
62 silly audit   '@esbuild/openbsd-arm64': [ '0.24.0' ],
62 silly audit   '@esbuild/openbsd-x64': [ '0.24.0' ],
62 silly audit   '@esbuild/sunos-x64': [ '0.24.0' ],
62 silly audit   '@esbuild/win32-arm64': [ '0.24.0' ],
62 silly audit   '@esbuild/win32-ia32': [ '0.24.0' ],
62 silly audit   '@esbuild/win32-x64': [ '0.24.0' ],
62 silly audit   '@eslint-community/eslint-utils': [ '4.4.1' ],
62 silly audit   'eslint-visitor-keys': [ '3.4.3', '4.2.0' ],
62 silly audit   '@eslint-community/regexpp': [ '4.12.1' ],
62 silly audit   '@eslint/config-array': [ '0.19.1' ],
62 silly audit   '@eslint/core': [ '0.9.1' ],
62 silly audit   '@eslint/eslintrc': [ '3.2.0' ],
62 silly audit   '@eslint/js': [ '9.17.0' ],
62 silly audit   '@eslint/object-schema': [ '2.1.5' ],
62 silly audit   '@eslint/plugin-kit': [ '0.2.4' ],
62 silly audit   '@humanfs/core': [ '0.19.1' ],
62 silly audit   '@humanfs/node': [ '0.16.6' ],
62 silly audit   '@humanwhocodes/retry': [ '0.3.1', '0.4.1' ],
62 silly audit   '@humanwhocodes/module-importer': [ '1.0.1' ],
62 silly audit   '@isaacs/cliui': [ '8.0.2' ],
62 silly audit   '@jridgewell/gen-mapping': [ '0.3.8' ],
62 silly audit   '@jridgewell/resolve-uri': [ '3.1.2' ],
62 silly audit   '@jridgewell/set-array': [ '1.2.1' ],
62 silly audit   '@jridgewell/sourcemap-codec': [ '1.5.0' ],
62 silly audit   '@jridgewell/trace-mapping': [ '0.3.25' ],
62 silly audit   '@nodelib/fs.scandir': [ '2.1.5' ],
62 silly audit   '@nodelib/fs.stat': [ '2.0.5' ],
62 silly audit   '@nodelib/fs.walk': [ '1.2.8' ],
62 silly audit   '@pkgjs/parseargs': [ '0.11.0' ],
62 silly audit   '@rollup/rollup-android-arm-eabi': [ '4.29.1' ],
62 silly audit   '@rollup/rollup-android-arm64': [ '4.29.1' ],
62 silly audit   '@rollup/rollup-darwin-arm64': [ '4.29.1' ],
62 silly audit   '@rollup/rollup-darwin-x64': [ '4.29.1' ],
62 silly audit   '@rollup/rollup-freebsd-arm64': [ '4.29.1' ],
62 silly audit   '@rollup/rollup-freebsd-x64': [ '4.29.1' ],
62 silly audit   '@rollup/rollup-linux-arm-gnueabihf': [ '4.29.1' ],
62 silly audit   '@rollup/rollup-linux-arm-musleabihf': [ '4.29.1' ],
62 silly audit   '@rollup/rollup-linux-arm64-gnu': [ '4.29.1' ],
62 silly audit   '@rollup/rollup-linux-arm64-musl': [ '4.29.1' ],
62 silly audit   '@rollup/rollup-linux-loongarch64-gnu': [ '4.29.1' ],
62 silly audit   '@rollup/rollup-linux-powerpc64le-gnu': [ '4.29.1' ],
62 silly audit   '@rollup/rollup-linux-riscv64-gnu': [ '4.29.1' ],
62 silly audit   '@rollup/rollup-linux-s390x-gnu': [ '4.29.1' ],
62 silly audit   '@rollup/rollup-linux-x64-gnu': [ '4.29.1' ],
62 silly audit   '@rollup/rollup-linux-x64-musl': [ '4.29.1' ],
62 silly audit   '@rollup/rollup-win32-arm64-msvc': [ '4.29.1' ],
62 silly audit   '@rollup/rollup-win32-ia32-msvc': [ '4.29.1' ],
62 silly audit   '@rollup/rollup-win32-x64-msvc': [ '4.29.1' ],
62 silly audit   '@types/babel__core': [ '7.20.5' ],
62 silly audit   '@types/babel__generator': [ '7.6.8' ],
62 silly audit   '@types/babel__template': [ '7.4.4' ],
62 silly audit   '@types/babel__traverse': [ '7.20.6' ],
62 silly audit   '@types/estree': [ '1.0.6' ],
62 silly audit   '@types/json-schema': [ '7.0.15' ],
62 silly audit   '@types/prop-types': [ '15.7.14' ],
62 silly audit   '@types/react': [ '18.3.18' ],
62 silly audit   '@types/react-dom': [ '18.3.5' ],
62 silly audit   '@vitejs/plugin-react': [ '4.3.4' ],
62 silly audit   acorn: [ '8.14.0' ],
62 silly audit   'acorn-jsx': [ '5.3.2' ],
62 silly audit   ajv: [ '6.12.6' ],
62 silly audit   'ansi-regex': [ '6.1.0', '5.0.1' ],
62 silly audit   'ansi-styles': [ '4.3.0', '6.2.1' ],
62 silly audit   'any-promise': [ '1.3.0' ],
62 silly audit   anymatch: [ '3.1.3' ],
62 silly audit   arg: [ '5.0.2' ],
62 silly audit   argparse: [ '2.0.1' ],
62 silly audit   'array-buffer-byte-length': [ '1.0.2' ],
62 silly audit   'array-includes': [ '3.1.8' ],
62 silly audit   'array.prototype.findlast': [ '1.2.5' ],
62 silly audit   'array.prototype.flat': [ '1.3.3' ],
62 silly audit   'array.prototype.flatmap': [ '1.3.3' ],
62 silly audit   'array.prototype.tosorted': [ '1.1.4' ],
62 silly audit   'arraybuffer.prototype.slice': [ '1.0.4' ],
62 silly audit   autoprefixer: [ '10.4.20' ],
62 silly audit   'available-typed-arrays': [ '1.0.7' ],
62 silly audit   'balanced-match': [ '1.0.2' ],
62 silly audit   'binary-extensions': [ '2.3.0' ],
62 silly audit   'brace-expansion': [ '1.1.11', '2.0.1' ],
62 silly audit   braces: [ '3.0.3' ],
62 silly audit   browserslist: [ '4.24.3' ],
62 silly audit   'call-bind': [ '1.0.8' ],
62 silly audit   'call-bind-apply-helpers': [ '1.0.1' ],
62 silly audit   'call-bound': [ '1.0.3' ],
62 silly audit   callsites: [ '3.1.0' ],
62 silly audit   'camelcase-css': [ '2.0.1' ],
62 silly audit   'caniuse-lite': [ '1.0.30001690' ],
62 silly audit   chalk: [ '4.1.2' ],
62 silly audit   chokidar: [ '3.6.0' ],
62 silly audit   'glob-parent': [ '5.1.2', '6.0.2' ],
62 silly audit   'color-convert': [ '2.0.1' ],
62 silly audit   'color-name': [ '1.1.4' ],
62 silly audit   commander: [ '4.1.1' ],
62 silly audit   'concat-map': [ '0.0.1' ],
62 silly audit   'convert-source-map': [ '2.0.0' ],
62 silly audit   'cross-spawn': [ '7.0.6' ],
62 silly audit   cssesc: [ '3.0.0' ],
62 silly audit   csstype: [ '3.1.3' ],
62 silly audit   'data-view-buffer': [ '1.0.2' ],
62 silly audit   'data-view-byte-length': [ '1.0.2' ],
62 silly audit   'data-view-byte-offset': [ '1.0.1' ],
62 silly audit   debug: [ '4.4.0' ],
62 silly audit   'deep-is': [ '0.1.4' ],
62 silly audit   'define-data-property': [ '1.1.4' ],
62 silly audit   'define-properties': [ '1.2.1' ],
62 silly audit   didyoumean: [ '1.2.2' ],
62 silly audit   dlv: [ '1.1.3' ],
62 silly audit   doctrine: [ '2.1.0' ],
62 silly audit   'dunder-proto': [ '1.0.1' ],
62 silly audit   eastasianwidth: [ '0.2.0' ],
62 silly audit   'electron-to-chromium': [ '1.5.76' ],
62 silly audit   'emoji-regex': [ '9.2.2', '8.0.0' ],
62 silly audit   'es-abstract': [ '1.23.7' ],
62 silly audit   'es-define-property': [ '1.0.1' ],
62 silly audit   'es-errors': [ '1.3.0' ],
62 silly audit   'es-iterator-helpers': [ '1.2.1' ],
62 silly audit   'es-object-atoms': [ '1.0.0' ],
62 silly audit   'es-set-tostringtag': [ '2.0.3' ],
62 silly audit   'es-shim-unscopables': [ '1.0.2' ],
62 silly audit   'es-to-primitive': [ '1.3.0' ],
62 silly audit   esbuild: [ '0.24.0' ],
62 silly audit   escalade: [ '3.2.0' ],
62 silly audit   'escape-string-regexp': [ '4.0.0' ],
62 silly audit   eslint: [ '9.17.0' ],
62 silly audit   'eslint-plugin-react': [ '7.37.3' ],
62 silly audit   'eslint-plugin-react-hooks': [ '5.1.0' ],
62 silly audit   'eslint-plugin-react-refresh': [ '0.4.16' ],
62 silly audit   'eslint-scope': [ '8.2.0' ],
62 silly audit   espree: [ '10.3.0' ],
62 silly audit   esquery: [ '1.6.0' ],
62 silly audit   esrecurse: [ '4.3.0' ],
62 silly audit   estraverse: [ '5.3.0' ],
62 silly audit   esutils: [ '2.0.3' ],
62 silly audit   'fast-deep-equal': [ '3.1.3' ],
62 silly audit   'fast-glob': [ '3.3.2' ],
62 silly audit   'fast-json-stable-stringify': [ '2.1.0' ],
62 silly audit   'fast-levenshtein': [ '2.0.6' ],
62 silly audit   fastq: [ '1.18.0' ],
62 silly audit   'file-entry-cache': [ '8.0.0' ],
62 silly audit   'fill-range': [ '7.1.1' ],
62 silly audit   'find-up': [ '5.0.0' ],
62 silly audit   'flat-cache': [ '4.0.1' ],
62 silly audit   flatted: [ '3.3.2' ],
62 silly audit   'for-each': [ '0.3.3' ],
62 silly audit   'foreground-child': [ '3.3.0' ],
62 silly audit   'fraction.js': [ '4.3.7' ],
62 silly audit   fsevents: [ '2.3.3' ],
62 silly audit   'function-bind': [ '1.1.2' ],
62 silly audit   'function.prototype.name': [ '1.1.8' ],
62 silly audit   'functions-have-names': [ '1.2.3' ],
62 silly audit   gensync: [ '1.0.0-beta.2' ],
62 silly audit   'get-intrinsic': [ '1.2.6' ],
62 silly audit   'get-symbol-description': [ '1.1.0' ],
62 silly audit   glob: [ '10.4.5' ],
62 silly audit   minimatch: [ '9.0.5', '3.1.2' ],
62 silly audit   globalthis: [ '1.0.4' ],
62 silly audit   gopd: [ '1.2.0' ],
62 silly audit   'has-bigints': [ '1.1.0' ],
62 silly audit   'has-flag': [ '4.0.0' ],
62 silly audit   'has-property-descriptors': [ '1.0.2' ],
62 silly audit   'has-proto': [ '1.2.0' ],
62 silly audit   'has-symbols': [ '1.1.0' ],
62 silly audit   'has-tostringtag': [ '1.0.2' ],
62 silly audit   hasown: [ '2.0.2' ],
62 silly audit   ignore: [ '5.3.2' ],
62 silly audit   'import-fresh': [ '3.3.0' ],
62 silly audit   imurmurhash: [ '0.1.4' ],
62 silly audit   'internal-slot': [ '1.1.0' ],
62 silly audit   'is-array-buffer': [ '3.0.5' ],
62 silly audit   'is-async-function': [ '2.0.0' ],
62 silly audit   'is-bigint': [ '1.1.0' ],
62 silly audit   'is-binary-path': [ '2.1.0' ],
62 silly audit   'is-boolean-object': [ '1.2.1' ],
62 silly audit   'is-callable': [ '1.2.7' ],
62 silly audit   'is-core-module': [ '2.16.1' ],
62 silly audit   'is-data-view': [ '1.0.2' ],
62 silly audit   'is-date-object': [ '1.1.0' ],
62 silly audit   'is-extglob': [ '2.1.1' ],
62 silly audit   'is-finalizationregistry': [ '1.1.1' ],
62 silly audit   'is-fullwidth-code-point': [ '3.0.0' ],
62 silly audit   'is-generator-function': [ '1.0.10' ],
62 silly audit   'is-glob': [ '4.0.3' ],
62 silly audit   'is-map': [ '2.0.3' ],
62 silly audit   'is-number': [ '7.0.0' ],
62 silly audit   'is-number-object': [ '1.1.1' ],
62 silly audit   'is-regex': [ '1.2.1' ],
62 silly audit   'is-set': [ '2.0.3' ],
62 silly audit   'is-shared-array-buffer': [ '1.0.4' ],
62 silly audit   'is-string': [ '1.1.1' ],
62 silly audit   'is-symbol': [ '1.1.1' ],
62 silly audit   'is-typed-array': [ '1.1.15' ],
62 silly audit   'is-weakmap': [ '2.0.2' ],
62 silly audit   'is-weakref': [ '1.1.0' ],
62 silly audit   'is-weakset': [ '2.0.4' ],
62 silly audit   isarray: [ '2.0.5' ],
62 silly audit   isexe: [ '2.0.0' ],
62 silly audit   'iterator.prototype': [ '1.1.4' ],
62 silly audit   jackspeak: [ '3.4.3' ],
62 silly audit   jiti: [ '1.21.7' ],
62 silly audit   'js-tokens': [ '4.0.0' ],
62 silly audit   'js-yaml': [ '4.1.0' ],
62 silly audit   jsesc: [ '3.1.0' ],
62 silly audit   'json-buffer': [ '3.0.1' ],
62 silly audit   'json-schema-traverse': [ '0.4.1' ],
62 silly audit   'json-stable-stringify-without-jsonify': [ '1.0.1' ],
62 silly audit   json5: [ '2.2.3' ],
62 silly audit   'jsx-ast-utils': [ '3.3.5' ],
62 silly audit   keyv: [ '4.5.4' ],
62 silly audit   levn: [ '0.4.1' ],
62 silly audit   lilconfig: [ '3.1.3' ],
62 silly audit   'lines-and-columns': [ '1.2.4' ],
62 silly audit   'locate-path': [ '6.0.0' ],
62 silly audit   'lodash.merge': [ '4.6.2' ],
62 silly audit   'loose-envify': [ '1.4.0' ],
62 silly audit   'lru-cache': [ '5.1.1', '10.4.3' ],
62 silly audit   'math-intrinsics': [ '1.1.0' ],
62 silly audit   merge2: [ '1.4.1' ],
62 silly audit   micromatch: [ '4.0.8' ],
62 silly audit   minipass: [ '7.1.2' ],
62 silly audit   ms: [ '2.1.3' ],
62 silly audit   mz: [ '2.7.0' ],
62 silly audit   nanoid: [ '3.3.8' ],
62 silly audit   'natural-compare': [ '1.4.0' ],
62 silly audit   'node-releases': [ '2.0.19' ],
62 silly audit   'normalize-path': [ '3.0.0' ],
62 silly audit   'normalize-range': [ '0.1.2' ],
62 silly audit   'object-assign': [ '4.1.1' ],
62 silly audit   'object-hash': [ '3.0.0' ],
62 silly audit   'object-inspect': [ '1.13.3' ],
62 silly audit   'object-keys': [ '1.1.1' ],
62 silly audit   'object.assign': [ '4.1.7' ],
62 silly audit   'object.entries': [ '1.1.8' ],
62 silly audit   'object.fromentries': [ '2.0.8' ],
62 silly audit   'object.values': [ '1.2.1' ],
62 silly audit   optionator: [ '0.9.4' ],
62 silly audit   'p-limit': [ '3.1.0' ],
62 silly audit   'p-locate': [ '5.0.0' ],
62 silly audit   'package-json-from-dist': [ '1.0.1' ],
62 silly audit   'parent-module': [ '1.0.1' ],
62 silly audit   'path-exists': [ '4.0.0' ],
62 silly audit   'path-key': [ '3.1.1' ],
62 silly audit   'path-parse': [ '1.0.7' ],
62 silly audit   'path-scurry': [ '1.11.1' ],
62 silly audit   picocolors: [ '1.1.1' ],
62 silly audit   picomatch: [ '2.3.1' ],
62 silly audit   pify: [ '2.3.0' ],
62 silly audit   pirates: [ '4.0.6' ],
62 silly audit   'possible-typed-array-names': [ '1.0.0' ],
62 silly audit   postcss: [ '8.4.49' ],
62 silly audit   'postcss-import': [ '15.1.0' ],
62 silly audit   resolve: [ '1.22.10', '2.0.0-next.5' ],
62 silly audit   'postcss-js': [ '4.0.1' ],
62 silly audit   'postcss-load-config': [ '4.0.2' ],
62 silly audit   'postcss-nested': [ '6.2.0' ],
62 silly audit   'postcss-selector-parser': [ '6.1.2' ],
62 silly audit   'postcss-value-parser': [ '4.2.0' ],
62 silly audit   'prelude-ls': [ '1.2.1' ],
62 silly audit   'prop-types': [ '15.8.1' ],
62 silly audit   punycode: [ '2.3.1' ],
62 silly audit   'queue-microtask': [ '1.2.3' ],
62 silly audit   react: [ '18.3.1' ],
62 silly audit   'react-dom': [ '18.3.1' ],
62 silly audit   'react-is': [ '16.13.1' ],
62 silly audit   'react-refresh': [ '0.14.2' ],
62 silly audit   'read-cache': [ '1.0.0' ],
62 silly audit   readdirp: [ '3.6.0' ],
62 silly audit   'reflect.getprototypeof': [ '1.0.9' ],
62 silly audit   'regexp.prototype.flags': [ '1.5.3' ],
62 silly audit   'resolve-from': [ '4.0.0' ],
62 silly audit   reusify: [ '1.0.4' ],
62 silly audit   rollup: [ '4.29.1' ],
62 silly audit   'run-parallel': [ '1.2.0' ],
62 silly audit   'safe-array-concat': [ '1.1.3' ],
62 silly audit   'safe-regex-test': [ '1.1.0' ],
62 silly audit   scheduler: [ '0.23.2' ],
62 silly audit   semver: [ '6.3.1' ],
62 silly audit   'set-function-length': [ '1.2.2' ],
62 silly audit   'set-function-name': [ '2.0.2' ],
62 silly audit   'shebang-command': [ '2.0.0' ],
62 silly audit   'shebang-regex': [ '3.0.0' ],
62 silly audit   'side-channel': [ '1.1.0' ],
62 silly audit   'side-channel-list': [ '1.0.0' ],
62 silly audit   'side-channel-map': [ '1.0.1' ],
62 silly audit   'side-channel-weakmap': [ '1.0.2' ],
62 silly audit   'signal-exit': [ '4.1.0' ],
62 silly audit   'source-map-js': [ '1.2.1' ],
62 silly audit   'string-width': [ '5.1.2', '4.2.3' ],
62 silly audit   'strip-ansi': [ '6.0.1', '7.1.0' ],
62 silly audit   'string.prototype.matchall': [ '4.0.12' ],
62 silly audit   'string.prototype.repeat': [ '1.0.0' ],
62 silly audit   'string.prototype.trim': [ '1.2.10' ],
62 silly audit   'string.prototype.trimend': [ '1.0.9' ],
62 silly audit   'string.prototype.trimstart': [ '1.0.8' ],
62 silly audit   'strip-json-comments': [ '3.1.1' ],
62 silly audit   sucrase: [ '3.35.0' ],
62 silly audit   'supports-color': [ '7.2.0' ],
62 silly audit   'supports-preserve-symlinks-flag': [ '1.0.0' ],
62 silly audit   tailwindcss: [ '3.4.17' ],
62 silly audit   thenify: [ '3.3.1' ],
62 silly audit   'thenify-all': [ '1.6.0' ],
62 silly audit   'to-regex-range': [ '5.0.1' ],
62 silly audit   'ts-interface-checker': [ '0.1.13' ],
62 silly audit   'type-check': [ '0.4.0' ],
62 silly audit   'typed-array-buffer': [ '1.0.3' ],
62 silly audit   'typed-array-byte-length': [ '1.0.3' ],
62 silly audit   'typed-array-byte-offset': [ '1.0.4' ],
62 silly audit   'typed-array-length': [ '1.0.7' ],
62 silly audit   'unbox-primitive': [ '1.1.0' ],
62 silly audit   'update-browserslist-db': [ '1.1.1' ],
62 silly audit   'uri-js': [ '4.4.1' ],
62 silly audit   'util-deprecate': [ '1.0.2' ],
62 silly audit   vite: [ '6.0.5' ],
62 silly audit   which: [ '2.0.2' ],
62 silly audit   'which-boxed-primitive': [ '1.1.1' ],
62 silly audit   'which-builtin-type': [ '1.2.1' ],
62 silly audit   'which-collection': [ '1.0.2' ],
62 silly audit   'which-typed-array': [ '1.1.18' ],
62 silly audit   'word-wrap': [ '1.2.5' ],
62 silly audit   'wrap-ansi': [ '8.1.0', '7.0.0' ],
62 silly audit   yallist: [ '3.1.1' ],
62 silly audit   yaml: [ '2.6.1' ],
62 silly audit   'yocto-queue': [ '0.1.0' ],
62 silly audit   'react-router-dom': [ '7.1.1' ],
62 silly audit   'react-router': [ '7.1.1' ],
62 silly audit   '@types/cookie': [ '0.6.0' ],
62 silly audit   cookie: [ '1.0.2' ],
62 silly audit   'set-cookie-parser': [ '2.7.1' ],
62 silly audit   'turbo-stream': [ '2.4.0' ]
62 silly audit }
63 verbose reify failed optional dependency C:\Users\Krishna jadhav\Desktop\web\reactLearnings\07reactRouter\node_modules\fsevents
64 silly reify mark deleted [
64 silly reify   'C:\\Users\\Krishna jadhav\\Desktop\\web\\reactLearnings\\07reactRouter\\node_modules\\fsevents'
64 silly reify ]
65 verbose reify failed optional dependency C:\Users\Krishna jadhav\Desktop\web\reactLearnings\07reactRouter\node_modules\@rollup\rollup-win32-ia32-msvc
66 silly reify mark deleted [
66 silly reify   'C:\\Users\\Krishna jadhav\\Desktop\\web\\reactLearnings\\07reactRouter\\node_modules\\@rollup\\rollup-win32-ia32-msvc'
66 silly reify ]
67 verbose reify failed optional dependency C:\Users\Krishna jadhav\Desktop\web\reactLearnings\07reactRouter\node_modules\@rollup\rollup-win32-arm64-msvc
68 silly reify mark deleted [
68 silly reify   'C:\\Users\\Krishna jadhav\\Desktop\\web\\reactLearnings\\07reactRouter\\node_modules\\@rollup\\rollup-win32-arm64-msvc'
68 silly reify ]
69 verbose reify failed optional dependency C:\Users\Krishna jadhav\Desktop\web\reactLearnings\07reactRouter\node_modules\@rollup\rollup-linux-x64-musl
70 silly reify mark deleted [
70 silly reify   'C:\\Users\\Krishna jadhav\\Desktop\\web\\reactLearnings\\07reactRouter\\node_modules\\@rollup\\rollup-linux-x64-musl'
70 silly reify ]
71 verbose reify failed optional dependency C:\Users\Krishna jadhav\Desktop\web\reactLearnings\07reactRouter\node_modules\@rollup\rollup-linux-x64-gnu
72 silly reify mark deleted [
72 silly reify   'C:\\Users\\Krishna jadhav\\Desktop\\web\\reactLearnings\\07reactRouter\\node_modules\\@rollup\\rollup-linux-x64-gnu'
72 silly reify ]
73 verbose reify failed optional dependency C:\Users\Krishna jadhav\Desktop\web\reactLearnings\07reactRouter\node_modules\@rollup\rollup-linux-s390x-gnu
74 silly reify mark deleted [
74 silly reify   'C:\\Users\\Krishna jadhav\\Desktop\\web\\reactLearnings\\07reactRouter\\node_modules\\@rollup\\rollup-linux-s390x-gnu'
74 silly reify ]
75 verbose reify failed optional dependency C:\Users\Krishna jadhav\Desktop\web\reactLearnings\07reactRouter\node_modules\@rollup\rollup-linux-riscv64-gnu
76 silly reify mark deleted [
76 silly reify   'C:\\Users\\Krishna jadhav\\Desktop\\web\\reactLearnings\\07reactRouter\\node_modules\\@rollup\\rollup-linux-riscv64-gnu'
76 silly reify ]
77 verbose reify failed optional dependency C:\Users\Krishna jadhav\Desktop\web\reactLearnings\07reactRouter\node_modules\@rollup\rollup-linux-powerpc64le-gnu
78 silly reify mark deleted [
78 silly reify   'C:\\Users\\Krishna jadhav\\Desktop\\web\\reactLearnings\\07reactRouter\\node_modules\\@rollup\\rollup-linux-powerpc64le-gnu'
78 silly reify ]
79 verbose reify failed optional dependency C:\Users\Krishna jadhav\Desktop\web\reactLearnings\07reactRouter\node_modules\@rollup\rollup-linux-loongarch64-gnu
80 silly reify mark deleted [
80 silly reify   'C:\\Users\\Krishna jadhav\\Desktop\\web\\reactLearnings\\07reactRouter\\node_modules\\@rollup\\rollup-linux-loongarch64-gnu'
80 silly reify ]
81 verbose reify failed optional dependency C:\Users\Krishna jadhav\Desktop\web\reactLearnings\07reactRouter\node_modules\@rollup\rollup-linux-arm64-musl
82 silly reify mark deleted [
82 silly reify   'C:\\Users\\Krishna jadhav\\Desktop\\web\\reactLearnings\\07reactRouter\\node_modules\\@rollup\\rollup-linux-arm64-musl'
82 silly reify ]
83 verbose reify failed optional dependency C:\Users\Krishna jadhav\Desktop\web\reactLearnings\07reactRouter\node_modules\@rollup\rollup-linux-arm64-gnu
84 silly reify mark deleted [
84 silly reify   'C:\\Users\\Krishna jadhav\\Desktop\\web\\reactLearnings\\07reactRouter\\node_modules\\@rollup\\rollup-linux-arm64-gnu'
84 silly reify ]
85 verbose reify failed optional dependency C:\Users\Krishna jadhav\Desktop\web\reactLearnings\07reactRouter\node_modules\@rollup\rollup-linux-arm-musleabihf
86 silly reify mark deleted [
86 silly reify   'C:\\Users\\Krishna jadhav\\Desktop\\web\\reactLearnings\\07reactRouter\\node_modules\\@rollup\\rollup-linux-arm-musleabihf'
86 silly reify ]
87 verbose reify failed optional dependency C:\Users\Krishna jadhav\Desktop\web\reactLearnings\07reactRouter\node_modules\@rollup\rollup-linux-arm-gnueabihf
88 silly reify mark deleted [
88 silly reify   'C:\\Users\\Krishna jadhav\\Desktop\\web\\reactLearnings\\07reactRouter\\node_modules\\@rollup\\rollup-linux-arm-gnueabihf'
88 silly reify ]
89 verbose reify failed optional dependency C:\Users\Krishna jadhav\Desktop\web\reactLearnings\07reactRouter\node_modules\@rollup\rollup-freebsd-x64
90 silly reify mark deleted [
90 silly reify   'C:\\Users\\Krishna jadhav\\Desktop\\web\\reactLearnings\\07reactRouter\\node_modules\\@rollup\\rollup-freebsd-x64'
90 silly reify ]
91 verbose reify failed optional dependency C:\Users\Krishna jadhav\Desktop\web\reactLearnings\07reactRouter\node_modules\@rollup\rollup-freebsd-arm64
92 silly reify mark deleted [
92 silly reify   'C:\\Users\\Krishna jadhav\\Desktop\\web\\reactLearnings\\07reactRouter\\node_modules\\@rollup\\rollup-freebsd-arm64'
92 silly reify ]
93 verbose reify failed optional dependency C:\Users\Krishna jadhav\Desktop\web\reactLearnings\07reactRouter\node_modules\@rollup\rollup-darwin-x64
94 silly reify mark deleted [
94 silly reify   'C:\\Users\\Krishna jadhav\\Desktop\\web\\reactLearnings\\07reactRouter\\node_modules\\@rollup\\rollup-darwin-x64'
94 silly reify ]
95 verbose reify failed optional dependency C:\Users\Krishna jadhav\Desktop\web\reactLearnings\07reactRouter\node_modules\@rollup\rollup-darwin-arm64
96 silly reify mark deleted [
96 silly reify   'C:\\Users\\Krishna jadhav\\Desktop\\web\\reactLearnings\\07reactRouter\\node_modules\\@rollup\\rollup-darwin-arm64'
96 silly reify ]
97 verbose reify failed optional dependency C:\Users\Krishna jadhav\Desktop\web\reactLearnings\07reactRouter\node_modules\@rollup\rollup-android-arm64
98 silly reify mark deleted [
98 silly reify   'C:\\Users\\Krishna jadhav\\Desktop\\web\\reactLearnings\\07reactRouter\\node_modules\\@rollup\\rollup-android-arm64'
98 silly reify ]
99 verbose reify failed optional dependency C:\Users\Krishna jadhav\Desktop\web\reactLearnings\07reactRouter\node_modules\@rollup\rollup-android-arm-eabi
100 silly reify mark deleted [
100 silly reify   'C:\\Users\\Krishna jadhav\\Desktop\\web\\reactLearnings\\07reactRouter\\node_modules\\@rollup\\rollup-android-arm-eabi'
100 silly reify ]
101 verbose reify failed optional dependency C:\Users\Krishna jadhav\Desktop\web\reactLearnings\07reactRouter\node_modules\@esbuild\win32-ia32
102 silly reify mark deleted [
102 silly reify   'C:\\Users\\Krishna jadhav\\Desktop\\web\\reactLearnings\\07reactRouter\\node_modules\\@esbuild\\win32-ia32'
102 silly reify ]
103 verbose reify failed optional dependency C:\Users\Krishna jadhav\Desktop\web\reactLearnings\07reactRouter\node_modules\@esbuild\win32-arm64
104 silly reify mark deleted [
104 silly reify   'C:\\Users\\Krishna jadhav\\Desktop\\web\\reactLearnings\\07reactRouter\\node_modules\\@esbuild\\win32-arm64'
104 silly reify ]
105 verbose reify failed optional dependency C:\Users\Krishna jadhav\Desktop\web\reactLearnings\07reactRouter\node_modules\@esbuild\sunos-x64
106 silly reify mark deleted [
106 silly reify   'C:\\Users\\Krishna jadhav\\Desktop\\web\\reactLearnings\\07reactRouter\\node_modules\\@esbuild\\sunos-x64'
106 silly reify ]
107 verbose reify failed optional dependency C:\Users\Krishna jadhav\Desktop\web\reactLearnings\07reactRouter\node_modules\@esbuild\openbsd-x64
108 silly reify mark deleted [
108 silly reify   'C:\\Users\\Krishna jadhav\\Desktop\\web\\reactLearnings\\07reactRouter\\node_modules\\@esbuild\\openbsd-x64'
108 silly reify ]
109 verbose reify failed optional dependency C:\Users\Krishna jadhav\Desktop\web\reactLearnings\07reactRouter\node_modules\@esbuild\openbsd-arm64
110 silly reify mark deleted [
110 silly reify   'C:\\Users\\Krishna jadhav\\Desktop\\web\\reactLearnings\\07reactRouter\\node_modules\\@esbuild\\openbsd-arm64'
110 silly reify ]
111 verbose reify failed optional dependency C:\Users\Krishna jadhav\Desktop\web\reactLearnings\07reactRouter\node_modules\@esbuild\netbsd-x64
112 silly reify mark deleted [
112 silly reify   'C:\\Users\\Krishna jadhav\\Desktop\\web\\reactLearnings\\07reactRouter\\node_modules\\@esbuild\\netbsd-x64'
112 silly reify ]
113 verbose reify failed optional dependency C:\Users\Krishna jadhav\Desktop\web\reactLearnings\07reactRouter\node_modules\@esbuild\linux-x64
114 silly reify mark deleted [
114 silly reify   'C:\\Users\\Krishna jadhav\\Desktop\\web\\reactLearnings\\07reactRouter\\node_modules\\@esbuild\\linux-x64'
114 silly reify ]
115 verbose reify failed optional dependency C:\Users\Krishna jadhav\Desktop\web\reactLearnings\07reactRouter\node_modules\@esbuild\linux-s390x
116 silly reify mark deleted [
116 silly reify   'C:\\Users\\Krishna jadhav\\Desktop\\web\\reactLearnings\\07reactRouter\\node_modules\\@esbuild\\linux-s390x'
116 silly reify ]
117 verbose reify failed optional dependency C:\Users\Krishna jadhav\Desktop\web\reactLearnings\07reactRouter\node_modules\@esbuild\linux-riscv64
118 silly reify mark deleted [
118 silly reify   'C:\\Users\\Krishna jadhav\\Desktop\\web\\reactLearnings\\07reactRouter\\node_modules\\@esbuild\\linux-riscv64'
118 silly reify ]
119 verbose reify failed optional dependency C:\Users\Krishna jadhav\Desktop\web\reactLearnings\07reactRouter\node_modules\@esbuild\linux-ppc64
120 silly reify mark deleted [
120 silly reify   'C:\\Users\\Krishna jadhav\\Desktop\\web\\reactLearnings\\07reactRouter\\node_modules\\@esbuild\\linux-ppc64'
120 silly reify ]
121 verbose reify failed optional dependency C:\Users\Krishna jadhav\Desktop\web\reactLearnings\07reactRouter\node_modules\@esbuild\linux-mips64el
122 silly reify mark deleted [
122 silly reify   'C:\\Users\\Krishna jadhav\\Desktop\\web\\reactLearnings\\07reactRouter\\node_modules\\@esbuild\\linux-mips64el'
122 silly reify ]
123 verbose reify failed optional dependency C:\Users\Krishna jadhav\Desktop\web\reactLearnings\07reactRouter\node_modules\@esbuild\linux-loong64
124 silly reify mark deleted [
124 silly reify   'C:\\Users\\Krishna jadhav\\Desktop\\web\\reactLearnings\\07reactRouter\\node_modules\\@esbuild\\linux-loong64'
124 silly reify ]
125 verbose reify failed optional dependency C:\Users\Krishna jadhav\Desktop\web\reactLearnings\07reactRouter\node_modules\@esbuild\linux-ia32
126 silly reify mark deleted [
126 silly reify   'C:\\Users\\Krishna jadhav\\Desktop\\web\\reactLearnings\\07reactRouter\\node_modules\\@esbuild\\linux-ia32'
126 silly reify ]
127 verbose reify failed optional dependency C:\Users\Krishna jadhav\Desktop\web\reactLearnings\07reactRouter\node_modules\@esbuild\linux-arm64
128 silly reify mark deleted [
128 silly reify   'C:\\Users\\Krishna jadhav\\Desktop\\web\\reactLearnings\\07reactRouter\\node_modules\\@esbuild\\linux-arm64'
128 silly reify ]
129 verbose reify failed optional dependency C:\Users\Krishna jadhav\Desktop\web\reactLearnings\07reactRouter\node_modules\@esbuild\linux-arm
130 silly reify mark deleted [
130 silly reify   'C:\\Users\\Krishna jadhav\\Desktop\\web\\reactLearnings\\07reactRouter\\node_modules\\@esbuild\\linux-arm'
130 silly reify ]
131 verbose reify failed optional dependency C:\Users\Krishna jadhav\Desktop\web\reactLearnings\07reactRouter\node_modules\@esbuild\freebsd-x64
132 silly reify mark deleted [
132 silly reify   'C:\\Users\\Krishna jadhav\\Desktop\\web\\reactLearnings\\07reactRouter\\node_modules\\@esbuild\\freebsd-x64'
132 silly reify ]
133 verbose reify failed optional dependency C:\Users\Krishna jadhav\Desktop\web\reactLearnings\07reactRouter\node_modules\@esbuild\freebsd-arm64
134 silly reify mark deleted [
134 silly reify   'C:\\Users\\Krishna jadhav\\Desktop\\web\\reactLearnings\\07reactRouter\\node_modules\\@esbuild\\freebsd-arm64'
134 silly reify ]
135 verbose reify failed optional dependency C:\Users\Krishna jadhav\Desktop\web\reactLearnings\07reactRouter\node_modules\@esbuild\darwin-x64
136 silly reify mark deleted [
136 silly reify   'C:\\Users\\Krishna jadhav\\Desktop\\web\\reactLearnings\\07reactRouter\\node_modules\\@esbuild\\darwin-x64'
136 silly reify ]
137 verbose reify failed optional dependency C:\Users\Krishna jadhav\Desktop\web\reactLearnings\07reactRouter\node_modules\@esbuild\darwin-arm64
138 silly reify mark deleted [
138 silly reify   'C:\\Users\\Krishna jadhav\\Desktop\\web\\reactLearnings\\07reactRouter\\node_modules\\@esbuild\\darwin-arm64'
138 silly reify ]
139 verbose reify failed optional dependency C:\Users\Krishna jadhav\Desktop\web\reactLearnings\07reactRouter\node_modules\@esbuild\android-x64
140 silly reify mark deleted [
140 silly reify   'C:\\Users\\Krishna jadhav\\Desktop\\web\\reactLearnings\\07reactRouter\\node_modules\\@esbuild\\android-x64'
140 silly reify ]
141 verbose reify failed optional dependency C:\Users\Krishna jadhav\Desktop\web\reactLearnings\07reactRouter\node_modules\@esbuild\android-arm64
142 silly reify mark deleted [
142 silly reify   'C:\\Users\\Krishna jadhav\\Desktop\\web\\reactLearnings\\07reactRouter\\node_modules\\@esbuild\\android-arm64'
142 silly reify ]
143 verbose reify failed optional dependency C:\Users\Krishna jadhav\Desktop\web\reactLearnings\07reactRouter\node_modules\@esbuild\android-arm
144 silly reify mark deleted [
144 silly reify   'C:\\Users\\Krishna jadhav\\Desktop\\web\\reactLearnings\\07reactRouter\\node_modules\\@esbuild\\android-arm'
144 silly reify ]
145 verbose reify failed optional dependency C:\Users\Krishna jadhav\Desktop\web\reactLearnings\07reactRouter\node_modules\@esbuild\aix-ppc64
146 silly reify mark deleted [
146 silly reify   'C:\\Users\\Krishna jadhav\\Desktop\\web\\reactLearnings\\07reactRouter\\node_modules\\@esbuild\\aix-ppc64'
146 silly reify ]
147 silly tarball no local data for set-cookie-parser@https://registry.npmjs.org/set-cookie-parser/-/set-cookie-parser-2.7.1.tgz. Extracting by manifest.
148 silly tarball no local data for cookie@https://registry.npmjs.org/cookie/-/cookie-1.0.2.tgz. Extracting by manifest.
149 silly tarball no local data for turbo-stream@https://registry.npmjs.org/turbo-stream/-/turbo-stream-2.4.0.tgz. Extracting by manifest.
150 silly tarball no local data for @types/cookie@https://registry.npmjs.org/@types/cookie/-/cookie-0.6.0.tgz. Extracting by manifest.
151 silly tarball no local data for react-router@https://registry.npmjs.org/react-router/-/react-router-7.1.1.tgz. Extracting by manifest.
152 silly tarball no local data for react-router-dom@https://registry.npmjs.org/react-router-dom/-/react-router-dom-7.1.1.tgz. Extracting by manifest.
153 http fetch GET 200 https://registry.npmjs.org/set-cookie-parser/-/set-cookie-parser-2.7.1.tgz 153ms (cache miss)
154 http fetch GET 200 https://registry.npmjs.org/cookie/-/cookie-1.0.2.tgz 153ms (cache miss)
155 http fetch GET 200 https://registry.npmjs.org/turbo-stream/-/turbo-stream-2.4.0.tgz 154ms (cache miss)
156 http fetch GET 200 https://registry.npmjs.org/@types/cookie/-/cookie-0.6.0.tgz 256ms (cache miss)
157 http fetch GET 200 https://registry.npmjs.org/react-router-dom/-/react-router-dom-7.1.1.tgz 257ms (cache miss)
158 http fetch POST 200 https://registry.npmjs.org/-/npm/v1/security/advisories/bulk 402ms
159 silly audit report {}
160 http fetch GET 200 https://registry.npmjs.org/react-router/-/react-router-7.1.1.tgz 395ms (cache miss)
161 silly ADD node_modules/turbo-stream
162 silly ADD node_modules/set-cookie-parser
163 silly ADD node_modules/cookie
164 silly ADD node_modules/@types/cookie
165 silly ADD node_modules/react-router
166 silly ADD node_modules/react-router-dom
167 silly ADD
168 silly ADD
169 silly ADD
170 silly ADD
171 silly ADD
172 silly ADD
173 silly ADD
174 silly ADD
175 silly ADD
176 silly ADD
177 silly ADD
178 silly ADD
179 silly ADD
180 silly ADD
181 silly ADD
182 silly ADD
183 silly ADD
184 silly ADD
185 silly ADD
186 silly ADD
187 silly ADD
188 silly ADD
189 silly ADD
190 silly ADD
191 silly ADD
192 silly ADD
193 silly ADD
194 silly ADD
195 silly ADD
196 silly ADD
197 silly ADD
198 silly ADD
199 silly ADD
200 silly ADD
201 silly ADD
202 silly ADD
203 silly ADD
204 silly ADD
205 silly ADD
206 silly ADD
207 silly ADD
208 silly ADD
209 verbose cwd C:\Users\Krishna jadhav\Desktop\web\reactLearnings\07reactRouter
210 verbose os Windows_NT 10.0.22621
211 verbose node v20.17.0
212 verbose npm  v10.8.2
213 verbose exit 0
214 info ok
