0 verbose cli C:\Program Files\nodejs\node.exe C:\Program Files\nodejs\node_modules\npm\bin\npm-cli.js
1 info using npm@10.8.2
2 info using node@v20.17.0
3 silly config load:file:C:\Program Files\nodejs\node_modules\npm\npmrc
4 silly config load:file:C:\Users\Krishna jadhav\Desktop\web\reactLearnings\03tailwindprops\.npmrc
5 silly config load:file:C:\Users\Krishna jadhav\.npmrc
6 silly config load:file:C:\Users\Krishna jadhav\Desktop\web\reactLearnings\03tailwindprops\%APPDATA%\npm\etc\npmrc
7 verbose title npm install tailwindcss postcss autoprefixer
8 verbose argv "install" "--save-dev" "tailwindcss" "postcss" "autoprefixer"
9 verbose logfile logs-max:10 dir:C:\Users\Krishna jadhav\Desktop\web\reactLearnings\03tailwindprops\%LOCALAPPDATA%\npm-cache\_logs\2024-12-11T12_52_55_561Z-
10 verbose logfile C:\Users\Krishna jadhav\Desktop\web\reactLearnings\03tailwindprops\%LOCALAPPDATA%\npm-cache\_logs\2024-12-11T12_52_55_561Z-debug-0.log
11 silly packumentCache heap:2197815296 maxSize:549453824 maxEntrySize:274726912
12 silly logfile done cleaning log files
13 silly idealTree buildDeps
14 silly fetch manifest tailwindcss@*
15 silly packumentCache full:https://registry.npmjs.org/tailwindcss cache-miss
16 verbose shrinkwrap failed to load node_modules/.package-lock.json out of date, updated: node_modules
17 http fetch GET 200 https://registry.npmjs.org/tailwindcss 987ms (cache miss)
18 silly packumentCache full:https://registry.npmjs.org/tailwindcss set size:undefined disposed:false
19 silly fetch manifest postcss@*
20 silly packumentCache full:https://registry.npmjs.org/postcss cache-miss
21 http fetch GET 200 https://registry.npmjs.org/postcss 147ms (cache revalidated)
22 silly packumentCache full:https://registry.npmjs.org/postcss set size:675229 disposed:false
23 silly fetch manifest autoprefixer@*
24 silly packumentCache full:https://registry.npmjs.org/autoprefixer cache-miss
25 http fetch GET 200 https://registry.npmjs.org/autoprefixer 765ms (cache miss)
26 silly packumentCache full:https://registry.npmjs.org/autoprefixer set size:undefined disposed:false
27 silly placeDep ROOT autoprefixer@10.4.20 OK for: 03tailwindprops@0.0.0 want: *
28 silly placeDep ROOT postcss@8.4.49 REPLACE for: 03tailwindprops@0.0.0 want: *
29 silly placeDep ROOT tailwindcss@3.4.16 OK for: 03tailwindprops@0.0.0 want: *
30 silly fetch manifest fraction.js@^4.3.7
31 silly packumentCache full:https://registry.npmjs.org/fraction.js cache-miss
32 silly fetch manifest normalize-range@^0.1.2
33 silly packumentCache full:https://registry.npmjs.org/normalize-range cache-miss
34 silly fetch manifest postcss-value-parser@^4.2.0
35 silly packumentCache full:https://registry.npmjs.org/postcss-value-parser cache-miss
36 silly fetch manifest arg@^5.0.2
37 silly packumentCache full:https://registry.npmjs.org/arg cache-miss
38 silly fetch manifest dlv@^1.1.3
39 silly packumentCache full:https://registry.npmjs.org/dlv cache-miss
40 silly fetch manifest jiti@^1.21.6
41 silly packumentCache full:https://registry.npmjs.org/jiti cache-miss
42 silly fetch manifest resolve@^1.22.8
43 silly packumentCache full:https://registry.npmjs.org/resolve cache-miss
44 silly fetch manifest sucrase@^3.35.0
45 silly packumentCache full:https://registry.npmjs.org/sucrase cache-miss
46 silly fetch manifest chokidar@^3.6.0
47 silly packumentCache full:https://registry.npmjs.org/chokidar cache-miss
48 silly fetch manifest fast-glob@^3.3.2
49 silly packumentCache full:https://registry.npmjs.org/fast-glob cache-miss
50 silly fetch manifest lilconfig@^3.1.3
51 silly packumentCache full:https://registry.npmjs.org/lilconfig cache-miss
52 http fetch GET 200 https://registry.npmjs.org/fraction.js 145ms (cache miss)
53 silly packumentCache full:https://registry.npmjs.org/fraction.js set size:undefined disposed:false
54 silly fetch manifest didyoumean@^1.2.2
55 silly packumentCache full:https://registry.npmjs.org/didyoumean cache-miss
56 http fetch GET 200 https://registry.npmjs.org/resolve 218ms (cache revalidated)
57 silly packumentCache full:https://registry.npmjs.org/resolve set size:288408 disposed:false
58 silly fetch manifest micromatch@^4.0.8
59 silly packumentCache full:https://registry.npmjs.org/micromatch cache-miss
60 http fetch GET 200 https://registry.npmjs.org/dlv 305ms (cache miss)
61 silly packumentCache full:https://registry.npmjs.org/dlv set size:undefined disposed:false
62 silly fetch manifest postcss-js@^4.0.1
63 silly packumentCache full:https://registry.npmjs.org/postcss-js cache-miss
64 http fetch GET 200 https://registry.npmjs.org/normalize-range 310ms (cache miss)
65 silly packumentCache full:https://registry.npmjs.org/normalize-range set size:undefined disposed:false
66 silly fetch manifest object-hash@^3.0.0
67 silly packumentCache full:https://registry.npmjs.org/object-hash cache-miss
68 http fetch GET 200 https://registry.npmjs.org/jiti 325ms (cache revalidated)
69 silly packumentCache full:https://registry.npmjs.org/jiti set size:355863 disposed:false
70 silly fetch manifest normalize-path@^3.0.0
71 silly packumentCache full:https://registry.npmjs.org/normalize-path cache-miss
72 http fetch GET 200 https://registry.npmjs.org/lilconfig 329ms (cache miss)
73 silly packumentCache full:https://registry.npmjs.org/lilconfig set size:undefined disposed:false
74 silly fetch manifest postcss-import@^15.1.0
75 silly packumentCache full:https://registry.npmjs.org/postcss-import cache-miss
76 http fetch GET 200 https://registry.npmjs.org/arg 352ms (cache miss)
77 silly packumentCache full:https://registry.npmjs.org/arg set size:undefined disposed:false
78 silly fetch manifest postcss-nested@^6.2.0
79 silly packumentCache full:https://registry.npmjs.org/postcss-nested cache-miss
80 http fetch GET 200 https://registry.npmjs.org/postcss-value-parser 357ms (cache miss)
81 silly packumentCache full:https://registry.npmjs.org/postcss-value-parser set size:undefined disposed:false
82 silly fetch manifest @alloc/quick-lru@^5.2.0
83 silly packumentCache full:https://registry.npmjs.org/@alloc%2fquick-lru cache-miss
84 http fetch GET 200 https://registry.npmjs.org/micromatch 156ms (cache miss)
85 silly packumentCache full:https://registry.npmjs.org/micromatch set size:undefined disposed:false
86 silly fetch manifest postcss-load-config@^4.0.2
87 silly packumentCache full:https://registry.npmjs.org/postcss-load-config cache-miss
88 http fetch GET 200 https://registry.npmjs.org/didyoumean 259ms (cache miss)
89 silly packumentCache full:https://registry.npmjs.org/didyoumean set size:undefined disposed:false
90 silly fetch manifest postcss-selector-parser@^6.1.2
91 silly packumentCache full:https://registry.npmjs.org/postcss-selector-parser cache-miss
92 http fetch GET 200 https://registry.npmjs.org/chokidar 422ms (cache miss)
93 silly packumentCache full:https://registry.npmjs.org/chokidar set size:undefined disposed:false
94 http fetch GET 200 https://registry.npmjs.org/fast-glob 452ms (cache miss)
95 silly packumentCache full:https://registry.npmjs.org/fast-glob set size:undefined disposed:false
96 http fetch GET 200 https://registry.npmjs.org/@alloc%2fquick-lru 132ms (cache miss)
97 silly packumentCache full:https://registry.npmjs.org/@alloc%2fquick-lru set size:undefined disposed:false
98 http fetch GET 200 https://registry.npmjs.org/postcss-js 186ms (cache miss)
99 silly packumentCache full:https://registry.npmjs.org/postcss-js set size:undefined disposed:false
100 http fetch GET 200 https://registry.npmjs.org/normalize-path 159ms (cache miss)
101 silly packumentCache full:https://registry.npmjs.org/normalize-path set size:undefined disposed:false
102 http fetch GET 200 https://registry.npmjs.org/object-hash 190ms (cache miss)
103 silly packumentCache full:https://registry.npmjs.org/object-hash set size:undefined disposed:false
104 http fetch GET 200 https://registry.npmjs.org/sucrase 500ms (cache miss)
105 silly packumentCache full:https://registry.npmjs.org/sucrase set size:undefined disposed:false
106 http fetch GET 200 https://registry.npmjs.org/postcss-import 175ms (cache miss)
107 silly packumentCache full:https://registry.npmjs.org/postcss-import set size:undefined disposed:false
108 http fetch GET 200 https://registry.npmjs.org/postcss-load-config 136ms (cache miss)
109 silly packumentCache full:https://registry.npmjs.org/postcss-load-config set size:undefined disposed:false
110 http fetch GET 200 https://registry.npmjs.org/postcss-nested 179ms (cache miss)
111 silly packumentCache full:https://registry.npmjs.org/postcss-nested set size:undefined disposed:false
112 http fetch GET 200 https://registry.npmjs.org/postcss-selector-parser 128ms (cache miss)
113 silly packumentCache full:https://registry.npmjs.org/postcss-selector-parser set size:undefined disposed:false
114 silly placeDep ROOT fraction.js@4.3.7 OK for: autoprefixer@10.4.20 want: ^4.3.7
115 silly placeDep ROOT normalize-range@0.1.2 OK for: autoprefixer@10.4.20 want: ^0.1.2
116 silly placeDep ROOT postcss-value-parser@4.2.0 OK for: autoprefixer@10.4.20 want: ^4.2.0
117 silly fetch manifest postcss@^8.4.47
118 silly packumentCache full:https://registry.npmjs.org/postcss cache-hit
119 silly fetch manifest ts-node@>=9.0.0
120 silly packumentCache full:https://registry.npmjs.org/ts-node cache-miss
121 http fetch GET 200 https://registry.npmjs.org/ts-node 82ms (cache miss)
122 silly packumentCache full:https://registry.npmjs.org/ts-node set size:undefined disposed:false
123 silly fetch manifest @swc/core@>=1.2.50
124 silly packumentCache full:https://registry.npmjs.org/@swc%2fcore cache-miss
125 http fetch GET 200 https://registry.npmjs.org/@swc%2fcore 191ms (cache miss)
126 silly packumentCache full:https://registry.npmjs.org/@swc%2fcore set size:undefined disposed:false
127 silly fetch manifest @swc/helpers@*
128 silly packumentCache full:https://registry.npmjs.org/@swc%2fhelpers cache-miss
129 http fetch GET 200 https://registry.npmjs.org/@swc%2fhelpers 108ms (cache miss)
130 silly packumentCache full:https://registry.npmjs.org/@swc%2fhelpers set size:undefined disposed:false
131 silly fetch manifest @swc/wasm@>=1.2.50
132 silly packumentCache full:https://registry.npmjs.org/@swc%2fwasm cache-miss
133 http fetch GET 200 https://registry.npmjs.org/@swc%2fwasm 127ms (cache miss)
134 silly packumentCache full:https://registry.npmjs.org/@swc%2fwasm set size:undefined disposed:false
135 silly fetch manifest @types/node@*
136 silly packumentCache full:https://registry.npmjs.org/@types%2fnode cache-miss
137 http fetch GET 200 https://registry.npmjs.org/@types%2fnode 327ms (cache updated)
138 silly packumentCache full:https://registry.npmjs.org/@types%2fnode set size:undefined disposed:false
139 silly fetch manifest typescript@>=2.7
140 silly packumentCache full:https://registry.npmjs.org/typescript cache-miss
141 http fetch GET 200 https://registry.npmjs.org/typescript 366ms (cache miss)
142 silly packumentCache full:https://registry.npmjs.org/typescript set size:undefined disposed:false
143 silly placeDep ROOT @alloc/quick-lru@5.2.0 OK for: tailwindcss@3.4.16 want: ^5.2.0
144 silly placeDep ROOT arg@5.0.2 OK for: tailwindcss@3.4.16 want: ^5.0.2
145 silly placeDep ROOT chokidar@3.6.0 OK for: tailwindcss@3.4.16 want: ^3.6.0
146 silly placeDep ROOT didyoumean@1.2.2 OK for: tailwindcss@3.4.16 want: ^1.2.2
147 silly placeDep ROOT dlv@1.1.3 OK for: tailwindcss@3.4.16 want: ^1.1.3
148 silly placeDep ROOT fast-glob@3.3.2 OK for: tailwindcss@3.4.16 want: ^3.3.2
149 silly placeDep ROOT jiti@1.21.6 OK for: tailwindcss@3.4.16 want: ^1.21.6
150 silly placeDep ROOT lilconfig@3.1.3 OK for: tailwindcss@3.4.16 want: ^3.1.3
151 silly placeDep ROOT micromatch@4.0.8 OK for: tailwindcss@3.4.16 want: ^4.0.8
152 silly placeDep ROOT normalize-path@3.0.0 OK for: tailwindcss@3.4.16 want: ^3.0.0
153 silly placeDep ROOT object-hash@3.0.0 OK for: tailwindcss@3.4.16 want: ^3.0.0
154 silly placeDep ROOT postcss-import@15.1.0 OK for: tailwindcss@3.4.16 want: ^15.1.0
155 silly placeDep ROOT postcss-js@4.0.1 OK for: tailwindcss@3.4.16 want: ^4.0.1
156 silly placeDep ROOT postcss-load-config@4.0.2 OK for: tailwindcss@3.4.16 want: ^4.0.2
157 silly placeDep ROOT postcss-nested@6.2.0 OK for: tailwindcss@3.4.16 want: ^6.2.0
158 silly placeDep ROOT postcss-selector-parser@6.1.2 OK for: tailwindcss@3.4.16 want: ^6.1.2
159 silly placeDep node_modules/tailwindcss resolve@1.22.8 OK for: tailwindcss@3.4.16 want: ^1.22.8
160 silly placeDep ROOT sucrase@3.35.0 OK for: tailwindcss@3.4.16 want: ^3.35.0
161 silly fetch manifest braces@~3.0.2
162 silly packumentCache full:https://registry.npmjs.org/braces cache-miss
163 silly fetch manifest anymatch@~3.1.2
164 silly packumentCache full:https://registry.npmjs.org/anymatch cache-miss
165 silly fetch manifest readdirp@~3.6.0
166 silly packumentCache full:https://registry.npmjs.org/readdirp cache-miss
167 silly fetch manifest glob-parent@~5.1.2
168 silly packumentCache full:https://registry.npmjs.org/glob-parent cache-miss
169 silly fetch manifest is-binary-path@~2.1.0
170 silly packumentCache full:https://registry.npmjs.org/is-binary-path cache-miss
171 silly fetch manifest normalize-path@~3.0.0
172 silly packumentCache full:https://registry.npmjs.org/normalize-path cache-miss
173 silly fetch manifest @nodelib/fs.stat@^2.0.2
174 silly packumentCache full:https://registry.npmjs.org/@nodelib%2ffs.stat cache-miss
175 silly fetch manifest @nodelib/fs.walk@^1.2.3
176 silly packumentCache full:https://registry.npmjs.org/@nodelib%2ffs.walk cache-miss
177 silly fetch manifest glob-parent@^5.1.2
178 silly packumentCache full:https://registry.npmjs.org/glob-parent cache-miss
179 silly fetch manifest merge2@^1.3.0
180 silly packumentCache full:https://registry.npmjs.org/merge2 cache-miss
181 silly fetch manifest micromatch@^4.0.4
182 silly packumentCache full:https://registry.npmjs.org/micromatch cache-miss
183 http fetch GET 200 https://registry.npmjs.org/micromatch 35ms (cache hit)
184 silly packumentCache full:https://registry.npmjs.org/micromatch set size:240630 disposed:false
185 silly fetch manifest braces@^3.0.3
186 silly packumentCache full:https://registry.npmjs.org/braces cache-miss
187 http fetch GET 200 https://registry.npmjs.org/normalize-path 60ms (cache hit)
188 silly packumentCache full:https://registry.npmjs.org/normalize-path set size:28713 disposed:false
189 silly fetch manifest picomatch@^2.3.1
190 silly packumentCache full:https://registry.npmjs.org/picomatch cache-miss
191 http fetch GET 200 https://registry.npmjs.org/glob-parent 98ms (cache revalidated)
192 silly packumentCache full:https://registry.npmjs.org/glob-parent set size:42445 disposed:false
193 silly fetch manifest read-cache@^1.0.0
194 silly packumentCache full:https://registry.npmjs.org/read-cache cache-miss
195 http fetch GET 200 https://registry.npmjs.org/glob-parent 110ms (cache revalidated)
196 silly packumentCache full:https://registry.npmjs.org/glob-parent set size:42445 disposed:false
197 silly packumentCache full:https://registry.npmjs.org/glob-parent dispose
198 silly fetch manifest resolve@^1.1.7
199 silly packumentCache full:https://registry.npmjs.org/resolve cache-hit
200 silly fetch manifest camelcase-css@^2.0.1
201 silly packumentCache full:https://registry.npmjs.org/camelcase-css cache-miss
202 http fetch GET 200 https://registry.npmjs.org/is-binary-path 125ms (cache miss)
203 silly packumentCache full:https://registry.npmjs.org/is-binary-path set size:undefined disposed:false
204 silly fetch manifest yaml@^2.3.4
205 silly packumentCache full:https://registry.npmjs.org/yaml cache-miss
206 http fetch GET 200 https://registry.npmjs.org/@nodelib%2ffs.walk 126ms (cache miss)
207 silly packumentCache full:https://registry.npmjs.org/@nodelib%2ffs.walk set size:undefined disposed:false
208 silly fetch manifest postcss-selector-parser@^6.1.1
209 silly packumentCache full:https://registry.npmjs.org/postcss-selector-parser cache-miss
210 http fetch GET 200 https://registry.npmjs.org/merge2 128ms (cache miss)
211 silly packumentCache full:https://registry.npmjs.org/merge2 set size:undefined disposed:false
212 silly fetch manifest cssesc@^3.0.0
213 silly packumentCache full:https://registry.npmjs.org/cssesc cache-miss
214 http fetch GET 200 https://registry.npmjs.org/anymatch 145ms (cache miss)
215 silly packumentCache full:https://registry.npmjs.org/anymatch set size:undefined disposed:false
216 silly fetch manifest util-deprecate@^1.0.2
217 silly packumentCache full:https://registry.npmjs.org/util-deprecate cache-miss
218 http fetch GET 200 https://registry.npmjs.org/braces 150ms (cache miss)
219 silly packumentCache full:https://registry.npmjs.org/braces set size:undefined disposed:false
220 silly fetch manifest commander@^4.0.0
221 silly packumentCache full:https://registry.npmjs.org/commander cache-miss
222 http fetch GET 200 https://registry.npmjs.org/@nodelib%2ffs.stat 147ms (cache miss)
223 silly packumentCache full:https://registry.npmjs.org/@nodelib%2ffs.stat set size:undefined disposed:false
224 silly fetch manifest glob@^10.3.10
225 silly packumentCache full:https://registry.npmjs.org/glob cache-miss
226 http fetch GET 200 https://registry.npmjs.org/readdirp 165ms (cache miss)
227 silly packumentCache full:https://registry.npmjs.org/readdirp set size:undefined disposed:false
228 silly fetch manifest lines-and-columns@^1.1.6
229 silly packumentCache full:https://registry.npmjs.org/lines-and-columns cache-miss
230 http fetch GET 200 https://registry.npmjs.org/braces 125ms (cache miss)
231 silly packumentCache full:https://registry.npmjs.org/braces set size:undefined disposed:false
232 silly fetch manifest mz@^2.7.0
233 silly packumentCache full:https://registry.npmjs.org/mz cache-miss
234 http fetch GET 200 https://registry.npmjs.org/picomatch 144ms (cache miss)
235 silly packumentCache full:https://registry.npmjs.org/picomatch set size:undefined disposed:false
236 silly fetch manifest pirates@^4.0.1
237 silly packumentCache full:https://registry.npmjs.org/pirates cache-miss
238 http fetch GET 200 https://registry.npmjs.org/postcss-selector-parser 89ms (cache hit)
239 silly packumentCache full:https://registry.npmjs.org/postcss-selector-parser set size:171230 disposed:false
240 silly fetch manifest ts-interface-checker@^0.1.9
241 silly packumentCache full:https://registry.npmjs.org/ts-interface-checker cache-miss
242 http fetch GET 200 https://registry.npmjs.org/camelcase-css 126ms (cache miss)
243 silly packumentCache full:https://registry.npmjs.org/camelcase-css set size:undefined disposed:false
244 http fetch GET 200 https://registry.npmjs.org/read-cache 134ms (cache miss)
245 silly packumentCache full:https://registry.npmjs.org/read-cache set size:undefined disposed:false
246 http fetch GET 200 https://registry.npmjs.org/cssesc 109ms (cache miss)
247 silly packumentCache full:https://registry.npmjs.org/cssesc set size:undefined disposed:false
248 http fetch GET 200 https://registry.npmjs.org/util-deprecate 106ms (cache miss)
249 silly packumentCache full:https://registry.npmjs.org/util-deprecate set size:undefined disposed:false
250 http fetch GET 200 https://registry.npmjs.org/mz 74ms (cache miss)
251 silly packumentCache full:https://registry.npmjs.org/mz set size:undefined disposed:false
252 http fetch GET 200 https://registry.npmjs.org/lines-and-columns 98ms (cache miss)
253 silly packumentCache full:https://registry.npmjs.org/lines-and-columns set size:undefined disposed:false
254 http fetch GET 200 https://registry.npmjs.org/yaml 162ms (cache revalidated)
255 silly packumentCache full:https://registry.npmjs.org/yaml set size:346482 disposed:false
256 http fetch GET 200 https://registry.npmjs.org/commander 150ms (cache miss)
257 silly packumentCache full:https://registry.npmjs.org/commander set size:undefined disposed:false
258 http fetch GET 200 https://registry.npmjs.org/glob 157ms (cache miss)
259 silly packumentCache full:https://registry.npmjs.org/glob set size:undefined disposed:false
260 http fetch GET 200 https://registry.npmjs.org/pirates 111ms (cache miss)
261 silly packumentCache full:https://registry.npmjs.org/pirates set size:undefined disposed:false
262 http fetch GET 200 https://registry.npmjs.org/ts-interface-checker 99ms (cache miss)
263 silly packumentCache full:https://registry.npmjs.org/ts-interface-checker set size:undefined disposed:false
264 silly placeDep ROOT anymatch@3.1.3 OK for: chokidar@3.6.0 want: ~3.1.2
265 silly placeDep ROOT braces@3.0.3 OK for: chokidar@3.6.0 want: ~3.0.2
266 silly placeDep node_modules/chokidar glob-parent@5.1.2 OK for: chokidar@3.6.0 want: ~5.1.2
267 silly placeDep ROOT is-binary-path@2.1.0 OK for: chokidar@3.6.0 want: ~2.1.0
268 silly placeDep ROOT readdirp@3.6.0 OK for: chokidar@3.6.0 want: ~3.6.0
269 silly fetch manifest picomatch@^2.0.4
270 silly packumentCache full:https://registry.npmjs.org/picomatch cache-miss
271 silly fetch manifest fill-range@^7.1.1
272 silly packumentCache full:https://registry.npmjs.org/fill-range cache-miss
273 silly fetch manifest binary-extensions@^2.0.0
274 silly packumentCache full:https://registry.npmjs.org/binary-extensions cache-miss
275 silly fetch manifest picomatch@^2.2.1
276 silly packumentCache full:https://registry.npmjs.org/picomatch cache-miss
277 http fetch GET 200 https://registry.npmjs.org/picomatch 17ms (cache hit)
278 silly packumentCache full:https://registry.npmjs.org/picomatch set size:116191 disposed:false
279 http fetch GET 200 https://registry.npmjs.org/picomatch 21ms (cache hit)
280 silly packumentCache full:https://registry.npmjs.org/picomatch set size:116191 disposed:false
281 silly packumentCache full:https://registry.npmjs.org/picomatch dispose
282 http fetch GET 200 https://registry.npmjs.org/fill-range 62ms (cache miss)
283 silly packumentCache full:https://registry.npmjs.org/fill-range set size:undefined disposed:false
284 http fetch GET 200 https://registry.npmjs.org/binary-extensions 65ms (cache miss)
285 silly packumentCache full:https://registry.npmjs.org/binary-extensions set size:undefined disposed:false
286 silly placeDep ROOT picomatch@2.3.1 OK for: anymatch@3.1.3 want: ^2.0.4
287 silly placeDep ROOT fill-range@7.1.1 OK for: braces@3.0.3 want: ^7.1.1
288 silly fetch manifest to-regex-range@^5.0.1
289 silly packumentCache full:https://registry.npmjs.org/to-regex-range cache-miss
290 http fetch GET 200 https://registry.npmjs.org/to-regex-range 67ms (cache miss)
291 silly packumentCache full:https://registry.npmjs.org/to-regex-range set size:undefined disposed:false
292 silly placeDep ROOT @nodelib/fs.stat@2.0.5 OK for: fast-glob@3.3.2 want: ^2.0.2
293 silly placeDep ROOT @nodelib/fs.walk@1.2.8 OK for: fast-glob@3.3.2 want: ^1.2.3
294 silly placeDep node_modules/fast-glob glob-parent@5.1.2 OK for: fast-glob@3.3.2 want: ^5.1.2
295 silly placeDep ROOT merge2@1.4.1 OK for: fast-glob@3.3.2 want: ^1.3.0
296 silly fetch manifest fastq@^1.6.0
297 silly packumentCache full:https://registry.npmjs.org/fastq cache-miss
298 silly fetch manifest @nodelib/fs.scandir@2.1.5
299 silly packumentCache full:https://registry.npmjs.org/@nodelib%2ffs.scandir cache-miss
300 http fetch GET 200 https://registry.npmjs.org/fastq 64ms (cache miss)
301 silly packumentCache full:https://registry.npmjs.org/fastq set size:undefined disposed:false
302 http fetch GET 200 https://registry.npmjs.org/@nodelib%2ffs.scandir 103ms (cache miss)
303 silly packumentCache full:https://registry.npmjs.org/@nodelib%2ffs.scandir set size:undefined disposed:false
304 silly placeDep ROOT @nodelib/fs.scandir@2.1.5 OK for: @nodelib/fs.walk@1.2.8 want: 2.1.5
305 silly placeDep ROOT fastq@1.17.1 OK for: @nodelib/fs.walk@1.2.8 want: ^1.6.0
306 silly fetch manifest run-parallel@^1.1.9
307 silly packumentCache full:https://registry.npmjs.org/run-parallel cache-miss
308 silly fetch manifest reusify@^1.0.4
309 silly packumentCache full:https://registry.npmjs.org/reusify cache-miss
310 http fetch GET 200 https://registry.npmjs.org/run-parallel 65ms (cache miss)
311 silly packumentCache full:https://registry.npmjs.org/run-parallel set size:undefined disposed:false
312 http fetch GET 200 https://registry.npmjs.org/reusify 73ms (cache miss)
313 silly packumentCache full:https://registry.npmjs.org/reusify set size:undefined disposed:false
314 silly placeDep ROOT run-parallel@1.2.0 OK for: @nodelib/fs.scandir@2.1.5 want: ^1.1.9
315 silly fetch manifest queue-microtask@^1.2.2
316 silly packumentCache full:https://registry.npmjs.org/queue-microtask cache-miss
317 http fetch GET 200 https://registry.npmjs.org/queue-microtask 65ms (cache miss)
318 silly packumentCache full:https://registry.npmjs.org/queue-microtask set size:undefined disposed:false
319 silly placeDep ROOT reusify@1.0.4 OK for: fastq@1.17.1 want: ^1.0.4
320 silly placeDep ROOT to-regex-range@5.0.1 OK for: fill-range@7.1.1 want: ^5.0.1
321 silly fetch manifest is-number@^7.0.0
322 silly packumentCache full:https://registry.npmjs.org/is-number cache-miss
323 http fetch GET 200 https://registry.npmjs.org/is-number 61ms (cache miss)
324 silly packumentCache full:https://registry.npmjs.org/is-number set size:undefined disposed:false
325 silly placeDep ROOT binary-extensions@2.3.0 OK for: is-binary-path@2.1.0 want: ^2.0.0
326 silly placeDep ROOT read-cache@1.0.0 OK for: postcss-import@15.1.0 want: ^1.0.0
327 silly placeDep node_modules/postcss-import resolve@1.22.8 OK for: postcss-import@15.1.0 want: ^1.1.7
328 silly fetch manifest pify@^2.3.0
329 silly packumentCache full:https://registry.npmjs.org/pify cache-miss
330 http fetch GET 200 https://registry.npmjs.org/pify 64ms (cache miss)
331 silly packumentCache full:https://registry.npmjs.org/pify set size:undefined disposed:false
332 silly placeDep ROOT camelcase-css@2.0.1 OK for: postcss-js@4.0.1 want: ^2.0.1
333 silly placeDep ROOT yaml@2.6.1 OK for: postcss-load-config@4.0.2 want: ^2.3.4
334 silly placeDep ROOT cssesc@3.0.0 OK for: postcss-selector-parser@6.1.2 want: ^3.0.0
335 silly placeDep ROOT util-deprecate@1.0.2 OK for: postcss-selector-parser@6.1.2 want: ^1.0.2
336 silly placeDep ROOT pify@2.3.0 OK for: read-cache@1.0.0 want: ^2.3.0
337 silly placeDep ROOT queue-microtask@1.2.3 OK for: run-parallel@1.2.0 want: ^1.2.2
338 silly placeDep ROOT commander@4.1.1 OK for: sucrase@3.35.0 want: ^4.0.0
339 silly placeDep ROOT glob@10.4.5 OK for: sucrase@3.35.0 want: ^10.3.10
340 silly placeDep ROOT lines-and-columns@1.2.4 OK for: sucrase@3.35.0 want: ^1.1.6
341 silly placeDep ROOT mz@2.7.0 OK for: sucrase@3.35.0 want: ^2.7.0
342 silly placeDep ROOT pirates@4.0.6 OK for: sucrase@3.35.0 want: ^4.0.1
343 silly placeDep ROOT ts-interface-checker@0.1.13 OK for: sucrase@3.35.0 want: ^0.1.9
344 silly fetch manifest minipass@^7.1.2
345 silly packumentCache full:https://registry.npmjs.org/minipass cache-miss
346 silly fetch manifest jackspeak@^3.1.2
347 silly packumentCache full:https://registry.npmjs.org/jackspeak cache-miss
348 silly fetch manifest minimatch@^9.0.4
349 silly packumentCache full:https://registry.npmjs.org/minimatch cache-miss
350 silly fetch manifest path-scurry@^1.11.1
351 silly packumentCache full:https://registry.npmjs.org/path-scurry cache-miss
352 silly fetch manifest foreground-child@^3.1.0
353 silly packumentCache full:https://registry.npmjs.org/foreground-child cache-miss
354 silly fetch manifest package-json-from-dist@^1.0.0
355 silly packumentCache full:https://registry.npmjs.org/package-json-from-dist cache-miss
356 silly fetch manifest any-promise@^1.0.0
357 silly packumentCache full:https://registry.npmjs.org/any-promise cache-miss
358 silly fetch manifest thenify-all@^1.0.0
359 silly packumentCache full:https://registry.npmjs.org/thenify-all cache-miss
360 http fetch GET 200 https://registry.npmjs.org/foreground-child 76ms (cache miss)
361 silly packumentCache full:https://registry.npmjs.org/foreground-child set size:undefined disposed:false
362 http fetch GET 200 https://registry.npmjs.org/path-scurry 82ms (cache miss)
363 silly packumentCache full:https://registry.npmjs.org/path-scurry set size:undefined disposed:false
364 http fetch GET 200 https://registry.npmjs.org/minimatch 101ms (cache revalidated)
365 silly packumentCache full:https://registry.npmjs.org/minimatch set size:398328 disposed:false
366 http fetch GET 200 https://registry.npmjs.org/package-json-from-dist 109ms (cache miss)
367 silly packumentCache full:https://registry.npmjs.org/package-json-from-dist set size:undefined disposed:false
368 http fetch GET 200 https://registry.npmjs.org/any-promise 110ms (cache miss)
369 silly packumentCache full:https://registry.npmjs.org/any-promise set size:undefined disposed:false
370 http fetch GET 200 https://registry.npmjs.org/thenify-all 113ms (cache miss)
371 silly packumentCache full:https://registry.npmjs.org/thenify-all set size:undefined disposed:false
372 http fetch GET 200 https://registry.npmjs.org/jackspeak 124ms (cache miss)
373 silly packumentCache full:https://registry.npmjs.org/jackspeak set size:undefined disposed:false
374 http fetch GET 200 https://registry.npmjs.org/minipass 133ms (cache miss)
375 silly packumentCache full:https://registry.npmjs.org/minipass set size:undefined disposed:false
376 silly placeDep ROOT foreground-child@3.3.0 OK for: glob@10.4.5 want: ^3.1.0
377 silly placeDep ROOT jackspeak@3.4.3 OK for: glob@10.4.5 want: ^3.1.2
378 silly placeDep node_modules/glob minimatch@9.0.5 OK for: glob@10.4.5 want: ^9.0.4
379 silly placeDep ROOT minipass@7.1.2 OK for: glob@10.4.5 want: ^7.1.2
380 silly placeDep ROOT package-json-from-dist@1.0.1 OK for: glob@10.4.5 want: ^1.0.0
381 silly placeDep ROOT path-scurry@1.11.1 OK for: glob@10.4.5 want: ^1.11.1
382 silly fetch manifest signal-exit@^4.0.1
383 silly packumentCache full:https://registry.npmjs.org/signal-exit cache-miss
384 silly fetch manifest @isaacs/cliui@^8.0.2
385 silly packumentCache full:https://registry.npmjs.org/@isaacs%2fcliui cache-miss
386 silly fetch manifest @pkgjs/parseargs@^0.11.0
387 silly packumentCache full:https://registry.npmjs.org/@pkgjs%2fparseargs cache-miss
388 silly fetch manifest brace-expansion@^2.0.1
389 silly packumentCache full:https://registry.npmjs.org/brace-expansion cache-miss
390 silly fetch manifest lru-cache@^10.2.0
391 silly packumentCache full:https://registry.npmjs.org/lru-cache cache-miss
392 http fetch GET 200 https://registry.npmjs.org/brace-expansion 60ms (cache revalidated)
393 silly packumentCache full:https://registry.npmjs.org/brace-expansion set size:42345 disposed:false
394 http fetch GET 200 https://registry.npmjs.org/signal-exit 68ms (cache miss)
395 silly packumentCache full:https://registry.npmjs.org/signal-exit set size:undefined disposed:false
396 http fetch GET 200 https://registry.npmjs.org/lru-cache 73ms (cache revalidated)
397 silly packumentCache full:https://registry.npmjs.org/lru-cache set size:387720 disposed:false
398 http fetch GET 200 https://registry.npmjs.org/@pkgjs%2fparseargs 99ms (cache miss)
399 silly packumentCache full:https://registry.npmjs.org/@pkgjs%2fparseargs set size:undefined disposed:false
400 http fetch GET 200 https://registry.npmjs.org/@isaacs%2fcliui 105ms (cache miss)
401 silly packumentCache full:https://registry.npmjs.org/@isaacs%2fcliui set size:undefined disposed:false
402 silly placeDep ROOT signal-exit@4.1.0 OK for: foreground-child@3.3.0 want: ^4.0.1
403 silly placeDep ROOT @isaacs/cliui@8.0.2 OK for: jackspeak@3.4.3 want: ^8.0.2
404 silly placeDep ROOT @pkgjs/parseargs@0.11.0 OK for: jackspeak@3.4.3 want: ^0.11.0
405 silly fetch manifest string-width@^5.1.2
406 silly packumentCache full:https://registry.npmjs.org/string-width cache-miss
407 silly fetch manifest string-width-cjs@npm:string-width@^4.2.0
408 silly packumentCache full:https://registry.npmjs.org/string-width cache-miss
409 silly fetch manifest strip-ansi@^7.0.1
410 silly packumentCache full:https://registry.npmjs.org/strip-ansi cache-miss
411 silly fetch manifest strip-ansi-cjs@npm:strip-ansi@^6.0.1
412 silly packumentCache full:https://registry.npmjs.org/strip-ansi cache-miss
413 silly fetch manifest wrap-ansi@^8.1.0
414 silly packumentCache full:https://registry.npmjs.org/wrap-ansi cache-miss
415 silly fetch manifest wrap-ansi-cjs@npm:wrap-ansi@^7.0.0
416 silly packumentCache full:https://registry.npmjs.org/wrap-ansi cache-miss
417 http fetch GET 200 https://registry.npmjs.org/wrap-ansi 65ms (cache miss)
418 silly packumentCache full:https://registry.npmjs.org/wrap-ansi set size:undefined disposed:false
419 http fetch GET 200 https://registry.npmjs.org/string-width 72ms (cache miss)
420 silly packumentCache full:https://registry.npmjs.org/string-width set size:undefined disposed:false
421 http fetch GET 200 https://registry.npmjs.org/strip-ansi 74ms (cache miss)
422 silly packumentCache full:https://registry.npmjs.org/strip-ansi set size:undefined disposed:false
423 http fetch GET 200 https://registry.npmjs.org/string-width 81ms (cache miss)
424 silly packumentCache full:https://registry.npmjs.org/string-width set size:undefined disposed:false
425 http fetch GET 200 https://registry.npmjs.org/strip-ansi 79ms (cache miss)
426 silly packumentCache full:https://registry.npmjs.org/strip-ansi set size:undefined disposed:false
427 http fetch GET 200 https://registry.npmjs.org/wrap-ansi 82ms (cache miss)
428 silly packumentCache full:https://registry.npmjs.org/wrap-ansi set size:undefined disposed:false
429 silly placeDep ROOT string-width@5.1.2 OK for: @isaacs/cliui@8.0.2 want: ^5.1.2
430 silly placeDep ROOT string-width-cjs@4.2.3 OK for: @isaacs/cliui@8.0.2 want: npm:string-width@^4.2.0
431 silly placeDep ROOT strip-ansi@7.1.0 OK for: @isaacs/cliui@8.0.2 want: ^7.0.1
432 silly placeDep ROOT strip-ansi-cjs@6.0.1 OK for: @isaacs/cliui@8.0.2 want: npm:strip-ansi@^6.0.1
433 silly placeDep ROOT wrap-ansi@8.1.0 OK for: @isaacs/cliui@8.0.2 want: ^8.1.0
434 silly placeDep ROOT wrap-ansi-cjs@7.0.0 OK for: @isaacs/cliui@8.0.2 want: npm:wrap-ansi@^7.0.0
435 silly fetch manifest emoji-regex@^9.2.2
436 silly packumentCache full:https://registry.npmjs.org/emoji-regex cache-miss
437 silly fetch manifest eastasianwidth@^0.2.0
438 silly packumentCache full:https://registry.npmjs.org/eastasianwidth cache-miss
439 silly fetch manifest strip-ansi@^6.0.1
440 silly packumentCache full:https://registry.npmjs.org/strip-ansi cache-miss
441 silly fetch manifest emoji-regex@^8.0.0
442 silly packumentCache full:https://registry.npmjs.org/emoji-regex cache-miss
443 silly fetch manifest is-fullwidth-code-point@^3.0.0
444 silly packumentCache full:https://registry.npmjs.org/is-fullwidth-code-point cache-miss
445 silly fetch manifest ansi-regex@^6.0.1
446 silly packumentCache full:https://registry.npmjs.org/ansi-regex cache-miss
447 silly fetch manifest ansi-regex@^5.0.1
448 silly packumentCache full:https://registry.npmjs.org/ansi-regex cache-miss
449 silly fetch manifest ansi-styles@^6.1.0
450 silly packumentCache full:https://registry.npmjs.org/ansi-styles cache-miss
451 silly fetch manifest string-width@^4.1.0
452 silly packumentCache full:https://registry.npmjs.org/string-width cache-miss
453 silly fetch manifest strip-ansi@^6.0.0
454 silly packumentCache full:https://registry.npmjs.org/strip-ansi cache-miss
455 http fetch GET 200 https://registry.npmjs.org/string-width 30ms (cache hit)
456 silly packumentCache full:https://registry.npmjs.org/string-width set size:61460 disposed:false
457 http fetch GET 200 https://registry.npmjs.org/strip-ansi 47ms (cache hit)
458 silly packumentCache full:https://registry.npmjs.org/strip-ansi set size:43180 disposed:false
459 http fetch GET 200 https://registry.npmjs.org/strip-ansi 37ms (cache hit)
460 silly packumentCache full:https://registry.npmjs.org/strip-ansi set size:43180 disposed:false
461 silly packumentCache full:https://registry.npmjs.org/strip-ansi dispose
462 http fetch GET 200 https://registry.npmjs.org/emoji-regex 84ms (cache miss)
463 silly packumentCache full:https://registry.npmjs.org/emoji-regex set size:undefined disposed:false
464 http fetch GET 200 https://registry.npmjs.org/emoji-regex 86ms (cache miss)
465 silly packumentCache full:https://registry.npmjs.org/emoji-regex set size:undefined disposed:false
466 http fetch GET 200 https://registry.npmjs.org/eastasianwidth 90ms (cache miss)
467 silly packumentCache full:https://registry.npmjs.org/eastasianwidth set size:undefined disposed:false
468 http fetch GET 200 https://registry.npmjs.org/ansi-regex 88ms (cache miss)
469 silly packumentCache full:https://registry.npmjs.org/ansi-regex set size:undefined disposed:false
470 http fetch GET 200 https://registry.npmjs.org/ansi-regex 91ms (cache miss)
471 silly packumentCache full:https://registry.npmjs.org/ansi-regex set size:undefined disposed:false
472 http fetch GET 200 https://registry.npmjs.org/is-fullwidth-code-point 96ms (cache miss)
473 silly packumentCache full:https://registry.npmjs.org/is-fullwidth-code-point set size:undefined disposed:false
474 http fetch GET 200 https://registry.npmjs.org/ansi-styles 102ms (cache revalidated)
475 silly packumentCache full:https://registry.npmjs.org/ansi-styles set size:66356 disposed:false
476 silly placeDep ROOT any-promise@1.3.0 OK for: mz@2.7.0 want: ^1.0.0
477 silly placeDep ROOT thenify-all@1.6.0 OK for: mz@2.7.0 want: ^1.0.0
478 silly fetch manifest thenify@>= 3.1.0 < 4
479 silly packumentCache full:https://registry.npmjs.org/thenify cache-miss
480 http fetch GET 200 https://registry.npmjs.org/thenify 57ms (cache miss)
481 silly packumentCache full:https://registry.npmjs.org/thenify set size:undefined disposed:false
482 silly placeDep node_modules/path-scurry lru-cache@10.4.3 OK for: path-scurry@1.11.1 want: ^10.2.0
483 silly placeDep ROOT eastasianwidth@0.2.0 OK for: string-width@5.1.2 want: ^0.2.0
484 silly placeDep ROOT emoji-regex@9.2.2 OK for: string-width@5.1.2 want: ^9.2.2
485 silly placeDep node_modules/string-width-cjs emoji-regex@8.0.0 OK for: string-width@4.2.3 want: ^8.0.0
486 silly placeDep ROOT is-fullwidth-code-point@3.0.0 OK for: string-width@4.2.3 want: ^3.0.0
487 silly placeDep node_modules/string-width-cjs strip-ansi@6.0.1 OK for: string-width@4.2.3 want: ^6.0.1
488 silly placeDep ROOT ansi-regex@6.1.0 OK for: strip-ansi@7.1.0 want: ^6.0.1
489 silly placeDep node_modules/strip-ansi-cjs ansi-regex@5.0.1 OK for: strip-ansi@6.0.1 want: ^5.0.1
490 silly placeDep ROOT thenify@3.3.1 OK for: thenify-all@1.6.0 want: >= 3.1.0 < 4
491 silly placeDep ROOT is-number@7.0.0 OK for: to-regex-range@5.0.1 want: ^7.0.0
492 silly placeDep node_modules/wrap-ansi ansi-styles@6.2.1 OK for: wrap-ansi@8.1.0 want: ^6.1.0
493 silly placeDep node_modules/wrap-ansi-cjs string-width@4.2.3 OK for: wrap-ansi@7.0.0 want: ^4.1.0
494 silly placeDep node_modules/wrap-ansi-cjs strip-ansi@6.0.1 OK for: wrap-ansi@7.0.0 want: ^6.0.0
495 silly placeDep node_modules/glob brace-expansion@2.0.1 OK for: minimatch@9.0.5 want: ^2.0.1
496 silly placeDep node_modules/string-width-cjs ansi-regex@5.0.1 OK for: strip-ansi@6.0.1 want: ^5.0.1
497 silly placeDep node_modules/wrap-ansi-cjs emoji-regex@8.0.0 OK for: string-width@4.2.3 want: ^8.0.0
498 silly placeDep node_modules/wrap-ansi-cjs ansi-regex@5.0.1 OK for: strip-ansi@6.0.1 want: ^5.0.1
499 silly reify moves {}
500 silly audit bulk request {
500 silly audit   '@ampproject/remapping': [ '2.3.0' ],
500 silly audit   '@babel/code-frame': [ '7.26.2' ],
500 silly audit   '@babel/compat-data': [ '7.26.3' ],
500 silly audit   '@babel/core': [ '7.26.0' ],
500 silly audit   '@babel/generator': [ '7.26.3' ],
500 silly audit   '@babel/helper-compilation-targets': [ '7.25.9' ],
500 silly audit   '@babel/helper-module-imports': [ '7.25.9' ],
500 silly audit   '@babel/helper-module-transforms': [ '7.26.0' ],
500 silly audit   '@babel/helper-plugin-utils': [ '7.25.9' ],
500 silly audit   '@babel/helper-string-parser': [ '7.25.9' ],
500 silly audit   '@babel/helper-validator-identifier': [ '7.25.9' ],
500 silly audit   '@babel/helper-validator-option': [ '7.25.9' ],
500 silly audit   '@babel/helpers': [ '7.26.0' ],
500 silly audit   '@babel/parser': [ '7.26.3' ],
500 silly audit   '@babel/plugin-transform-react-jsx-self': [ '7.25.9' ],
500 silly audit   '@babel/plugin-transform-react-jsx-source': [ '7.25.9' ],
500 silly audit   '@babel/template': [ '7.25.9' ],
500 silly audit   '@babel/traverse': [ '7.26.4' ],
500 silly audit   globals: [ '11.12.0', '14.0.0', '15.13.0' ],
500 silly audit   '@babel/types': [ '7.26.3' ],
500 silly audit   '@esbuild/aix-ppc64': [ '0.24.0' ],
500 silly audit   '@esbuild/android-arm': [ '0.24.0' ],
500 silly audit   '@esbuild/android-arm64': [ '0.24.0' ],
500 silly audit   '@esbuild/android-x64': [ '0.24.0' ],
500 silly audit   '@esbuild/darwin-arm64': [ '0.24.0' ],
500 silly audit   '@esbuild/darwin-x64': [ '0.24.0' ],
500 silly audit   '@esbuild/freebsd-arm64': [ '0.24.0' ],
500 silly audit   '@esbuild/freebsd-x64': [ '0.24.0' ],
500 silly audit   '@esbuild/linux-arm': [ '0.24.0' ],
500 silly audit   '@esbuild/linux-arm64': [ '0.24.0' ],
500 silly audit   '@esbuild/linux-ia32': [ '0.24.0' ],
500 silly audit   '@esbuild/linux-loong64': [ '0.24.0' ],
500 silly audit   '@esbuild/linux-mips64el': [ '0.24.0' ],
500 silly audit   '@esbuild/linux-ppc64': [ '0.24.0' ],
500 silly audit   '@esbuild/linux-riscv64': [ '0.24.0' ],
500 silly audit   '@esbuild/linux-s390x': [ '0.24.0' ],
500 silly audit   '@esbuild/linux-x64': [ '0.24.0' ],
500 silly audit   '@esbuild/netbsd-x64': [ '0.24.0' ],
500 silly audit   '@esbuild/openbsd-arm64': [ '0.24.0' ],
500 silly audit   '@esbuild/openbsd-x64': [ '0.24.0' ],
500 silly audit   '@esbuild/sunos-x64': [ '0.24.0' ],
500 silly audit   '@esbuild/win32-arm64': [ '0.24.0' ],
500 silly audit   '@esbuild/win32-ia32': [ '0.24.0' ],
500 silly audit   '@esbuild/win32-x64': [ '0.24.0' ],
500 silly audit   '@eslint-community/eslint-utils': [ '4.4.1' ],
500 silly audit   'eslint-visitor-keys': [ '3.4.3', '4.2.0' ],
500 silly audit   '@eslint-community/regexpp': [ '4.12.1' ],
500 silly audit   '@eslint/config-array': [ '0.19.1' ],
500 silly audit   '@eslint/core': [ '0.9.1' ],
500 silly audit   '@eslint/eslintrc': [ '3.2.0' ],
500 silly audit   '@eslint/js': [ '9.16.0' ],
500 silly audit   '@eslint/object-schema': [ '2.1.5' ],
500 silly audit   '@eslint/plugin-kit': [ '0.2.4' ],
500 silly audit   '@humanfs/core': [ '0.19.1' ],
500 silly audit   '@humanfs/node': [ '0.16.6' ],
500 silly audit   '@humanwhocodes/retry': [ '0.3.1', '0.4.1' ],
500 silly audit   '@humanwhocodes/module-importer': [ '1.0.1' ],
500 silly audit   '@jridgewell/gen-mapping': [ '0.3.5' ],
500 silly audit   '@jridgewell/resolve-uri': [ '3.1.2' ],
500 silly audit   '@jridgewell/set-array': [ '1.2.1' ],
500 silly audit   '@jridgewell/sourcemap-codec': [ '1.5.0' ],
500 silly audit   '@jridgewell/trace-mapping': [ '0.3.25' ],
500 silly audit   '@rollup/rollup-android-arm-eabi': [ '4.28.0' ],
500 silly audit   '@rollup/rollup-android-arm64': [ '4.28.0' ],
500 silly audit   '@rollup/rollup-darwin-arm64': [ '4.28.0' ],
500 silly audit   '@rollup/rollup-darwin-x64': [ '4.28.0' ],
500 silly audit   '@rollup/rollup-freebsd-arm64': [ '4.28.0' ],
500 silly audit   '@rollup/rollup-freebsd-x64': [ '4.28.0' ],
500 silly audit   '@rollup/rollup-linux-arm-gnueabihf': [ '4.28.0' ],
500 silly audit   '@rollup/rollup-linux-arm-musleabihf': [ '4.28.0' ],
500 silly audit   '@rollup/rollup-linux-arm64-gnu': [ '4.28.0' ],
500 silly audit   '@rollup/rollup-linux-arm64-musl': [ '4.28.0' ],
500 silly audit   '@rollup/rollup-linux-powerpc64le-gnu': [ '4.28.0' ],
500 silly audit   '@rollup/rollup-linux-riscv64-gnu': [ '4.28.0' ],
500 silly audit   '@rollup/rollup-linux-s390x-gnu': [ '4.28.0' ],
500 silly audit   '@rollup/rollup-linux-x64-gnu': [ '4.28.0' ],
500 silly audit   '@rollup/rollup-linux-x64-musl': [ '4.28.0' ],
500 silly audit   '@rollup/rollup-win32-arm64-msvc': [ '4.28.0' ],
500 silly audit   '@rollup/rollup-win32-ia32-msvc': [ '4.28.0' ],
500 silly audit   '@rollup/rollup-win32-x64-msvc': [ '4.28.0' ],
500 silly audit   '@types/babel__core': [ '7.20.5' ],
500 silly audit   '@types/babel__generator': [ '7.6.8' ],
500 silly audit   '@types/babel__template': [ '7.4.4' ],
500 silly audit   '@types/babel__traverse': [ '7.20.6' ],
500 silly audit   '@types/estree': [ '1.0.6' ],
500 silly audit   '@types/json-schema': [ '7.0.15' ],
500 silly audit   '@types/prop-types': [ '15.7.14' ],
500 silly audit   '@types/react': [ '18.3.14' ],
500 silly audit   '@types/react-dom': [ '18.3.2' ],
500 silly audit   '@vitejs/plugin-react': [ '4.3.4' ],
500 silly audit   acorn: [ '8.14.0' ],
500 silly audit   'acorn-jsx': [ '5.3.2' ],
500 silly audit   ajv: [ '6.12.6' ],
500 silly audit   'ansi-styles': [ '4.3.0', '6.2.1' ],
500 silly audit   argparse: [ '2.0.1' ],
500 silly audit   'array-buffer-byte-length': [ '1.0.1' ],
500 silly audit   'array-includes': [ '3.1.8' ],
500 silly audit   'array.prototype.findlast': [ '1.2.5' ],
500 silly audit   'array.prototype.flat': [ '1.3.2' ],
500 silly audit   'array.prototype.flatmap': [ '1.3.2' ],
500 silly audit   'array.prototype.tosorted': [ '1.1.4' ],
500 silly audit   'arraybuffer.prototype.slice': [ '1.0.3' ],
500 silly audit   'available-typed-arrays': [ '1.0.7' ],
500 silly audit   'balanced-match': [ '1.0.2' ],
500 silly audit   'brace-expansion': [ '1.1.11', '2.0.1' ],
500 silly audit   browserslist: [ '4.24.2' ],
500 silly audit   'call-bind': [ '1.0.8' ],
500 silly audit   'call-bind-apply-helpers': [ '1.0.0' ],
500 silly audit   callsites: [ '3.1.0' ],
500 silly audit   'caniuse-lite': [ '1.0.30001687' ],
500 silly audit   chalk: [ '4.1.2' ],
500 silly audit   'color-convert': [ '2.0.1' ],
500 silly audit   'color-name': [ '1.1.4' ],
500 silly audit   'concat-map': [ '0.0.1' ],
500 silly audit   'convert-source-map': [ '2.0.0' ],
500 silly audit   'cross-spawn': [ '7.0.6' ],
500 silly audit   csstype: [ '3.1.3' ],
500 silly audit   'data-view-buffer': [ '1.0.1' ],
500 silly audit   'data-view-byte-length': [ '1.0.1' ],
500 silly audit   'data-view-byte-offset': [ '1.0.0' ],
500 silly audit   debug: [ '4.3.7' ],
500 silly audit   'deep-is': [ '0.1.4' ],
500 silly audit   'define-data-property': [ '1.1.4' ],
500 silly audit   'define-properties': [ '1.2.1' ],
500 silly audit   doctrine: [ '2.1.0' ],
500 silly audit   'electron-to-chromium': [ '1.5.71' ],
500 silly audit   'es-abstract': [ '1.23.5' ],
500 silly audit   'es-define-property': [ '1.0.0' ],
500 silly audit   'es-errors': [ '1.3.0' ],
500 silly audit   'es-iterator-helpers': [ '1.2.0' ],
500 silly audit   'es-object-atoms': [ '1.0.0' ],
500 silly audit   'es-set-tostringtag': [ '2.0.3' ],
500 silly audit   'es-shim-unscopables': [ '1.0.2' ],
500 silly audit   'es-to-primitive': [ '1.3.0' ],
500 silly audit   esbuild: [ '0.24.0' ],
500 silly audit   escalade: [ '3.2.0' ],
500 silly audit   'escape-string-regexp': [ '4.0.0' ],
500 silly audit   eslint: [ '9.16.0' ],
500 silly audit   'eslint-plugin-react': [ '7.37.2' ],
500 silly audit   'eslint-plugin-react-hooks': [ '5.1.0' ],
500 silly audit   'eslint-plugin-react-refresh': [ '0.4.16' ],
500 silly audit   'eslint-scope': [ '8.2.0' ],
500 silly audit   espree: [ '10.3.0' ],
500 silly audit   esquery: [ '1.6.0' ],
500 silly audit   esrecurse: [ '4.3.0' ],
500 silly audit   estraverse: [ '5.3.0' ],
500 silly audit   esutils: [ '2.0.3' ],
500 silly audit   'fast-deep-equal': [ '3.1.3' ],
500 silly audit   'fast-json-stable-stringify': [ '2.1.0' ],
500 silly audit   'fast-levenshtein': [ '2.0.6' ],
500 silly audit   'file-entry-cache': [ '8.0.0' ],
500 silly audit   'find-up': [ '5.0.0' ],
500 silly audit   'flat-cache': [ '4.0.1' ],
500 silly audit   flatted: [ '3.3.2' ],
500 silly audit   'for-each': [ '0.3.3' ],
500 silly audit   fsevents: [ '2.3.3' ],
500 silly audit   'function-bind': [ '1.1.2' ],
500 silly audit   'function.prototype.name': [ '1.1.6' ],
500 silly audit   'functions-have-names': [ '1.2.3' ],
500 silly audit   gensync: [ '1.0.0-beta.2' ],
500 silly audit   'get-intrinsic': [ '1.2.4' ],
500 silly audit   'get-symbol-description': [ '1.0.2' ],
500 silly audit   'glob-parent': [ '6.0.2', '5.1.2' ],
500 silly audit   globalthis: [ '1.0.4' ],
500 silly audit   gopd: [ '1.2.0' ],
500 silly audit   'has-bigints': [ '1.0.2' ],
500 silly audit   'has-flag': [ '4.0.0' ],
500 silly audit   'has-property-descriptors': [ '1.0.2' ],
500 silly audit   'has-proto': [ '1.1.0' ],
500 silly audit   'has-symbols': [ '1.1.0' ],
500 silly audit   'has-tostringtag': [ '1.0.2' ],
500 silly audit   hasown: [ '2.0.2' ],
500 silly audit   ignore: [ '5.3.2' ],
500 silly audit   'import-fresh': [ '3.3.0' ],
500 silly audit   imurmurhash: [ '0.1.4' ],
500 silly audit   'internal-slot': [ '1.0.7' ],
500 silly audit   'is-array-buffer': [ '3.0.4' ],
500 silly audit   'is-async-function': [ '2.0.0' ],
500 silly audit   'is-bigint': [ '1.1.0' ],
500 silly audit   'is-boolean-object': [ '1.2.0' ],
500 silly audit   'is-callable': [ '1.2.7' ],
500 silly audit   'is-core-module': [ '2.15.1' ],
500 silly audit   'is-data-view': [ '1.0.1' ],
500 silly audit   'is-date-object': [ '1.0.5' ],
500 silly audit   'is-extglob': [ '2.1.1' ],
500 silly audit   'is-finalizationregistry': [ '1.1.0' ],
500 silly audit   'is-generator-function': [ '1.0.10' ],
500 silly audit   'is-glob': [ '4.0.3' ],
500 silly audit   'is-map': [ '2.0.3' ],
500 silly audit   'is-negative-zero': [ '2.0.3' ],
500 silly audit   'is-number-object': [ '1.1.0' ],
500 silly audit   'is-regex': [ '1.2.0' ],
500 silly audit   'is-set': [ '2.0.3' ],
500 silly audit   'is-shared-array-buffer': [ '1.0.3' ],
500 silly audit   'is-string': [ '1.1.0' ],
500 silly audit   'is-symbol': [ '1.1.0' ],
500 silly audit   'is-typed-array': [ '1.1.13' ],
500 silly audit   'is-weakmap': [ '2.0.2' ],
500 silly audit   'is-weakref': [ '1.0.2' ],
500 silly audit   'is-weakset': [ '2.0.3' ],
500 silly audit   isarray: [ '2.0.5' ],
500 silly audit   isexe: [ '2.0.0' ],
500 silly audit   'iterator.prototype': [ '1.1.3' ],
500 silly audit   'js-tokens': [ '4.0.0' ],
500 silly audit   'js-yaml': [ '4.1.0' ],
500 silly audit   jsesc: [ '3.0.2' ],
500 silly audit   'json-buffer': [ '3.0.1' ],
500 silly audit   'json-schema-traverse': [ '0.4.1' ],
500 silly audit   'json-stable-stringify-without-jsonify': [ '1.0.1' ],
500 silly audit   json5: [ '2.2.3' ],
500 silly audit   'jsx-ast-utils': [ '3.3.5' ],
500 silly audit   keyv: [ '4.5.4' ],
500 silly audit   levn: [ '0.4.1' ],
500 silly audit   'locate-path': [ '6.0.0' ],
500 silly audit   'lodash.merge': [ '4.6.2' ],
500 silly audit   'loose-envify': [ '1.4.0' ],
500 silly audit   'lru-cache': [ '5.1.1', '10.4.3' ],
500 silly audit   minimatch: [ '3.1.2', '9.0.5' ],
500 silly audit   ms: [ '2.1.3' ],
500 silly audit   nanoid: [ '3.3.8' ],
500 silly audit   'natural-compare': [ '1.4.0' ],
500 silly audit   'node-releases': [ '2.0.18' ],
500 silly audit   'object-assign': [ '4.1.1' ],
500 silly audit   'object-inspect': [ '1.13.3' ],
500 silly audit   'object-keys': [ '1.1.1' ],
500 silly audit   'object.assign': [ '4.1.5' ],
500 silly audit   'object.entries': [ '1.1.8' ],
500 silly audit   'object.fromentries': [ '2.0.8' ],
500 silly audit   'object.values': [ '1.2.0' ],
500 silly audit   optionator: [ '0.9.4' ],
500 silly audit   'p-limit': [ '3.1.0' ],
500 silly audit   'p-locate': [ '5.0.0' ],
500 silly audit   'parent-module': [ '1.0.1' ],
500 silly audit   'path-exists': [ '4.0.0' ],
500 silly audit   'path-key': [ '3.1.1' ],
500 silly audit   'path-parse': [ '1.0.7' ],
500 silly audit   picocolors: [ '1.1.1' ],
500 silly audit   'possible-typed-array-names': [ '1.0.0' ],
500 silly audit   'prelude-ls': [ '1.2.1' ],
500 silly audit   'prop-types': [ '15.8.1' ],
500 silly audit   punycode: [ '2.3.1' ],
500 silly audit   react: [ '18.3.1' ],
500 silly audit   'react-dom': [ '18.3.1' ],
500 silly audit   'react-is': [ '16.13.1' ],
500 silly audit   'react-refresh': [ '0.14.2' ],
500 silly audit   'reflect.getprototypeof': [ '1.0.7' ],
500 silly audit   'regexp.prototype.flags': [ '1.5.3' ],
500 silly audit   resolve: [ '2.0.0-next.5', '1.22.8' ],
500 silly audit   'resolve-from': [ '4.0.0' ],
500 silly audit   rollup: [ '4.28.0' ],
500 silly audit   'safe-array-concat': [ '1.1.2' ],
500 silly audit   'safe-regex-test': [ '1.0.3' ],
500 silly audit   scheduler: [ '0.23.2' ],
500 silly audit   semver: [ '6.3.1' ],
500 silly audit   'set-function-length': [ '1.2.2' ],
500 silly audit   'set-function-name': [ '2.0.2' ],
500 silly audit   'shebang-command': [ '2.0.0' ],
500 silly audit   'shebang-regex': [ '3.0.0' ],
500 silly audit   'side-channel': [ '1.0.6' ],
500 silly audit   'source-map-js': [ '1.2.1' ],
500 silly audit   'string.prototype.matchall': [ '4.0.11' ],
500 silly audit   'string.prototype.repeat': [ '1.0.0' ],
500 silly audit   'string.prototype.trim': [ '1.2.9' ],
500 silly audit   'string.prototype.trimend': [ '1.0.8' ],
500 silly audit   'string.prototype.trimstart': [ '1.0.8' ],
500 silly audit   'strip-json-comments': [ '3.1.1' ],
500 silly audit   'supports-color': [ '7.2.0' ],
500 silly audit   'supports-preserve-symlinks-flag': [ '1.0.0' ],
500 silly audit   'type-check': [ '0.4.0' ],
500 silly audit   'typed-array-buffer': [ '1.0.2' ],
500 silly audit   'typed-array-byte-length': [ '1.0.1' ],
500 silly audit   'typed-array-byte-offset': [ '1.0.3' ],
500 silly audit   'typed-array-length': [ '1.0.7' ],
500 silly audit   'unbox-primitive': [ '1.0.2' ],
500 silly audit   'update-browserslist-db': [ '1.1.1' ],
500 silly audit   'uri-js': [ '4.4.1' ],
500 silly audit   vite: [ '6.0.3' ],
500 silly audit   which: [ '2.0.2' ],
500 silly audit   'which-boxed-primitive': [ '1.1.0' ],
500 silly audit   'which-builtin-type': [ '1.2.0' ],
500 silly audit   'which-collection': [ '1.0.2' ],
500 silly audit   'which-typed-array': [ '1.1.16' ],
500 silly audit   'word-wrap': [ '1.2.5' ],
500 silly audit   yallist: [ '3.1.1' ],
500 silly audit   'yocto-queue': [ '0.1.0' ],
500 silly audit   autoprefixer: [ '10.4.20' ],
500 silly audit   postcss: [ '8.4.49' ],
500 silly audit   tailwindcss: [ '3.4.16' ],
500 silly audit   'fraction.js': [ '4.3.7' ],
500 silly audit   'normalize-range': [ '0.1.2' ],
500 silly audit   'postcss-value-parser': [ '4.2.0' ],
500 silly audit   '@alloc/quick-lru': [ '5.2.0' ],
500 silly audit   arg: [ '5.0.2' ],
500 silly audit   chokidar: [ '3.6.0' ],
500 silly audit   didyoumean: [ '1.2.2' ],
500 silly audit   dlv: [ '1.1.3' ],
500 silly audit   'fast-glob': [ '3.3.2' ],
500 silly audit   jiti: [ '1.21.6' ],
500 silly audit   lilconfig: [ '3.1.3' ],
500 silly audit   micromatch: [ '4.0.8' ],
500 silly audit   'normalize-path': [ '3.0.0' ],
500 silly audit   'object-hash': [ '3.0.0' ],
500 silly audit   'postcss-import': [ '15.1.0' ],
500 silly audit   'postcss-js': [ '4.0.1' ],
500 silly audit   'postcss-load-config': [ '4.0.2' ],
500 silly audit   'postcss-nested': [ '6.2.0' ],
500 silly audit   'postcss-selector-parser': [ '6.1.2' ],
500 silly audit   sucrase: [ '3.35.0' ],
500 silly audit   anymatch: [ '3.1.3' ],
500 silly audit   braces: [ '3.0.3' ],
500 silly audit   'is-binary-path': [ '2.1.0' ],
500 silly audit   readdirp: [ '3.6.0' ],
500 silly audit   picomatch: [ '2.3.1' ],
500 silly audit   'fill-range': [ '7.1.1' ],
500 silly audit   '@nodelib/fs.stat': [ '2.0.5' ],
500 silly audit   '@nodelib/fs.walk': [ '1.2.8' ],
500 silly audit   merge2: [ '1.4.1' ],
500 silly audit   '@nodelib/fs.scandir': [ '2.1.5' ],
500 silly audit   fastq: [ '1.17.1' ],
500 silly audit   'run-parallel': [ '1.2.0' ],
500 silly audit   reusify: [ '1.0.4' ],
500 silly audit   'to-regex-range': [ '5.0.1' ],
500 silly audit   'binary-extensions': [ '2.3.0' ],
500 silly audit   'read-cache': [ '1.0.0' ],
500 silly audit   'camelcase-css': [ '2.0.1' ],
500 silly audit   yaml: [ '2.6.1' ],
500 silly audit   cssesc: [ '3.0.0' ],
500 silly audit   'util-deprecate': [ '1.0.2' ],
500 silly audit   pify: [ '2.3.0' ],
500 silly audit   'queue-microtask': [ '1.2.3' ],
500 silly audit   commander: [ '4.1.1' ],
500 silly audit   glob: [ '10.4.5' ],
500 silly audit   'lines-and-columns': [ '1.2.4' ],
500 silly audit   mz: [ '2.7.0' ],
500 silly audit   pirates: [ '4.0.6' ],
500 silly audit   'ts-interface-checker': [ '0.1.13' ],
500 silly audit   'foreground-child': [ '3.3.0' ],
500 silly audit   jackspeak: [ '3.4.3' ],
500 silly audit   minipass: [ '7.1.2' ],
500 silly audit   'package-json-from-dist': [ '1.0.1' ],
500 silly audit   'path-scurry': [ '1.11.1' ],
500 silly audit   'signal-exit': [ '4.1.0' ],
500 silly audit   '@isaacs/cliui': [ '8.0.2' ],
500 silly audit   '@pkgjs/parseargs': [ '0.11.0' ],
500 silly audit   'string-width': [ '5.1.2', '4.2.3' ],
500 silly audit   'strip-ansi': [ '7.1.0', '6.0.1' ],
500 silly audit   'wrap-ansi': [ '8.1.0', '7.0.0' ],
500 silly audit   'any-promise': [ '1.3.0' ],
500 silly audit   'thenify-all': [ '1.6.0' ],
500 silly audit   eastasianwidth: [ '0.2.0' ],
500 silly audit   'emoji-regex': [ '9.2.2', '8.0.0' ],
500 silly audit   'is-fullwidth-code-point': [ '3.0.0' ],
500 silly audit   'ansi-regex': [ '6.1.0', '5.0.1' ],
500 silly audit   thenify: [ '3.3.1' ],
500 silly audit   'is-number': [ '7.0.0' ]
500 silly audit }
501 verbose reify failed optional dependency C:\Users\Krishna jadhav\Desktop\web\reactLearnings\03tailwindprops\node_modules\fsevents
502 silly reify mark deleted [
502 silly reify   'C:\\Users\\Krishna jadhav\\Desktop\\web\\reactLearnings\\03tailwindprops\\node_modules\\fsevents'
502 silly reify ]
503 verbose reify failed optional dependency C:\Users\Krishna jadhav\Desktop\web\reactLearnings\03tailwindprops\node_modules\@rollup\rollup-win32-ia32-msvc
504 silly reify mark deleted [
504 silly reify   'C:\\Users\\Krishna jadhav\\Desktop\\web\\reactLearnings\\03tailwindprops\\node_modules\\@rollup\\rollup-win32-ia32-msvc'
504 silly reify ]
505 verbose reify failed optional dependency C:\Users\Krishna jadhav\Desktop\web\reactLearnings\03tailwindprops\node_modules\@rollup\rollup-win32-arm64-msvc
506 silly reify mark deleted [
506 silly reify   'C:\\Users\\Krishna jadhav\\Desktop\\web\\reactLearnings\\03tailwindprops\\node_modules\\@rollup\\rollup-win32-arm64-msvc'
506 silly reify ]
507 verbose reify failed optional dependency C:\Users\Krishna jadhav\Desktop\web\reactLearnings\03tailwindprops\node_modules\@rollup\rollup-linux-x64-musl
508 silly reify mark deleted [
508 silly reify   'C:\\Users\\Krishna jadhav\\Desktop\\web\\reactLearnings\\03tailwindprops\\node_modules\\@rollup\\rollup-linux-x64-musl'
508 silly reify ]
509 verbose reify failed optional dependency C:\Users\Krishna jadhav\Desktop\web\reactLearnings\03tailwindprops\node_modules\@rollup\rollup-linux-x64-gnu
510 silly reify mark deleted [
510 silly reify   'C:\\Users\\Krishna jadhav\\Desktop\\web\\reactLearnings\\03tailwindprops\\node_modules\\@rollup\\rollup-linux-x64-gnu'
510 silly reify ]
511 verbose reify failed optional dependency C:\Users\Krishna jadhav\Desktop\web\reactLearnings\03tailwindprops\node_modules\@rollup\rollup-linux-s390x-gnu
512 silly reify mark deleted [
512 silly reify   'C:\\Users\\Krishna jadhav\\Desktop\\web\\reactLearnings\\03tailwindprops\\node_modules\\@rollup\\rollup-linux-s390x-gnu'
512 silly reify ]
513 verbose reify failed optional dependency C:\Users\Krishna jadhav\Desktop\web\reactLearnings\03tailwindprops\node_modules\@rollup\rollup-linux-riscv64-gnu
514 silly reify mark deleted [
514 silly reify   'C:\\Users\\Krishna jadhav\\Desktop\\web\\reactLearnings\\03tailwindprops\\node_modules\\@rollup\\rollup-linux-riscv64-gnu'
514 silly reify ]
515 verbose reify failed optional dependency C:\Users\Krishna jadhav\Desktop\web\reactLearnings\03tailwindprops\node_modules\@rollup\rollup-linux-powerpc64le-gnu
516 silly reify mark deleted [
516 silly reify   'C:\\Users\\Krishna jadhav\\Desktop\\web\\reactLearnings\\03tailwindprops\\node_modules\\@rollup\\rollup-linux-powerpc64le-gnu'
516 silly reify ]
517 verbose reify failed optional dependency C:\Users\Krishna jadhav\Desktop\web\reactLearnings\03tailwindprops\node_modules\@rollup\rollup-linux-arm64-musl
518 silly reify mark deleted [
518 silly reify   'C:\\Users\\Krishna jadhav\\Desktop\\web\\reactLearnings\\03tailwindprops\\node_modules\\@rollup\\rollup-linux-arm64-musl'
518 silly reify ]
519 verbose reify failed optional dependency C:\Users\Krishna jadhav\Desktop\web\reactLearnings\03tailwindprops\node_modules\@rollup\rollup-linux-arm64-gnu
520 silly reify mark deleted [
520 silly reify   'C:\\Users\\Krishna jadhav\\Desktop\\web\\reactLearnings\\03tailwindprops\\node_modules\\@rollup\\rollup-linux-arm64-gnu'
520 silly reify ]
521 verbose reify failed optional dependency C:\Users\Krishna jadhav\Desktop\web\reactLearnings\03tailwindprops\node_modules\@rollup\rollup-linux-arm-musleabihf
522 silly reify mark deleted [
522 silly reify   'C:\\Users\\Krishna jadhav\\Desktop\\web\\reactLearnings\\03tailwindprops\\node_modules\\@rollup\\rollup-linux-arm-musleabihf'
522 silly reify ]
523 verbose reify failed optional dependency C:\Users\Krishna jadhav\Desktop\web\reactLearnings\03tailwindprops\node_modules\@rollup\rollup-linux-arm-gnueabihf
524 silly reify mark deleted [
524 silly reify   'C:\\Users\\Krishna jadhav\\Desktop\\web\\reactLearnings\\03tailwindprops\\node_modules\\@rollup\\rollup-linux-arm-gnueabihf'
524 silly reify ]
525 verbose reify failed optional dependency C:\Users\Krishna jadhav\Desktop\web\reactLearnings\03tailwindprops\node_modules\@rollup\rollup-freebsd-x64
526 silly reify mark deleted [
526 silly reify   'C:\\Users\\Krishna jadhav\\Desktop\\web\\reactLearnings\\03tailwindprops\\node_modules\\@rollup\\rollup-freebsd-x64'
526 silly reify ]
527 verbose reify failed optional dependency C:\Users\Krishna jadhav\Desktop\web\reactLearnings\03tailwindprops\node_modules\@rollup\rollup-freebsd-arm64
528 silly reify mark deleted [
528 silly reify   'C:\\Users\\Krishna jadhav\\Desktop\\web\\reactLearnings\\03tailwindprops\\node_modules\\@rollup\\rollup-freebsd-arm64'
528 silly reify ]
529 verbose reify failed optional dependency C:\Users\Krishna jadhav\Desktop\web\reactLearnings\03tailwindprops\node_modules\@rollup\rollup-darwin-x64
530 silly reify mark deleted [
530 silly reify   'C:\\Users\\Krishna jadhav\\Desktop\\web\\reactLearnings\\03tailwindprops\\node_modules\\@rollup\\rollup-darwin-x64'
530 silly reify ]
531 verbose reify failed optional dependency C:\Users\Krishna jadhav\Desktop\web\reactLearnings\03tailwindprops\node_modules\@rollup\rollup-darwin-arm64
532 silly reify mark deleted [
532 silly reify   'C:\\Users\\Krishna jadhav\\Desktop\\web\\reactLearnings\\03tailwindprops\\node_modules\\@rollup\\rollup-darwin-arm64'
532 silly reify ]
533 verbose reify failed optional dependency C:\Users\Krishna jadhav\Desktop\web\reactLearnings\03tailwindprops\node_modules\@rollup\rollup-android-arm64
534 silly reify mark deleted [
534 silly reify   'C:\\Users\\Krishna jadhav\\Desktop\\web\\reactLearnings\\03tailwindprops\\node_modules\\@rollup\\rollup-android-arm64'
534 silly reify ]
535 verbose reify failed optional dependency C:\Users\Krishna jadhav\Desktop\web\reactLearnings\03tailwindprops\node_modules\@rollup\rollup-android-arm-eabi
536 silly reify mark deleted [
536 silly reify   'C:\\Users\\Krishna jadhav\\Desktop\\web\\reactLearnings\\03tailwindprops\\node_modules\\@rollup\\rollup-android-arm-eabi'
536 silly reify ]
537 verbose reify failed optional dependency C:\Users\Krishna jadhav\Desktop\web\reactLearnings\03tailwindprops\node_modules\@esbuild\win32-ia32
538 silly reify mark deleted [
538 silly reify   'C:\\Users\\Krishna jadhav\\Desktop\\web\\reactLearnings\\03tailwindprops\\node_modules\\@esbuild\\win32-ia32'
538 silly reify ]
539 verbose reify failed optional dependency C:\Users\Krishna jadhav\Desktop\web\reactLearnings\03tailwindprops\node_modules\@esbuild\win32-arm64
540 silly reify mark deleted [
540 silly reify   'C:\\Users\\Krishna jadhav\\Desktop\\web\\reactLearnings\\03tailwindprops\\node_modules\\@esbuild\\win32-arm64'
540 silly reify ]
541 verbose reify failed optional dependency C:\Users\Krishna jadhav\Desktop\web\reactLearnings\03tailwindprops\node_modules\@esbuild\sunos-x64
542 silly reify mark deleted [
542 silly reify   'C:\\Users\\Krishna jadhav\\Desktop\\web\\reactLearnings\\03tailwindprops\\node_modules\\@esbuild\\sunos-x64'
542 silly reify ]
543 verbose reify failed optional dependency C:\Users\Krishna jadhav\Desktop\web\reactLearnings\03tailwindprops\node_modules\@esbuild\openbsd-x64
544 silly reify mark deleted [
544 silly reify   'C:\\Users\\Krishna jadhav\\Desktop\\web\\reactLearnings\\03tailwindprops\\node_modules\\@esbuild\\openbsd-x64'
544 silly reify ]
545 verbose reify failed optional dependency C:\Users\Krishna jadhav\Desktop\web\reactLearnings\03tailwindprops\node_modules\@esbuild\openbsd-arm64
546 silly reify mark deleted [
546 silly reify   'C:\\Users\\Krishna jadhav\\Desktop\\web\\reactLearnings\\03tailwindprops\\node_modules\\@esbuild\\openbsd-arm64'
546 silly reify ]
547 verbose reify failed optional dependency C:\Users\Krishna jadhav\Desktop\web\reactLearnings\03tailwindprops\node_modules\@esbuild\netbsd-x64
548 silly reify mark deleted [
548 silly reify   'C:\\Users\\Krishna jadhav\\Desktop\\web\\reactLearnings\\03tailwindprops\\node_modules\\@esbuild\\netbsd-x64'
548 silly reify ]
549 verbose reify failed optional dependency C:\Users\Krishna jadhav\Desktop\web\reactLearnings\03tailwindprops\node_modules\@esbuild\linux-x64
550 silly reify mark deleted [
550 silly reify   'C:\\Users\\Krishna jadhav\\Desktop\\web\\reactLearnings\\03tailwindprops\\node_modules\\@esbuild\\linux-x64'
550 silly reify ]
551 verbose reify failed optional dependency C:\Users\Krishna jadhav\Desktop\web\reactLearnings\03tailwindprops\node_modules\@esbuild\linux-s390x
552 silly reify mark deleted [
552 silly reify   'C:\\Users\\Krishna jadhav\\Desktop\\web\\reactLearnings\\03tailwindprops\\node_modules\\@esbuild\\linux-s390x'
552 silly reify ]
553 verbose reify failed optional dependency C:\Users\Krishna jadhav\Desktop\web\reactLearnings\03tailwindprops\node_modules\@esbuild\linux-riscv64
554 silly reify mark deleted [
554 silly reify   'C:\\Users\\Krishna jadhav\\Desktop\\web\\reactLearnings\\03tailwindprops\\node_modules\\@esbuild\\linux-riscv64'
554 silly reify ]
555 verbose reify failed optional dependency C:\Users\Krishna jadhav\Desktop\web\reactLearnings\03tailwindprops\node_modules\@esbuild\linux-ppc64
556 silly reify mark deleted [
556 silly reify   'C:\\Users\\Krishna jadhav\\Desktop\\web\\reactLearnings\\03tailwindprops\\node_modules\\@esbuild\\linux-ppc64'
556 silly reify ]
557 verbose reify failed optional dependency C:\Users\Krishna jadhav\Desktop\web\reactLearnings\03tailwindprops\node_modules\@esbuild\linux-mips64el
558 silly reify mark deleted [
558 silly reify   'C:\\Users\\Krishna jadhav\\Desktop\\web\\reactLearnings\\03tailwindprops\\node_modules\\@esbuild\\linux-mips64el'
558 silly reify ]
559 verbose reify failed optional dependency C:\Users\Krishna jadhav\Desktop\web\reactLearnings\03tailwindprops\node_modules\@esbuild\linux-loong64
560 silly reify mark deleted [
560 silly reify   'C:\\Users\\Krishna jadhav\\Desktop\\web\\reactLearnings\\03tailwindprops\\node_modules\\@esbuild\\linux-loong64'
560 silly reify ]
561 verbose reify failed optional dependency C:\Users\Krishna jadhav\Desktop\web\reactLearnings\03tailwindprops\node_modules\@esbuild\linux-ia32
562 silly reify mark deleted [
562 silly reify   'C:\\Users\\Krishna jadhav\\Desktop\\web\\reactLearnings\\03tailwindprops\\node_modules\\@esbuild\\linux-ia32'
562 silly reify ]
563 verbose reify failed optional dependency C:\Users\Krishna jadhav\Desktop\web\reactLearnings\03tailwindprops\node_modules\@esbuild\linux-arm64
564 silly reify mark deleted [
564 silly reify   'C:\\Users\\Krishna jadhav\\Desktop\\web\\reactLearnings\\03tailwindprops\\node_modules\\@esbuild\\linux-arm64'
564 silly reify ]
565 verbose reify failed optional dependency C:\Users\Krishna jadhav\Desktop\web\reactLearnings\03tailwindprops\node_modules\@esbuild\linux-arm
566 silly reify mark deleted [
566 silly reify   'C:\\Users\\Krishna jadhav\\Desktop\\web\\reactLearnings\\03tailwindprops\\node_modules\\@esbuild\\linux-arm'
566 silly reify ]
567 verbose reify failed optional dependency C:\Users\Krishna jadhav\Desktop\web\reactLearnings\03tailwindprops\node_modules\@esbuild\freebsd-x64
568 silly reify mark deleted [
568 silly reify   'C:\\Users\\Krishna jadhav\\Desktop\\web\\reactLearnings\\03tailwindprops\\node_modules\\@esbuild\\freebsd-x64'
568 silly reify ]
569 verbose reify failed optional dependency C:\Users\Krishna jadhav\Desktop\web\reactLearnings\03tailwindprops\node_modules\@esbuild\freebsd-arm64
570 silly reify mark deleted [
570 silly reify   'C:\\Users\\Krishna jadhav\\Desktop\\web\\reactLearnings\\03tailwindprops\\node_modules\\@esbuild\\freebsd-arm64'
570 silly reify ]
571 verbose reify failed optional dependency C:\Users\Krishna jadhav\Desktop\web\reactLearnings\03tailwindprops\node_modules\@esbuild\darwin-x64
572 silly reify mark deleted [
572 silly reify   'C:\\Users\\Krishna jadhav\\Desktop\\web\\reactLearnings\\03tailwindprops\\node_modules\\@esbuild\\darwin-x64'
572 silly reify ]
573 verbose reify failed optional dependency C:\Users\Krishna jadhav\Desktop\web\reactLearnings\03tailwindprops\node_modules\@esbuild\darwin-arm64
574 silly reify mark deleted [
574 silly reify   'C:\\Users\\Krishna jadhav\\Desktop\\web\\reactLearnings\\03tailwindprops\\node_modules\\@esbuild\\darwin-arm64'
574 silly reify ]
575 verbose reify failed optional dependency C:\Users\Krishna jadhav\Desktop\web\reactLearnings\03tailwindprops\node_modules\@esbuild\android-x64
576 silly reify mark deleted [
576 silly reify   'C:\\Users\\Krishna jadhav\\Desktop\\web\\reactLearnings\\03tailwindprops\\node_modules\\@esbuild\\android-x64'
576 silly reify ]
577 verbose reify failed optional dependency C:\Users\Krishna jadhav\Desktop\web\reactLearnings\03tailwindprops\node_modules\@esbuild\android-arm64
578 silly reify mark deleted [
578 silly reify   'C:\\Users\\Krishna jadhav\\Desktop\\web\\reactLearnings\\03tailwindprops\\node_modules\\@esbuild\\android-arm64'
578 silly reify ]
579 verbose reify failed optional dependency C:\Users\Krishna jadhav\Desktop\web\reactLearnings\03tailwindprops\node_modules\@esbuild\android-arm
580 silly reify mark deleted [
580 silly reify   'C:\\Users\\Krishna jadhav\\Desktop\\web\\reactLearnings\\03tailwindprops\\node_modules\\@esbuild\\android-arm'
580 silly reify ]
581 verbose reify failed optional dependency C:\Users\Krishna jadhav\Desktop\web\reactLearnings\03tailwindprops\node_modules\@esbuild\aix-ppc64
582 silly reify mark deleted [
582 silly reify   'C:\\Users\\Krishna jadhav\\Desktop\\web\\reactLearnings\\03tailwindprops\\node_modules\\@esbuild\\aix-ppc64'
582 silly reify ]
583 silly tarball no local data for thenify@https://registry.npmjs.org/thenify/-/thenify-3.3.1.tgz. Extracting by manifest.
584 silly tarball no local data for is-fullwidth-code-point@https://registry.npmjs.org/is-fullwidth-code-point/-/is-fullwidth-code-point-3.0.0.tgz. Extracting by manifest.
585 silly tarball no local data for is-number@https://registry.npmjs.org/is-number/-/is-number-7.0.0.tgz. Extracting by manifest.
586 silly tarball no local data for emoji-regex@https://registry.npmjs.org/emoji-regex/-/emoji-regex-9.2.2.tgz. Extracting by manifest.
587 silly tarball no local data for ansi-regex@https://registry.npmjs.org/ansi-regex/-/ansi-regex-6.1.0.tgz. Extracting by manifest.
588 silly tarball no local data for eastasianwidth@https://registry.npmjs.org/eastasianwidth/-/eastasianwidth-0.2.0.tgz. Extracting by manifest.
589 silly tarball no local data for thenify-all@https://registry.npmjs.org/thenify-all/-/thenify-all-1.6.0.tgz. Extracting by manifest.
590 silly tarball no local data for any-promise@https://registry.npmjs.org/any-promise/-/any-promise-1.3.0.tgz. Extracting by manifest.
591 silly tarball no local data for strip-ansi-cjs@https://registry.npmjs.org/strip-ansi/-/strip-ansi-6.0.1.tgz. Extracting by manifest.
592 silly tarball no local data for wrap-ansi@https://registry.npmjs.org/wrap-ansi/-/wrap-ansi-8.1.0.tgz. Extracting by manifest.
593 silly tarball no local data for strip-ansi@https://registry.npmjs.org/strip-ansi/-/strip-ansi-7.1.0.tgz. Extracting by manifest.
594 silly tarball no local data for string-width@https://registry.npmjs.org/string-width/-/string-width-5.1.2.tgz. Extracting by manifest.
595 silly tarball no local data for wrap-ansi-cjs@https://registry.npmjs.org/wrap-ansi/-/wrap-ansi-7.0.0.tgz. Extracting by manifest.
596 silly tarball no local data for string-width-cjs@https://registry.npmjs.org/string-width/-/string-width-4.2.3.tgz. Extracting by manifest.
597 silly tarball no local data for @pkgjs/parseargs@https://registry.npmjs.org/@pkgjs/parseargs/-/parseargs-0.11.0.tgz. Extracting by manifest.
598 silly tarball no local data for @isaacs/cliui@https://registry.npmjs.org/@isaacs/cliui/-/cliui-8.0.2.tgz. Extracting by manifest.
599 silly tarball no local data for path-scurry@https://registry.npmjs.org/path-scurry/-/path-scurry-1.11.1.tgz. Extracting by manifest.
600 silly tarball no local data for minipass@https://registry.npmjs.org/minipass/-/minipass-7.1.2.tgz. Extracting by manifest.
601 silly tarball no local data for package-json-from-dist@https://registry.npmjs.org/package-json-from-dist/-/package-json-from-dist-1.0.1.tgz. Extracting by manifest.
602 silly tarball no local data for jackspeak@https://registry.npmjs.org/jackspeak/-/jackspeak-3.4.3.tgz. Extracting by manifest.
603 silly tarball no local data for signal-exit@https://registry.npmjs.org/signal-exit/-/signal-exit-4.1.0.tgz. Extracting by manifest.
604 silly tarball no local data for foreground-child@https://registry.npmjs.org/foreground-child/-/foreground-child-3.3.0.tgz. Extracting by manifest.
605 silly tarball no local data for ts-interface-checker@https://registry.npmjs.org/ts-interface-checker/-/ts-interface-checker-0.1.13.tgz. Extracting by manifest.
606 silly tarball no local data for pirates@https://registry.npmjs.org/pirates/-/pirates-4.0.6.tgz. Extracting by manifest.
607 silly tarball no local data for glob@https://registry.npmjs.org/glob/-/glob-10.4.5.tgz. Extracting by manifest.
608 silly tarball no local data for lines-and-columns@https://registry.npmjs.org/lines-and-columns/-/lines-and-columns-1.2.4.tgz. Extracting by manifest.
609 silly tarball no local data for queue-microtask@https://registry.npmjs.org/queue-microtask/-/queue-microtask-1.2.3.tgz. Extracting by manifest.
610 silly tarball no local data for commander@https://registry.npmjs.org/commander/-/commander-4.1.1.tgz. Extracting by manifest.
611 silly tarball no local data for pify@https://registry.npmjs.org/pify/-/pify-2.3.0.tgz. Extracting by manifest.
612 silly tarball no local data for mz@https://registry.npmjs.org/mz/-/mz-2.7.0.tgz. Extracting by manifest.
613 silly tarball no local data for util-deprecate@https://registry.npmjs.org/util-deprecate/-/util-deprecate-1.0.2.tgz. Extracting by manifest.
614 silly tarball no local data for yaml@https://registry.npmjs.org/yaml/-/yaml-2.6.1.tgz. Extracting by manifest.
615 silly tarball no local data for cssesc@https://registry.npmjs.org/cssesc/-/cssesc-3.0.0.tgz. Extracting by manifest.
616 silly tarball no local data for binary-extensions@https://registry.npmjs.org/binary-extensions/-/binary-extensions-2.3.0.tgz. Extracting by manifest.
617 silly tarball no local data for camelcase-css@https://registry.npmjs.org/camelcase-css/-/camelcase-css-2.0.1.tgz. Extracting by manifest.
618 silly tarball no local data for read-cache@https://registry.npmjs.org/read-cache/-/read-cache-1.0.0.tgz. Extracting by manifest.
619 silly tarball no local data for run-parallel@https://registry.npmjs.org/run-parallel/-/run-parallel-1.2.0.tgz. Extracting by manifest.
620 silly tarball no local data for to-regex-range@https://registry.npmjs.org/to-regex-range/-/to-regex-range-5.0.1.tgz. Extracting by manifest.
621 silly tarball no local data for fastq@https://registry.npmjs.org/fastq/-/fastq-1.17.1.tgz. Extracting by manifest.
622 silly tarball no local data for @nodelib/fs.scandir@https://registry.npmjs.org/@nodelib/fs.scandir/-/fs.scandir-2.1.5.tgz. Extracting by manifest.
623 silly tarball no local data for reusify@https://registry.npmjs.org/reusify/-/reusify-1.0.4.tgz. Extracting by manifest.
624 silly tarball no local data for @nodelib/fs.walk@https://registry.npmjs.org/@nodelib/fs.walk/-/fs.walk-1.2.8.tgz. Extracting by manifest.
625 silly tarball no local data for merge2@https://registry.npmjs.org/merge2/-/merge2-1.4.1.tgz. Extracting by manifest.
626 silly tarball no local data for @nodelib/fs.stat@https://registry.npmjs.org/@nodelib/fs.stat/-/fs.stat-2.0.5.tgz. Extracting by manifest.
627 silly tarball no local data for is-binary-path@https://registry.npmjs.org/is-binary-path/-/is-binary-path-2.1.0.tgz. Extracting by manifest.
628 silly tarball no local data for fill-range@https://registry.npmjs.org/fill-range/-/fill-range-7.1.1.tgz. Extracting by manifest.
629 silly tarball no local data for picomatch@https://registry.npmjs.org/picomatch/-/picomatch-2.3.1.tgz. Extracting by manifest.
630 silly tarball no local data for readdirp@https://registry.npmjs.org/readdirp/-/readdirp-3.6.0.tgz. Extracting by manifest.
631 silly tarball no local data for anymatch@https://registry.npmjs.org/anymatch/-/anymatch-3.1.3.tgz. Extracting by manifest.
632 silly tarball no local data for braces@https://registry.npmjs.org/braces/-/braces-3.0.3.tgz. Extracting by manifest.
633 silly tarball no local data for sucrase@https://registry.npmjs.org/sucrase/-/sucrase-3.35.0.tgz. Extracting by manifest.
634 silly tarball no local data for postcss-selector-parser@https://registry.npmjs.org/postcss-selector-parser/-/postcss-selector-parser-6.1.2.tgz. Extracting by manifest.
635 silly tarball no local data for postcss-nested@https://registry.npmjs.org/postcss-nested/-/postcss-nested-6.2.0.tgz. Extracting by manifest.
636 silly tarball no local data for postcss-load-config@https://registry.npmjs.org/postcss-load-config/-/postcss-load-config-4.0.2.tgz. Extracting by manifest.
637 silly tarball no local data for postcss-js@https://registry.npmjs.org/postcss-js/-/postcss-js-4.0.1.tgz. Extracting by manifest.
638 silly tarball no local data for object-hash@https://registry.npmjs.org/object-hash/-/object-hash-3.0.0.tgz. Extracting by manifest.
639 silly tarball no local data for postcss-import@https://registry.npmjs.org/postcss-import/-/postcss-import-15.1.0.tgz. Extracting by manifest.
640 silly tarball no local data for micromatch@https://registry.npmjs.org/micromatch/-/micromatch-4.0.8.tgz. Extracting by manifest.
641 silly tarball no local data for lilconfig@https://registry.npmjs.org/lilconfig/-/lilconfig-3.1.3.tgz. Extracting by manifest.
642 silly tarball no local data for fast-glob@https://registry.npmjs.org/fast-glob/-/fast-glob-3.3.2.tgz. Extracting by manifest.
643 silly tarball no local data for normalize-path@https://registry.npmjs.org/normalize-path/-/normalize-path-3.0.0.tgz. Extracting by manifest.
644 silly tarball no local data for dlv@https://registry.npmjs.org/dlv/-/dlv-1.1.3.tgz. Extracting by manifest.
645 silly tarball no local data for jiti@https://registry.npmjs.org/jiti/-/jiti-1.21.6.tgz. Extracting by manifest.
646 silly tarball no local data for didyoumean@https://registry.npmjs.org/didyoumean/-/didyoumean-1.2.2.tgz. Extracting by manifest.
647 silly tarball no local data for arg@https://registry.npmjs.org/arg/-/arg-5.0.2.tgz. Extracting by manifest.
648 silly tarball no local data for @alloc/quick-lru@https://registry.npmjs.org/@alloc/quick-lru/-/quick-lru-5.2.0.tgz. Extracting by manifest.
649 silly tarball no local data for chokidar@https://registry.npmjs.org/chokidar/-/chokidar-3.6.0.tgz. Extracting by manifest.
650 silly tarball no local data for postcss-value-parser@https://registry.npmjs.org/postcss-value-parser/-/postcss-value-parser-4.2.0.tgz. Extracting by manifest.
651 silly tarball no local data for normalize-range@https://registry.npmjs.org/normalize-range/-/normalize-range-0.1.2.tgz. Extracting by manifest.
652 silly tarball no local data for tailwindcss@https://registry.npmjs.org/tailwindcss/-/tailwindcss-3.4.16.tgz. Extracting by manifest.
653 silly tarball no local data for fraction.js@https://registry.npmjs.org/fraction.js/-/fraction.js-4.3.7.tgz. Extracting by manifest.
654 silly tarball no local data for autoprefixer@https://registry.npmjs.org/autoprefixer/-/autoprefixer-10.4.20.tgz. Extracting by manifest.
655 silly tarball no local data for emoji-regex@https://registry.npmjs.org/emoji-regex/-/emoji-regex-8.0.0.tgz. Extracting by manifest.
656 silly tarball no local data for ansi-styles@https://registry.npmjs.org/ansi-styles/-/ansi-styles-6.2.1.tgz. Extracting by manifest.
657 silly tarball no local data for ansi-regex@https://registry.npmjs.org/ansi-regex/-/ansi-regex-5.0.1.tgz. Extracting by manifest.
658 silly tarball no local data for string-width@https://registry.npmjs.org/string-width/-/string-width-4.2.3.tgz. Extracting by manifest.
659 silly tarball no local data for ansi-regex@https://registry.npmjs.org/ansi-regex/-/ansi-regex-5.0.1.tgz. Extracting by manifest.
660 silly tarball no local data for strip-ansi@https://registry.npmjs.org/strip-ansi/-/strip-ansi-6.0.1.tgz. Extracting by manifest.
661 silly tarball no local data for ansi-regex@https://registry.npmjs.org/ansi-regex/-/ansi-regex-5.0.1.tgz. Extracting by manifest.
662 silly tarball no local data for strip-ansi@https://registry.npmjs.org/strip-ansi/-/strip-ansi-6.0.1.tgz. Extracting by manifest.
663 silly tarball no local data for emoji-regex@https://registry.npmjs.org/emoji-regex/-/emoji-regex-8.0.0.tgz. Extracting by manifest.
664 silly tarball no local data for lru-cache@https://registry.npmjs.org/lru-cache/-/lru-cache-10.4.3.tgz. Extracting by manifest.
665 silly tarball no local data for resolve@https://registry.npmjs.org/resolve/-/resolve-1.22.8.tgz. Extracting by manifest.
666 silly tarball no local data for brace-expansion@https://registry.npmjs.org/brace-expansion/-/brace-expansion-2.0.1.tgz. Extracting by manifest.
667 silly tarball no local data for minimatch@https://registry.npmjs.org/minimatch/-/minimatch-9.0.5.tgz. Extracting by manifest.
668 silly tarball no local data for glob-parent@https://registry.npmjs.org/glob-parent/-/glob-parent-5.1.2.tgz. Extracting by manifest.
669 silly tarball no local data for glob-parent@https://registry.npmjs.org/glob-parent/-/glob-parent-5.1.2.tgz. Extracting by manifest.
670 silly tarball no local data for resolve@https://registry.npmjs.org/resolve/-/resolve-1.22.8.tgz. Extracting by manifest.
671 http fetch POST 200 https://registry.npmjs.org/-/npm/v1/security/advisories/bulk 378ms
672 silly audit report {}
673 http fetch GET 200 https://registry.npmjs.org/is-fullwidth-code-point/-/is-fullwidth-code-point-3.0.0.tgz 649ms (cache miss)
674 http fetch GET 200 https://registry.npmjs.org/thenify/-/thenify-3.3.1.tgz 651ms (cache miss)
675 http fetch GET 200 https://registry.npmjs.org/is-number/-/is-number-7.0.0.tgz 649ms (cache miss)
676 http fetch GET 200 https://registry.npmjs.org/eastasianwidth/-/eastasianwidth-0.2.0.tgz 647ms (cache miss)
677 http fetch GET 200 https://registry.npmjs.org/strip-ansi/-/strip-ansi-6.0.1.tgz 644ms (cache miss)
678 http fetch GET 200 https://registry.npmjs.org/thenify-all/-/thenify-all-1.6.0.tgz 647ms (cache miss)
679 http fetch GET 200 https://registry.npmjs.org/ansi-regex/-/ansi-regex-6.1.0.tgz 651ms (cache miss)
680 http fetch GET 200 https://registry.npmjs.org/emoji-regex/-/emoji-regex-9.2.2.tgz 714ms (cache miss)
681 http fetch GET 200 https://registry.npmjs.org/any-promise/-/any-promise-1.3.0.tgz 711ms (cache miss)
682 http fetch GET 200 https://registry.npmjs.org/wrap-ansi/-/wrap-ansi-8.1.0.tgz 709ms (cache miss)
683 http fetch GET 200 https://registry.npmjs.org/package-json-from-dist/-/package-json-from-dist-1.0.1.tgz 718ms (cache miss)
684 http fetch GET 200 https://registry.npmjs.org/@isaacs/cliui/-/cliui-8.0.2.tgz 722ms (cache miss)
685 http fetch GET 200 https://registry.npmjs.org/ts-interface-checker/-/ts-interface-checker-0.1.13.tgz 715ms (cache miss)
686 http fetch GET 200 https://registry.npmjs.org/foreground-child/-/foreground-child-3.3.0.tgz 717ms (cache miss)
687 http fetch GET 200 https://registry.npmjs.org/signal-exit/-/signal-exit-4.1.0.tgz 744ms (cache miss)
688 http fetch GET 200 https://registry.npmjs.org/queue-microtask/-/queue-microtask-1.2.3.tgz 756ms (cache miss)
689 http fetch GET 200 https://registry.npmjs.org/lines-and-columns/-/lines-and-columns-1.2.4.tgz 762ms (cache miss)
690 http fetch GET 200 https://registry.npmjs.org/pify/-/pify-2.3.0.tgz 754ms (cache miss)
691 http fetch GET 200 https://registry.npmjs.org/util-deprecate/-/util-deprecate-1.0.2.tgz 778ms (cache miss)
692 http fetch GET 200 https://registry.npmjs.org/binary-extensions/-/binary-extensions-2.3.0.tgz 776ms (cache miss)
693 http fetch GET 200 https://registry.npmjs.org/mz/-/mz-2.7.0.tgz 802ms (cache miss)
694 http fetch GET 200 https://registry.npmjs.org/read-cache/-/read-cache-1.0.0.tgz 797ms (cache miss)
695 http fetch GET 200 https://registry.npmjs.org/camelcase-css/-/camelcase-css-2.0.1.tgz 815ms (cache miss)
696 http fetch GET 200 https://registry.npmjs.org/pirates/-/pirates-4.0.6.tgz 833ms (cache miss)
697 http fetch GET 200 https://registry.npmjs.org/run-parallel/-/run-parallel-1.2.0.tgz 816ms (cache miss)
698 http fetch GET 200 https://registry.npmjs.org/to-regex-range/-/to-regex-range-5.0.1.tgz 815ms (cache miss)
699 http fetch GET 200 https://registry.npmjs.org/fastq/-/fastq-1.17.1.tgz 814ms (cache miss)
700 http fetch GET 200 https://registry.npmjs.org/reusify/-/reusify-1.0.4.tgz 812ms (cache miss)
701 http fetch GET 200 https://registry.npmjs.org/merge2/-/merge2-1.4.1.tgz 825ms (cache miss)
702 http fetch GET 200 https://registry.npmjs.org/is-binary-path/-/is-binary-path-2.1.0.tgz 824ms (cache miss)
703 http fetch GET 200 https://registry.npmjs.org/@nodelib/fs.walk/-/fs.walk-1.2.8.tgz 829ms (cache miss)
704 http fetch GET 200 https://registry.npmjs.org/wrap-ansi/-/wrap-ansi-7.0.0.tgz 873ms (cache miss)
705 http fetch GET 200 https://registry.npmjs.org/strip-ansi/-/strip-ansi-7.1.0.tgz 877ms (cache miss)
706 http fetch GET 200 https://registry.npmjs.org/fill-range/-/fill-range-7.1.1.tgz 834ms (cache miss)
707 http fetch GET 200 https://registry.npmjs.org/string-width/-/string-width-5.1.2.tgz 888ms (cache miss)
708 http fetch GET 200 https://registry.npmjs.org/@nodelib/fs.scandir/-/fs.scandir-2.1.5.tgz 853ms (cache miss)
709 http fetch GET 200 https://registry.npmjs.org/postcss-nested/-/postcss-nested-6.2.0.tgz 841ms (cache miss)
710 http fetch GET 200 https://registry.npmjs.org/postcss-load-config/-/postcss-load-config-4.0.2.tgz 841ms (cache miss)
711 http fetch GET 200 https://registry.npmjs.org/string-width/-/string-width-4.2.3.tgz 900ms (cache miss)
712 http fetch GET 200 https://registry.npmjs.org/@nodelib/fs.stat/-/fs.stat-2.0.5.tgz 862ms (cache miss)
713 http fetch GET 200 https://registry.npmjs.org/postcss-js/-/postcss-js-4.0.1.tgz 846ms (cache miss)
714 http fetch GET 200 https://registry.npmjs.org/micromatch/-/micromatch-4.0.8.tgz 843ms (cache miss)
715 http fetch GET 200 https://registry.npmjs.org/anymatch/-/anymatch-3.1.3.tgz 867ms (cache miss)
716 http fetch GET 200 https://registry.npmjs.org/lilconfig/-/lilconfig-3.1.3.tgz 851ms (cache miss)
717 http fetch GET 200 https://registry.npmjs.org/normalize-path/-/normalize-path-3.0.0.tgz 851ms (cache miss)
718 http fetch GET 200 https://registry.npmjs.org/didyoumean/-/didyoumean-1.2.2.tgz 848ms (cache miss)
719 http fetch GET 200 https://registry.npmjs.org/postcss-import/-/postcss-import-15.1.0.tgz 861ms (cache miss)
720 http fetch GET 200 https://registry.npmjs.org/normalize-range/-/normalize-range-0.1.2.tgz 852ms (cache miss)
721 http fetch GET 200 https://registry.npmjs.org/postcss-value-parser/-/postcss-value-parser-4.2.0.tgz 854ms (cache miss)
722 http fetch GET 200 https://registry.npmjs.org/ansi-styles/-/ansi-styles-6.2.1.tgz 859ms (cache miss)
723 http fetch GET 200 https://registry.npmjs.org/cssesc/-/cssesc-3.0.0.tgz 913ms (cache miss)
724 http fetch GET 200 https://registry.npmjs.org/strip-ansi/-/strip-ansi-6.0.1.tgz 861ms (cache miss)
725 http fetch GET 200 https://registry.npmjs.org/emoji-regex/-/emoji-regex-8.0.0.tgz 867ms (cache miss)
726 http fetch GET 200 https://registry.npmjs.org/@alloc/quick-lru/-/quick-lru-5.2.0.tgz 877ms (cache miss)
727 http fetch GET 200 https://registry.npmjs.org/ansi-regex/-/ansi-regex-5.0.1.tgz 865ms (cache miss)
728 http fetch GET 200 https://registry.npmjs.org/strip-ansi/-/strip-ansi-6.0.1.tgz 879ms (cache miss)
729 http fetch GET 200 https://registry.npmjs.org/commander/-/commander-4.1.1.tgz 945ms (cache miss)
730 http fetch GET 200 https://registry.npmjs.org/emoji-regex/-/emoji-regex-8.0.0.tgz 884ms (cache miss)
731 http fetch GET 200 https://registry.npmjs.org/ansi-regex/-/ansi-regex-5.0.1.tgz 886ms (cache miss)
732 http fetch GET 200 https://registry.npmjs.org/ansi-regex/-/ansi-regex-5.0.1.tgz 891ms (cache miss)
733 http fetch GET 200 https://registry.npmjs.org/object-hash/-/object-hash-3.0.0.tgz 917ms (cache miss)
734 http fetch GET 200 https://registry.npmjs.org/brace-expansion/-/brace-expansion-2.0.1.tgz 891ms (cache miss)
735 http fetch GET 200 https://registry.npmjs.org/glob-parent/-/glob-parent-5.1.2.tgz 883ms (cache miss)
736 http fetch GET 200 https://registry.npmjs.org/string-width/-/string-width-4.2.3.tgz 901ms (cache miss)
737 http fetch GET 200 https://registry.npmjs.org/readdirp/-/readdirp-3.6.0.tgz 957ms (cache miss)
738 http fetch GET 200 https://registry.npmjs.org/glob-parent/-/glob-parent-5.1.2.tgz 907ms (cache miss)
739 http fetch GET 200 https://registry.npmjs.org/arg/-/arg-5.0.2.tgz 940ms (cache miss)
740 http fetch GET 200 https://registry.npmjs.org/dlv/-/dlv-1.1.3.tgz 977ms (cache miss)
741 http fetch GET 200 https://registry.npmjs.org/fraction.js/-/fraction.js-4.3.7.tgz 974ms (cache miss)
742 http fetch GET 200 https://registry.npmjs.org/chokidar/-/chokidar-3.6.0.tgz 995ms (cache miss)
743 http fetch GET 200 https://registry.npmjs.org/braces/-/braces-3.0.3.tgz 1079ms (cache miss)
744 http fetch GET 200 https://registry.npmjs.org/@pkgjs/parseargs/-/parseargs-0.11.0.tgz 1129ms (cache miss)
745 http fetch GET 200 https://registry.npmjs.org/minipass/-/minipass-7.1.2.tgz 1136ms (cache miss)
746 http fetch GET 200 https://registry.npmjs.org/picomatch/-/picomatch-2.3.1.tgz 1102ms (cache miss)
747 http fetch GET 200 https://registry.npmjs.org/path-scurry/-/path-scurry-1.11.1.tgz 1179ms (cache miss)
748 http fetch GET 200 https://registry.npmjs.org/jackspeak/-/jackspeak-3.4.3.tgz 1197ms (cache miss)
749 http fetch GET 200 https://registry.npmjs.org/lru-cache/-/lru-cache-10.4.3.tgz 1205ms (cache miss)
750 http fetch GET 200 https://registry.npmjs.org/postcss-selector-parser/-/postcss-selector-parser-6.1.2.tgz 1283ms (cache miss)
751 http fetch GET 200 https://registry.npmjs.org/jiti/-/jiti-1.21.6.tgz 1319ms (cache miss)
752 http fetch GET 200 https://registry.npmjs.org/fast-glob/-/fast-glob-3.3.2.tgz 1374ms (cache miss)
753 http fetch GET 200 https://registry.npmjs.org/minimatch/-/minimatch-9.0.5.tgz 1350ms (cache miss)
754 http fetch GET 200 https://registry.npmjs.org/glob/-/glob-10.4.5.tgz 1476ms (cache miss)
755 http fetch GET 200 https://registry.npmjs.org/autoprefixer/-/autoprefixer-10.4.20.tgz 1465ms (cache miss)
756 http fetch GET 200 https://registry.npmjs.org/resolve/-/resolve-1.22.8.tgz 1544ms (cache miss)
757 http fetch GET 200 https://registry.npmjs.org/resolve/-/resolve-1.22.8.tgz 1559ms (cache miss)
758 http fetch GET 200 https://registry.npmjs.org/sucrase/-/sucrase-3.35.0.tgz 1922ms (cache miss)
759 http fetch GET 200 https://registry.npmjs.org/yaml/-/yaml-2.6.1.tgz 2007ms (cache miss)
760 http fetch GET 200 https://registry.npmjs.org/tailwindcss/-/tailwindcss-3.4.16.tgz 2063ms (cache miss)
761 silly ADD node_modules/is-number
762 silly ADD node_modules/thenify
763 silly ADD node_modules/ansi-regex
764 silly ADD node_modules/is-fullwidth-code-point
765 silly ADD node_modules/emoji-regex
766 silly ADD node_modules/eastasianwidth
767 silly ADD node_modules/thenify-all
768 silly ADD node_modules/any-promise
769 silly ADD node_modules/wrap-ansi-cjs
770 silly ADD node_modules/wrap-ansi-cjs/node_modules/ansi-regex
771 silly ADD node_modules/wrap-ansi-cjs/node_modules/emoji-regex
772 silly ADD node_modules/wrap-ansi-cjs/node_modules/strip-ansi
773 silly ADD node_modules/wrap-ansi-cjs/node_modules/string-width
774 silly ADD node_modules/wrap-ansi
775 silly ADD node_modules/wrap-ansi/node_modules/ansi-styles
776 silly ADD node_modules/strip-ansi-cjs
777 silly ADD node_modules/strip-ansi-cjs/node_modules/ansi-regex
778 silly ADD node_modules/strip-ansi
779 silly ADD node_modules/string-width-cjs
780 silly ADD node_modules/string-width-cjs/node_modules/ansi-regex
781 silly ADD node_modules/string-width-cjs/node_modules/strip-ansi
782 silly ADD node_modules/string-width-cjs/node_modules/emoji-regex
783 silly ADD node_modules/string-width
784 silly ADD node_modules/@pkgjs/parseargs
785 silly ADD node_modules/@isaacs/cliui
786 silly ADD node_modules/signal-exit
787 silly ADD node_modules/path-scurry
788 silly ADD node_modules/path-scurry/node_modules/lru-cache
789 silly ADD node_modules/package-json-from-dist
790 silly ADD node_modules/minipass
791 silly ADD node_modules/jackspeak
792 silly ADD node_modules/foreground-child
793 silly ADD node_modules/ts-interface-checker
794 silly ADD node_modules/pirates
795 silly ADD node_modules/mz
796 silly ADD node_modules/lines-and-columns
797 silly ADD node_modules/glob
798 silly ADD node_modules/glob/node_modules/brace-expansion
799 silly ADD node_modules/glob/node_modules/minimatch
800 silly ADD node_modules/commander
801 silly ADD node_modules/queue-microtask
802 silly ADD node_modules/pify
803 silly ADD node_modules/util-deprecate
804 silly ADD node_modules/cssesc
805 silly ADD node_modules/yaml
806 silly ADD node_modules/camelcase-css
807 silly ADD node_modules/read-cache
808 silly ADD node_modules/binary-extensions
809 silly ADD node_modules/to-regex-range
810 silly ADD node_modules/reusify
811 silly ADD node_modules/run-parallel
812 silly ADD node_modules/fastq
813 silly ADD node_modules/@nodelib/fs.scandir
814 silly ADD node_modules/merge2
815 silly ADD node_modules/@nodelib/fs.walk
816 silly ADD node_modules/@nodelib/fs.stat
817 silly ADD node_modules/fill-range
818 silly ADD node_modules/picomatch
819 silly ADD node_modules/readdirp
820 silly ADD node_modules/is-binary-path
821 silly ADD node_modules/braces
822 silly ADD node_modules/anymatch
823 silly ADD node_modules/sucrase
824 silly ADD node_modules/postcss-selector-parser
825 silly ADD node_modules/postcss-nested
826 silly ADD node_modules/postcss-load-config
827 silly ADD node_modules/postcss-js
828 silly ADD node_modules/postcss-import
829 silly ADD node_modules/postcss-import/node_modules/resolve
830 silly ADD node_modules/object-hash
831 silly ADD node_modules/normalize-path
832 silly ADD node_modules/micromatch
833 silly ADD node_modules/lilconfig
834 silly ADD node_modules/jiti
835 silly ADD node_modules/fast-glob
836 silly ADD node_modules/fast-glob/node_modules/glob-parent
837 silly ADD node_modules/dlv
838 silly ADD node_modules/didyoumean
839 silly ADD node_modules/chokidar
840 silly ADD node_modules/chokidar/node_modules/glob-parent
841 silly ADD node_modules/arg
842 silly ADD node_modules/@alloc/quick-lru
843 silly ADD node_modules/postcss-value-parser
844 silly ADD node_modules/normalize-range
845 silly ADD node_modules/fraction.js
846 silly ADD node_modules/tailwindcss
847 silly ADD node_modules/tailwindcss/node_modules/resolve
848 silly ADD node_modules/autoprefixer
849 silly ADD
850 silly ADD
851 silly ADD
852 silly ADD
853 silly ADD
854 silly ADD
855 silly ADD
856 silly ADD
857 silly ADD
858 silly ADD
859 silly ADD
860 silly ADD
861 silly ADD
862 silly ADD
863 silly ADD
864 silly ADD
865 silly ADD
866 silly ADD
867 silly ADD
868 silly ADD
869 silly ADD
870 silly ADD
871 silly ADD
872 silly ADD
873 silly ADD
874 silly ADD
875 silly ADD
876 silly ADD
877 silly ADD
878 silly ADD
879 silly ADD
880 silly ADD
881 silly ADD
882 silly ADD
883 silly ADD
884 silly ADD
885 silly ADD
886 silly ADD
887 silly ADD
888 silly ADD
889 silly ADD
890 verbose cwd C:\Users\Krishna jadhav\Desktop\web\reactLearnings\03tailwindprops
891 verbose os Windows_NT 10.0.22621
892 verbose node v20.17.0
893 verbose npm  v10.8.2
894 verbose exit 0
895 info ok
