0 verbose cli C:\Program Files\nodejs\node.exe C:\Program Files\nodejs\node_modules\npm\bin\npm-cli.js
1 info using npm@10.8.2
2 info using node@v20.17.0
3 silly config load:file:C:\Program Files\nodejs\node_modules\npm\npmrc
4 silly config load:file:C:\Users\Krishna jadhav\Desktop\web\reactLearnings\.npmrc
5 silly config load:file:C:\Users\Krishna jadhav\.npmrc
6 silly config load:file:C:\Users\Krishna jadhav\Desktop\web\reactLearnings\tailwind\%APPDATA%\npm\etc\npmrc
7 verbose title npm install tailwindcss postcss autoprefixer
8 verbose argv "install" "--save-dev" "tailwindcss" "postcss" "autoprefixer"
9 verbose logfile logs-max:10 dir:C:\Users\Krishna jadhav\Desktop\web\reactLearnings\tailwind\%LOCALAPPDATA%\npm-cache\_logs\2024-12-29T12_43_21_884Z-
10 verbose logfile C:\Users\Krishna jadhav\Desktop\web\reactLearnings\tailwind\%LOCALAPPDATA%\npm-cache\_logs\2024-12-29T12_43_21_884Z-debug-0.log
11 silly packumentCache heap:2197815296 maxSize:549453824 maxEntrySize:274726912
12 silly logfile done cleaning log files
13 silly idealTree buildDeps
14 silly fetch manifest tailwindcss@*
15 silly packumentCache full:https://registry.npmjs.org/tailwindcss cache-miss
16 verbose shrinkwrap failed to load node_modules/.package-lock.json out of date, updated: node_modules
17 http fetch GET 200 https://registry.npmjs.org/npm 16399ms
18 http fetch GET 200 https://registry.npmjs.org/tailwindcss 48769ms (cache miss)
19 silly packumentCache full:https://registry.npmjs.org/tailwindcss set size:undefined disposed:false
20 silly fetch manifest postcss@*
21 silly packumentCache full:https://registry.npmjs.org/postcss cache-miss
22 http fetch GET 200 https://registry.npmjs.org/postcss 617ms (cache miss)
23 silly packumentCache full:https://registry.npmjs.org/postcss set size:undefined disposed:false
24 silly fetch manifest autoprefixer@*
25 silly packumentCache full:https://registry.npmjs.org/autoprefixer cache-miss
26 http fetch GET 200 https://registry.npmjs.org/autoprefixer 17676ms (cache miss)
27 silly packumentCache full:https://registry.npmjs.org/autoprefixer set size:undefined disposed:false
28 silly placeDep ROOT autoprefixer@10.4.20 OK for: web@1.0.0 want: *
29 silly placeDep ROOT postcss@8.4.49 REPLACE for: web@1.0.0 want: *
30 silly placeDep ROOT tailwindcss@3.4.17 OK for: web@1.0.0 want: *
31 silly fetch manifest browserslist@^4.23.3
32 silly packumentCache full:https://registry.npmjs.org/browserslist cache-miss
33 silly fetch manifest caniuse-lite@^1.0.30001646
34 silly packumentCache full:https://registry.npmjs.org/caniuse-lite cache-miss
35 silly fetch manifest fraction.js@^4.3.7
36 silly packumentCache full:https://registry.npmjs.org/fraction.js cache-miss
37 silly fetch manifest normalize-range@^0.1.2
38 silly packumentCache full:https://registry.npmjs.org/normalize-range cache-miss
39 silly fetch manifest postcss-value-parser@^4.2.0
40 silly packumentCache full:https://registry.npmjs.org/postcss-value-parser cache-miss
41 silly fetch manifest @alloc/quick-lru@^5.2.0
42 silly packumentCache full:https://registry.npmjs.org/@alloc%2fquick-lru cache-miss
43 silly fetch manifest arg@^5.0.2
44 silly packumentCache full:https://registry.npmjs.org/arg cache-miss
45 silly fetch manifest chokidar@^3.6.0
46 silly packumentCache full:https://registry.npmjs.org/chokidar cache-miss
47 silly fetch manifest didyoumean@^1.2.2
48 silly packumentCache full:https://registry.npmjs.org/didyoumean cache-miss
49 silly fetch manifest dlv@^1.1.3
50 silly packumentCache full:https://registry.npmjs.org/dlv cache-miss
51 silly fetch manifest fast-glob@^3.3.2
52 silly packumentCache full:https://registry.npmjs.org/fast-glob cache-miss
53 http fetch GET 200 https://registry.npmjs.org/normalize-range 644ms (cache miss)
54 silly packumentCache full:https://registry.npmjs.org/normalize-range set size:undefined disposed:false
55 silly fetch manifest glob-parent@^6.0.2
56 silly packumentCache full:https://registry.npmjs.org/glob-parent cache-miss
57 http fetch GET 200 https://registry.npmjs.org/chokidar 934ms (cache miss)
58 silly packumentCache full:https://registry.npmjs.org/chokidar set size:undefined disposed:false
59 silly fetch manifest is-glob@^4.0.3
60 silly packumentCache full:https://registry.npmjs.org/is-glob cache-miss
61 http fetch GET 200 https://registry.npmjs.org/is-glob 52ms (cache miss)
62 silly packumentCache full:https://registry.npmjs.org/is-glob set size:undefined disposed:false
63 silly fetch manifest jiti@^1.21.6
64 silly packumentCache full:https://registry.npmjs.org/jiti cache-miss
65 http fetch GET 200 https://registry.npmjs.org/dlv 1351ms (cache miss)
66 silly packumentCache full:https://registry.npmjs.org/dlv set size:undefined disposed:false
67 silly fetch manifest lilconfig@^3.1.3
68 silly packumentCache full:https://registry.npmjs.org/lilconfig cache-miss
69 http fetch GET 200 https://registry.npmjs.org/glob-parent 786ms (cache miss)
70 silly packumentCache full:https://registry.npmjs.org/glob-parent set size:undefined disposed:false
71 silly fetch manifest micromatch@^4.0.8
72 silly packumentCache full:https://registry.npmjs.org/micromatch cache-miss
73 http fetch GET 200 https://registry.npmjs.org/fast-glob 1492ms (cache miss)
74 silly packumentCache full:https://registry.npmjs.org/fast-glob set size:undefined disposed:false
75 silly fetch manifest normalize-path@^3.0.0
76 silly packumentCache full:https://registry.npmjs.org/normalize-path cache-miss
77 http fetch GET 200 https://registry.npmjs.org/postcss-value-parser 1509ms (cache miss)
78 silly packumentCache full:https://registry.npmjs.org/postcss-value-parser set size:undefined disposed:false
79 silly fetch manifest object-hash@^3.0.0
80 silly packumentCache full:https://registry.npmjs.org/object-hash cache-miss
81 http fetch GET 200 https://registry.npmjs.org/micromatch 361ms (cache miss)
82 silly packumentCache full:https://registry.npmjs.org/micromatch set size:undefined disposed:false
83 silly fetch manifest postcss-import@^15.1.0
84 silly packumentCache full:https://registry.npmjs.org/postcss-import cache-miss
85 http fetch GET 200 https://registry.npmjs.org/arg 1812ms (cache miss)
86 silly packumentCache full:https://registry.npmjs.org/arg set size:undefined disposed:false
87 silly fetch manifest postcss-js@^4.0.1
88 silly packumentCache full:https://registry.npmjs.org/postcss-js cache-miss
89 http fetch GET 200 https://registry.npmjs.org/object-hash 1133ms (cache miss)
90 silly packumentCache full:https://registry.npmjs.org/object-hash set size:undefined disposed:false
91 silly fetch manifest postcss-load-config@^4.0.2
92 silly packumentCache full:https://registry.npmjs.org/postcss-load-config cache-miss
93 http fetch GET 200 https://registry.npmjs.org/browserslist 4647ms (cache miss)
94 silly packumentCache full:https://registry.npmjs.org/browserslist set size:undefined disposed:false
95 silly fetch manifest postcss-nested@^6.2.0
96 silly packumentCache full:https://registry.npmjs.org/postcss-nested cache-miss
97 http fetch GET 200 https://registry.npmjs.org/postcss-nested 259ms (cache miss)
98 silly packumentCache full:https://registry.npmjs.org/postcss-nested set size:undefined disposed:false
99 silly fetch manifest postcss-selector-parser@^6.1.2
100 silly packumentCache full:https://registry.npmjs.org/postcss-selector-parser cache-miss
101 http fetch GET 200 https://registry.npmjs.org/postcss-selector-parser 647ms (cache miss)
102 silly packumentCache full:https://registry.npmjs.org/postcss-selector-parser set size:undefined disposed:false
103 silly fetch manifest resolve@^1.22.8
104 silly packumentCache full:https://registry.npmjs.org/resolve cache-miss
105 http fetch GET 200 https://registry.npmjs.org/resolve 381ms (cache miss)
106 silly packumentCache full:https://registry.npmjs.org/resolve set size:undefined disposed:false
107 silly fetch manifest sucrase@^3.35.0
108 silly packumentCache full:https://registry.npmjs.org/sucrase cache-miss
109 http fetch GET 200 https://registry.npmjs.org/@alloc%2fquick-lru 9241ms (cache miss)
110 silly packumentCache full:https://registry.npmjs.org/@alloc%2fquick-lru set size:undefined disposed:false
111 http fetch GET 200 https://registry.npmjs.org/sucrase 6879ms (cache miss)
112 silly packumentCache full:https://registry.npmjs.org/sucrase set size:undefined disposed:false
113 http fetch GET 200 https://registry.npmjs.org/didyoumean 15107ms (cache miss)
114 silly packumentCache full:https://registry.npmjs.org/didyoumean set size:undefined disposed:false
115 http fetch GET 200 https://registry.npmjs.org/postcss-js 15930ms (cache miss)
116 silly packumentCache full:https://registry.npmjs.org/postcss-js set size:undefined disposed:false
117 http fetch GET 200 https://registry.npmjs.org/postcss-load-config 34806ms (cache miss)
118 silly packumentCache full:https://registry.npmjs.org/postcss-load-config set size:undefined disposed:false
119 http fetch GET 200 https://registry.npmjs.org/caniuse-lite 54693ms (cache miss)
120 silly packumentCache full:https://registry.npmjs.org/caniuse-lite set size:undefined disposed:false
121 http fetch GET 200 https://registry.npmjs.org/fraction.js 65808ms (cache miss)
122 silly packumentCache full:https://registry.npmjs.org/fraction.js set size:undefined disposed:false
123 http fetch GET 200 https://registry.npmjs.org/postcss-import 64355ms (cache miss)
124 silly packumentCache full:https://registry.npmjs.org/postcss-import set size:undefined disposed:false
125 silly placeDep ROOT browserslist@4.24.3 OK for: autoprefixer@10.4.20 want: ^4.23.3
126 silly placeDep ROOT caniuse-lite@1.0.30001690 OK for: autoprefixer@10.4.20 want: ^1.0.30001646
127 silly placeDep ROOT fraction.js@4.3.7 OK for: autoprefixer@10.4.20 want: ^4.3.7
128 silly placeDep ROOT normalize-range@0.1.2 OK for: autoprefixer@10.4.20 want: ^0.1.2
129 silly placeDep ROOT postcss-value-parser@4.2.0 OK for: autoprefixer@10.4.20 want: ^4.2.0
130 silly fetch manifest caniuse-lite@^1.0.30001688
131 silly packumentCache full:https://registry.npmjs.org/caniuse-lite cache-miss
132 silly fetch manifest electron-to-chromium@^1.5.73
133 silly packumentCache full:https://registry.npmjs.org/electron-to-chromium cache-miss
134 silly fetch manifest node-releases@^2.0.19
135 silly packumentCache full:https://registry.npmjs.org/node-releases cache-miss
136 silly fetch manifest update-browserslist-db@^1.1.1
137 silly packumentCache full:https://registry.npmjs.org/update-browserslist-db cache-miss
138 http fetch GET 200 https://registry.npmjs.org/caniuse-lite 20ms (cache hit)
139 silly packumentCache full:https://registry.npmjs.org/caniuse-lite set size:2124667 disposed:false
140 http fetch GET 200 https://registry.npmjs.org/update-browserslist-db 241ms (cache miss)
141 silly packumentCache full:https://registry.npmjs.org/update-browserslist-db set size:undefined disposed:false
142 http fetch GET 200 https://registry.npmjs.org/node-releases 3694ms (cache miss)
143 silly packumentCache full:https://registry.npmjs.org/node-releases set size:undefined disposed:false
144 http fetch GET 200 https://registry.npmjs.org/electron-to-chromium 63600ms (cache miss)
145 silly packumentCache full:https://registry.npmjs.org/electron-to-chromium set size:undefined disposed:false
146 silly fetch manifest browserslist@>= 4.21.0
147 silly packumentCache full:https://registry.npmjs.org/browserslist cache-miss
148 http fetch GET 200 https://registry.npmjs.org/browserslist 15ms (cache hit)
149 silly packumentCache full:https://registry.npmjs.org/browserslist set size:474956 disposed:false
150 silly placeDep ROOT electron-to-chromium@1.5.76 OK for: browserslist@4.24.3 want: ^1.5.73
151 silly placeDep ROOT node-releases@2.0.19 OK for: browserslist@4.24.3 want: ^2.0.19
152 silly placeDep ROOT update-browserslist-db@1.1.1 OK for: browserslist@4.24.3 want: ^1.1.1
153 silly fetch manifest escalade@^3.2.0
154 silly packumentCache full:https://registry.npmjs.org/escalade cache-miss
155 http fetch GET 200 https://registry.npmjs.org/escalade 52ms (cache miss)
156 silly packumentCache full:https://registry.npmjs.org/escalade set size:undefined disposed:false
157 silly fetch manifest jiti@^1.21.6
158 silly packumentCache full:https://registry.npmjs.org/jiti cache-miss
159 http fetch GET 200 https://registry.npmjs.org/jiti 852ms (cache miss)
160 silly packumentCache full:https://registry.npmjs.org/jiti set size:undefined disposed:false
161 silly fetch manifest lilconfig@^3.1.3
162 silly packumentCache full:https://registry.npmjs.org/lilconfig cache-miss
163 http fetch GET 200 https://registry.npmjs.org/lilconfig 232ms (cache miss)
164 silly packumentCache full:https://registry.npmjs.org/lilconfig set size:undefined disposed:false
165 silly fetch manifest normalize-path@^3.0.0
166 silly packumentCache full:https://registry.npmjs.org/normalize-path cache-miss
167 http fetch GET 200 https://registry.npmjs.org/normalize-path 11856ms (cache miss)
168 silly packumentCache full:https://registry.npmjs.org/normalize-path set size:undefined disposed:false
169 silly fetch manifest postcss@^8.4.47
170 silly packumentCache full:https://registry.npmjs.org/postcss cache-miss
171 http fetch GET 200 https://registry.npmjs.org/postcss 7ms (cache hit)
172 silly packumentCache full:https://registry.npmjs.org/postcss set size:675229 disposed:false
173 silly fetch manifest ts-node@>=9.0.0
174 silly packumentCache full:https://registry.npmjs.org/ts-node cache-miss
175 http fetch GET 200 https://registry.npmjs.org/ts-node 13104ms (cache miss)
176 silly packumentCache full:https://registry.npmjs.org/ts-node set size:undefined disposed:false
177 silly fetch manifest @swc/core@>=1.2.50
178 silly packumentCache full:https://registry.npmjs.org/@swc%2fcore cache-miss
179 http fetch GET 200 https://registry.npmjs.org/@swc%2fcore 5020ms (cache miss)
180 silly packumentCache full:https://registry.npmjs.org/@swc%2fcore set size:undefined disposed:false
181 silly fetch manifest @swc/helpers@*
182 silly packumentCache full:https://registry.npmjs.org/@swc%2fhelpers cache-miss
183 http fetch GET 200 https://registry.npmjs.org/@swc%2fhelpers 416ms (cache miss)
184 silly packumentCache full:https://registry.npmjs.org/@swc%2fhelpers set size:undefined disposed:false
185 silly fetch manifest @swc/wasm@>=1.2.50
186 silly packumentCache full:https://registry.npmjs.org/@swc%2fwasm cache-miss
187 http fetch GET 200 https://registry.npmjs.org/@swc%2fwasm 3085ms (cache miss)
188 silly packumentCache full:https://registry.npmjs.org/@swc%2fwasm set size:undefined disposed:false
189 silly fetch manifest @types/node@*
190 silly packumentCache full:https://registry.npmjs.org/@types%2fnode cache-miss
191 http fetch GET 200 https://registry.npmjs.org/@types%2fnode 253408ms (cache miss)
192 silly packumentCache full:https://registry.npmjs.org/@types%2fnode set size:undefined disposed:false
193 silly fetch manifest typescript@>=2.7
194 silly packumentCache full:https://registry.npmjs.org/typescript cache-miss
