0 verbose cli C:\Program Files\nodejs\node.exe C:\Program Files\nodejs\node_modules\npm\bin\npm-cli.js
1 info using npm@10.8.2
2 info using node@v20.17.0
3 silly config load:file:C:\Program Files\nodejs\node_modules\npm\npmrc
4 silly config load:file:C:\Users\Krishna jadhav\Desktop\web\reactLearnings\04bgChanger\.npmrc
5 silly config load:file:C:\Users\Krishna jadhav\.npmrc
6 silly config load:file:C:\Users\Krishna jadhav\Desktop\web\reactLearnings\04bgChanger\%APPDATA%\npm\etc\npmrc
7 verbose title npm install tailwindcss postcss autoprefixer
8 verbose argv "install" "--save-dev" "tailwindcss" "postcss" "autoprefixer"
9 verbose logfile logs-max:10 dir:C:\Users\Krishna jadhav\Desktop\web\reactLearnings\04bgChanger\%LOCALAPPDATA%\npm-cache\_logs\2024-12-12T09_31_07_434Z-
10 verbose logfile C:\Users\Krishna jadhav\Desktop\web\reactLearnings\04bgChanger\%LOCALAPPDATA%\npm-cache\_logs\2024-12-12T09_31_07_434Z-debug-0.log
11 silly packumentCache heap:2197815296 maxSize:549453824 maxEntrySize:274726912
12 silly logfile done cleaning log files
13 silly idealTree buildDeps
14 silly fetch manifest tailwindcss@*
15 silly packumentCache full:https://registry.npmjs.org/tailwindcss cache-miss
16 http fetch GET 200 https://registry.npmjs.org/tailwindcss 329ms (cache miss)
17 silly packumentCache full:https://registry.npmjs.org/tailwindcss set size:undefined disposed:false
18 silly fetch manifest postcss@*
19 silly packumentCache full:https://registry.npmjs.org/postcss cache-miss
20 http fetch GET 200 https://registry.npmjs.org/postcss 12ms (cache hit)
21 silly packumentCache full:https://registry.npmjs.org/postcss set size:675229 disposed:false
22 silly fetch manifest autoprefixer@*
23 silly packumentCache full:https://registry.npmjs.org/autoprefixer cache-miss
24 http fetch GET 200 https://registry.npmjs.org/autoprefixer 57ms (cache miss)
25 silly packumentCache full:https://registry.npmjs.org/autoprefixer set size:undefined disposed:false
26 silly placeDep ROOT autoprefixer@10.4.20 OK for: 04bgchanger@0.0.0 want: *
27 silly placeDep ROOT postcss@8.4.49 REPLACE for: 04bgchanger@0.0.0 want: *
28 silly placeDep ROOT tailwindcss@3.4.16 OK for: 04bgchanger@0.0.0 want: *
29 silly fetch manifest fraction.js@^4.3.7
30 silly packumentCache full:https://registry.npmjs.org/fraction.js cache-miss
31 silly fetch manifest normalize-range@^0.1.2
32 silly packumentCache full:https://registry.npmjs.org/normalize-range cache-miss
33 silly fetch manifest postcss-value-parser@^4.2.0
34 silly packumentCache full:https://registry.npmjs.org/postcss-value-parser cache-miss
35 silly fetch manifest arg@^5.0.2
36 silly packumentCache full:https://registry.npmjs.org/arg cache-miss
37 silly fetch manifest dlv@^1.1.3
38 silly packumentCache full:https://registry.npmjs.org/dlv cache-miss
39 silly fetch manifest jiti@^1.21.6
40 silly packumentCache full:https://registry.npmjs.org/jiti cache-miss
41 silly fetch manifest resolve@^1.22.8
42 silly packumentCache full:https://registry.npmjs.org/resolve cache-miss
43 silly fetch manifest sucrase@^3.35.0
44 silly packumentCache full:https://registry.npmjs.org/sucrase cache-miss
45 silly fetch manifest chokidar@^3.6.0
46 silly packumentCache full:https://registry.npmjs.org/chokidar cache-miss
47 silly fetch manifest fast-glob@^3.3.2
48 silly packumentCache full:https://registry.npmjs.org/fast-glob cache-miss
49 silly fetch manifest lilconfig@^3.1.3
50 silly packumentCache full:https://registry.npmjs.org/lilconfig cache-miss
51 http fetch GET 200 https://registry.npmjs.org/jiti 20ms (cache hit)
52 silly packumentCache full:https://registry.npmjs.org/jiti set size:355863 disposed:false
53 silly fetch manifest didyoumean@^1.2.2
54 silly packumentCache full:https://registry.npmjs.org/didyoumean cache-miss
55 http fetch GET 200 https://registry.npmjs.org/resolve 29ms (cache hit)
56 silly packumentCache full:https://registry.npmjs.org/resolve set size:288408 disposed:false
57 silly fetch manifest micromatch@^4.0.8
58 silly packumentCache full:https://registry.npmjs.org/micromatch cache-miss
59 http fetch GET 200 https://registry.npmjs.org/fraction.js 52ms (cache miss)
60 silly packumentCache full:https://registry.npmjs.org/fraction.js set size:undefined disposed:false
61 silly fetch manifest postcss-js@^4.0.1
62 silly packumentCache full:https://registry.npmjs.org/postcss-js cache-miss
63 http fetch GET 200 https://registry.npmjs.org/postcss-js 63ms (cache miss)
64 silly packumentCache full:https://registry.npmjs.org/postcss-js set size:undefined disposed:false
65 silly fetch manifest object-hash@^3.0.0
66 silly packumentCache full:https://registry.npmjs.org/object-hash cache-miss
67 http fetch GET 200 https://registry.npmjs.org/normalize-range 121ms (cache miss)
68 silly packumentCache full:https://registry.npmjs.org/normalize-range set size:undefined disposed:false
69 silly fetch manifest normalize-path@^3.0.0
70 silly packumentCache full:https://registry.npmjs.org/normalize-path cache-miss
71 http fetch GET 200 https://registry.npmjs.org/postcss-value-parser 137ms (cache miss)
72 silly packumentCache full:https://registry.npmjs.org/postcss-value-parser set size:undefined disposed:false
73 silly fetch manifest postcss-import@^15.1.0
74 silly packumentCache full:https://registry.npmjs.org/postcss-import cache-miss
75 http fetch GET 200 https://registry.npmjs.org/dlv 144ms (cache miss)
76 silly packumentCache full:https://registry.npmjs.org/dlv set size:undefined disposed:false
77 silly fetch manifest postcss-nested@^6.2.0
78 silly packumentCache full:https://registry.npmjs.org/postcss-nested cache-miss
79 http fetch GET 200 https://registry.npmjs.org/lilconfig 150ms (cache miss)
80 silly packumentCache full:https://registry.npmjs.org/lilconfig set size:undefined disposed:false
81 silly fetch manifest @alloc/quick-lru@^5.2.0
82 silly packumentCache full:https://registry.npmjs.org/@alloc%2fquick-lru cache-miss
83 http fetch GET 200 https://registry.npmjs.org/didyoumean 138ms (cache miss)
84 silly packumentCache full:https://registry.npmjs.org/didyoumean set size:undefined disposed:false
85 silly fetch manifest postcss-load-config@^4.0.2
86 silly packumentCache full:https://registry.npmjs.org/postcss-load-config cache-miss
87 http fetch GET 200 https://registry.npmjs.org/arg 169ms (cache miss)
88 silly packumentCache full:https://registry.npmjs.org/arg set size:undefined disposed:false
89 silly fetch manifest postcss-selector-parser@^6.1.2
90 silly packumentCache full:https://registry.npmjs.org/postcss-selector-parser cache-miss
91 http fetch GET 200 https://registry.npmjs.org/chokidar 173ms (cache miss)
92 silly packumentCache full:https://registry.npmjs.org/chokidar set size:undefined disposed:false
93 http fetch GET 200 https://registry.npmjs.org/normalize-path 58ms (cache miss)
94 silly packumentCache full:https://registry.npmjs.org/normalize-path set size:undefined disposed:false
95 http fetch GET 200 https://registry.npmjs.org/object-hash 64ms (cache miss)
96 silly packumentCache full:https://registry.npmjs.org/object-hash set size:undefined disposed:false
97 http fetch GET 200 https://registry.npmjs.org/micromatch 151ms (cache miss)
98 silly packumentCache full:https://registry.npmjs.org/micromatch set size:undefined disposed:false
99 http fetch GET 200 https://registry.npmjs.org/fast-glob 190ms (cache miss)
100 silly packumentCache full:https://registry.npmjs.org/fast-glob set size:undefined disposed:false
101 http fetch GET 200 https://registry.npmjs.org/sucrase 195ms (cache miss)
102 silly packumentCache full:https://registry.npmjs.org/sucrase set size:undefined disposed:false
103 http fetch GET 200 https://registry.npmjs.org/postcss-import 79ms (cache miss)
104 silly packumentCache full:https://registry.npmjs.org/postcss-import set size:undefined disposed:false
105 http fetch GET 200 https://registry.npmjs.org/@alloc%2fquick-lru 68ms (cache miss)
106 silly packumentCache full:https://registry.npmjs.org/@alloc%2fquick-lru set size:undefined disposed:false
107 http fetch GET 200 https://registry.npmjs.org/postcss-nested 77ms (cache miss)
108 silly packumentCache full:https://registry.npmjs.org/postcss-nested set size:undefined disposed:false
109 http fetch GET 200 https://registry.npmjs.org/postcss-load-config 61ms (cache miss)
110 silly packumentCache full:https://registry.npmjs.org/postcss-load-config set size:undefined disposed:false
111 http fetch GET 200 https://registry.npmjs.org/postcss-selector-parser 63ms (cache miss)
112 silly packumentCache full:https://registry.npmjs.org/postcss-selector-parser set size:undefined disposed:false
113 silly placeDep ROOT fraction.js@4.3.7 OK for: autoprefixer@10.4.20 want: ^4.3.7
114 silly placeDep ROOT normalize-range@0.1.2 OK for: autoprefixer@10.4.20 want: ^0.1.2
115 silly placeDep ROOT postcss-value-parser@4.2.0 OK for: autoprefixer@10.4.20 want: ^4.2.0
116 silly fetch manifest postcss@^8.4.47
117 silly packumentCache full:https://registry.npmjs.org/postcss cache-hit
118 silly fetch manifest ts-node@>=9.0.0
119 silly packumentCache full:https://registry.npmjs.org/ts-node cache-miss
120 http fetch GET 200 https://registry.npmjs.org/ts-node 100ms (cache miss)
121 silly packumentCache full:https://registry.npmjs.org/ts-node set size:undefined disposed:false
122 silly fetch manifest @swc/core@>=1.2.50
123 silly packumentCache full:https://registry.npmjs.org/@swc%2fcore cache-miss
124 http fetch GET 200 https://registry.npmjs.org/@swc%2fcore 138ms (cache miss)
125 silly packumentCache full:https://registry.npmjs.org/@swc%2fcore set size:undefined disposed:false
126 silly fetch manifest @swc/helpers@*
127 silly packumentCache full:https://registry.npmjs.org/@swc%2fhelpers cache-miss
128 http fetch GET 200 https://registry.npmjs.org/@swc%2fhelpers 91ms (cache miss)
129 silly packumentCache full:https://registry.npmjs.org/@swc%2fhelpers set size:undefined disposed:false
130 silly fetch manifest @swc/wasm@>=1.2.50
131 silly packumentCache full:https://registry.npmjs.org/@swc%2fwasm cache-miss
132 http fetch GET 200 https://registry.npmjs.org/@swc%2fwasm 113ms (cache miss)
133 silly packumentCache full:https://registry.npmjs.org/@swc%2fwasm set size:undefined disposed:false
134 silly fetch manifest @types/node@*
135 silly packumentCache full:https://registry.npmjs.org/@types%2fnode cache-miss
136 http fetch GET 200 https://registry.npmjs.org/@types%2fnode 19ms (cache hit)
137 silly packumentCache full:https://registry.npmjs.org/@types%2fnode set size:9465608 disposed:false
138 silly fetch manifest typescript@>=2.7
139 silly packumentCache full:https://registry.npmjs.org/typescript cache-miss
140 http fetch GET 200 https://registry.npmjs.org/typescript 267ms (cache miss)
141 silly packumentCache full:https://registry.npmjs.org/typescript set size:undefined disposed:false
142 silly placeDep ROOT @alloc/quick-lru@5.2.0 OK for: tailwindcss@3.4.16 want: ^5.2.0
143 silly placeDep ROOT arg@5.0.2 OK for: tailwindcss@3.4.16 want: ^5.0.2
144 silly placeDep ROOT chokidar@3.6.0 OK for: tailwindcss@3.4.16 want: ^3.6.0
145 silly placeDep ROOT didyoumean@1.2.2 OK for: tailwindcss@3.4.16 want: ^1.2.2
146 silly placeDep ROOT dlv@1.1.3 OK for: tailwindcss@3.4.16 want: ^1.1.3
147 silly placeDep ROOT fast-glob@3.3.2 OK for: tailwindcss@3.4.16 want: ^3.3.2
148 silly placeDep ROOT jiti@1.21.6 OK for: tailwindcss@3.4.16 want: ^1.21.6
149 silly placeDep ROOT lilconfig@3.1.3 OK for: tailwindcss@3.4.16 want: ^3.1.3
150 silly placeDep ROOT micromatch@4.0.8 OK for: tailwindcss@3.4.16 want: ^4.0.8
151 silly placeDep ROOT normalize-path@3.0.0 OK for: tailwindcss@3.4.16 want: ^3.0.0
152 silly placeDep ROOT object-hash@3.0.0 OK for: tailwindcss@3.4.16 want: ^3.0.0
153 silly placeDep ROOT postcss-import@15.1.0 OK for: tailwindcss@3.4.16 want: ^15.1.0
154 silly placeDep ROOT postcss-js@4.0.1 OK for: tailwindcss@3.4.16 want: ^4.0.1
155 silly placeDep ROOT postcss-load-config@4.0.2 OK for: tailwindcss@3.4.16 want: ^4.0.2
156 silly placeDep ROOT postcss-nested@6.2.0 OK for: tailwindcss@3.4.16 want: ^6.2.0
157 silly placeDep ROOT postcss-selector-parser@6.1.2 OK for: tailwindcss@3.4.16 want: ^6.1.2
158 silly placeDep node_modules/tailwindcss resolve@1.22.8 OK for: tailwindcss@3.4.16 want: ^1.22.8
159 silly placeDep ROOT sucrase@3.35.0 OK for: tailwindcss@3.4.16 want: ^3.35.0
160 silly fetch manifest braces@~3.0.2
161 silly packumentCache full:https://registry.npmjs.org/braces cache-miss
162 silly fetch manifest anymatch@~3.1.2
163 silly packumentCache full:https://registry.npmjs.org/anymatch cache-miss
164 silly fetch manifest readdirp@~3.6.0
165 silly packumentCache full:https://registry.npmjs.org/readdirp cache-miss
166 silly fetch manifest glob-parent@~5.1.2
167 silly packumentCache full:https://registry.npmjs.org/glob-parent cache-miss
168 silly fetch manifest is-binary-path@~2.1.0
169 silly packumentCache full:https://registry.npmjs.org/is-binary-path cache-miss
170 silly fetch manifest normalize-path@~3.0.0
171 silly packumentCache full:https://registry.npmjs.org/normalize-path cache-miss
172 silly fetch manifest @nodelib/fs.stat@^2.0.2
173 silly packumentCache full:https://registry.npmjs.org/@nodelib%2ffs.stat cache-miss
174 silly fetch manifest @nodelib/fs.walk@^1.2.3
175 silly packumentCache full:https://registry.npmjs.org/@nodelib%2ffs.walk cache-miss
176 silly fetch manifest glob-parent@^5.1.2
177 silly packumentCache full:https://registry.npmjs.org/glob-parent cache-miss
178 silly fetch manifest merge2@^1.3.0
179 silly packumentCache full:https://registry.npmjs.org/merge2 cache-miss
180 silly fetch manifest micromatch@^4.0.4
181 silly packumentCache full:https://registry.npmjs.org/micromatch cache-miss
182 http fetch GET 200 https://registry.npmjs.org/glob-parent 23ms (cache hit)
183 silly packumentCache full:https://registry.npmjs.org/glob-parent set size:42445 disposed:false
184 silly fetch manifest braces@^3.0.3
185 silly packumentCache full:https://registry.npmjs.org/braces cache-miss
186 http fetch GET 200 https://registry.npmjs.org/micromatch 23ms (cache hit)
187 silly packumentCache full:https://registry.npmjs.org/micromatch set size:240630 disposed:false
188 silly fetch manifest picomatch@^2.3.1
189 silly packumentCache full:https://registry.npmjs.org/picomatch cache-miss
190 http fetch GET 200 https://registry.npmjs.org/normalize-path 30ms (cache hit)
191 silly packumentCache full:https://registry.npmjs.org/normalize-path set size:28713 disposed:false
192 silly fetch manifest read-cache@^1.0.0
193 silly packumentCache full:https://registry.npmjs.org/read-cache cache-miss
194 http fetch GET 200 https://registry.npmjs.org/glob-parent 31ms (cache hit)
195 silly packumentCache full:https://registry.npmjs.org/glob-parent set size:42445 disposed:false
196 silly packumentCache full:https://registry.npmjs.org/glob-parent dispose
197 silly fetch manifest resolve@^1.1.7
198 silly packumentCache full:https://registry.npmjs.org/resolve cache-hit
199 silly fetch manifest camelcase-css@^2.0.1
200 silly packumentCache full:https://registry.npmjs.org/camelcase-css cache-miss
201 http fetch GET 200 https://registry.npmjs.org/merge2 51ms (cache miss)
202 silly packumentCache full:https://registry.npmjs.org/merge2 set size:undefined disposed:false
203 silly fetch manifest yaml@^2.3.4
204 silly packumentCache full:https://registry.npmjs.org/yaml cache-miss
205 http fetch GET 200 https://registry.npmjs.org/anymatch 57ms (cache miss)
206 silly packumentCache full:https://registry.npmjs.org/anymatch set size:undefined disposed:false
207 silly fetch manifest postcss-selector-parser@^6.1.1
208 silly packumentCache full:https://registry.npmjs.org/postcss-selector-parser cache-miss
209 http fetch GET 200 https://registry.npmjs.org/yaml 6ms (cache hit)
210 silly packumentCache full:https://registry.npmjs.org/yaml set size:346482 disposed:false
211 silly fetch manifest cssesc@^3.0.0
212 silly packumentCache full:https://registry.npmjs.org/cssesc cache-miss
213 http fetch GET 200 https://registry.npmjs.org/postcss-selector-parser 14ms (cache hit)
214 silly packumentCache full:https://registry.npmjs.org/postcss-selector-parser set size:171230 disposed:false
215 silly fetch manifest util-deprecate@^1.0.2
216 silly packumentCache full:https://registry.npmjs.org/util-deprecate cache-miss
217 http fetch GET 200 https://registry.npmjs.org/braces 87ms (cache miss)
218 silly packumentCache full:https://registry.npmjs.org/braces set size:undefined disposed:false
219 silly fetch manifest commander@^4.0.0
220 silly packumentCache full:https://registry.npmjs.org/commander cache-miss
221 http fetch GET 200 https://registry.npmjs.org/@nodelib%2ffs.walk 89ms (cache miss)
222 silly packumentCache full:https://registry.npmjs.org/@nodelib%2ffs.walk set size:undefined disposed:false
223 silly fetch manifest glob@^10.3.10
224 silly packumentCache full:https://registry.npmjs.org/glob cache-miss
225 http fetch GET 200 https://registry.npmjs.org/read-cache 62ms (cache miss)
226 silly packumentCache full:https://registry.npmjs.org/read-cache set size:undefined disposed:false
227 silly fetch manifest lines-and-columns@^1.1.6
228 silly packumentCache full:https://registry.npmjs.org/lines-and-columns cache-miss
229 http fetch GET 200 https://registry.npmjs.org/@nodelib%2ffs.stat 97ms (cache miss)
230 silly packumentCache full:https://registry.npmjs.org/@nodelib%2ffs.stat set size:undefined disposed:false
231 silly fetch manifest mz@^2.7.0
232 silly packumentCache full:https://registry.npmjs.org/mz cache-miss
233 http fetch GET 200 https://registry.npmjs.org/braces 76ms (cache miss)
234 silly packumentCache full:https://registry.npmjs.org/braces set size:undefined disposed:false
235 silly fetch manifest pirates@^4.0.1
236 silly packumentCache full:https://registry.npmjs.org/pirates cache-miss
237 http fetch GET 200 https://registry.npmjs.org/camelcase-css 70ms (cache miss)
238 silly packumentCache full:https://registry.npmjs.org/camelcase-css set size:undefined disposed:false
239 silly fetch manifest ts-interface-checker@^0.1.9
240 silly packumentCache full:https://registry.npmjs.org/ts-interface-checker cache-miss
241 http fetch GET 200 https://registry.npmjs.org/picomatch 78ms (cache miss)
242 silly packumentCache full:https://registry.npmjs.org/picomatch set size:undefined disposed:false
243 http fetch GET 200 https://registry.npmjs.org/is-binary-path 109ms (cache miss)
244 silly packumentCache full:https://registry.npmjs.org/is-binary-path set size:undefined disposed:false
245 http fetch GET 200 https://registry.npmjs.org/readdirp 111ms (cache miss)
246 silly packumentCache full:https://registry.npmjs.org/readdirp set size:undefined disposed:false
247 http fetch GET 200 https://registry.npmjs.org/cssesc 66ms (cache miss)
248 silly packumentCache full:https://registry.npmjs.org/cssesc set size:undefined disposed:false
249 http fetch GET 200 https://registry.npmjs.org/util-deprecate 56ms (cache miss)
250 silly packumentCache full:https://registry.npmjs.org/util-deprecate set size:undefined disposed:false
251 http fetch GET 200 https://registry.npmjs.org/mz 46ms (cache miss)
252 silly packumentCache full:https://registry.npmjs.org/mz set size:undefined disposed:false
253 http fetch GET 200 https://registry.npmjs.org/lines-and-columns 52ms (cache miss)
254 silly packumentCache full:https://registry.npmjs.org/lines-and-columns set size:undefined disposed:false
255 http fetch GET 200 https://registry.npmjs.org/pirates 46ms (cache miss)
256 silly packumentCache full:https://registry.npmjs.org/pirates set size:undefined disposed:false
257 http fetch GET 200 https://registry.npmjs.org/commander 65ms (cache miss)
258 silly packumentCache full:https://registry.npmjs.org/commander set size:undefined disposed:false
259 http fetch GET 200 https://registry.npmjs.org/glob 64ms (cache miss)
260 silly packumentCache full:https://registry.npmjs.org/glob set size:undefined disposed:false
261 http fetch GET 200 https://registry.npmjs.org/ts-interface-checker 57ms (cache miss)
262 silly packumentCache full:https://registry.npmjs.org/ts-interface-checker set size:undefined disposed:false
263 silly placeDep ROOT anymatch@3.1.3 OK for: chokidar@3.6.0 want: ~3.1.2
264 silly placeDep ROOT braces@3.0.3 OK for: chokidar@3.6.0 want: ~3.0.2
265 silly placeDep node_modules/chokidar glob-parent@5.1.2 OK for: chokidar@3.6.0 want: ~5.1.2
266 silly placeDep ROOT is-binary-path@2.1.0 OK for: chokidar@3.6.0 want: ~2.1.0
267 silly placeDep ROOT readdirp@3.6.0 OK for: chokidar@3.6.0 want: ~3.6.0
268 silly fetch manifest picomatch@^2.0.4
269 silly packumentCache full:https://registry.npmjs.org/picomatch cache-miss
270 silly fetch manifest fill-range@^7.1.1
271 silly packumentCache full:https://registry.npmjs.org/fill-range cache-miss
272 silly fetch manifest binary-extensions@^2.0.0
273 silly packumentCache full:https://registry.npmjs.org/binary-extensions cache-miss
274 silly fetch manifest picomatch@^2.2.1
275 silly packumentCache full:https://registry.npmjs.org/picomatch cache-miss
276 http fetch GET 200 https://registry.npmjs.org/picomatch 7ms (cache hit)
277 silly packumentCache full:https://registry.npmjs.org/picomatch set size:116191 disposed:false
278 http fetch GET 200 https://registry.npmjs.org/picomatch 9ms (cache hit)
279 silly packumentCache full:https://registry.npmjs.org/picomatch set size:116191 disposed:false
280 silly packumentCache full:https://registry.npmjs.org/picomatch dispose
281 http fetch GET 200 https://registry.npmjs.org/binary-extensions 51ms (cache miss)
282 silly packumentCache full:https://registry.npmjs.org/binary-extensions set size:undefined disposed:false
283 http fetch GET 200 https://registry.npmjs.org/fill-range 80ms (cache miss)
284 silly packumentCache full:https://registry.npmjs.org/fill-range set size:undefined disposed:false
285 silly placeDep ROOT picomatch@2.3.1 OK for: anymatch@3.1.3 want: ^2.0.4
286 silly placeDep ROOT fill-range@7.1.1 OK for: braces@3.0.3 want: ^7.1.1
287 silly fetch manifest to-regex-range@^5.0.1
288 silly packumentCache full:https://registry.npmjs.org/to-regex-range cache-miss
289 http fetch GET 200 https://registry.npmjs.org/to-regex-range 53ms (cache miss)
290 silly packumentCache full:https://registry.npmjs.org/to-regex-range set size:undefined disposed:false
291 silly placeDep ROOT @nodelib/fs.stat@2.0.5 OK for: fast-glob@3.3.2 want: ^2.0.2
292 silly placeDep ROOT @nodelib/fs.walk@1.2.8 OK for: fast-glob@3.3.2 want: ^1.2.3
293 silly placeDep node_modules/fast-glob glob-parent@5.1.2 OK for: fast-glob@3.3.2 want: ^5.1.2
294 silly placeDep ROOT merge2@1.4.1 OK for: fast-glob@3.3.2 want: ^1.3.0
295 silly fetch manifest fastq@^1.6.0
296 silly packumentCache full:https://registry.npmjs.org/fastq cache-miss
297 silly fetch manifest @nodelib/fs.scandir@2.1.5
298 silly packumentCache full:https://registry.npmjs.org/@nodelib%2ffs.scandir cache-miss
299 http fetch GET 200 https://registry.npmjs.org/fastq 57ms (cache miss)
300 silly packumentCache full:https://registry.npmjs.org/fastq set size:undefined disposed:false
301 http fetch GET 200 https://registry.npmjs.org/@nodelib%2ffs.scandir 68ms (cache miss)
302 silly packumentCache full:https://registry.npmjs.org/@nodelib%2ffs.scandir set size:undefined disposed:false
303 silly placeDep ROOT @nodelib/fs.scandir@2.1.5 OK for: @nodelib/fs.walk@1.2.8 want: 2.1.5
304 silly placeDep ROOT fastq@1.17.1 OK for: @nodelib/fs.walk@1.2.8 want: ^1.6.0
305 silly fetch manifest run-parallel@^1.1.9
306 silly packumentCache full:https://registry.npmjs.org/run-parallel cache-miss
307 silly fetch manifest reusify@^1.0.4
308 silly packumentCache full:https://registry.npmjs.org/reusify cache-miss
309 http fetch GET 200 https://registry.npmjs.org/run-parallel 53ms (cache miss)
310 silly packumentCache full:https://registry.npmjs.org/run-parallel set size:undefined disposed:false
311 http fetch GET 200 https://registry.npmjs.org/reusify 67ms (cache miss)
312 silly packumentCache full:https://registry.npmjs.org/reusify set size:undefined disposed:false
313 silly placeDep ROOT run-parallel@1.2.0 OK for: @nodelib/fs.scandir@2.1.5 want: ^1.1.9
314 silly fetch manifest queue-microtask@^1.2.2
315 silly packumentCache full:https://registry.npmjs.org/queue-microtask cache-miss
316 http fetch GET 200 https://registry.npmjs.org/queue-microtask 47ms (cache miss)
317 silly packumentCache full:https://registry.npmjs.org/queue-microtask set size:undefined disposed:false
318 silly placeDep ROOT reusify@1.0.4 OK for: fastq@1.17.1 want: ^1.0.4
319 silly placeDep ROOT to-regex-range@5.0.1 OK for: fill-range@7.1.1 want: ^5.0.1
320 silly fetch manifest is-number@^7.0.0
321 silly packumentCache full:https://registry.npmjs.org/is-number cache-miss
322 http fetch GET 200 https://registry.npmjs.org/is-number 52ms (cache miss)
323 silly packumentCache full:https://registry.npmjs.org/is-number set size:undefined disposed:false
324 silly placeDep ROOT binary-extensions@2.3.0 OK for: is-binary-path@2.1.0 want: ^2.0.0
325 silly placeDep ROOT read-cache@1.0.0 OK for: postcss-import@15.1.0 want: ^1.0.0
326 silly placeDep node_modules/postcss-import resolve@1.22.8 OK for: postcss-import@15.1.0 want: ^1.1.7
327 silly fetch manifest pify@^2.3.0
328 silly packumentCache full:https://registry.npmjs.org/pify cache-miss
329 http fetch GET 200 https://registry.npmjs.org/pify 52ms (cache miss)
330 silly packumentCache full:https://registry.npmjs.org/pify set size:undefined disposed:false
331 silly placeDep ROOT camelcase-css@2.0.1 OK for: postcss-js@4.0.1 want: ^2.0.1
332 silly placeDep ROOT yaml@2.6.1 OK for: postcss-load-config@4.0.2 want: ^2.3.4
333 silly placeDep ROOT cssesc@3.0.0 OK for: postcss-selector-parser@6.1.2 want: ^3.0.0
334 silly placeDep ROOT util-deprecate@1.0.2 OK for: postcss-selector-parser@6.1.2 want: ^1.0.2
335 silly placeDep ROOT pify@2.3.0 OK for: read-cache@1.0.0 want: ^2.3.0
336 silly placeDep ROOT queue-microtask@1.2.3 OK for: run-parallel@1.2.0 want: ^1.2.2
337 silly placeDep ROOT commander@4.1.1 OK for: sucrase@3.35.0 want: ^4.0.0
338 silly placeDep ROOT glob@10.4.5 OK for: sucrase@3.35.0 want: ^10.3.10
339 silly placeDep ROOT lines-and-columns@1.2.4 OK for: sucrase@3.35.0 want: ^1.1.6
340 silly placeDep ROOT mz@2.7.0 OK for: sucrase@3.35.0 want: ^2.7.0
341 silly placeDep ROOT pirates@4.0.6 OK for: sucrase@3.35.0 want: ^4.0.1
342 silly placeDep ROOT ts-interface-checker@0.1.13 OK for: sucrase@3.35.0 want: ^0.1.9
343 silly fetch manifest minipass@^7.1.2
344 silly packumentCache full:https://registry.npmjs.org/minipass cache-miss
345 silly fetch manifest jackspeak@^3.1.2
346 silly packumentCache full:https://registry.npmjs.org/jackspeak cache-miss
347 silly fetch manifest minimatch@^9.0.4
348 silly packumentCache full:https://registry.npmjs.org/minimatch cache-miss
349 silly fetch manifest path-scurry@^1.11.1
350 silly packumentCache full:https://registry.npmjs.org/path-scurry cache-miss
351 silly fetch manifest foreground-child@^3.1.0
352 silly packumentCache full:https://registry.npmjs.org/foreground-child cache-miss
353 silly fetch manifest package-json-from-dist@^1.0.0
354 silly packumentCache full:https://registry.npmjs.org/package-json-from-dist cache-miss
355 silly fetch manifest any-promise@^1.0.0
356 silly packumentCache full:https://registry.npmjs.org/any-promise cache-miss
357 silly fetch manifest thenify-all@^1.0.0
358 silly packumentCache full:https://registry.npmjs.org/thenify-all cache-miss
359 http fetch GET 200 https://registry.npmjs.org/minimatch 11ms (cache hit)
360 silly packumentCache full:https://registry.npmjs.org/minimatch set size:398328 disposed:false
361 http fetch GET 200 https://registry.npmjs.org/package-json-from-dist 46ms (cache miss)
362 silly packumentCache full:https://registry.npmjs.org/package-json-from-dist set size:undefined disposed:false
363 http fetch GET 200 https://registry.npmjs.org/foreground-child 52ms (cache miss)
364 silly packumentCache full:https://registry.npmjs.org/foreground-child set size:undefined disposed:false
365 http fetch GET 200 https://registry.npmjs.org/jackspeak 55ms (cache miss)
366 silly packumentCache full:https://registry.npmjs.org/jackspeak set size:undefined disposed:false
367 http fetch GET 200 https://registry.npmjs.org/any-promise 56ms (cache miss)
368 silly packumentCache full:https://registry.npmjs.org/any-promise set size:undefined disposed:false
369 http fetch GET 200 https://registry.npmjs.org/thenify-all 56ms (cache miss)
370 silly packumentCache full:https://registry.npmjs.org/thenify-all set size:undefined disposed:false
371 http fetch GET 200 https://registry.npmjs.org/minipass 61ms (cache miss)
372 silly packumentCache full:https://registry.npmjs.org/minipass set size:undefined disposed:false
373 http fetch GET 200 https://registry.npmjs.org/path-scurry 63ms (cache miss)
374 silly packumentCache full:https://registry.npmjs.org/path-scurry set size:undefined disposed:false
375 silly placeDep ROOT foreground-child@3.3.0 OK for: glob@10.4.5 want: ^3.1.0
376 silly placeDep ROOT jackspeak@3.4.3 OK for: glob@10.4.5 want: ^3.1.2
377 silly placeDep node_modules/glob minimatch@9.0.5 OK for: glob@10.4.5 want: ^9.0.4
378 silly placeDep ROOT minipass@7.1.2 OK for: glob@10.4.5 want: ^7.1.2
379 silly placeDep ROOT package-json-from-dist@1.0.1 OK for: glob@10.4.5 want: ^1.0.0
380 silly placeDep ROOT path-scurry@1.11.1 OK for: glob@10.4.5 want: ^1.11.1
381 silly fetch manifest signal-exit@^4.0.1
382 silly packumentCache full:https://registry.npmjs.org/signal-exit cache-miss
383 silly fetch manifest @isaacs/cliui@^8.0.2
384 silly packumentCache full:https://registry.npmjs.org/@isaacs%2fcliui cache-miss
385 silly fetch manifest @pkgjs/parseargs@^0.11.0
386 silly packumentCache full:https://registry.npmjs.org/@pkgjs%2fparseargs cache-miss
387 silly fetch manifest brace-expansion@^2.0.1
388 silly packumentCache full:https://registry.npmjs.org/brace-expansion cache-miss
389 silly fetch manifest lru-cache@^10.2.0
390 silly packumentCache full:https://registry.npmjs.org/lru-cache cache-miss
391 http fetch GET 200 https://registry.npmjs.org/brace-expansion 7ms (cache hit)
392 silly packumentCache full:https://registry.npmjs.org/brace-expansion set size:42345 disposed:false
393 http fetch GET 200 https://registry.npmjs.org/lru-cache 12ms (cache hit)
394 silly packumentCache full:https://registry.npmjs.org/lru-cache set size:387720 disposed:false
395 http fetch GET 200 https://registry.npmjs.org/signal-exit 52ms (cache miss)
396 silly packumentCache full:https://registry.npmjs.org/signal-exit set size:undefined disposed:false
397 http fetch GET 200 https://registry.npmjs.org/@pkgjs%2fparseargs 66ms (cache miss)
398 silly packumentCache full:https://registry.npmjs.org/@pkgjs%2fparseargs set size:undefined disposed:false
399 http fetch GET 200 https://registry.npmjs.org/@isaacs%2fcliui 68ms (cache miss)
400 silly packumentCache full:https://registry.npmjs.org/@isaacs%2fcliui set size:undefined disposed:false
401 silly placeDep ROOT signal-exit@4.1.0 OK for: foreground-child@3.3.0 want: ^4.0.1
402 silly placeDep ROOT @isaacs/cliui@8.0.2 OK for: jackspeak@3.4.3 want: ^8.0.2
403 silly placeDep ROOT @pkgjs/parseargs@0.11.0 OK for: jackspeak@3.4.3 want: ^0.11.0
404 silly fetch manifest string-width@^5.1.2
405 silly packumentCache full:https://registry.npmjs.org/string-width cache-miss
406 silly fetch manifest string-width-cjs@npm:string-width@^4.2.0
407 silly packumentCache full:https://registry.npmjs.org/string-width cache-miss
408 silly fetch manifest strip-ansi@^7.0.1
409 silly packumentCache full:https://registry.npmjs.org/strip-ansi cache-miss
410 silly fetch manifest strip-ansi-cjs@npm:strip-ansi@^6.0.1
411 silly packumentCache full:https://registry.npmjs.org/strip-ansi cache-miss
412 silly fetch manifest wrap-ansi@^8.1.0
413 silly packumentCache full:https://registry.npmjs.org/wrap-ansi cache-miss
414 silly fetch manifest wrap-ansi-cjs@npm:wrap-ansi@^7.0.0
415 silly packumentCache full:https://registry.npmjs.org/wrap-ansi cache-miss
416 http fetch GET 200 https://registry.npmjs.org/wrap-ansi 48ms (cache miss)
417 silly packumentCache full:https://registry.npmjs.org/wrap-ansi set size:undefined disposed:false
418 http fetch GET 200 https://registry.npmjs.org/strip-ansi 50ms (cache miss)
419 silly packumentCache full:https://registry.npmjs.org/strip-ansi set size:undefined disposed:false
420 http fetch GET 200 https://registry.npmjs.org/string-width 53ms (cache miss)
421 silly packumentCache full:https://registry.npmjs.org/string-width set size:undefined disposed:false
422 http fetch GET 200 https://registry.npmjs.org/string-width 61ms (cache miss)
423 silly packumentCache full:https://registry.npmjs.org/string-width set size:undefined disposed:false
424 http fetch GET 200 https://registry.npmjs.org/wrap-ansi 61ms (cache miss)
425 silly packumentCache full:https://registry.npmjs.org/wrap-ansi set size:undefined disposed:false
426 http fetch GET 200 https://registry.npmjs.org/strip-ansi 65ms (cache miss)
427 silly packumentCache full:https://registry.npmjs.org/strip-ansi set size:undefined disposed:false
428 silly placeDep ROOT string-width@5.1.2 OK for: @isaacs/cliui@8.0.2 want: ^5.1.2
429 silly placeDep ROOT string-width-cjs@4.2.3 OK for: @isaacs/cliui@8.0.2 want: npm:string-width@^4.2.0
430 silly placeDep ROOT strip-ansi@7.1.0 OK for: @isaacs/cliui@8.0.2 want: ^7.0.1
431 silly placeDep ROOT strip-ansi-cjs@6.0.1 OK for: @isaacs/cliui@8.0.2 want: npm:strip-ansi@^6.0.1
432 silly placeDep ROOT wrap-ansi@8.1.0 OK for: @isaacs/cliui@8.0.2 want: ^8.1.0
433 silly placeDep ROOT wrap-ansi-cjs@7.0.0 OK for: @isaacs/cliui@8.0.2 want: npm:wrap-ansi@^7.0.0
434 silly fetch manifest emoji-regex@^9.2.2
435 silly packumentCache full:https://registry.npmjs.org/emoji-regex cache-miss
436 silly fetch manifest eastasianwidth@^0.2.0
437 silly packumentCache full:https://registry.npmjs.org/eastasianwidth cache-miss
438 silly fetch manifest strip-ansi@^6.0.1
439 silly packumentCache full:https://registry.npmjs.org/strip-ansi cache-miss
440 silly fetch manifest emoji-regex@^8.0.0
441 silly packumentCache full:https://registry.npmjs.org/emoji-regex cache-miss
442 silly fetch manifest is-fullwidth-code-point@^3.0.0
443 silly packumentCache full:https://registry.npmjs.org/is-fullwidth-code-point cache-miss
444 silly fetch manifest ansi-regex@^6.0.1
445 silly packumentCache full:https://registry.npmjs.org/ansi-regex cache-miss
446 silly fetch manifest ansi-regex@^5.0.1
447 silly packumentCache full:https://registry.npmjs.org/ansi-regex cache-miss
448 silly fetch manifest ansi-styles@^6.1.0
449 silly packumentCache full:https://registry.npmjs.org/ansi-styles cache-miss
450 silly fetch manifest string-width@^4.1.0
451 silly packumentCache full:https://registry.npmjs.org/string-width cache-miss
452 silly fetch manifest strip-ansi@^6.0.0
453 silly packumentCache full:https://registry.npmjs.org/strip-ansi cache-miss
454 http fetch GET 200 https://registry.npmjs.org/strip-ansi 13ms (cache hit)
455 silly packumentCache full:https://registry.npmjs.org/strip-ansi set size:43180 disposed:false
456 http fetch GET 200 https://registry.npmjs.org/string-width 12ms (cache hit)
457 silly packumentCache full:https://registry.npmjs.org/string-width set size:61460 disposed:false
458 http fetch GET 200 https://registry.npmjs.org/ansi-styles 13ms (cache hit)
459 silly packumentCache full:https://registry.npmjs.org/ansi-styles set size:66356 disposed:false
460 http fetch GET 200 https://registry.npmjs.org/strip-ansi 12ms (cache hit)
461 silly packumentCache full:https://registry.npmjs.org/strip-ansi set size:43180 disposed:false
462 silly packumentCache full:https://registry.npmjs.org/strip-ansi dispose
463 http fetch GET 200 https://registry.npmjs.org/is-fullwidth-code-point 49ms (cache miss)
464 silly packumentCache full:https://registry.npmjs.org/is-fullwidth-code-point set size:undefined disposed:false
465 http fetch GET 200 https://registry.npmjs.org/ansi-regex 50ms (cache miss)
466 silly packumentCache full:https://registry.npmjs.org/ansi-regex set size:undefined disposed:false
467 http fetch GET 200 https://registry.npmjs.org/ansi-regex 51ms (cache miss)
468 silly packumentCache full:https://registry.npmjs.org/ansi-regex set size:undefined disposed:false
469 http fetch GET 200 https://registry.npmjs.org/emoji-regex 55ms (cache miss)
470 silly packumentCache full:https://registry.npmjs.org/emoji-regex set size:undefined disposed:false
471 http fetch GET 200 https://registry.npmjs.org/emoji-regex 60ms (cache miss)
472 silly packumentCache full:https://registry.npmjs.org/emoji-regex set size:undefined disposed:false
473 http fetch GET 200 https://registry.npmjs.org/eastasianwidth 62ms (cache miss)
474 silly packumentCache full:https://registry.npmjs.org/eastasianwidth set size:undefined disposed:false
475 silly placeDep ROOT any-promise@1.3.0 OK for: mz@2.7.0 want: ^1.0.0
476 silly placeDep ROOT thenify-all@1.6.0 OK for: mz@2.7.0 want: ^1.0.0
477 silly fetch manifest thenify@>= 3.1.0 < 4
478 silly packumentCache full:https://registry.npmjs.org/thenify cache-miss
479 http fetch GET 200 https://registry.npmjs.org/thenify 44ms (cache miss)
480 silly packumentCache full:https://registry.npmjs.org/thenify set size:undefined disposed:false
481 silly placeDep node_modules/path-scurry lru-cache@10.4.3 OK for: path-scurry@1.11.1 want: ^10.2.0
482 silly placeDep ROOT eastasianwidth@0.2.0 OK for: string-width@5.1.2 want: ^0.2.0
483 silly placeDep ROOT emoji-regex@9.2.2 OK for: string-width@5.1.2 want: ^9.2.2
484 silly placeDep node_modules/string-width-cjs emoji-regex@8.0.0 OK for: string-width@4.2.3 want: ^8.0.0
485 silly placeDep ROOT is-fullwidth-code-point@3.0.0 OK for: string-width@4.2.3 want: ^3.0.0
486 silly placeDep node_modules/string-width-cjs strip-ansi@6.0.1 OK for: string-width@4.2.3 want: ^6.0.1
487 silly placeDep ROOT ansi-regex@6.1.0 OK for: strip-ansi@7.1.0 want: ^6.0.1
488 silly placeDep node_modules/strip-ansi-cjs ansi-regex@5.0.1 OK for: strip-ansi@6.0.1 want: ^5.0.1
489 silly placeDep ROOT thenify@3.3.1 OK for: thenify-all@1.6.0 want: >= 3.1.0 < 4
490 silly placeDep ROOT is-number@7.0.0 OK for: to-regex-range@5.0.1 want: ^7.0.0
491 silly placeDep node_modules/wrap-ansi ansi-styles@6.2.1 OK for: wrap-ansi@8.1.0 want: ^6.1.0
492 silly placeDep node_modules/wrap-ansi-cjs string-width@4.2.3 OK for: wrap-ansi@7.0.0 want: ^4.1.0
493 silly placeDep node_modules/wrap-ansi-cjs strip-ansi@6.0.1 OK for: wrap-ansi@7.0.0 want: ^6.0.0
494 silly placeDep node_modules/glob brace-expansion@2.0.1 OK for: minimatch@9.0.5 want: ^2.0.1
495 silly placeDep node_modules/string-width-cjs ansi-regex@5.0.1 OK for: strip-ansi@6.0.1 want: ^5.0.1
496 silly placeDep node_modules/wrap-ansi-cjs emoji-regex@8.0.0 OK for: string-width@4.2.3 want: ^8.0.0
497 silly placeDep node_modules/wrap-ansi-cjs ansi-regex@5.0.1 OK for: strip-ansi@6.0.1 want: ^5.0.1
498 silly reify moves {}
499 silly audit bulk request {
499 silly audit   '@ampproject/remapping': [ '2.3.0' ],
499 silly audit   '@babel/code-frame': [ '7.26.2' ],
499 silly audit   '@babel/compat-data': [ '7.26.3' ],
499 silly audit   '@babel/core': [ '7.26.0' ],
499 silly audit   '@babel/generator': [ '7.26.3' ],
499 silly audit   '@babel/helper-compilation-targets': [ '7.25.9' ],
499 silly audit   '@babel/helper-module-imports': [ '7.25.9' ],
499 silly audit   '@babel/helper-module-transforms': [ '7.26.0' ],
499 silly audit   '@babel/helper-plugin-utils': [ '7.25.9' ],
499 silly audit   '@babel/helper-string-parser': [ '7.25.9' ],
499 silly audit   '@babel/helper-validator-identifier': [ '7.25.9' ],
499 silly audit   '@babel/helper-validator-option': [ '7.25.9' ],
499 silly audit   '@babel/helpers': [ '7.26.0' ],
499 silly audit   '@babel/parser': [ '7.26.3' ],
499 silly audit   '@babel/plugin-transform-react-jsx-self': [ '7.25.9' ],
499 silly audit   '@babel/plugin-transform-react-jsx-source': [ '7.25.9' ],
499 silly audit   '@babel/template': [ '7.25.9' ],
499 silly audit   '@babel/traverse': [ '7.26.4' ],
499 silly audit   globals: [ '11.12.0', '14.0.0', '15.13.0' ],
499 silly audit   '@babel/types': [ '7.26.3' ],
499 silly audit   '@esbuild/aix-ppc64': [ '0.24.0' ],
499 silly audit   '@esbuild/android-arm': [ '0.24.0' ],
499 silly audit   '@esbuild/android-arm64': [ '0.24.0' ],
499 silly audit   '@esbuild/android-x64': [ '0.24.0' ],
499 silly audit   '@esbuild/darwin-arm64': [ '0.24.0' ],
499 silly audit   '@esbuild/darwin-x64': [ '0.24.0' ],
499 silly audit   '@esbuild/freebsd-arm64': [ '0.24.0' ],
499 silly audit   '@esbuild/freebsd-x64': [ '0.24.0' ],
499 silly audit   '@esbuild/linux-arm': [ '0.24.0' ],
499 silly audit   '@esbuild/linux-arm64': [ '0.24.0' ],
499 silly audit   '@esbuild/linux-ia32': [ '0.24.0' ],
499 silly audit   '@esbuild/linux-loong64': [ '0.24.0' ],
499 silly audit   '@esbuild/linux-mips64el': [ '0.24.0' ],
499 silly audit   '@esbuild/linux-ppc64': [ '0.24.0' ],
499 silly audit   '@esbuild/linux-riscv64': [ '0.24.0' ],
499 silly audit   '@esbuild/linux-s390x': [ '0.24.0' ],
499 silly audit   '@esbuild/linux-x64': [ '0.24.0' ],
499 silly audit   '@esbuild/netbsd-x64': [ '0.24.0' ],
499 silly audit   '@esbuild/openbsd-arm64': [ '0.24.0' ],
499 silly audit   '@esbuild/openbsd-x64': [ '0.24.0' ],
499 silly audit   '@esbuild/sunos-x64': [ '0.24.0' ],
499 silly audit   '@esbuild/win32-arm64': [ '0.24.0' ],
499 silly audit   '@esbuild/win32-ia32': [ '0.24.0' ],
499 silly audit   '@esbuild/win32-x64': [ '0.24.0' ],
499 silly audit   '@eslint-community/eslint-utils': [ '4.4.1' ],
499 silly audit   'eslint-visitor-keys': [ '3.4.3', '4.2.0' ],
499 silly audit   '@eslint-community/regexpp': [ '4.12.1' ],
499 silly audit   '@eslint/config-array': [ '0.19.1' ],
499 silly audit   '@eslint/core': [ '0.9.1' ],
499 silly audit   '@eslint/eslintrc': [ '3.2.0' ],
499 silly audit   '@eslint/js': [ '9.16.0' ],
499 silly audit   '@eslint/object-schema': [ '2.1.5' ],
499 silly audit   '@eslint/plugin-kit': [ '0.2.4' ],
499 silly audit   '@humanfs/core': [ '0.19.1' ],
499 silly audit   '@humanfs/node': [ '0.16.6' ],
499 silly audit   '@humanwhocodes/retry': [ '0.3.1', '0.4.1' ],
499 silly audit   '@humanwhocodes/module-importer': [ '1.0.1' ],
499 silly audit   '@jridgewell/gen-mapping': [ '0.3.8' ],
499 silly audit   '@jridgewell/resolve-uri': [ '3.1.2' ],
499 silly audit   '@jridgewell/set-array': [ '1.2.1' ],
499 silly audit   '@jridgewell/sourcemap-codec': [ '1.5.0' ],
499 silly audit   '@jridgewell/trace-mapping': [ '0.3.25' ],
499 silly audit   '@rollup/rollup-android-arm-eabi': [ '4.28.1' ],
499 silly audit   '@rollup/rollup-android-arm64': [ '4.28.1' ],
499 silly audit   '@rollup/rollup-darwin-arm64': [ '4.28.1' ],
499 silly audit   '@rollup/rollup-darwin-x64': [ '4.28.1' ],
499 silly audit   '@rollup/rollup-freebsd-arm64': [ '4.28.1' ],
499 silly audit   '@rollup/rollup-freebsd-x64': [ '4.28.1' ],
499 silly audit   '@rollup/rollup-linux-arm-gnueabihf': [ '4.28.1' ],
499 silly audit   '@rollup/rollup-linux-arm-musleabihf': [ '4.28.1' ],
499 silly audit   '@rollup/rollup-linux-arm64-gnu': [ '4.28.1' ],
499 silly audit   '@rollup/rollup-linux-arm64-musl': [ '4.28.1' ],
499 silly audit   '@rollup/rollup-linux-loongarch64-gnu': [ '4.28.1' ],
499 silly audit   '@rollup/rollup-linux-powerpc64le-gnu': [ '4.28.1' ],
499 silly audit   '@rollup/rollup-linux-riscv64-gnu': [ '4.28.1' ],
499 silly audit   '@rollup/rollup-linux-s390x-gnu': [ '4.28.1' ],
499 silly audit   '@rollup/rollup-linux-x64-gnu': [ '4.28.1' ],
499 silly audit   '@rollup/rollup-linux-x64-musl': [ '4.28.1' ],
499 silly audit   '@rollup/rollup-win32-arm64-msvc': [ '4.28.1' ],
499 silly audit   '@rollup/rollup-win32-ia32-msvc': [ '4.28.1' ],
499 silly audit   '@rollup/rollup-win32-x64-msvc': [ '4.28.1' ],
499 silly audit   '@types/babel__core': [ '7.20.5' ],
499 silly audit   '@types/babel__generator': [ '7.6.8' ],
499 silly audit   '@types/babel__template': [ '7.4.4' ],
499 silly audit   '@types/babel__traverse': [ '7.20.6' ],
499 silly audit   '@types/estree': [ '1.0.6' ],
499 silly audit   '@types/json-schema': [ '7.0.15' ],
499 silly audit   '@types/prop-types': [ '15.7.14' ],
499 silly audit   '@types/react': [ '18.3.16' ],
499 silly audit   '@types/react-dom': [ '18.3.5' ],
499 silly audit   '@vitejs/plugin-react': [ '4.3.4' ],
499 silly audit   acorn: [ '8.14.0' ],
499 silly audit   'acorn-jsx': [ '5.3.2' ],
499 silly audit   ajv: [ '6.12.6' ],
499 silly audit   'ansi-styles': [ '4.3.0', '6.2.1' ],
499 silly audit   argparse: [ '2.0.1' ],
499 silly audit   'array-buffer-byte-length': [ '1.0.1' ],
499 silly audit   'array-includes': [ '3.1.8' ],
499 silly audit   'array.prototype.findlast': [ '1.2.5' ],
499 silly audit   'array.prototype.flat': [ '1.3.2' ],
499 silly audit   'array.prototype.flatmap': [ '1.3.2' ],
499 silly audit   'array.prototype.tosorted': [ '1.1.4' ],
499 silly audit   'arraybuffer.prototype.slice': [ '1.0.3' ],
499 silly audit   'available-typed-arrays': [ '1.0.7' ],
499 silly audit   'balanced-match': [ '1.0.2' ],
499 silly audit   'brace-expansion': [ '1.1.11', '2.0.1' ],
499 silly audit   browserslist: [ '4.24.2' ],
499 silly audit   'call-bind': [ '1.0.8' ],
499 silly audit   'call-bind-apply-helpers': [ '1.0.1' ],
499 silly audit   'call-bound': [ '1.0.2' ],
499 silly audit   callsites: [ '3.1.0' ],
499 silly audit   'caniuse-lite': [ '1.0.30001688' ],
499 silly audit   chalk: [ '4.1.2' ],
499 silly audit   'color-convert': [ '2.0.1' ],
499 silly audit   'color-name': [ '1.1.4' ],
499 silly audit   'concat-map': [ '0.0.1' ],
499 silly audit   'convert-source-map': [ '2.0.0' ],
499 silly audit   'cross-spawn': [ '7.0.6' ],
499 silly audit   csstype: [ '3.1.3' ],
499 silly audit   'data-view-buffer': [ '1.0.1' ],
499 silly audit   'data-view-byte-length': [ '1.0.1' ],
499 silly audit   'data-view-byte-offset': [ '1.0.0' ],
499 silly audit   debug: [ '4.4.0' ],
499 silly audit   'deep-is': [ '0.1.4' ],
499 silly audit   'define-data-property': [ '1.1.4' ],
499 silly audit   'define-properties': [ '1.2.1' ],
499 silly audit   doctrine: [ '2.1.0' ],
499 silly audit   'dunder-proto': [ '1.0.0' ],
499 silly audit   'electron-to-chromium': [ '1.5.73' ],
499 silly audit   'es-abstract': [ '1.23.5' ],
499 silly audit   'es-define-property': [ '1.0.1' ],
499 silly audit   'es-errors': [ '1.3.0' ],
499 silly audit   'es-iterator-helpers': [ '1.2.0' ],
499 silly audit   'es-object-atoms': [ '1.0.0' ],
499 silly audit   'es-set-tostringtag': [ '2.0.3' ],
499 silly audit   'es-shim-unscopables': [ '1.0.2' ],
499 silly audit   'es-to-primitive': [ '1.3.0' ],
499 silly audit   esbuild: [ '0.24.0' ],
499 silly audit   escalade: [ '3.2.0' ],
499 silly audit   'escape-string-regexp': [ '4.0.0' ],
499 silly audit   eslint: [ '9.16.0' ],
499 silly audit   'eslint-plugin-react': [ '7.37.2' ],
499 silly audit   'eslint-plugin-react-hooks': [ '5.1.0' ],
499 silly audit   'eslint-plugin-react-refresh': [ '0.4.16' ],
499 silly audit   'eslint-scope': [ '8.2.0' ],
499 silly audit   espree: [ '10.3.0' ],
499 silly audit   esquery: [ '1.6.0' ],
499 silly audit   esrecurse: [ '4.3.0' ],
499 silly audit   estraverse: [ '5.3.0' ],
499 silly audit   esutils: [ '2.0.3' ],
499 silly audit   'fast-deep-equal': [ '3.1.3' ],
499 silly audit   'fast-json-stable-stringify': [ '2.1.0' ],
499 silly audit   'fast-levenshtein': [ '2.0.6' ],
499 silly audit   'file-entry-cache': [ '8.0.0' ],
499 silly audit   'find-up': [ '5.0.0' ],
499 silly audit   'flat-cache': [ '4.0.1' ],
499 silly audit   flatted: [ '3.3.2' ],
499 silly audit   'for-each': [ '0.3.3' ],
499 silly audit   fsevents: [ '2.3.3' ],
499 silly audit   'function-bind': [ '1.1.2' ],
499 silly audit   'function.prototype.name': [ '1.1.6' ],
499 silly audit   'functions-have-names': [ '1.2.3' ],
499 silly audit   gensync: [ '1.0.0-beta.2' ],
499 silly audit   'get-intrinsic': [ '1.2.6' ],
499 silly audit   'get-symbol-description': [ '1.0.2' ],
499 silly audit   'glob-parent': [ '6.0.2', '5.1.2' ],
499 silly audit   globalthis: [ '1.0.4' ],
499 silly audit   gopd: [ '1.2.0' ],
499 silly audit   'has-bigints': [ '1.0.2' ],
499 silly audit   'has-flag': [ '4.0.0' ],
499 silly audit   'has-property-descriptors': [ '1.0.2' ],
499 silly audit   'has-proto': [ '1.2.0' ],
499 silly audit   'has-symbols': [ '1.1.0' ],
499 silly audit   'has-tostringtag': [ '1.0.2' ],
499 silly audit   hasown: [ '2.0.2' ],
499 silly audit   ignore: [ '5.3.2' ],
499 silly audit   'import-fresh': [ '3.3.0' ],
499 silly audit   imurmurhash: [ '0.1.4' ],
499 silly audit   'internal-slot': [ '1.0.7' ],
499 silly audit   'is-array-buffer': [ '3.0.4' ],
499 silly audit   'is-async-function': [ '2.0.0' ],
499 silly audit   'is-bigint': [ '1.1.0' ],
499 silly audit   'is-boolean-object': [ '1.2.0' ],
499 silly audit   'is-callable': [ '1.2.7' ],
499 silly audit   'is-core-module': [ '2.15.1' ],
499 silly audit   'is-data-view': [ '1.0.2' ],
499 silly audit   'is-date-object': [ '1.0.5' ],
499 silly audit   'is-extglob': [ '2.1.1' ],
499 silly audit   'is-finalizationregistry': [ '1.1.0' ],
499 silly audit   'is-generator-function': [ '1.0.10' ],
499 silly audit   'is-glob': [ '4.0.3' ],
499 silly audit   'is-map': [ '2.0.3' ],
499 silly audit   'is-negative-zero': [ '2.0.3' ],
499 silly audit   'is-number-object': [ '1.1.0' ],
499 silly audit   'is-regex': [ '1.2.1' ],
499 silly audit   'is-set': [ '2.0.3' ],
499 silly audit   'is-shared-array-buffer': [ '1.0.3' ],
499 silly audit   'is-string': [ '1.1.0' ],
499 silly audit   'is-symbol': [ '1.1.0' ],
499 silly audit   'is-typed-array': [ '1.1.13' ],
499 silly audit   'is-weakmap': [ '2.0.2' ],
499 silly audit   'is-weakref': [ '1.0.2' ],
499 silly audit   'is-weakset': [ '2.0.3' ],
499 silly audit   isarray: [ '2.0.5' ],
499 silly audit   isexe: [ '2.0.0' ],
499 silly audit   'iterator.prototype': [ '1.1.4' ],
499 silly audit   'js-tokens': [ '4.0.0' ],
499 silly audit   'js-yaml': [ '4.1.0' ],
499 silly audit   jsesc: [ '3.1.0' ],
499 silly audit   'json-buffer': [ '3.0.1' ],
499 silly audit   'json-schema-traverse': [ '0.4.1' ],
499 silly audit   'json-stable-stringify-without-jsonify': [ '1.0.1' ],
499 silly audit   json5: [ '2.2.3' ],
499 silly audit   'jsx-ast-utils': [ '3.3.5' ],
499 silly audit   keyv: [ '4.5.4' ],
499 silly audit   levn: [ '0.4.1' ],
499 silly audit   'locate-path': [ '6.0.0' ],
499 silly audit   'lodash.merge': [ '4.6.2' ],
499 silly audit   'loose-envify': [ '1.4.0' ],
499 silly audit   'lru-cache': [ '5.1.1', '10.4.3' ],
499 silly audit   'math-intrinsics': [ '1.0.0' ],
499 silly audit   minimatch: [ '3.1.2', '9.0.5' ],
499 silly audit   ms: [ '2.1.3' ],
499 silly audit   nanoid: [ '3.3.8' ],
499 silly audit   'natural-compare': [ '1.4.0' ],
499 silly audit   'node-releases': [ '2.0.19' ],
499 silly audit   'object-assign': [ '4.1.1' ],
499 silly audit   'object-inspect': [ '1.13.3' ],
499 silly audit   'object-keys': [ '1.1.1' ],
499 silly audit   'object.assign': [ '4.1.5' ],
499 silly audit   'object.entries': [ '1.1.8' ],
499 silly audit   'object.fromentries': [ '2.0.8' ],
499 silly audit   'object.values': [ '1.2.0' ],
499 silly audit   optionator: [ '0.9.4' ],
499 silly audit   'p-limit': [ '3.1.0' ],
499 silly audit   'p-locate': [ '5.0.0' ],
499 silly audit   'parent-module': [ '1.0.1' ],
499 silly audit   'path-exists': [ '4.0.0' ],
499 silly audit   'path-key': [ '3.1.1' ],
499 silly audit   'path-parse': [ '1.0.7' ],
499 silly audit   picocolors: [ '1.1.1' ],
499 silly audit   'possible-typed-array-names': [ '1.0.0' ],
499 silly audit   'prelude-ls': [ '1.2.1' ],
499 silly audit   'prop-types': [ '15.8.1' ],
499 silly audit   punycode: [ '2.3.1' ],
499 silly audit   react: [ '18.3.1' ],
499 silly audit   'react-dom': [ '18.3.1' ],
499 silly audit   'react-is': [ '16.13.1' ],
499 silly audit   'react-refresh': [ '0.14.2' ],
499 silly audit   'reflect.getprototypeof': [ '1.0.8' ],
499 silly audit   'regexp.prototype.flags': [ '1.5.3' ],
499 silly audit   resolve: [ '2.0.0-next.5', '1.22.8' ],
499 silly audit   'resolve-from': [ '4.0.0' ],
499 silly audit   rollup: [ '4.28.1' ],
499 silly audit   'safe-array-concat': [ '1.1.3' ],
499 silly audit   'safe-regex-test': [ '1.0.3' ],
499 silly audit   scheduler: [ '0.23.2' ],
499 silly audit   semver: [ '6.3.1' ],
499 silly audit   'set-function-length': [ '1.2.2' ],
499 silly audit   'set-function-name': [ '2.0.2' ],
499 silly audit   'shebang-command': [ '2.0.0' ],
499 silly audit   'shebang-regex': [ '3.0.0' ],
499 silly audit   'side-channel': [ '1.1.0' ],
499 silly audit   'side-channel-list': [ '1.0.0' ],
499 silly audit   'side-channel-map': [ '1.0.1' ],
499 silly audit   'side-channel-weakmap': [ '1.0.2' ],
499 silly audit   'source-map-js': [ '1.2.1' ],
499 silly audit   'string.prototype.matchall': [ '4.0.11' ],
499 silly audit   'string.prototype.repeat': [ '1.0.0' ],
499 silly audit   'string.prototype.trim': [ '1.2.10' ],
499 silly audit   'string.prototype.trimend': [ '1.0.9' ],
499 silly audit   'string.prototype.trimstart': [ '1.0.8' ],
499 silly audit   'strip-json-comments': [ '3.1.1' ],
499 silly audit   'supports-color': [ '7.2.0' ],
499 silly audit   'supports-preserve-symlinks-flag': [ '1.0.0' ],
499 silly audit   'type-check': [ '0.4.0' ],
499 silly audit   'typed-array-buffer': [ '1.0.2' ],
499 silly audit   'typed-array-byte-length': [ '1.0.1' ],
499 silly audit   'typed-array-byte-offset': [ '1.0.3' ],
499 silly audit   'typed-array-length': [ '1.0.7' ],
499 silly audit   'unbox-primitive': [ '1.0.2' ],
499 silly audit   'update-browserslist-db': [ '1.1.1' ],
499 silly audit   'uri-js': [ '4.4.1' ],
499 silly audit   vite: [ '6.0.3' ],
499 silly audit   which: [ '2.0.2' ],
499 silly audit   'which-boxed-primitive': [ '1.1.0' ],
499 silly audit   'which-builtin-type': [ '1.2.0' ],
499 silly audit   'which-collection': [ '1.0.2' ],
499 silly audit   'which-typed-array': [ '1.1.16' ],
499 silly audit   'word-wrap': [ '1.2.5' ],
499 silly audit   yallist: [ '3.1.1' ],
499 silly audit   'yocto-queue': [ '0.1.0' ],
499 silly audit   autoprefixer: [ '10.4.20' ],
499 silly audit   postcss: [ '8.4.49' ],
499 silly audit   tailwindcss: [ '3.4.16' ],
499 silly audit   'fraction.js': [ '4.3.7' ],
499 silly audit   'normalize-range': [ '0.1.2' ],
499 silly audit   'postcss-value-parser': [ '4.2.0' ],
499 silly audit   '@alloc/quick-lru': [ '5.2.0' ],
499 silly audit   arg: [ '5.0.2' ],
499 silly audit   chokidar: [ '3.6.0' ],
499 silly audit   didyoumean: [ '1.2.2' ],
499 silly audit   dlv: [ '1.1.3' ],
499 silly audit   'fast-glob': [ '3.3.2' ],
499 silly audit   jiti: [ '1.21.6' ],
499 silly audit   lilconfig: [ '3.1.3' ],
499 silly audit   micromatch: [ '4.0.8' ],
499 silly audit   'normalize-path': [ '3.0.0' ],
499 silly audit   'object-hash': [ '3.0.0' ],
499 silly audit   'postcss-import': [ '15.1.0' ],
499 silly audit   'postcss-js': [ '4.0.1' ],
499 silly audit   'postcss-load-config': [ '4.0.2' ],
499 silly audit   'postcss-nested': [ '6.2.0' ],
499 silly audit   'postcss-selector-parser': [ '6.1.2' ],
499 silly audit   sucrase: [ '3.35.0' ],
499 silly audit   anymatch: [ '3.1.3' ],
499 silly audit   braces: [ '3.0.3' ],
499 silly audit   'is-binary-path': [ '2.1.0' ],
499 silly audit   readdirp: [ '3.6.0' ],
499 silly audit   picomatch: [ '2.3.1' ],
499 silly audit   'fill-range': [ '7.1.1' ],
499 silly audit   '@nodelib/fs.stat': [ '2.0.5' ],
499 silly audit   '@nodelib/fs.walk': [ '1.2.8' ],
499 silly audit   merge2: [ '1.4.1' ],
499 silly audit   '@nodelib/fs.scandir': [ '2.1.5' ],
499 silly audit   fastq: [ '1.17.1' ],
499 silly audit   'run-parallel': [ '1.2.0' ],
499 silly audit   reusify: [ '1.0.4' ],
499 silly audit   'to-regex-range': [ '5.0.1' ],
499 silly audit   'binary-extensions': [ '2.3.0' ],
499 silly audit   'read-cache': [ '1.0.0' ],
499 silly audit   'camelcase-css': [ '2.0.1' ],
499 silly audit   yaml: [ '2.6.1' ],
499 silly audit   cssesc: [ '3.0.0' ],
499 silly audit   'util-deprecate': [ '1.0.2' ],
499 silly audit   pify: [ '2.3.0' ],
499 silly audit   'queue-microtask': [ '1.2.3' ],
499 silly audit   commander: [ '4.1.1' ],
499 silly audit   glob: [ '10.4.5' ],
499 silly audit   'lines-and-columns': [ '1.2.4' ],
499 silly audit   mz: [ '2.7.0' ],
499 silly audit   pirates: [ '4.0.6' ],
499 silly audit   'ts-interface-checker': [ '0.1.13' ],
499 silly audit   'foreground-child': [ '3.3.0' ],
499 silly audit   jackspeak: [ '3.4.3' ],
499 silly audit   minipass: [ '7.1.2' ],
499 silly audit   'package-json-from-dist': [ '1.0.1' ],
499 silly audit   'path-scurry': [ '1.11.1' ],
499 silly audit   'signal-exit': [ '4.1.0' ],
499 silly audit   '@isaacs/cliui': [ '8.0.2' ],
499 silly audit   '@pkgjs/parseargs': [ '0.11.0' ],
499 silly audit   'string-width': [ '5.1.2', '4.2.3' ],
499 silly audit   'strip-ansi': [ '7.1.0', '6.0.1' ],
499 silly audit   'wrap-ansi': [ '8.1.0', '7.0.0' ],
499 silly audit   'any-promise': [ '1.3.0' ],
499 silly audit   'thenify-all': [ '1.6.0' ],
499 silly audit   eastasianwidth: [ '0.2.0' ],
499 silly audit   'emoji-regex': [ '9.2.2', '8.0.0' ],
499 silly audit   'is-fullwidth-code-point': [ '3.0.0' ],
499 silly audit   'ansi-regex': [ '6.1.0', '5.0.1' ],
499 silly audit   thenify: [ '3.3.1' ],
499 silly audit   'is-number': [ '7.0.0' ]
499 silly audit }
500 verbose reify failed optional dependency C:\Users\Krishna jadhav\Desktop\web\reactLearnings\04bgChanger\node_modules\fsevents
501 silly reify mark deleted [
501 silly reify   'C:\\Users\\Krishna jadhav\\Desktop\\web\\reactLearnings\\04bgChanger\\node_modules\\fsevents'
501 silly reify ]
502 verbose reify failed optional dependency C:\Users\Krishna jadhav\Desktop\web\reactLearnings\04bgChanger\node_modules\@rollup\rollup-win32-ia32-msvc
503 silly reify mark deleted [
503 silly reify   'C:\\Users\\Krishna jadhav\\Desktop\\web\\reactLearnings\\04bgChanger\\node_modules\\@rollup\\rollup-win32-ia32-msvc'
503 silly reify ]
504 verbose reify failed optional dependency C:\Users\Krishna jadhav\Desktop\web\reactLearnings\04bgChanger\node_modules\@rollup\rollup-win32-arm64-msvc
505 silly reify mark deleted [
505 silly reify   'C:\\Users\\Krishna jadhav\\Desktop\\web\\reactLearnings\\04bgChanger\\node_modules\\@rollup\\rollup-win32-arm64-msvc'
505 silly reify ]
506 verbose reify failed optional dependency C:\Users\Krishna jadhav\Desktop\web\reactLearnings\04bgChanger\node_modules\@rollup\rollup-linux-x64-musl
507 silly reify mark deleted [
507 silly reify   'C:\\Users\\Krishna jadhav\\Desktop\\web\\reactLearnings\\04bgChanger\\node_modules\\@rollup\\rollup-linux-x64-musl'
507 silly reify ]
508 verbose reify failed optional dependency C:\Users\Krishna jadhav\Desktop\web\reactLearnings\04bgChanger\node_modules\@rollup\rollup-linux-x64-gnu
509 silly reify mark deleted [
509 silly reify   'C:\\Users\\Krishna jadhav\\Desktop\\web\\reactLearnings\\04bgChanger\\node_modules\\@rollup\\rollup-linux-x64-gnu'
509 silly reify ]
510 verbose reify failed optional dependency C:\Users\Krishna jadhav\Desktop\web\reactLearnings\04bgChanger\node_modules\@rollup\rollup-linux-s390x-gnu
511 silly reify mark deleted [
511 silly reify   'C:\\Users\\Krishna jadhav\\Desktop\\web\\reactLearnings\\04bgChanger\\node_modules\\@rollup\\rollup-linux-s390x-gnu'
511 silly reify ]
512 verbose reify failed optional dependency C:\Users\Krishna jadhav\Desktop\web\reactLearnings\04bgChanger\node_modules\@rollup\rollup-linux-riscv64-gnu
513 silly reify mark deleted [
513 silly reify   'C:\\Users\\Krishna jadhav\\Desktop\\web\\reactLearnings\\04bgChanger\\node_modules\\@rollup\\rollup-linux-riscv64-gnu'
513 silly reify ]
514 verbose reify failed optional dependency C:\Users\Krishna jadhav\Desktop\web\reactLearnings\04bgChanger\node_modules\@rollup\rollup-linux-powerpc64le-gnu
515 silly reify mark deleted [
515 silly reify   'C:\\Users\\Krishna jadhav\\Desktop\\web\\reactLearnings\\04bgChanger\\node_modules\\@rollup\\rollup-linux-powerpc64le-gnu'
515 silly reify ]
516 verbose reify failed optional dependency C:\Users\Krishna jadhav\Desktop\web\reactLearnings\04bgChanger\node_modules\@rollup\rollup-linux-loongarch64-gnu
517 silly reify mark deleted [
517 silly reify   'C:\\Users\\Krishna jadhav\\Desktop\\web\\reactLearnings\\04bgChanger\\node_modules\\@rollup\\rollup-linux-loongarch64-gnu'
517 silly reify ]
518 verbose reify failed optional dependency C:\Users\Krishna jadhav\Desktop\web\reactLearnings\04bgChanger\node_modules\@rollup\rollup-linux-arm64-musl
519 silly reify mark deleted [
519 silly reify   'C:\\Users\\Krishna jadhav\\Desktop\\web\\reactLearnings\\04bgChanger\\node_modules\\@rollup\\rollup-linux-arm64-musl'
519 silly reify ]
520 verbose reify failed optional dependency C:\Users\Krishna jadhav\Desktop\web\reactLearnings\04bgChanger\node_modules\@rollup\rollup-linux-arm64-gnu
521 silly reify mark deleted [
521 silly reify   'C:\\Users\\Krishna jadhav\\Desktop\\web\\reactLearnings\\04bgChanger\\node_modules\\@rollup\\rollup-linux-arm64-gnu'
521 silly reify ]
522 verbose reify failed optional dependency C:\Users\Krishna jadhav\Desktop\web\reactLearnings\04bgChanger\node_modules\@rollup\rollup-linux-arm-musleabihf
523 silly reify mark deleted [
523 silly reify   'C:\\Users\\Krishna jadhav\\Desktop\\web\\reactLearnings\\04bgChanger\\node_modules\\@rollup\\rollup-linux-arm-musleabihf'
523 silly reify ]
524 verbose reify failed optional dependency C:\Users\Krishna jadhav\Desktop\web\reactLearnings\04bgChanger\node_modules\@rollup\rollup-linux-arm-gnueabihf
525 silly reify mark deleted [
525 silly reify   'C:\\Users\\Krishna jadhav\\Desktop\\web\\reactLearnings\\04bgChanger\\node_modules\\@rollup\\rollup-linux-arm-gnueabihf'
525 silly reify ]
526 verbose reify failed optional dependency C:\Users\Krishna jadhav\Desktop\web\reactLearnings\04bgChanger\node_modules\@rollup\rollup-freebsd-x64
527 silly reify mark deleted [
527 silly reify   'C:\\Users\\Krishna jadhav\\Desktop\\web\\reactLearnings\\04bgChanger\\node_modules\\@rollup\\rollup-freebsd-x64'
527 silly reify ]
528 verbose reify failed optional dependency C:\Users\Krishna jadhav\Desktop\web\reactLearnings\04bgChanger\node_modules\@rollup\rollup-freebsd-arm64
529 silly reify mark deleted [
529 silly reify   'C:\\Users\\Krishna jadhav\\Desktop\\web\\reactLearnings\\04bgChanger\\node_modules\\@rollup\\rollup-freebsd-arm64'
529 silly reify ]
530 verbose reify failed optional dependency C:\Users\Krishna jadhav\Desktop\web\reactLearnings\04bgChanger\node_modules\@rollup\rollup-darwin-x64
531 silly reify mark deleted [
531 silly reify   'C:\\Users\\Krishna jadhav\\Desktop\\web\\reactLearnings\\04bgChanger\\node_modules\\@rollup\\rollup-darwin-x64'
531 silly reify ]
532 verbose reify failed optional dependency C:\Users\Krishna jadhav\Desktop\web\reactLearnings\04bgChanger\node_modules\@rollup\rollup-darwin-arm64
533 silly reify mark deleted [
533 silly reify   'C:\\Users\\Krishna jadhav\\Desktop\\web\\reactLearnings\\04bgChanger\\node_modules\\@rollup\\rollup-darwin-arm64'
533 silly reify ]
534 verbose reify failed optional dependency C:\Users\Krishna jadhav\Desktop\web\reactLearnings\04bgChanger\node_modules\@rollup\rollup-android-arm64
535 silly reify mark deleted [
535 silly reify   'C:\\Users\\Krishna jadhav\\Desktop\\web\\reactLearnings\\04bgChanger\\node_modules\\@rollup\\rollup-android-arm64'
535 silly reify ]
536 verbose reify failed optional dependency C:\Users\Krishna jadhav\Desktop\web\reactLearnings\04bgChanger\node_modules\@rollup\rollup-android-arm-eabi
537 silly reify mark deleted [
537 silly reify   'C:\\Users\\Krishna jadhav\\Desktop\\web\\reactLearnings\\04bgChanger\\node_modules\\@rollup\\rollup-android-arm-eabi'
537 silly reify ]
538 verbose reify failed optional dependency C:\Users\Krishna jadhav\Desktop\web\reactLearnings\04bgChanger\node_modules\@esbuild\win32-ia32
539 silly reify mark deleted [
539 silly reify   'C:\\Users\\Krishna jadhav\\Desktop\\web\\reactLearnings\\04bgChanger\\node_modules\\@esbuild\\win32-ia32'
539 silly reify ]
540 verbose reify failed optional dependency C:\Users\Krishna jadhav\Desktop\web\reactLearnings\04bgChanger\node_modules\@esbuild\win32-arm64
541 silly reify mark deleted [
541 silly reify   'C:\\Users\\Krishna jadhav\\Desktop\\web\\reactLearnings\\04bgChanger\\node_modules\\@esbuild\\win32-arm64'
541 silly reify ]
542 verbose reify failed optional dependency C:\Users\Krishna jadhav\Desktop\web\reactLearnings\04bgChanger\node_modules\@esbuild\sunos-x64
543 silly reify mark deleted [
543 silly reify   'C:\\Users\\Krishna jadhav\\Desktop\\web\\reactLearnings\\04bgChanger\\node_modules\\@esbuild\\sunos-x64'
543 silly reify ]
544 verbose reify failed optional dependency C:\Users\Krishna jadhav\Desktop\web\reactLearnings\04bgChanger\node_modules\@esbuild\openbsd-x64
545 silly reify mark deleted [
545 silly reify   'C:\\Users\\Krishna jadhav\\Desktop\\web\\reactLearnings\\04bgChanger\\node_modules\\@esbuild\\openbsd-x64'
545 silly reify ]
546 verbose reify failed optional dependency C:\Users\Krishna jadhav\Desktop\web\reactLearnings\04bgChanger\node_modules\@esbuild\openbsd-arm64
547 silly reify mark deleted [
547 silly reify   'C:\\Users\\Krishna jadhav\\Desktop\\web\\reactLearnings\\04bgChanger\\node_modules\\@esbuild\\openbsd-arm64'
547 silly reify ]
548 verbose reify failed optional dependency C:\Users\Krishna jadhav\Desktop\web\reactLearnings\04bgChanger\node_modules\@esbuild\netbsd-x64
549 silly reify mark deleted [
549 silly reify   'C:\\Users\\Krishna jadhav\\Desktop\\web\\reactLearnings\\04bgChanger\\node_modules\\@esbuild\\netbsd-x64'
549 silly reify ]
550 verbose reify failed optional dependency C:\Users\Krishna jadhav\Desktop\web\reactLearnings\04bgChanger\node_modules\@esbuild\linux-x64
551 silly reify mark deleted [
551 silly reify   'C:\\Users\\Krishna jadhav\\Desktop\\web\\reactLearnings\\04bgChanger\\node_modules\\@esbuild\\linux-x64'
551 silly reify ]
552 verbose reify failed optional dependency C:\Users\Krishna jadhav\Desktop\web\reactLearnings\04bgChanger\node_modules\@esbuild\linux-s390x
553 silly reify mark deleted [
553 silly reify   'C:\\Users\\Krishna jadhav\\Desktop\\web\\reactLearnings\\04bgChanger\\node_modules\\@esbuild\\linux-s390x'
553 silly reify ]
554 verbose reify failed optional dependency C:\Users\Krishna jadhav\Desktop\web\reactLearnings\04bgChanger\node_modules\@esbuild\linux-riscv64
555 silly reify mark deleted [
555 silly reify   'C:\\Users\\Krishna jadhav\\Desktop\\web\\reactLearnings\\04bgChanger\\node_modules\\@esbuild\\linux-riscv64'
555 silly reify ]
556 verbose reify failed optional dependency C:\Users\Krishna jadhav\Desktop\web\reactLearnings\04bgChanger\node_modules\@esbuild\linux-ppc64
557 silly reify mark deleted [
557 silly reify   'C:\\Users\\Krishna jadhav\\Desktop\\web\\reactLearnings\\04bgChanger\\node_modules\\@esbuild\\linux-ppc64'
557 silly reify ]
558 verbose reify failed optional dependency C:\Users\Krishna jadhav\Desktop\web\reactLearnings\04bgChanger\node_modules\@esbuild\linux-mips64el
559 silly reify mark deleted [
559 silly reify   'C:\\Users\\Krishna jadhav\\Desktop\\web\\reactLearnings\\04bgChanger\\node_modules\\@esbuild\\linux-mips64el'
559 silly reify ]
560 verbose reify failed optional dependency C:\Users\Krishna jadhav\Desktop\web\reactLearnings\04bgChanger\node_modules\@esbuild\linux-loong64
561 silly reify mark deleted [
561 silly reify   'C:\\Users\\Krishna jadhav\\Desktop\\web\\reactLearnings\\04bgChanger\\node_modules\\@esbuild\\linux-loong64'
561 silly reify ]
562 verbose reify failed optional dependency C:\Users\Krishna jadhav\Desktop\web\reactLearnings\04bgChanger\node_modules\@esbuild\linux-ia32
563 silly reify mark deleted [
563 silly reify   'C:\\Users\\Krishna jadhav\\Desktop\\web\\reactLearnings\\04bgChanger\\node_modules\\@esbuild\\linux-ia32'
563 silly reify ]
564 verbose reify failed optional dependency C:\Users\Krishna jadhav\Desktop\web\reactLearnings\04bgChanger\node_modules\@esbuild\linux-arm64
565 silly reify mark deleted [
565 silly reify   'C:\\Users\\Krishna jadhav\\Desktop\\web\\reactLearnings\\04bgChanger\\node_modules\\@esbuild\\linux-arm64'
565 silly reify ]
566 verbose reify failed optional dependency C:\Users\Krishna jadhav\Desktop\web\reactLearnings\04bgChanger\node_modules\@esbuild\linux-arm
567 silly reify mark deleted [
567 silly reify   'C:\\Users\\Krishna jadhav\\Desktop\\web\\reactLearnings\\04bgChanger\\node_modules\\@esbuild\\linux-arm'
567 silly reify ]
568 verbose reify failed optional dependency C:\Users\Krishna jadhav\Desktop\web\reactLearnings\04bgChanger\node_modules\@esbuild\freebsd-x64
569 silly reify mark deleted [
569 silly reify   'C:\\Users\\Krishna jadhav\\Desktop\\web\\reactLearnings\\04bgChanger\\node_modules\\@esbuild\\freebsd-x64'
569 silly reify ]
570 verbose reify failed optional dependency C:\Users\Krishna jadhav\Desktop\web\reactLearnings\04bgChanger\node_modules\@esbuild\freebsd-arm64
571 silly reify mark deleted [
571 silly reify   'C:\\Users\\Krishna jadhav\\Desktop\\web\\reactLearnings\\04bgChanger\\node_modules\\@esbuild\\freebsd-arm64'
571 silly reify ]
572 verbose reify failed optional dependency C:\Users\Krishna jadhav\Desktop\web\reactLearnings\04bgChanger\node_modules\@esbuild\darwin-x64
573 silly reify mark deleted [
573 silly reify   'C:\\Users\\Krishna jadhav\\Desktop\\web\\reactLearnings\\04bgChanger\\node_modules\\@esbuild\\darwin-x64'
573 silly reify ]
574 verbose reify failed optional dependency C:\Users\Krishna jadhav\Desktop\web\reactLearnings\04bgChanger\node_modules\@esbuild\darwin-arm64
575 silly reify mark deleted [
575 silly reify   'C:\\Users\\Krishna jadhav\\Desktop\\web\\reactLearnings\\04bgChanger\\node_modules\\@esbuild\\darwin-arm64'
575 silly reify ]
576 verbose reify failed optional dependency C:\Users\Krishna jadhav\Desktop\web\reactLearnings\04bgChanger\node_modules\@esbuild\android-x64
577 silly reify mark deleted [
577 silly reify   'C:\\Users\\Krishna jadhav\\Desktop\\web\\reactLearnings\\04bgChanger\\node_modules\\@esbuild\\android-x64'
577 silly reify ]
578 verbose reify failed optional dependency C:\Users\Krishna jadhav\Desktop\web\reactLearnings\04bgChanger\node_modules\@esbuild\android-arm64
579 silly reify mark deleted [
579 silly reify   'C:\\Users\\Krishna jadhav\\Desktop\\web\\reactLearnings\\04bgChanger\\node_modules\\@esbuild\\android-arm64'
579 silly reify ]
580 verbose reify failed optional dependency C:\Users\Krishna jadhav\Desktop\web\reactLearnings\04bgChanger\node_modules\@esbuild\android-arm
581 silly reify mark deleted [
581 silly reify   'C:\\Users\\Krishna jadhav\\Desktop\\web\\reactLearnings\\04bgChanger\\node_modules\\@esbuild\\android-arm'
581 silly reify ]
582 verbose reify failed optional dependency C:\Users\Krishna jadhav\Desktop\web\reactLearnings\04bgChanger\node_modules\@esbuild\aix-ppc64
583 silly reify mark deleted [
583 silly reify   'C:\\Users\\Krishna jadhav\\Desktop\\web\\reactLearnings\\04bgChanger\\node_modules\\@esbuild\\aix-ppc64'
583 silly reify ]
584 silly tarball no local data for is-number@https://registry.npmjs.org/is-number/-/is-number-7.0.0.tgz. Extracting by manifest.
585 silly tarball no local data for is-fullwidth-code-point@https://registry.npmjs.org/is-fullwidth-code-point/-/is-fullwidth-code-point-3.0.0.tgz. Extracting by manifest.
586 silly tarball no local data for ansi-regex@https://registry.npmjs.org/ansi-regex/-/ansi-regex-6.1.0.tgz. Extracting by manifest.
587 silly tarball no local data for thenify@https://registry.npmjs.org/thenify/-/thenify-3.3.1.tgz. Extracting by manifest.
588 silly tarball no local data for eastasianwidth@https://registry.npmjs.org/eastasianwidth/-/eastasianwidth-0.2.0.tgz. Extracting by manifest.
589 silly tarball no local data for emoji-regex@https://registry.npmjs.org/emoji-regex/-/emoji-regex-9.2.2.tgz. Extracting by manifest.
590 silly tarball no local data for any-promise@https://registry.npmjs.org/any-promise/-/any-promise-1.3.0.tgz. Extracting by manifest.
591 silly tarball no local data for wrap-ansi-cjs@https://registry.npmjs.org/wrap-ansi/-/wrap-ansi-7.0.0.tgz. Extracting by manifest.
592 silly tarball no local data for thenify-all@https://registry.npmjs.org/thenify-all/-/thenify-all-1.6.0.tgz. Extracting by manifest.
593 silly tarball no local data for wrap-ansi@https://registry.npmjs.org/wrap-ansi/-/wrap-ansi-8.1.0.tgz. Extracting by manifest.
594 silly tarball no local data for strip-ansi@https://registry.npmjs.org/strip-ansi/-/strip-ansi-7.1.0.tgz. Extracting by manifest.
595 silly tarball no local data for string-width@https://registry.npmjs.org/string-width/-/string-width-5.1.2.tgz. Extracting by manifest.
596 silly tarball no local data for string-width-cjs@https://registry.npmjs.org/string-width/-/string-width-4.2.3.tgz. Extracting by manifest.
597 silly tarball no local data for @pkgjs/parseargs@https://registry.npmjs.org/@pkgjs/parseargs/-/parseargs-0.11.0.tgz. Extracting by manifest.
598 silly tarball no local data for @isaacs/cliui@https://registry.npmjs.org/@isaacs/cliui/-/cliui-8.0.2.tgz. Extracting by manifest.
599 silly tarball no local data for strip-ansi-cjs@https://registry.npmjs.org/strip-ansi/-/strip-ansi-6.0.1.tgz. Extracting by manifest.
600 silly tarball no local data for signal-exit@https://registry.npmjs.org/signal-exit/-/signal-exit-4.1.0.tgz. Extracting by manifest.
601 silly tarball no local data for path-scurry@https://registry.npmjs.org/path-scurry/-/path-scurry-1.11.1.tgz. Extracting by manifest.
602 silly tarball no local data for minipass@https://registry.npmjs.org/minipass/-/minipass-7.1.2.tgz. Extracting by manifest.
603 silly tarball no local data for package-json-from-dist@https://registry.npmjs.org/package-json-from-dist/-/package-json-from-dist-1.0.1.tgz. Extracting by manifest.
604 silly tarball no local data for ts-interface-checker@https://registry.npmjs.org/ts-interface-checker/-/ts-interface-checker-0.1.13.tgz. Extracting by manifest.
605 silly tarball no local data for jackspeak@https://registry.npmjs.org/jackspeak/-/jackspeak-3.4.3.tgz. Extracting by manifest.
606 silly tarball no local data for foreground-child@https://registry.npmjs.org/foreground-child/-/foreground-child-3.3.0.tgz. Extracting by manifest.
607 silly tarball no local data for pirates@https://registry.npmjs.org/pirates/-/pirates-4.0.6.tgz. Extracting by manifest.
608 silly tarball no local data for mz@https://registry.npmjs.org/mz/-/mz-2.7.0.tgz. Extracting by manifest.
609 silly tarball no local data for lines-and-columns@https://registry.npmjs.org/lines-and-columns/-/lines-and-columns-1.2.4.tgz. Extracting by manifest.
610 silly tarball no local data for queue-microtask@https://registry.npmjs.org/queue-microtask/-/queue-microtask-1.2.3.tgz. Extracting by manifest.
611 silly tarball no local data for pify@https://registry.npmjs.org/pify/-/pify-2.3.0.tgz. Extracting by manifest.
612 silly tarball no local data for glob@https://registry.npmjs.org/glob/-/glob-10.4.5.tgz. Extracting by manifest.
613 silly tarball no local data for commander@https://registry.npmjs.org/commander/-/commander-4.1.1.tgz. Extracting by manifest.
614 silly tarball no local data for util-deprecate@https://registry.npmjs.org/util-deprecate/-/util-deprecate-1.0.2.tgz. Extracting by manifest.
615 silly tarball no local data for yaml@https://registry.npmjs.org/yaml/-/yaml-2.6.1.tgz. Extracting by manifest.
616 silly tarball no local data for cssesc@https://registry.npmjs.org/cssesc/-/cssesc-3.0.0.tgz. Extracting by manifest.
617 silly tarball no local data for read-cache@https://registry.npmjs.org/read-cache/-/read-cache-1.0.0.tgz. Extracting by manifest.
618 silly tarball no local data for binary-extensions@https://registry.npmjs.org/binary-extensions/-/binary-extensions-2.3.0.tgz. Extracting by manifest.
619 silly tarball no local data for camelcase-css@https://registry.npmjs.org/camelcase-css/-/camelcase-css-2.0.1.tgz. Extracting by manifest.
620 silly tarball no local data for to-regex-range@https://registry.npmjs.org/to-regex-range/-/to-regex-range-5.0.1.tgz. Extracting by manifest.
621 silly tarball no local data for reusify@https://registry.npmjs.org/reusify/-/reusify-1.0.4.tgz. Extracting by manifest.
622 silly tarball no local data for run-parallel@https://registry.npmjs.org/run-parallel/-/run-parallel-1.2.0.tgz. Extracting by manifest.
623 silly tarball no local data for fastq@https://registry.npmjs.org/fastq/-/fastq-1.17.1.tgz. Extracting by manifest.
624 silly tarball no local data for @nodelib/fs.scandir@https://registry.npmjs.org/@nodelib/fs.scandir/-/fs.scandir-2.1.5.tgz. Extracting by manifest.
625 silly tarball no local data for merge2@https://registry.npmjs.org/merge2/-/merge2-1.4.1.tgz. Extracting by manifest.
626 silly tarball no local data for @nodelib/fs.walk@https://registry.npmjs.org/@nodelib/fs.walk/-/fs.walk-1.2.8.tgz. Extracting by manifest.
627 silly tarball no local data for @nodelib/fs.stat@https://registry.npmjs.org/@nodelib/fs.stat/-/fs.stat-2.0.5.tgz. Extracting by manifest.
628 silly tarball no local data for picomatch@https://registry.npmjs.org/picomatch/-/picomatch-2.3.1.tgz. Extracting by manifest.
629 silly tarball no local data for readdirp@https://registry.npmjs.org/readdirp/-/readdirp-3.6.0.tgz. Extracting by manifest.
630 silly tarball no local data for is-binary-path@https://registry.npmjs.org/is-binary-path/-/is-binary-path-2.1.0.tgz. Extracting by manifest.
631 silly tarball no local data for fill-range@https://registry.npmjs.org/fill-range/-/fill-range-7.1.1.tgz. Extracting by manifest.
632 silly tarball no local data for braces@https://registry.npmjs.org/braces/-/braces-3.0.3.tgz. Extracting by manifest.
633 silly tarball no local data for anymatch@https://registry.npmjs.org/anymatch/-/anymatch-3.1.3.tgz. Extracting by manifest.
634 silly tarball no local data for sucrase@https://registry.npmjs.org/sucrase/-/sucrase-3.35.0.tgz. Extracting by manifest.
635 silly tarball no local data for postcss-nested@https://registry.npmjs.org/postcss-nested/-/postcss-nested-6.2.0.tgz. Extracting by manifest.
636 silly tarball no local data for postcss-js@https://registry.npmjs.org/postcss-js/-/postcss-js-4.0.1.tgz. Extracting by manifest.
637 silly tarball no local data for postcss-selector-parser@https://registry.npmjs.org/postcss-selector-parser/-/postcss-selector-parser-6.1.2.tgz. Extracting by manifest.
638 silly tarball no local data for postcss-load-config@https://registry.npmjs.org/postcss-load-config/-/postcss-load-config-4.0.2.tgz. Extracting by manifest.
639 silly tarball no local data for postcss-import@https://registry.npmjs.org/postcss-import/-/postcss-import-15.1.0.tgz. Extracting by manifest.
640 silly tarball no local data for object-hash@https://registry.npmjs.org/object-hash/-/object-hash-3.0.0.tgz. Extracting by manifest.
641 silly tarball no local data for normalize-path@https://registry.npmjs.org/normalize-path/-/normalize-path-3.0.0.tgz. Extracting by manifest.
642 silly tarball no local data for micromatch@https://registry.npmjs.org/micromatch/-/micromatch-4.0.8.tgz. Extracting by manifest.
643 silly tarball no local data for lilconfig@https://registry.npmjs.org/lilconfig/-/lilconfig-3.1.3.tgz. Extracting by manifest.
644 silly tarball no local data for jiti@https://registry.npmjs.org/jiti/-/jiti-1.21.6.tgz. Extracting by manifest.
645 silly tarball no local data for dlv@https://registry.npmjs.org/dlv/-/dlv-1.1.3.tgz. Extracting by manifest.
646 silly tarball no local data for fast-glob@https://registry.npmjs.org/fast-glob/-/fast-glob-3.3.2.tgz. Extracting by manifest.
647 silly tarball no local data for didyoumean@https://registry.npmjs.org/didyoumean/-/didyoumean-1.2.2.tgz. Extracting by manifest.
648 silly tarball no local data for chokidar@https://registry.npmjs.org/chokidar/-/chokidar-3.6.0.tgz. Extracting by manifest.
649 silly tarball no local data for postcss-value-parser@https://registry.npmjs.org/postcss-value-parser/-/postcss-value-parser-4.2.0.tgz. Extracting by manifest.
650 silly tarball no local data for @alloc/quick-lru@https://registry.npmjs.org/@alloc/quick-lru/-/quick-lru-5.2.0.tgz. Extracting by manifest.
651 silly tarball no local data for arg@https://registry.npmjs.org/arg/-/arg-5.0.2.tgz. Extracting by manifest.
652 silly tarball no local data for normalize-range@https://registry.npmjs.org/normalize-range/-/normalize-range-0.1.2.tgz. Extracting by manifest.
653 silly tarball no local data for fraction.js@https://registry.npmjs.org/fraction.js/-/fraction.js-4.3.7.tgz. Extracting by manifest.
654 silly tarball no local data for tailwindcss@https://registry.npmjs.org/tailwindcss/-/tailwindcss-3.4.16.tgz. Extracting by manifest.
655 silly tarball no local data for strip-ansi@https://registry.npmjs.org/strip-ansi/-/strip-ansi-6.0.1.tgz. Extracting by manifest.
656 silly tarball no local data for autoprefixer@https://registry.npmjs.org/autoprefixer/-/autoprefixer-10.4.20.tgz. Extracting by manifest.
657 silly tarball no local data for string-width@https://registry.npmjs.org/string-width/-/string-width-4.2.3.tgz. Extracting by manifest.
658 silly tarball no local data for emoji-regex@https://registry.npmjs.org/emoji-regex/-/emoji-regex-8.0.0.tgz. Extracting by manifest.
659 silly tarball no local data for ansi-styles@https://registry.npmjs.org/ansi-styles/-/ansi-styles-6.2.1.tgz. Extracting by manifest.
660 silly tarball no local data for ansi-regex@https://registry.npmjs.org/ansi-regex/-/ansi-regex-5.0.1.tgz. Extracting by manifest.
661 silly tarball no local data for ansi-regex@https://registry.npmjs.org/ansi-regex/-/ansi-regex-5.0.1.tgz. Extracting by manifest.
662 silly tarball no local data for ansi-regex@https://registry.npmjs.org/ansi-regex/-/ansi-regex-5.0.1.tgz. Extracting by manifest.
663 silly tarball no local data for brace-expansion@https://registry.npmjs.org/brace-expansion/-/brace-expansion-2.0.1.tgz. Extracting by manifest.
664 silly tarball no local data for lru-cache@https://registry.npmjs.org/lru-cache/-/lru-cache-10.4.3.tgz. Extracting by manifest.
665 silly tarball no local data for strip-ansi@https://registry.npmjs.org/strip-ansi/-/strip-ansi-6.0.1.tgz. Extracting by manifest.
666 silly tarball no local data for emoji-regex@https://registry.npmjs.org/emoji-regex/-/emoji-regex-8.0.0.tgz. Extracting by manifest.
667 silly tarball no local data for minimatch@https://registry.npmjs.org/minimatch/-/minimatch-9.0.5.tgz. Extracting by manifest.
668 silly tarball no local data for resolve@https://registry.npmjs.org/resolve/-/resolve-1.22.8.tgz. Extracting by manifest.
669 silly tarball no local data for glob-parent@https://registry.npmjs.org/glob-parent/-/glob-parent-5.1.2.tgz. Extracting by manifest.
670 silly tarball no local data for resolve@https://registry.npmjs.org/resolve/-/resolve-1.22.8.tgz. Extracting by manifest.
671 silly tarball no local data for glob-parent@https://registry.npmjs.org/glob-parent/-/glob-parent-5.1.2.tgz. Extracting by manifest.
672 http fetch GET 200 https://registry.npmjs.org/is-fullwidth-code-point/-/is-fullwidth-code-point-3.0.0.tgz 157ms (cache miss)
673 http fetch GET 200 https://registry.npmjs.org/ansi-regex/-/ansi-regex-6.1.0.tgz 167ms (cache miss)
674 http fetch GET 200 https://registry.npmjs.org/thenify/-/thenify-3.3.1.tgz 173ms (cache miss)
675 http fetch GET 200 https://registry.npmjs.org/wrap-ansi/-/wrap-ansi-7.0.0.tgz 171ms (cache miss)
676 http fetch GET 200 https://registry.npmjs.org/thenify-all/-/thenify-all-1.6.0.tgz 172ms (cache miss)
677 http fetch GET 200 https://registry.npmjs.org/wrap-ansi/-/wrap-ansi-8.1.0.tgz 171ms (cache miss)
678 http fetch GET 200 https://registry.npmjs.org/eastasianwidth/-/eastasianwidth-0.2.0.tgz 174ms (cache miss)
679 http fetch GET 200 https://registry.npmjs.org/any-promise/-/any-promise-1.3.0.tgz 174ms (cache miss)
680 http fetch GET 200 https://registry.npmjs.org/is-number/-/is-number-7.0.0.tgz 180ms (cache miss)
681 http fetch GET 200 https://registry.npmjs.org/emoji-regex/-/emoji-regex-9.2.2.tgz 182ms (cache miss)
682 http fetch GET 200 https://registry.npmjs.org/strip-ansi/-/strip-ansi-6.0.1.tgz 189ms (cache miss)
683 http fetch GET 200 https://registry.npmjs.org/package-json-from-dist/-/package-json-from-dist-1.0.1.tgz 188ms (cache miss)
684 http fetch GET 200 https://registry.npmjs.org/signal-exit/-/signal-exit-4.1.0.tgz 191ms (cache miss)
685 http fetch GET 200 https://registry.npmjs.org/@isaacs/cliui/-/cliui-8.0.2.tgz 194ms (cache miss)
686 http fetch GET 200 https://registry.npmjs.org/pirates/-/pirates-4.0.6.tgz 193ms (cache miss)
687 http fetch GET 200 https://registry.npmjs.org/mz/-/mz-2.7.0.tgz 217ms (cache miss)
688 http fetch POST 200 https://registry.npmjs.org/-/npm/v1/security/advisories/bulk 302ms
689 silly audit report {}
690 http fetch GET 200 https://registry.npmjs.org/lines-and-columns/-/lines-and-columns-1.2.4.tgz 262ms (cache miss)
691 http fetch GET 200 https://registry.npmjs.org/pify/-/pify-2.3.0.tgz 262ms (cache miss)
692 http fetch GET 200 https://registry.npmjs.org/util-deprecate/-/util-deprecate-1.0.2.tgz 263ms (cache miss)
693 http fetch GET 200 https://registry.npmjs.org/queue-microtask/-/queue-microtask-1.2.3.tgz 266ms (cache miss)
694 http fetch GET 200 https://registry.npmjs.org/strip-ansi/-/strip-ansi-7.1.0.tgz 299ms (cache miss)
695 http fetch GET 200 https://registry.npmjs.org/binary-extensions/-/binary-extensions-2.3.0.tgz 285ms (cache miss)
696 http fetch GET 200 https://registry.npmjs.org/read-cache/-/read-cache-1.0.0.tgz 288ms (cache miss)
697 http fetch GET 200 https://registry.npmjs.org/string-width/-/string-width-4.2.3.tgz 303ms (cache miss)
698 http fetch GET 200 https://registry.npmjs.org/ts-interface-checker/-/ts-interface-checker-0.1.13.tgz 300ms (cache miss)
699 http fetch GET 200 https://registry.npmjs.org/string-width/-/string-width-5.1.2.tgz 326ms (cache miss)
700 http fetch GET 200 https://registry.npmjs.org/to-regex-range/-/to-regex-range-5.0.1.tgz 332ms (cache miss)
701 http fetch GET 200 https://registry.npmjs.org/reusify/-/reusify-1.0.4.tgz 331ms (cache miss)
702 http fetch GET 200 https://registry.npmjs.org/merge2/-/merge2-1.4.1.tgz 339ms (cache miss)
703 http fetch GET 200 https://registry.npmjs.org/cssesc/-/cssesc-3.0.0.tgz 345ms (cache miss)
704 http fetch GET 200 https://registry.npmjs.org/camelcase-css/-/camelcase-css-2.0.1.tgz 343ms (cache miss)
705 http fetch GET 200 https://registry.npmjs.org/fastq/-/fastq-1.17.1.tgz 342ms (cache miss)
706 http fetch GET 200 https://registry.npmjs.org/run-parallel/-/run-parallel-1.2.0.tgz 350ms (cache miss)
707 http fetch GET 200 https://registry.npmjs.org/commander/-/commander-4.1.1.tgz 374ms (cache miss)
708 http fetch GET 200 https://registry.npmjs.org/@nodelib/fs.walk/-/fs.walk-1.2.8.tgz 368ms (cache miss)
709 http fetch GET 200 https://registry.npmjs.org/is-binary-path/-/is-binary-path-2.1.0.tgz 367ms (cache miss)
710 http fetch GET 200 https://registry.npmjs.org/fill-range/-/fill-range-7.1.1.tgz 388ms (cache miss)
711 http fetch GET 200 https://registry.npmjs.org/anymatch/-/anymatch-3.1.3.tgz 397ms (cache miss)
712 http fetch GET 200 https://registry.npmjs.org/postcss-load-config/-/postcss-load-config-4.0.2.tgz 400ms (cache miss)
713 http fetch GET 200 https://registry.npmjs.org/postcss-nested/-/postcss-nested-6.2.0.tgz 402ms (cache miss)
714 http fetch GET 200 https://registry.npmjs.org/postcss-js/-/postcss-js-4.0.1.tgz 402ms (cache miss)
715 http fetch GET 200 https://registry.npmjs.org/postcss-import/-/postcss-import-15.1.0.tgz 401ms (cache miss)
716 http fetch GET 200 https://registry.npmjs.org/normalize-path/-/normalize-path-3.0.0.tgz 409ms (cache miss)
717 http fetch GET 200 https://registry.npmjs.org/postcss-value-parser/-/postcss-value-parser-4.2.0.tgz 423ms (cache miss)
718 http fetch GET 200 https://registry.npmjs.org/normalize-range/-/normalize-range-0.1.2.tgz 428ms (cache miss)
719 http fetch GET 200 https://registry.npmjs.org/strip-ansi/-/strip-ansi-6.0.1.tgz 430ms (cache miss)
720 http fetch GET 200 https://registry.npmjs.org/arg/-/arg-5.0.2.tgz 433ms (cache miss)
721 http fetch GET 200 https://registry.npmjs.org/lilconfig/-/lilconfig-3.1.3.tgz 440ms (cache miss)
722 http fetch GET 200 https://registry.npmjs.org/readdirp/-/readdirp-3.6.0.tgz 457ms (cache miss)
723 http fetch GET 200 https://registry.npmjs.org/didyoumean/-/didyoumean-1.2.2.tgz 457ms (cache miss)
724 http fetch GET 200 https://registry.npmjs.org/object-hash/-/object-hash-3.0.0.tgz 460ms (cache miss)
725 http fetch GET 200 https://registry.npmjs.org/@alloc/quick-lru/-/quick-lru-5.2.0.tgz 456ms (cache miss)
726 http fetch GET 200 https://registry.npmjs.org/ansi-regex/-/ansi-regex-5.0.1.tgz 446ms (cache miss)
727 http fetch GET 200 https://registry.npmjs.org/brace-expansion/-/brace-expansion-2.0.1.tgz 449ms (cache miss)
728 http fetch GET 200 https://registry.npmjs.org/emoji-regex/-/emoji-regex-8.0.0.tgz 453ms (cache miss)
729 http fetch GET 200 https://registry.npmjs.org/ansi-regex/-/ansi-regex-5.0.1.tgz 462ms (cache miss)
730 http fetch GET 200 https://registry.npmjs.org/ansi-regex/-/ansi-regex-5.0.1.tgz 461ms (cache miss)
731 http fetch GET 200 https://registry.npmjs.org/string-width/-/string-width-4.2.3.tgz 464ms (cache miss)
732 http fetch GET 200 https://registry.npmjs.org/minipass/-/minipass-7.1.2.tgz 504ms (cache miss)
733 http fetch GET 200 https://registry.npmjs.org/ansi-styles/-/ansi-styles-6.2.1.tgz 468ms (cache miss)
734 http fetch GET 200 https://registry.npmjs.org/strip-ansi/-/strip-ansi-6.0.1.tgz 475ms (cache miss)
735 http fetch GET 200 https://registry.npmjs.org/micromatch/-/micromatch-4.0.8.tgz 493ms (cache miss)
736 http fetch GET 200 https://registry.npmjs.org/dlv/-/dlv-1.1.3.tgz 493ms (cache miss)
737 http fetch GET 200 https://registry.npmjs.org/emoji-regex/-/emoji-regex-8.0.0.tgz 482ms (cache miss)
738 http fetch GET 200 https://registry.npmjs.org/glob-parent/-/glob-parent-5.1.2.tgz 485ms (cache miss)
739 http fetch GET 200 https://registry.npmjs.org/chokidar/-/chokidar-3.6.0.tgz 504ms (cache miss)
740 http fetch GET 200 https://registry.npmjs.org/fraction.js/-/fraction.js-4.3.7.tgz 502ms (cache miss)
741 http fetch GET 200 https://registry.npmjs.org/glob-parent/-/glob-parent-5.1.2.tgz 493ms (cache miss)
742 http fetch GET 200 https://registry.npmjs.org/path-scurry/-/path-scurry-1.11.1.tgz 538ms (cache miss)
743 http fetch GET 200 https://registry.npmjs.org/picomatch/-/picomatch-2.3.1.tgz 532ms (cache miss)
744 http fetch GET 200 https://registry.npmjs.org/braces/-/braces-3.0.3.tgz 530ms (cache miss)
745 http fetch GET 200 https://registry.npmjs.org/jackspeak/-/jackspeak-3.4.3.tgz 552ms (cache miss)
746 http fetch GET 200 https://registry.npmjs.org/@nodelib/fs.stat/-/fs.stat-2.0.5.tgz 543ms (cache miss)
747 http fetch GET 200 https://registry.npmjs.org/@pkgjs/parseargs/-/parseargs-0.11.0.tgz 563ms (cache miss)
748 http fetch GET 200 https://registry.npmjs.org/@nodelib/fs.scandir/-/fs.scandir-2.1.5.tgz 574ms (cache miss)
749 http fetch GET 200 https://registry.npmjs.org/foreground-child/-/foreground-child-3.3.0.tgz 598ms (cache miss)
750 http fetch GET 200 https://registry.npmjs.org/lru-cache/-/lru-cache-10.4.3.tgz 587ms (cache miss)
751 http fetch GET 200 https://registry.npmjs.org/postcss-selector-parser/-/postcss-selector-parser-6.1.2.tgz 619ms (cache miss)
752 http fetch GET 200 https://registry.npmjs.org/jiti/-/jiti-1.21.6.tgz 641ms (cache miss)
753 http fetch GET 200 https://registry.npmjs.org/fast-glob/-/fast-glob-3.3.2.tgz 660ms (cache miss)
754 http fetch GET 200 https://registry.npmjs.org/minimatch/-/minimatch-9.0.5.tgz 660ms (cache miss)
755 http fetch GET 200 https://registry.npmjs.org/glob/-/glob-10.4.5.tgz 698ms (cache miss)
756 http fetch GET 200 https://registry.npmjs.org/autoprefixer/-/autoprefixer-10.4.20.tgz 706ms (cache miss)
757 http fetch GET 200 https://registry.npmjs.org/resolve/-/resolve-1.22.8.tgz 745ms (cache miss)
758 http fetch GET 200 https://registry.npmjs.org/resolve/-/resolve-1.22.8.tgz 748ms (cache miss)
759 http fetch GET 200 https://registry.npmjs.org/sucrase/-/sucrase-3.35.0.tgz 878ms (cache miss)
760 http fetch GET 200 https://registry.npmjs.org/yaml/-/yaml-2.6.1.tgz 919ms (cache miss)
761 http fetch GET 200 https://registry.npmjs.org/tailwindcss/-/tailwindcss-3.4.16.tgz 937ms (cache miss)
762 silly ADD node_modules/is-number
763 silly ADD node_modules/thenify
764 silly ADD node_modules/ansi-regex
765 silly ADD node_modules/is-fullwidth-code-point
766 silly ADD node_modules/emoji-regex
767 silly ADD node_modules/eastasianwidth
768 silly ADD node_modules/thenify-all
769 silly ADD node_modules/any-promise
770 silly ADD node_modules/wrap-ansi-cjs
771 silly ADD node_modules/wrap-ansi-cjs/node_modules/ansi-regex
772 silly ADD node_modules/wrap-ansi-cjs/node_modules/emoji-regex
773 silly ADD node_modules/wrap-ansi-cjs/node_modules/strip-ansi
774 silly ADD node_modules/wrap-ansi-cjs/node_modules/string-width
775 silly ADD node_modules/wrap-ansi
776 silly ADD node_modules/wrap-ansi/node_modules/ansi-styles
777 silly ADD node_modules/strip-ansi-cjs
778 silly ADD node_modules/strip-ansi-cjs/node_modules/ansi-regex
779 silly ADD node_modules/strip-ansi
780 silly ADD node_modules/string-width-cjs
781 silly ADD node_modules/string-width-cjs/node_modules/ansi-regex
782 silly ADD node_modules/string-width-cjs/node_modules/strip-ansi
783 silly ADD node_modules/string-width-cjs/node_modules/emoji-regex
784 silly ADD node_modules/string-width
785 silly ADD node_modules/@pkgjs/parseargs
786 silly ADD node_modules/@isaacs/cliui
787 silly ADD node_modules/signal-exit
788 silly ADD node_modules/path-scurry
789 silly ADD node_modules/path-scurry/node_modules/lru-cache
790 silly ADD node_modules/package-json-from-dist
791 silly ADD node_modules/minipass
792 silly ADD node_modules/jackspeak
793 silly ADD node_modules/foreground-child
794 silly ADD node_modules/ts-interface-checker
795 silly ADD node_modules/pirates
796 silly ADD node_modules/mz
797 silly ADD node_modules/lines-and-columns
798 silly ADD node_modules/glob
799 silly ADD node_modules/glob/node_modules/brace-expansion
800 silly ADD node_modules/glob/node_modules/minimatch
801 silly ADD node_modules/commander
802 silly ADD node_modules/queue-microtask
803 silly ADD node_modules/pify
804 silly ADD node_modules/util-deprecate
805 silly ADD node_modules/cssesc
806 silly ADD node_modules/yaml
807 silly ADD node_modules/camelcase-css
808 silly ADD node_modules/read-cache
809 silly ADD node_modules/binary-extensions
810 silly ADD node_modules/to-regex-range
811 silly ADD node_modules/reusify
812 silly ADD node_modules/run-parallel
813 silly ADD node_modules/fastq
814 silly ADD node_modules/@nodelib/fs.scandir
815 silly ADD node_modules/merge2
816 silly ADD node_modules/@nodelib/fs.walk
817 silly ADD node_modules/@nodelib/fs.stat
818 silly ADD node_modules/fill-range
819 silly ADD node_modules/picomatch
820 silly ADD node_modules/readdirp
821 silly ADD node_modules/is-binary-path
822 silly ADD node_modules/braces
823 silly ADD node_modules/anymatch
824 silly ADD node_modules/sucrase
825 silly ADD node_modules/postcss-selector-parser
826 silly ADD node_modules/postcss-nested
827 silly ADD node_modules/postcss-load-config
828 silly ADD node_modules/postcss-js
829 silly ADD node_modules/postcss-import
830 silly ADD node_modules/postcss-import/node_modules/resolve
831 silly ADD node_modules/object-hash
832 silly ADD node_modules/normalize-path
833 silly ADD node_modules/micromatch
834 silly ADD node_modules/lilconfig
835 silly ADD node_modules/jiti
836 silly ADD node_modules/fast-glob
837 silly ADD node_modules/fast-glob/node_modules/glob-parent
838 silly ADD node_modules/dlv
839 silly ADD node_modules/didyoumean
840 silly ADD node_modules/chokidar
841 silly ADD node_modules/chokidar/node_modules/glob-parent
842 silly ADD node_modules/arg
843 silly ADD node_modules/@alloc/quick-lru
844 silly ADD node_modules/postcss-value-parser
845 silly ADD node_modules/normalize-range
846 silly ADD node_modules/fraction.js
847 silly ADD node_modules/tailwindcss
848 silly ADD node_modules/tailwindcss/node_modules/resolve
849 silly ADD node_modules/autoprefixer
850 silly ADD
851 silly ADD
852 silly ADD
853 silly ADD
854 silly ADD
855 silly ADD
856 silly ADD
857 silly ADD
858 silly ADD
859 silly ADD
860 silly ADD
861 silly ADD
862 silly ADD
863 silly ADD
864 silly ADD
865 silly ADD
866 silly ADD
867 silly ADD
868 silly ADD
869 silly ADD
870 silly ADD
871 silly ADD
872 silly ADD
873 silly ADD
874 silly ADD
875 silly ADD
876 silly ADD
877 silly ADD
878 silly ADD
879 silly ADD
880 silly ADD
881 silly ADD
882 silly ADD
883 silly ADD
884 silly ADD
885 silly ADD
886 silly ADD
887 silly ADD
888 silly ADD
889 silly ADD
890 silly ADD
891 silly ADD
892 verbose cwd C:\Users\Krishna jadhav\Desktop\web\reactLearnings\04bgChanger
893 verbose os Windows_NT 10.0.22621
894 verbose node v20.17.0
895 verbose npm  v10.8.2
896 verbose exit 0
897 info ok
